[2022-05-09 11:56:41.954] [jointLog] [info] setting maxHashResizeThreads to 20
[2022-05-09 11:56:41.954] [jointLog] [info] Fragment incompatibility prior below threshold.  Incompatible fragments will be ignored.
[2022-05-09 11:56:41.954] [jointLog] [info] Usage of --validateMappings implies use of minScoreFraction. Since not explicitly specified, it is being set to 0.65
[2022-05-09 11:56:41.954] [jointLog] [info] Setting consensusSlack to selective-alignment default of 0.35.
[2022-05-09 11:56:41.954] [jointLog] [info] parsing read library format
[2022-05-09 11:56:41.954] [jointLog] [info] There is 1 library.
[2022-05-09 11:56:41.994] [jointLog] [info] Loading pufferfish index
[2022-05-09 11:56:41.994] [jointLog] [info] Loading dense pufferfish index.
[2022-05-09 11:56:42.108] [jointLog] [info] done
[2022-05-09 11:56:42.108] [jointLog] [info] Index contained 28,097 targets
[2022-05-09 11:56:42.270] [jointLog] [info] Number of decoys : 0
[2022-05-09 11:56:44.067] [jointLog] [info] Automatically detected most likely library type as IU

[2022-05-09 12:00:41.056] [fileLog] [info] 
At end of round 0
==================
Observed 80722244 total fragments (80722244 in most recent round)

[2022-05-09 12:00:41.056] [jointLog] [info] Computed 39,299 rich equivalence classes for further processing
[2022-05-09 12:00:41.056] [jointLog] [info] Counted 11,556,404 total reads in the equivalence classes 
[2022-05-09 12:00:41.061] [jointLog] [info] Number of mappings discarded because of alignment score : 35,436,698
[2022-05-09 12:00:41.061] [jointLog] [info] Number of fragments entirely discarded because of alignment score : 5,696,033
[2022-05-09 12:00:41.061] [jointLog] [info] Number of fragments discarded because they are best-mapped to decoys : 0
[2022-05-09 12:00:41.061] [jointLog] [info] Number of fragments discarded because they have only dovetail (discordant) mappings to valid targets : 408,978
[2022-05-09 12:00:41.061] [jointLog] [info] Mapping rate = 14.3163%

[2022-05-09 12:00:41.061] [jointLog] [info] finished quantifyLibrary()
[2022-05-09 12:00:41.062] [jointLog] [info] Starting optimizer
[2022-05-09 12:00:41.078] [jointLog] [info] Marked 0 weighted equivalence classes as degenerate
[2022-05-09 12:00:41.080] [jointLog] [info] iteration = 0 | max rel diff. = 30427.5
[2022-05-09 12:00:41.105] [jointLog] [info] iteration 11, adjusting effective lengths to account for biases
[2022-05-09 12:00:42.291] [jointLog] [info] Computed expected counts (for bias correction)
[2022-05-09 12:00:42.291] [jointLog] [info] processed bias for 0.0% of the transcripts
[2022-05-09 12:00:42.400] [jointLog] [info] processed bias for 10.0% of the transcripts
[2022-05-09 12:00:42.513] [jointLog] [info] processed bias for 20.0% of the transcripts
[2022-05-09 12:00:42.612] [jointLog] [info] processed bias for 30.0% of the transcripts
[2022-05-09 12:00:42.715] [jointLog] [info] processed bias for 40.0% of the transcripts
[2022-05-09 12:00:42.828] [jointLog] [info] processed bias for 50.0% of the transcripts
[2022-05-09 12:00:42.936] [jointLog] [info] processed bias for 60.0% of the transcripts
[2022-05-09 12:00:43.058] [jointLog] [info] processed bias for 70.0% of the transcripts
[2022-05-09 12:00:43.172] [jointLog] [info] processed bias for 80.0% of the transcripts
[2022-05-09 12:00:43.283] [jointLog] [info] processed bias for 90.0% of the transcripts
[2022-05-09 12:00:43.392] [jointLog] [info] processed bias for 100.0% of the transcripts
[2022-05-09 12:00:43.392] [jointLog] [info] processed bias for 100.0% of the transcripts
[2022-05-09 12:00:43.598] [jointLog] [info] iteration = 100 | max rel diff. = 16.8472
[2022-05-09 12:00:43.826] [jointLog] [info] iteration = 200 | max rel diff. = 0.158434
[2022-05-09 12:00:43.839] [jointLog] [info] iteration = 207 | max rel diff. = 0.00883283
[2022-05-09 12:00:43.844] [jointLog] [info] Finished optimizer
[2022-05-09 12:00:43.844] [jointLog] [info] writing output 

[2022-05-09 12:00:43.886] [jointLog] [warning] NOTE: Read Lib [[ /home/lspencer/2022-redking-OA/trimmed/v2/Tank_9_Crab_1.trimmed.R1.v2.fastq.gz, /home/lspencer/2022-redking-OA/trimmed/v2/Tank_9_Crab_1.trimmed.R2.v2.fastq.gz]] :

Detected a *potential* strand bias > 1% in an unstranded protocol check the file: /scratch/lspencer/2022-redking-OA/aligned/salmon/Tank_9_Crab_1.salmon.counts/lib_format_counts.json for details

