           Time    Speed        Read     Read   Mapped   Mapped   Mapped   Mapped Unmapped Unmapped Unmapped Unmapped
                    M/hr      number   length   unique   length   MMrate    multi   multi+       MM    short    other
Jan 28 14:58:23    190.6     3547865      199    70.8%    195.2     1.2%    10.1%     0.0%     0.0%    17.1%     2.0%
Jan 28 14:59:23    232.3     8194969      199    70.8%    195.2     1.2%    10.1%     0.0%     0.0%    17.1%     2.0%
Jan 28 15:00:23    247.0    12830960      199    70.8%    195.2     1.2%    10.1%     0.0%     0.0%    17.1%     1.9%
Jan 28 15:01:23    255.3    17518538      199    70.8%    195.2     1.2%    10.1%     0.0%     0.0%    17.1%     1.9%
Jan 28 15:02:23    259.7    22147557      199    70.8%    195.2     1.2%    10.1%     0.0%     0.0%    17.2%     1.9%
Jan 28 15:03:23    263.2    26834532      199    70.8%    195.2     1.2%    10.1%     0.0%     0.0%    17.1%     1.9%
Jan 28 15:04:23    263.8    31289305      199    70.8%    195.2     1.2%    10.1%     0.0%     0.0%    17.2%     1.9%
Jan 28 15:05:23    264.2    35745058      199    70.8%    195.2     1.2%    10.1%     0.0%     0.0%    17.2%     1.9%
Jan 28 15:06:24    265.2    40374131      199    70.8%    195.2     1.2%    10.1%     0.0%     0.0%    17.2%     1.9%
Jan 28 15:07:24    266.8    45061142      199    70.8%    195.2     1.2%    10.1%     0.0%     0.0%    17.2%     1.9%
Jan 28 15:08:24    268.1    49748256      199    70.8%    195.2     1.2%    10.1%     0.0%     0.0%    17.2%     1.9%
Jan 28 15:09:24    268.9    54376995      199    70.8%    195.2     1.2%    10.1%     0.0%     0.0%    17.2%     1.9%
Jan 28 15:10:24    270.1    59121038      199    70.8%    195.2     1.2%    10.1%     0.0%     0.0%    17.2%     1.9%
Jan 28 15:11:24    270.1    63633731      199    70.8%    195.2     1.2%    10.1%     0.0%     0.0%    17.2%     1.9%
Jan 28 15:12:24    270.6    68261650      199    70.8%    195.2     1.2%    10.1%     0.0%     0.0%    17.2%     1.9%
Jan 28 15:13:24    270.6    72773910      199    70.8%    195.2     1.2%    10.1%     0.0%     0.0%    17.2%     1.9%
Jan 28 15:15:34    241.9    73790038      199    70.8%    195.2     1.2%    10.1%     0.0%     0.0%    17.2%     1.9%
ALL DONE!
