                                 Started job on |	Jan 28 21:54:29
                             Started mapping on |	Jan 28 22:15:00
                                    Finished on |	Jan 28 22:31:18
       Mapping speed, Million of reads per hour |	255.46

                          Number of input reads |	69399517
                      Average input read length |	199
                                    UNIQUE READS:
                   Uniquely mapped reads number |	51394572
                        Uniquely mapped reads % |	74.06%
                          Average mapped length |	195.17
                       Number of splices: Total |	13442484
            Number of splices: Annotated (sjdb) |	6370080
                       Number of splices: GT/AG |	12908631
                       Number of splices: GC/AG |	91457
                       Number of splices: AT/AC |	7065
               Number of splices: Non-canonical |	435331
                      Mismatch rate per base, % |	1.19%
                         Deletion rate per base |	0.11%
                        Deletion average length |	2.85
                        Insertion rate per base |	0.07%
                       Insertion average length |	2.49
                             MULTI-MAPPING READS:
        Number of reads mapped to multiple loci |	6370702
             % of reads mapped to multiple loci |	9.18%
        Number of reads mapped to too many loci |	23108
             % of reads mapped to too many loci |	0.03%
                                  UNMAPPED READS:
  Number of reads unmapped: too many mismatches |	0
       % of reads unmapped: too many mismatches |	0.00%
            Number of reads unmapped: too short |	10187608
                 % of reads unmapped: too short |	14.68%
                Number of reads unmapped: other |	1423527
                     % of reads unmapped: other |	2.05%
                                  CHIMERIC READS:
                       Number of chimeric reads |	0
                            % of chimeric reads |	0.00%
