                                 Started job on |	Jan 28 23:05:16
                             Started mapping on |	Jan 28 23:26:06
                                    Finished on |	Jan 28 23:38:46
       Mapping speed, Million of reads per hour |	256.25

                          Number of input reads |	54097501
                      Average input read length |	199
                                    UNIQUE READS:
                   Uniquely mapped reads number |	40647322
                        Uniquely mapped reads % |	75.14%
                          Average mapped length |	195.06
                       Number of splices: Total |	11581322
            Number of splices: Annotated (sjdb) |	5587901
                       Number of splices: GT/AG |	11169333
                       Number of splices: GC/AG |	74274
                       Number of splices: AT/AC |	5805
               Number of splices: Non-canonical |	331910
                      Mismatch rate per base, % |	1.16%
                         Deletion rate per base |	0.11%
                        Deletion average length |	2.89
                        Insertion rate per base |	0.07%
                       Insertion average length |	2.56
                             MULTI-MAPPING READS:
        Number of reads mapped to multiple loci |	4767563
             % of reads mapped to multiple loci |	8.81%
        Number of reads mapped to too many loci |	17955
             % of reads mapped to too many loci |	0.03%
                                  UNMAPPED READS:
  Number of reads unmapped: too many mismatches |	0
       % of reads unmapped: too many mismatches |	0.00%
            Number of reads unmapped: too short |	7621463
                 % of reads unmapped: too short |	14.09%
                Number of reads unmapped: other |	1043198
                     % of reads unmapped: other |	1.93%
                                  CHIMERIC READS:
                       Number of chimeric reads |	0
                            % of chimeric reads |	0.00%
