                                 Started job on |	Jan 28 19:33:26
                             Started mapping on |	Jan 28 19:53:31
                                    Finished on |	Jan 28 20:10:17
       Mapping speed, Million of reads per hour |	256.61

                          Number of input reads |	71708430
                      Average input read length |	199
                                    UNIQUE READS:
                   Uniquely mapped reads number |	54435255
                        Uniquely mapped reads % |	75.91%
                          Average mapped length |	195.17
                       Number of splices: Total |	14328558
            Number of splices: Annotated (sjdb) |	6651287
                       Number of splices: GT/AG |	13791437
                       Number of splices: GC/AG |	97860
                       Number of splices: AT/AC |	6650
               Number of splices: Non-canonical |	432611
                      Mismatch rate per base, % |	1.16%
                         Deletion rate per base |	0.11%
                        Deletion average length |	2.87
                        Insertion rate per base |	0.07%
                       Insertion average length |	2.50
                             MULTI-MAPPING READS:
        Number of reads mapped to multiple loci |	6423507
             % of reads mapped to multiple loci |	8.96%
        Number of reads mapped to too many loci |	25709
             % of reads mapped to too many loci |	0.04%
                                  UNMAPPED READS:
  Number of reads unmapped: too many mismatches |	0
       % of reads unmapped: too many mismatches |	0.00%
            Number of reads unmapped: too short |	9483958
                 % of reads unmapped: too short |	13.23%
                Number of reads unmapped: other |	1340001
                     % of reads unmapped: other |	1.87%
                                  CHIMERIC READS:
                       Number of chimeric reads |	0
                            % of chimeric reads |	0.00%
