                                 Started job on |	Jan 29 04:09:55
                             Started mapping on |	Jan 29 04:23:26
                                    Finished on |	Jan 29 04:35:53
       Mapping speed, Million of reads per hour |	265.24

                          Number of input reads |	55036501
                      Average input read length |	198
                                    UNIQUE READS:
                   Uniquely mapped reads number |	41083876
                        Uniquely mapped reads % |	74.65%
                          Average mapped length |	194.42
                       Number of splices: Total |	13857277
            Number of splices: Annotated (sjdb) |	6552628
                       Number of splices: GT/AG |	13492228
                       Number of splices: GC/AG |	84935
                       Number of splices: AT/AC |	5008
               Number of splices: Non-canonical |	275106
                      Mismatch rate per base, % |	1.08%
                         Deletion rate per base |	0.09%
                        Deletion average length |	2.95
                        Insertion rate per base |	0.06%
                       Insertion average length |	2.59
                             MULTI-MAPPING READS:
        Number of reads mapped to multiple loci |	4812918
             % of reads mapped to multiple loci |	8.74%
        Number of reads mapped to too many loci |	17439
             % of reads mapped to too many loci |	0.03%
                                  UNMAPPED READS:
  Number of reads unmapped: too many mismatches |	0
       % of reads unmapped: too many mismatches |	0.00%
            Number of reads unmapped: too short |	8108162
                 % of reads unmapped: too short |	14.73%
                Number of reads unmapped: other |	1014106
                     % of reads unmapped: other |	1.84%
                                  CHIMERIC READS:
                       Number of chimeric reads |	0
                            % of chimeric reads |	0.00%
