           Time    Speed        Read     Read   Mapped   Mapped   Mapped   Mapped Unmapped Unmapped Unmapped Unmapped
                    M/hr      number   length   unique   length   MMrate    multi   multi+       MM    short    other
Jan 29 12:06:55    193.4     3546348      199    68.7%    195.4     1.1%     8.6%     0.0%     0.0%    20.8%     1.9%
Jan 29 12:07:56    232.2     8191326      199    68.7%    195.4     1.1%     8.6%     0.0%     0.0%    20.8%     1.9%
Jan 29 12:08:57    245.6    12825475      199    68.7%    195.4     1.2%     8.6%     0.0%     0.0%    20.8%     1.9%
Jan 29 12:09:57    255.0    17568486      199    68.7%    195.4     1.1%     8.6%     0.0%     0.0%    20.8%     1.9%
Jan 29 12:10:57    260.1    22253134      199    68.7%    195.4     1.2%     8.6%     0.0%     0.0%    20.8%     1.8%
Jan 29 12:11:57    263.0    26880338      199    68.7%    195.4     1.2%     8.6%     0.0%     0.0%    20.8%     1.8%
Jan 29 12:12:57    265.5    31564561      199    68.7%    195.4     1.2%     8.6%     0.0%     0.0%    20.8%     1.8%
Jan 29 12:13:57    267.0    36191860      199    68.7%    195.4     1.2%     8.6%     0.0%     0.0%    20.8%     1.8%
Jan 29 12:14:57    267.8    40761113      199    68.7%    195.4     1.2%     8.6%     0.0%     0.0%    20.9%     1.8%
Jan 29 12:15:58    268.3    45388197      199    68.7%    195.4     1.2%     8.6%     0.0%     0.0%    20.8%     1.8%
Jan 29 12:16:59    269.1    50073441      199    68.7%    195.4     1.2%     8.6%     0.0%     0.0%    20.8%     1.8%
Jan 29 12:17:59    269.8    54700165      199    68.7%    195.4     1.2%     8.6%     0.0%     0.0%    20.8%     1.8%
Jan 29 12:18:59    270.3    59326524      199    68.7%    195.4     1.2%     8.6%     0.0%     0.0%    20.8%     1.8%
Jan 29 12:19:59    270.1    63779492      199    68.7%    195.4     1.2%     8.6%     0.0%     0.0%    20.8%     1.8%
Jan 29 12:20:59    271.1    68521185      199    68.7%    195.4     1.2%     8.6%     0.0%     0.0%    20.9%     1.8%
Jan 29 12:22:00    271.0    73089273      199    68.7%    195.4     1.2%     8.6%     0.0%     0.0%    20.9%     1.8%
Jan 29 12:24:14    241.4    74090545      199    68.7%    195.4     1.2%     8.6%     0.0%     0.0%    20.9%     1.8%
ALL DONE!
