                                 Started job on |	Jan 29 07:43:14
                             Started mapping on |	Jan 29 07:56:14
                                    Finished on |	Jan 29 08:12:22
       Mapping speed, Million of reads per hour |	249.62

                          Number of input reads |	67120868
                      Average input read length |	199
                                    UNIQUE READS:
                   Uniquely mapped reads number |	49764729
                        Uniquely mapped reads % |	74.14%
                          Average mapped length |	194.98
                       Number of splices: Total |	13796426
            Number of splices: Annotated (sjdb) |	6560827
                       Number of splices: GT/AG |	13294613
                       Number of splices: GC/AG |	86313
                       Number of splices: AT/AC |	7751
               Number of splices: Non-canonical |	407749
                      Mismatch rate per base, % |	1.19%
                         Deletion rate per base |	0.11%
                        Deletion average length |	2.83
                        Insertion rate per base |	0.07%
                       Insertion average length |	2.51
                             MULTI-MAPPING READS:
        Number of reads mapped to multiple loci |	6427114
             % of reads mapped to multiple loci |	9.58%
        Number of reads mapped to too many loci |	23090
             % of reads mapped to too many loci |	0.03%
                                  UNMAPPED READS:
  Number of reads unmapped: too many mismatches |	0
       % of reads unmapped: too many mismatches |	0.00%
            Number of reads unmapped: too short |	9611422
                 % of reads unmapped: too short |	14.32%
                Number of reads unmapped: other |	1294513
                     % of reads unmapped: other |	1.93%
                                  CHIMERIC READS:
                       Number of chimeric reads |	0
                            % of chimeric reads |	0.00%
