                                 Started job on |	Jan 29 12:24:19
                             Started mapping on |	Jan 29 12:36:58
                                    Finished on |	Jan 29 12:50:10
       Mapping speed, Million of reads per hour |	255.32

                          Number of input reads |	56171328
                      Average input read length |	199
                                    UNIQUE READS:
                   Uniquely mapped reads number |	41655280
                        Uniquely mapped reads % |	74.16%
                          Average mapped length |	195.24
                       Number of splices: Total |	11677688
            Number of splices: Annotated (sjdb) |	5512444
                       Number of splices: GT/AG |	11273148
                       Number of splices: GC/AG |	74757
                       Number of splices: AT/AC |	5299
               Number of splices: Non-canonical |	324484
                      Mismatch rate per base, % |	1.14%
                         Deletion rate per base |	0.11%
                        Deletion average length |	2.89
                        Insertion rate per base |	0.06%
                       Insertion average length |	2.55
                             MULTI-MAPPING READS:
        Number of reads mapped to multiple loci |	4816071
             % of reads mapped to multiple loci |	8.57%
        Number of reads mapped to too many loci |	17598
             % of reads mapped to too many loci |	0.03%
                                  UNMAPPED READS:
  Number of reads unmapped: too many mismatches |	0
       % of reads unmapped: too many mismatches |	0.00%
            Number of reads unmapped: too short |	8533247
                 % of reads unmapped: too short |	15.19%
                Number of reads unmapped: other |	1149132
                     % of reads unmapped: other |	2.05%
                                  CHIMERIC READS:
                       Number of chimeric reads |	0
                            % of chimeric reads |	0.00%
