                                 Started job on |	Jan 29 06:49:18
                             Started mapping on |	Jan 29 07:02:02
                                    Finished on |	Jan 29 07:16:02
       Mapping speed, Million of reads per hour |	267.53

                          Number of input reads |	62423142
                      Average input read length |	199
                                    UNIQUE READS:
                   Uniquely mapped reads number |	46560405
                        Uniquely mapped reads % |	74.59%
                          Average mapped length |	194.97
                       Number of splices: Total |	11952991
            Number of splices: Annotated (sjdb) |	5791129
                       Number of splices: GT/AG |	11476307
                       Number of splices: GC/AG |	80105
                       Number of splices: AT/AC |	6399
               Number of splices: Non-canonical |	390180
                      Mismatch rate per base, % |	1.18%
                         Deletion rate per base |	0.11%
                        Deletion average length |	2.85
                        Insertion rate per base |	0.07%
                       Insertion average length |	2.55
                             MULTI-MAPPING READS:
        Number of reads mapped to multiple loci |	5396228
             % of reads mapped to multiple loci |	8.64%
        Number of reads mapped to too many loci |	17460
             % of reads mapped to too many loci |	0.03%
                                  UNMAPPED READS:
  Number of reads unmapped: too many mismatches |	0
       % of reads unmapped: too many mismatches |	0.00%
            Number of reads unmapped: too short |	8772897
                 % of reads unmapped: too short |	14.05%
                Number of reads unmapped: other |	1676152
                     % of reads unmapped: other |	2.69%
                                  CHIMERIC READS:
                       Number of chimeric reads |	0
                            % of chimeric reads |	0.00%
