                                 Started job on |	Jan 29 06:21:13
                             Started mapping on |	Jan 29 06:34:10
                                    Finished on |	Jan 29 06:49:14
       Mapping speed, Million of reads per hour |	258.39

                          Number of input reads |	64885185
                      Average input read length |	199
                                    UNIQUE READS:
                   Uniquely mapped reads number |	48607109
                        Uniquely mapped reads % |	74.91%
                          Average mapped length |	195.28
                       Number of splices: Total |	13017140
            Number of splices: Annotated (sjdb) |	6120631
                       Number of splices: GT/AG |	12530717
                       Number of splices: GC/AG |	92028
                       Number of splices: AT/AC |	6324
               Number of splices: Non-canonical |	388071
                      Mismatch rate per base, % |	1.14%
                         Deletion rate per base |	0.11%
                        Deletion average length |	2.84
                        Insertion rate per base |	0.07%
                       Insertion average length |	2.51
                             MULTI-MAPPING READS:
        Number of reads mapped to multiple loci |	5676856
             % of reads mapped to multiple loci |	8.75%
        Number of reads mapped to too many loci |	20761
             % of reads mapped to too many loci |	0.03%
                                  UNMAPPED READS:
  Number of reads unmapped: too many mismatches |	0
       % of reads unmapped: too many mismatches |	0.00%
            Number of reads unmapped: too short |	9411442
                 % of reads unmapped: too short |	14.50%
                Number of reads unmapped: other |	1169017
                     % of reads unmapped: other |	1.80%
                                  CHIMERIC READS:
                       Number of chimeric reads |	0
                            % of chimeric reads |	0.00%
