                                 Started job on |	Jan 29 01:47:25
                             Started mapping on |	Jan 29 02:04:09
                                    Finished on |	Jan 29 02:15:13
       Mapping speed, Million of reads per hour |	256.14

                          Number of input reads |	47243450
                      Average input read length |	199
                                    UNIQUE READS:
                   Uniquely mapped reads number |	35236280
                        Uniquely mapped reads % |	74.58%
                          Average mapped length |	195.17
                       Number of splices: Total |	12809684
            Number of splices: Annotated (sjdb) |	6188741
                       Number of splices: GT/AG |	12513751
                       Number of splices: GC/AG |	68664
                       Number of splices: AT/AC |	4720
               Number of splices: Non-canonical |	222549
                      Mismatch rate per base, % |	1.07%
                         Deletion rate per base |	0.09%
                        Deletion average length |	2.92
                        Insertion rate per base |	0.05%
                       Insertion average length |	2.55
                             MULTI-MAPPING READS:
        Number of reads mapped to multiple loci |	4193545
             % of reads mapped to multiple loci |	8.88%
        Number of reads mapped to too many loci |	16011
             % of reads mapped to too many loci |	0.03%
                                  UNMAPPED READS:
  Number of reads unmapped: too many mismatches |	0
       % of reads unmapped: too many mismatches |	0.00%
            Number of reads unmapped: too short |	6939921
                 % of reads unmapped: too short |	14.69%
                Number of reads unmapped: other |	857693
                     % of reads unmapped: other |	1.82%
                                  CHIMERIC READS:
                       Number of chimeric reads |	0
                            % of chimeric reads |	0.00%
