                                 Started job on |	Jan 29 08:12:27
                             Started mapping on |	Jan 29 08:25:13
                                    Finished on |	Jan 29 08:40:54
       Mapping speed, Million of reads per hour |	260.76

                          Number of input reads |	68160789
                      Average input read length |	199
                                    UNIQUE READS:
                   Uniquely mapped reads number |	51382587
                        Uniquely mapped reads % |	75.38%
                          Average mapped length |	195.18
                       Number of splices: Total |	14032623
            Number of splices: Annotated (sjdb) |	6722840
                       Number of splices: GT/AG |	13532730
                       Number of splices: GC/AG |	85373
                       Number of splices: AT/AC |	6622
               Number of splices: Non-canonical |	407898
                      Mismatch rate per base, % |	1.18%
                         Deletion rate per base |	0.11%
                        Deletion average length |	2.83
                        Insertion rate per base |	0.07%
                       Insertion average length |	2.50
                             MULTI-MAPPING READS:
        Number of reads mapped to multiple loci |	6062922
             % of reads mapped to multiple loci |	8.90%
        Number of reads mapped to too many loci |	22989
             % of reads mapped to too many loci |	0.03%
                                  UNMAPPED READS:
  Number of reads unmapped: too many mismatches |	0
       % of reads unmapped: too many mismatches |	0.00%
            Number of reads unmapped: too short |	9211954
                 % of reads unmapped: too short |	13.52%
                Number of reads unmapped: other |	1480337
                     % of reads unmapped: other |	2.17%
                                  CHIMERIC READS:
                       Number of chimeric reads |	0
                            % of chimeric reads |	0.00%
