           Time    Speed        Read     Read   Mapped   Mapped   Mapped   Mapped Unmapped Unmapped Unmapped Unmapped
                    M/hr      number   length   unique   length   MMrate    multi   multi+       MM    short    other
Jan 28 17:56:41    187.6     3544451      200    70.6%    195.4     1.1%     9.4%     0.0%     0.0%    18.0%     1.9%
Jan 28 17:57:41    235.2     8361261      200    70.6%    195.4     1.1%     9.4%     0.0%     0.0%    18.0%     1.9%
Jan 28 17:58:42    249.7    13108029      200    70.6%    195.4     1.2%     9.4%     0.0%     0.0%    18.1%     1.9%
Jan 28 17:59:42    259.7    17964635      200    70.6%    195.4     1.2%     9.4%     0.0%     0.0%    18.1%     1.9%
Jan 28 18:00:42    263.2    22589077      200    70.6%    195.4     1.2%     9.4%     0.0%     0.0%    18.1%     1.9%
Jan 28 18:01:42    266.6    27329537      200    70.6%    195.4     1.2%     9.4%     0.0%     0.0%    18.1%     1.9%
Jan 28 18:02:42    268.1    31954094      200    70.6%    195.4     1.2%     9.4%     0.0%     0.0%    18.1%     1.9%
Jan 28 18:03:42    269.3    36578454      200    70.6%    195.4     1.2%     9.4%     0.0%     0.0%    18.1%     1.8%
Jan 28 18:04:43    271.6    41493057      200    70.6%    195.4     1.2%     9.4%     0.0%     0.0%    18.1%     1.8%
Jan 28 18:05:43    272.2    46117688      200    70.6%    195.4     1.2%     9.4%     0.0%     0.0%    18.1%     1.8%
Jan 28 18:06:43    273.6    50915930      200    70.6%    195.4     1.2%     9.4%     0.0%     0.0%    18.1%     1.8%
Jan 28 18:07:43    274.2    55598754      200    70.6%    195.4     1.2%     9.4%     0.0%     0.0%    18.1%     1.8%
Jan 28 18:08:43    275.2    60396819      200    70.6%    195.4     1.2%     9.4%     0.0%     0.0%    18.1%     1.8%
Jan 28 18:09:43    276.1    65194561      200    70.6%    195.4     1.2%     9.4%     0.0%     0.0%    18.1%     1.9%
Jan 28 18:10:43    276.4    69875993      200    70.6%    195.4     1.2%     9.4%     0.0%     0.0%    18.1%     1.9%
Jan 28 18:11:44    276.6    74615785      200    70.6%    195.4     1.2%     9.4%     0.0%     0.0%    18.1%     1.8%
Jan 28 18:12:44    277.1    79354852      200    70.6%    195.4     1.2%     9.4%     0.0%     0.0%    18.1%     1.9%
Jan 28 18:15:49    246.9    83413383      200    70.6%    195.4     1.2%     9.4%     0.0%     0.0%    18.2%     1.8%
ALL DONE!
