                                 Started job on |	Jan 29 02:15:16
                             Started mapping on |	Jan 29 02:31:24
                                    Finished on |	Jan 29 02:43:09
       Mapping speed, Million of reads per hour |	267.22

                          Number of input reads |	52331101
                      Average input read length |	199
                                    UNIQUE READS:
                   Uniquely mapped reads number |	39448818
                        Uniquely mapped reads % |	75.38%
                          Average mapped length |	194.79
                       Number of splices: Total |	15191670
            Number of splices: Annotated (sjdb) |	7530839
                       Number of splices: GT/AG |	14859441
                       Number of splices: GC/AG |	78385
                       Number of splices: AT/AC |	6326
               Number of splices: Non-canonical |	247518
                      Mismatch rate per base, % |	1.07%
                         Deletion rate per base |	0.08%
                        Deletion average length |	2.87
                        Insertion rate per base |	0.05%
                       Insertion average length |	2.57
                             MULTI-MAPPING READS:
        Number of reads mapped to multiple loci |	4846517
             % of reads mapped to multiple loci |	9.26%
        Number of reads mapped to too many loci |	15817
             % of reads mapped to too many loci |	0.03%
                                  UNMAPPED READS:
  Number of reads unmapped: too many mismatches |	0
       % of reads unmapped: too many mismatches |	0.00%
            Number of reads unmapped: too short |	7105951
                 % of reads unmapped: too short |	13.58%
                Number of reads unmapped: other |	913998
                     % of reads unmapped: other |	1.75%
                                  CHIMERIC READS:
                       Number of chimeric reads |	0
                            % of chimeric reads |	0.00%
