           Time    Speed        Read     Read   Mapped   Mapped   Mapped   Mapped Unmapped Unmapped Unmapped Unmapped
                    M/hr      number   length   unique   length   MMrate    multi   multi+       MM    short    other
Jan 28 19:15:42    202.7     3547410      199    74.5%    195.3     1.2%     9.5%     0.0%     0.0%    13.8%     2.2%
Jan 28 19:16:42    248.3     8484628      199    74.5%    195.3     1.2%     9.5%     0.0%     0.0%    13.8%     2.2%
Jan 28 19:17:42    266.0    13523937      199    74.5%    195.3     1.2%     9.5%     0.0%     0.0%    13.9%     2.2%
Jan 28 19:18:48    269.1    18615765      199    74.5%    195.3     1.2%     9.5%     0.0%     0.0%    13.8%     2.2%
Jan 28 19:19:50    273.8    23648968      199    74.5%    195.3     1.2%     9.5%     0.0%     0.0%    13.9%     2.1%
Jan 28 19:20:50    276.6    28509085      199    74.5%    195.3     1.2%     9.5%     0.0%     0.0%    13.8%     2.1%
Jan 28 19:21:50    277.3    33194668      199    74.5%    195.3     1.2%     9.4%     0.0%     0.0%    13.9%     2.1%
Jan 28 19:22:50    279.4    38112788      199    74.5%    195.3     1.2%     9.4%     0.0%     0.0%    13.9%     2.1%
Jan 28 19:23:50    280.8    42972909      199    74.5%    195.3     1.2%     9.4%     0.0%     0.0%    13.9%     2.1%
Jan 28 19:24:53    280.8    47890950      199    74.5%    195.3     1.2%     9.4%     0.0%     0.0%    13.9%     2.1%
Jan 28 19:25:53    281.4    52693358      199    74.6%    195.3     1.2%     9.4%     0.0%     0.0%    13.9%     2.1%
Jan 28 19:26:53    282.8    57668650      199    74.6%    195.3     1.2%     9.4%     0.0%     0.0%    13.8%     2.1%
Jan 28 19:27:53    284.0    62643519      199    74.6%    195.3     1.2%     9.4%     0.0%     0.0%    13.8%     2.1%
Jan 28 19:28:53    284.6    67502824      199    74.5%    195.3     1.2%     9.4%     0.0%     0.0%    13.9%     2.1%
Jan 28 19:29:53    284.8    72303736      199    74.5%    195.3     1.2%     9.4%     0.0%     0.0%    13.9%     2.1%
Jan 28 19:30:54    284.9    77162725      199    74.5%    195.3     1.2%     9.4%     0.0%     0.0%    13.9%     2.1%
Jan 28 19:33:21    251.9    78509616      199    74.5%    195.3     1.2%     9.4%     0.0%     0.0%    13.9%     2.1%
ALL DONE!
