                                 Started job on |	Jan 28 14:37:36
                             Started mapping on |	Jan 28 14:57:16
                                    Finished on |	Jan 28 15:15:34
       Mapping speed, Million of reads per hour |	241.93

                          Number of input reads |	73790038
                      Average input read length |	199
                                    UNIQUE READS:
                   Uniquely mapped reads number |	52253311
                        Uniquely mapped reads % |	70.81%
                          Average mapped length |	195.19
                       Number of splices: Total |	14715047
            Number of splices: Annotated (sjdb) |	6613837
                       Number of splices: GT/AG |	14166968
                       Number of splices: GC/AG |	89220
                       Number of splices: AT/AC |	6670
               Number of splices: Non-canonical |	452189
                      Mismatch rate per base, % |	1.21%
                         Deletion rate per base |	0.10%
                        Deletion average length |	2.83
                        Insertion rate per base |	0.07%
                       Insertion average length |	2.61
                             MULTI-MAPPING READS:
        Number of reads mapped to multiple loci |	7429212
             % of reads mapped to multiple loci |	10.07%
        Number of reads mapped to too many loci |	31167
             % of reads mapped to too many loci |	0.04%
                                  UNMAPPED READS:
  Number of reads unmapped: too many mismatches |	0
       % of reads unmapped: too many mismatches |	0.00%
            Number of reads unmapped: too short |	12686998
                 % of reads unmapped: too short |	17.19%
                Number of reads unmapped: other |	1389350
                     % of reads unmapped: other |	1.88%
                                  CHIMERIC READS:
                       Number of chimeric reads |	0
                            % of chimeric reads |	0.00%
