           Time    Speed        Read     Read   Mapped   Mapped   Mapped   Mapped Unmapped Unmapped Unmapped Unmapped
                    M/hr      number   length   unique   length   MMrate    multi   multi+       MM    short    other
Jan 29 11:09:12    193.5     3546908      199    73.3%    195.4     1.1%     8.6%     0.0%     0.0%    16.1%     2.1%
Jan 29 11:10:12    245.7     8599786      199    73.2%    195.4     1.1%     8.6%     0.0%     0.0%    16.1%     2.1%
Jan 29 11:11:12    267.3    13812051      199    73.2%    195.4     1.1%     8.6%     0.0%     0.0%    16.2%     2.0%
Jan 29 11:12:17    267.0    18614442      199    73.2%    195.4     1.1%     8.6%     0.0%     0.0%    16.1%     2.0%
Jan 29 11:13:19    268.7    23358378      199    73.2%    195.4     1.2%     8.6%     0.0%     0.0%    16.2%     2.0%
Jan 29 11:14:19    276.8    28680988      199    73.2%    195.4     1.2%     8.6%     0.0%     0.0%    16.2%     2.0%
Jan 29 11:15:19    278.4    33481777      199    73.2%    195.4     1.2%     8.6%     0.0%     0.0%    16.2%     2.0%
Jan 29 11:16:20    279.0    38283956      199    73.2%    195.4     1.2%     8.6%     0.0%     0.0%    16.2%     2.0%
Jan 29 11:17:22    278.2    42970372      199    73.2%    195.4     1.2%     8.6%     0.0%     0.0%    16.3%     2.0%
Jan 29 11:18:22    279.9    47887763      199    73.2%    195.4     1.2%     8.6%     0.0%     0.0%    16.2%     2.0%
Jan 29 11:19:22    282.4    53036779      199    73.2%    195.4     1.2%     8.6%     0.0%     0.0%    16.2%     2.0%
Jan 29 11:20:23    282.8    57896539      199    73.2%    195.4     1.2%     8.6%     0.0%     0.0%    16.2%     2.0%
Jan 29 11:21:23    283.2    62697779      199    73.2%    195.4     1.2%     8.6%     0.0%     0.0%    16.2%     2.0%
Jan 29 11:22:23    283.8    67556505      199    73.2%    195.4     1.2%     8.6%     0.0%     0.0%    16.2%     2.0%
Jan 29 11:23:23    284.1    72357629      199    73.2%    195.4     1.2%     8.6%     0.0%     0.0%    16.2%     2.0%
Jan 29 11:24:24    284.7    77331759      199    73.2%    195.4     1.2%     8.6%     0.0%     0.0%    16.2%     2.0%
Jan 29 11:27:18    252.3    80722244      199    73.2%    195.4     1.2%     8.6%     0.0%     0.0%    16.3%     2.0%
ALL DONE!
