           Time    Speed        Read     Read   Mapped   Mapped   Mapped   Mapped Unmapped Unmapped Unmapped Unmapped
                    M/hr      number   length   unique   length   MMrate    multi   multi+       MM    short    other
Jan 28 18:35:41    193.3     3544657      200    68.9%    195.4     1.2%     9.2%     0.0%     0.0%    19.4%     2.4%
Jan 28 18:36:41    235.6     8245793      200    68.9%    195.4     1.2%     9.2%     0.0%     0.0%    19.4%     2.4%
Jan 28 18:37:41    250.4    12935362      200    68.9%    195.4     1.2%     9.2%     0.0%     0.0%    19.5%     2.3%
Jan 28 18:38:41    258.7    17676691      200    69.0%    195.4     1.2%     9.2%     0.0%     0.0%    19.4%     2.4%
Jan 28 18:39:41    263.7    22416916      200    69.0%    195.4     1.2%     9.2%     0.0%     0.0%    19.5%     2.3%
Jan 28 18:40:41    266.0    27041893      200    69.0%    195.4     1.2%     9.2%     0.0%     0.0%    19.5%     2.3%
Jan 28 18:41:42    268.4    31840109      200    69.0%    195.4     1.2%     9.2%     0.0%     0.0%    19.5%     2.3%
Jan 28 18:42:42    268.7    36349388      200    69.0%    195.4     1.2%     9.2%     0.0%     0.0%    19.5%     2.3%
Jan 28 18:43:42    270.4    41090839      200    69.0%    195.4     1.2%     9.2%     0.0%     0.0%    19.5%     2.3%
Jan 28 18:44:45    270.1    45773385      200    69.0%    195.4     1.2%     9.2%     0.0%     0.0%    19.5%     2.3%
Jan 28 18:45:45    272.0    50629698      200    69.0%    195.4     1.2%     9.2%     0.0%     0.0%    19.5%     2.3%
Jan 28 18:46:45    272.5    55254934      200    69.0%    195.4     1.2%     9.2%     0.0%     0.0%    19.5%     2.3%
Jan 28 18:47:45    274.2    60168821      200    69.0%    195.4     1.2%     9.2%     0.0%     0.0%    19.5%     2.3%
Jan 28 18:48:45    275.4    65024470      200    69.0%    195.4     1.2%     9.2%     0.0%     0.0%    19.5%     2.3%
Jan 28 18:49:45    275.3    69591223      200    69.0%    195.4     1.2%     9.2%     0.0%     0.0%    19.5%     2.3%
Jan 28 18:50:45    276.1    74388689      200    69.0%    195.4     1.2%     9.2%     0.0%     0.0%    19.5%     2.3%
Jan 28 18:51:45    276.2    79012771      200    69.0%    195.4     1.2%     9.2%     0.0%     0.0%    19.5%     2.3%
Jan 28 18:54:17    247.2    81168026      200    69.0%    195.4     1.2%     9.2%     0.0%     0.0%    19.5%     2.3%
ALL DONE!
