           Time    Speed        Read     Read   Mapped   Mapped   Mapped   Mapped Unmapped Unmapped Unmapped Unmapped
                    M/hr      number   length   unique   length   MMrate    multi   multi+       MM    short    other
Jan 29 03:26:56    202.6     3544685      200    74.4%    195.5     1.1%     9.6%     0.0%     0.0%    13.8%     2.1%
Jan 29 03:27:56    246.4     8419863      200    74.4%    195.5     1.1%     9.6%     0.0%     0.0%    13.8%     2.1%
Jan 29 03:28:56    260.2    13224446      200    74.4%    195.4     1.2%     9.6%     0.0%     0.0%    13.9%     2.0%
Jan 29 03:29:57    272.7    18485838      200    74.4%    195.5     1.2%     9.6%     0.0%     0.0%    13.9%     2.1%
Jan 29 03:30:57    273.7    23110788      200    74.4%    195.4     1.2%     9.6%     0.0%     0.0%    13.9%     2.0%
Jan 29 03:31:57    277.7    28082890      200    74.4%    195.4     1.2%     9.6%     0.0%     0.0%    13.9%     2.0%
Jan 29 03:32:58    279.0    32938410      200    74.4%    195.4     1.2%     9.6%     0.0%     0.0%    14.0%     2.0%
Jan 29 03:34:00    278.5    37679463      200    74.4%    195.4     1.2%     9.6%     0.0%     0.0%    14.0%     2.0%
Jan 29 03:35:00    282.6    42940878      200    74.4%    195.4     1.2%     9.6%     0.0%     0.0%    14.0%     2.0%
Jan 29 03:36:04    282.6    47970829      200    74.4%    195.4     1.2%     9.6%     0.0%     0.0%    14.0%     2.0%
Jan 29 03:37:04    283.4    52827398      200    74.4%    195.4     1.2%     9.6%     0.0%     0.0%    14.0%     2.0%
Jan 29 03:38:04    286.1    58088257      200    74.4%    195.4     1.2%     9.6%     0.0%     0.0%    13.9%     2.0%
Jan 29 03:39:06    286.0    63001688      200    74.4%    195.4     1.2%     9.6%     0.0%     0.0%    13.9%     2.0%
Jan 29 03:40:06    286.6    67915286      200    74.4%    195.4     1.2%     9.6%     0.0%     0.0%    14.0%     2.0%
Jan 29 03:41:06    287.4    72885984      200    74.4%    195.4     1.2%     9.6%     0.0%     0.0%    14.0%     2.0%
Jan 29 03:42:06    288.1    77856687      200    74.4%    195.4     1.2%     9.6%     0.0%     0.0%    14.0%     2.0%
Jan 29 03:44:33    253.8    78969620      200    74.4%    195.4     1.2%     9.6%     0.0%     0.0%    14.0%     2.0%
ALL DONE!
