[2022-05-09 11:20:28.278] [jointLog] [info] setting maxHashResizeThreads to 20
[2022-05-09 11:20:28.278] [jointLog] [info] Fragment incompatibility prior below threshold.  Incompatible fragments will be ignored.
[2022-05-09 11:20:28.278] [jointLog] [info] Usage of --validateMappings implies use of minScoreFraction. Since not explicitly specified, it is being set to 0.65
[2022-05-09 11:20:28.278] [jointLog] [info] Setting consensusSlack to selective-alignment default of 0.35.
[2022-05-09 11:20:28.278] [jointLog] [info] parsing read library format
[2022-05-09 11:20:28.278] [jointLog] [info] There is 1 library.
[2022-05-09 11:20:28.317] [jointLog] [info] Loading pufferfish index
[2022-05-09 11:20:28.317] [jointLog] [info] Loading dense pufferfish index.
[2022-05-09 11:20:28.451] [jointLog] [info] done
[2022-05-09 11:20:28.451] [jointLog] [info] Index contained 28,097 targets
[2022-05-09 11:20:28.647] [jointLog] [info] Number of decoys : 0
[2022-05-09 11:20:29.854] [jointLog] [info] Automatically detected most likely library type as IU

[2022-05-09 11:22:54.572] [jointLog] [info] Computed 35,672 rich equivalence classes for further processing
[2022-05-09 11:22:54.572] [jointLog] [info] Counted 10,509,900 total reads in the equivalence classes 
[2022-05-09 11:22:54.577] [jointLog] [info] Number of mappings discarded because of alignment score : 33,046,773
[2022-05-09 11:22:54.577] [jointLog] [info] Number of fragments entirely discarded because of alignment score : 4,646,357
[2022-05-09 11:22:54.577] [jointLog] [info] Number of fragments discarded because they are best-mapped to decoys : 0
[2022-05-09 11:22:54.577] [jointLog] [info] Number of fragments discarded because they have only dovetail (discordant) mappings to valid targets : 496,550
[2022-05-09 11:22:54.577] [jointLog] [info] Mapping rate = 21.1773%

[2022-05-09 11:22:54.577] [jointLog] [info] finished quantifyLibrary()
[2022-05-09 11:22:54.579] [jointLog] [info] Starting optimizer
[2022-05-09 11:22:54.596] [jointLog] [info] Marked 0 weighted equivalence classes as degenerate
[2022-05-09 11:22:54.598] [jointLog] [info] iteration = 0 | max rel diff. = 29406.7
[2022-05-09 11:22:54.622] [jointLog] [info] iteration 11, adjusting effective lengths to account for biases
[2022-05-09 11:22:54.573] [fileLog] [info] 
At end of round 0
==================
Observed 49628176 total fragments (49628176 in most recent round)

[2022-05-09 11:22:55.659] [jointLog] [info] Computed expected counts (for bias correction)
[2022-05-09 11:22:55.659] [jointLog] [info] processed bias for 0.0% of the transcripts
[2022-05-09 11:22:55.761] [jointLog] [info] processed bias for 10.0% of the transcripts
[2022-05-09 11:22:55.867] [jointLog] [info] processed bias for 20.0% of the transcripts
[2022-05-09 11:22:55.959] [jointLog] [info] processed bias for 30.0% of the transcripts
[2022-05-09 11:22:56.059] [jointLog] [info] processed bias for 40.0% of the transcripts
[2022-05-09 11:22:56.157] [jointLog] [info] processed bias for 50.0% of the transcripts
[2022-05-09 11:22:56.250] [jointLog] [info] processed bias for 60.0% of the transcripts
[2022-05-09 11:22:56.351] [jointLog] [info] processed bias for 70.0% of the transcripts
[2022-05-09 11:22:56.449] [jointLog] [info] processed bias for 80.0% of the transcripts
[2022-05-09 11:22:56.559] [jointLog] [info] processed bias for 90.0% of the transcripts
[2022-05-09 11:22:56.657] [jointLog] [info] processed bias for 100.0% of the transcripts
[2022-05-09 11:22:56.857] [jointLog] [info] iteration = 100 | max rel diff. = 0.0302602
[2022-05-09 11:22:57.080] [jointLog] [info] iteration = 200 | max rel diff. = 0.0149363
[2022-05-09 11:22:57.158] [jointLog] [info] iteration = 236 | max rel diff. = 0.0065256
[2022-05-09 11:22:57.163] [jointLog] [info] Finished optimizer
[2022-05-09 11:22:57.163] [jointLog] [info] writing output 

[2022-05-09 11:22:57.205] [jointLog] [warning] NOTE: Read Lib [[ /home/lspencer/2022-redking-OA/trimmed/v2/Tank_3_Crab_1.trimmed.R1.v2.fastq.gz, /home/lspencer/2022-redking-OA/trimmed/v2/Tank_3_Crab_1.trimmed.R2.v2.fastq.gz]] :

Detected a *potential* strand bias > 1% in an unstranded protocol check the file: /scratch/lspencer/2022-redking-OA/aligned/salmon/Tank_3_Crab_1.salmon.counts/lib_format_counts.json for details

