[2022-05-09 10:59:39.936] [jointLog] [info] setting maxHashResizeThreads to 20
[2022-05-09 10:59:39.936] [jointLog] [info] Fragment incompatibility prior below threshold.  Incompatible fragments will be ignored.
[2022-05-09 10:59:39.936] [jointLog] [info] Usage of --validateMappings implies use of minScoreFraction. Since not explicitly specified, it is being set to 0.65
[2022-05-09 10:59:39.936] [jointLog] [info] Setting consensusSlack to selective-alignment default of 0.35.
[2022-05-09 10:59:39.936] [jointLog] [info] parsing read library format
[2022-05-09 10:59:39.936] [jointLog] [info] There is 1 library.
[2022-05-09 10:59:39.982] [jointLog] [info] Loading pufferfish index
[2022-05-09 10:59:39.982] [jointLog] [info] Loading dense pufferfish index.
[2022-05-09 10:59:40.117] [jointLog] [info] done
[2022-05-09 10:59:40.117] [jointLog] [info] Index contained 28,097 targets
[2022-05-09 10:59:40.318] [jointLog] [info] Number of decoys : 0
[2022-05-09 10:59:41.507] [jointLog] [info] Automatically detected most likely library type as IU

[2022-05-09 11:02:14.381] [fileLog] [info] 
At end of round 0
==================
Observed 52331101 total fragments (52331101 in most recent round)

[2022-05-09 11:02:14.380] [jointLog] [info] Computed 35,322 rich equivalence classes for further processing
[2022-05-09 11:02:14.380] [jointLog] [info] Counted 11,635,617 total reads in the equivalence classes 
[2022-05-09 11:02:14.386] [jointLog] [info] Number of mappings discarded because of alignment score : 28,591,082
[2022-05-09 11:02:14.386] [jointLog] [info] Number of fragments entirely discarded because of alignment score : 5,109,587
[2022-05-09 11:02:14.386] [jointLog] [info] Number of fragments discarded because they are best-mapped to decoys : 0
[2022-05-09 11:02:14.386] [jointLog] [info] Number of fragments discarded because they have only dovetail (discordant) mappings to valid targets : 421,542
[2022-05-09 11:02:14.386] [jointLog] [info] Mapping rate = 22.2346%

[2022-05-09 11:02:14.386] [jointLog] [info] finished quantifyLibrary()
[2022-05-09 11:02:14.387] [jointLog] [info] Starting optimizer
[2022-05-09 11:02:14.405] [jointLog] [info] Marked 0 weighted equivalence classes as degenerate
[2022-05-09 11:02:14.408] [jointLog] [info] iteration = 0 | max rel diff. = 30532.5
[2022-05-09 11:02:14.431] [jointLog] [info] iteration 11, adjusting effective lengths to account for biases
[2022-05-09 11:02:15.505] [jointLog] [info] Computed expected counts (for bias correction)
[2022-05-09 11:02:15.505] [jointLog] [info] processed bias for 0.0% of the transcripts
[2022-05-09 11:02:15.602] [jointLog] [info] processed bias for 10.0% of the transcripts
[2022-05-09 11:02:15.704] [jointLog] [info] processed bias for 20.0% of the transcripts
[2022-05-09 11:02:15.802] [jointLog] [info] processed bias for 30.0% of the transcripts
[2022-05-09 11:02:15.901] [jointLog] [info] processed bias for 40.0% of the transcripts
[2022-05-09 11:02:15.998] [jointLog] [info] processed bias for 50.0% of the transcripts
[2022-05-09 11:02:16.096] [jointLog] [info] processed bias for 60.0% of the transcripts
[2022-05-09 11:02:16.197] [jointLog] [info] processed bias for 70.0% of the transcripts
[2022-05-09 11:02:16.289] [jointLog] [info] processed bias for 80.0% of the transcripts
[2022-05-09 11:02:16.383] [jointLog] [info] processed bias for 90.0% of the transcripts
[2022-05-09 11:02:16.508] [jointLog] [info] processed bias for 100.0% of the transcripts
[2022-05-09 11:02:16.708] [jointLog] [info] iteration = 100 | max rel diff. = 0.0488982
[2022-05-09 11:02:16.755] [jointLog] [info] iteration = 122 | max rel diff. = 0.00977194
[2022-05-09 11:02:16.762] [jointLog] [info] Finished optimizer
[2022-05-09 11:02:16.762] [jointLog] [info] writing output 

[2022-05-09 11:02:16.804] [jointLog] [warning] NOTE: Read Lib [[ /home/lspencer/2022-redking-OA/trimmed/v2/Tank_1_Crab_3.trimmed.R1.v2.fastq.gz, /home/lspencer/2022-redking-OA/trimmed/v2/Tank_1_Crab_3.trimmed.R2.v2.fastq.gz]] :

Detected a *potential* strand bias > 1% in an unstranded protocol check the file: /scratch/lspencer/2022-redking-OA/aligned/salmon/Tank_1_Crab_3.salmon.counts/lib_format_counts.json for details

