[2022-05-09 10:31:14.122] [jointLog] [info] setting maxHashResizeThreads to 20
[2022-05-09 10:31:14.122] [jointLog] [info] Fragment incompatibility prior below threshold.  Incompatible fragments will be ignored.
[2022-05-09 10:31:14.122] [jointLog] [info] Usage of --validateMappings implies use of minScoreFraction. Since not explicitly specified, it is being set to 0.65
[2022-05-09 10:31:14.122] [jointLog] [info] Setting consensusSlack to selective-alignment default of 0.35.
[2022-05-09 10:31:14.122] [jointLog] [info] parsing read library format
[2022-05-09 10:31:14.122] [jointLog] [info] There is 1 library.
[2022-05-09 10:31:14.163] [jointLog] [info] Loading pufferfish index
[2022-05-09 10:31:14.163] [jointLog] [info] Loading dense pufferfish index.
[2022-05-09 10:31:14.298] [jointLog] [info] done
[2022-05-09 10:31:14.298] [jointLog] [info] Index contained 28,097 targets
[2022-05-09 10:31:14.493] [jointLog] [info] Number of decoys : 0
[2022-05-09 10:31:16.249] [jointLog] [info] Automatically detected most likely library type as IU

[2022-05-09 10:33:46.271] [fileLog] [info] 
At end of round 0
==================
Observed 51523027 total fragments (51523027 in most recent round)

[2022-05-09 10:33:46.270] [jointLog] [info] Computed 31,945 rich equivalence classes for further processing
[2022-05-09 10:33:46.270] [jointLog] [info] Counted 7,605,775 total reads in the equivalence classes 
[2022-05-09 10:33:46.275] [jointLog] [info] Number of mappings discarded because of alignment score : 27,820,388
[2022-05-09 10:33:46.275] [jointLog] [info] Number of fragments entirely discarded because of alignment score : 3,702,387
[2022-05-09 10:33:46.275] [jointLog] [info] Number of fragments discarded because they are best-mapped to decoys : 0
[2022-05-09 10:33:46.275] [jointLog] [info] Number of fragments discarded because they have only dovetail (discordant) mappings to valid targets : 270,668
[2022-05-09 10:33:46.275] [jointLog] [info] Mapping rate = 14.7619%

[2022-05-09 10:33:46.275] [jointLog] [info] finished quantifyLibrary()
[2022-05-09 10:33:46.277] [jointLog] [info] Starting optimizer
[2022-05-09 10:33:46.294] [jointLog] [info] Marked 0 weighted equivalence classes as degenerate
[2022-05-09 10:33:46.296] [jointLog] [info] iteration = 0 | max rel diff. = 22872.8
[2022-05-09 10:33:46.319] [jointLog] [info] iteration 11, adjusting effective lengths to account for biases
[2022-05-09 10:33:47.471] [jointLog] [info] Computed expected counts (for bias correction)
[2022-05-09 10:33:47.471] [jointLog] [info] processed bias for 0.0% of the transcripts
[2022-05-09 10:33:47.591] [jointLog] [info] processed bias for 10.0% of the transcripts
[2022-05-09 10:33:47.711] [jointLog] [info] processed bias for 20.0% of the transcripts
[2022-05-09 10:33:47.819] [jointLog] [info] processed bias for 30.0% of the transcripts
[2022-05-09 10:33:47.918] [jointLog] [info] processed bias for 40.0% of the transcripts
[2022-05-09 10:33:48.027] [jointLog] [info] processed bias for 50.0% of the transcripts
[2022-05-09 10:33:48.146] [jointLog] [info] processed bias for 60.0% of the transcripts
[2022-05-09 10:33:48.264] [jointLog] [info] processed bias for 70.0% of the transcripts
[2022-05-09 10:33:48.369] [jointLog] [info] processed bias for 80.0% of the transcripts
[2022-05-09 10:33:48.478] [jointLog] [info] processed bias for 90.0% of the transcripts
[2022-05-09 10:33:48.577] [jointLog] [info] processed bias for 100.0% of the transcripts
[2022-05-09 10:33:48.584] [jointLog] [info] processed bias for 100.0% of the transcripts
[2022-05-09 10:33:48.779] [jointLog] [info] iteration = 100 | max rel diff. = 0.158497
[2022-05-09 10:33:48.842] [jointLog] [info] iteration = 130 | max rel diff. = 0.00893131
[2022-05-09 10:33:48.847] [jointLog] [info] Finished optimizer
[2022-05-09 10:33:48.847] [jointLog] [info] writing output 

[2022-05-09 10:33:48.894] [jointLog] [warning] NOTE: Read Lib [[ /home/lspencer/2022-redking-OA/trimmed/v2/Tank_15_Crab_2.trimmed.R1.v2.fastq.gz, /home/lspencer/2022-redking-OA/trimmed/v2/Tank_15_Crab_2.trimmed.R2.v2.fastq.gz]] :

Detected a *potential* strand bias > 1% in an unstranded protocol check the file: /scratch/lspencer/2022-redking-OA/aligned/salmon/Tank_15_Crab_2.salmon.counts/lib_format_counts.json for details

