[2022-05-09 11:02:17.282] [jointLog] [info] setting maxHashResizeThreads to 20
[2022-05-09 11:02:17.282] [jointLog] [info] Fragment incompatibility prior below threshold.  Incompatible fragments will be ignored.
[2022-05-09 11:02:17.282] [jointLog] [info] Usage of --validateMappings implies use of minScoreFraction. Since not explicitly specified, it is being set to 0.65
[2022-05-09 11:02:17.282] [jointLog] [info] Setting consensusSlack to selective-alignment default of 0.35.
[2022-05-09 11:02:17.282] [jointLog] [info] parsing read library format
[2022-05-09 11:02:17.282] [jointLog] [info] There is 1 library.
[2022-05-09 11:02:17.323] [jointLog] [info] Loading pufferfish index
[2022-05-09 11:02:17.323] [jointLog] [info] Loading dense pufferfish index.
[2022-05-09 11:02:17.445] [jointLog] [info] done
[2022-05-09 11:02:17.445] [jointLog] [info] Index contained 28,097 targets
[2022-05-09 11:02:17.639] [jointLog] [info] Number of decoys : 0
[2022-05-09 11:02:19.359] [jointLog] [info] Automatically detected most likely library type as IU

[2022-05-09 11:05:16.460] [fileLog] [info] 
At end of round 0
==================
Observed 60395845 total fragments (60395845 in most recent round)

[2022-05-09 11:05:16.460] [jointLog] [info] Computed 37,070 rich equivalence classes for further processing
[2022-05-09 11:05:16.460] [jointLog] [info] Counted 8,913,328 total reads in the equivalence classes 
[2022-05-09 11:05:16.465] [jointLog] [info] Number of mappings discarded because of alignment score : 26,940,589
[2022-05-09 11:05:16.465] [jointLog] [info] Number of fragments entirely discarded because of alignment score : 4,293,253
[2022-05-09 11:05:16.465] [jointLog] [info] Number of fragments discarded because they are best-mapped to decoys : 0
[2022-05-09 11:05:16.465] [jointLog] [info] Number of fragments discarded because they have only dovetail (discordant) mappings to valid targets : 349,877
[2022-05-09 11:05:16.465] [jointLog] [info] Mapping rate = 14.7582%

[2022-05-09 11:05:16.465] [jointLog] [info] finished quantifyLibrary()
[2022-05-09 11:05:16.466] [jointLog] [info] Starting optimizer
[2022-05-09 11:05:16.483] [jointLog] [info] Marked 0 weighted equivalence classes as degenerate
[2022-05-09 11:05:16.485] [jointLog] [info] iteration = 0 | max rel diff. = 25775.6
[2022-05-09 11:05:16.508] [jointLog] [info] iteration 11, adjusting effective lengths to account for biases
[2022-05-09 11:05:17.670] [jointLog] [info] Computed expected counts (for bias correction)
[2022-05-09 11:05:17.670] [jointLog] [info] processed bias for 0.0% of the transcripts
[2022-05-09 11:05:17.776] [jointLog] [info] processed bias for 10.0% of the transcripts
[2022-05-09 11:05:17.890] [jointLog] [info] processed bias for 20.0% of the transcripts
[2022-05-09 11:05:17.998] [jointLog] [info] processed bias for 30.0% of the transcripts
[2022-05-09 11:05:18.104] [jointLog] [info] processed bias for 40.0% of the transcripts
[2022-05-09 11:05:18.206] [jointLog] [info] processed bias for 50.0% of the transcripts
[2022-05-09 11:05:18.318] [jointLog] [info] processed bias for 60.0% of the transcripts
[2022-05-09 11:05:18.436] [jointLog] [info] processed bias for 70.0% of the transcripts
[2022-05-09 11:05:18.542] [jointLog] [info] processed bias for 80.0% of the transcripts
[2022-05-09 11:05:18.657] [jointLog] [info] processed bias for 90.0% of the transcripts
[2022-05-09 11:05:18.778] [jointLog] [info] processed bias for 100.0% of the transcripts
[2022-05-09 11:05:18.781] [jointLog] [info] processed bias for 100.0% of the transcripts
[2022-05-09 11:05:18.982] [jointLog] [info] iteration = 100 | max rel diff. = 0.235048
[2022-05-09 11:05:19.205] [jointLog] [info] iteration = 200 | max rel diff. = 0.0189165
[2022-05-09 11:05:19.394] [jointLog] [info] iteration = 285 | max rel diff. = 0.0086066
[2022-05-09 11:05:19.399] [jointLog] [info] Finished optimizer
[2022-05-09 11:05:19.399] [jointLog] [info] writing output 

[2022-05-09 11:05:19.442] [jointLog] [warning] NOTE: Read Lib [[ /home/lspencer/2022-redking-OA/trimmed/v2/Tank_20_Crab_1.trimmed.R1.v2.fastq.gz, /home/lspencer/2022-redking-OA/trimmed/v2/Tank_20_Crab_1.trimmed.R2.v2.fastq.gz]] :

Detected a *potential* strand bias > 1% in an unstranded protocol check the file: /scratch/lspencer/2022-redking-OA/aligned/salmon/Tank_20_Crab_1.salmon.counts/lib_format_counts.json for details

