[2022-05-09 11:50:54.368] [jointLog] [info] setting maxHashResizeThreads to 20
[2022-05-09 11:50:54.368] [jointLog] [info] Fragment incompatibility prior below threshold.  Incompatible fragments will be ignored.
[2022-05-09 11:50:54.368] [jointLog] [info] Usage of --validateMappings implies use of minScoreFraction. Since not explicitly specified, it is being set to 0.65
[2022-05-09 11:50:54.368] [jointLog] [info] Setting consensusSlack to selective-alignment default of 0.35.
[2022-05-09 11:50:54.368] [jointLog] [info] parsing read library format
[2022-05-09 11:50:54.368] [jointLog] [info] There is 1 library.
[2022-05-09 11:50:54.406] [jointLog] [info] Loading pufferfish index
[2022-05-09 11:50:54.406] [jointLog] [info] Loading dense pufferfish index.
[2022-05-09 11:50:54.522] [jointLog] [info] done
[2022-05-09 11:50:54.522] [jointLog] [info] Index contained 28,097 targets
[2022-05-09 11:50:54.696] [jointLog] [info] Number of decoys : 0
[2022-05-09 11:50:56.118] [jointLog] [info] Automatically detected most likely library type as IU

[2022-05-09 11:53:36.495] [fileLog] [info] 
At end of round 0
==================
Observed 55286476 total fragments (55286476 in most recent round)

[2022-05-09 11:53:36.494] [jointLog] [info] Computed 34,191 rich equivalence classes for further processing
[2022-05-09 11:53:36.494] [jointLog] [info] Counted 9,683,774 total reads in the equivalence classes 
[2022-05-09 11:53:36.499] [jointLog] [info] Number of mappings discarded because of alignment score : 22,145,949
[2022-05-09 11:53:36.499] [jointLog] [info] Number of fragments entirely discarded because of alignment score : 4,456,771
[2022-05-09 11:53:36.499] [jointLog] [info] Number of fragments discarded because they are best-mapped to decoys : 0
[2022-05-09 11:53:36.499] [jointLog] [info] Number of fragments discarded because they have only dovetail (discordant) mappings to valid targets : 337,668
[2022-05-09 11:53:36.499] [jointLog] [info] Mapping rate = 17.5156%

[2022-05-09 11:53:36.499] [jointLog] [info] finished quantifyLibrary()
[2022-05-09 11:53:36.501] [jointLog] [info] Starting optimizer
[2022-05-09 11:53:36.517] [jointLog] [info] Marked 0 weighted equivalence classes as degenerate
[2022-05-09 11:53:36.520] [jointLog] [info] iteration = 0 | max rel diff. = 26571.6
[2022-05-09 11:53:36.543] [jointLog] [info] iteration 11, adjusting effective lengths to account for biases
[2022-05-09 11:53:37.634] [jointLog] [info] Computed expected counts (for bias correction)
[2022-05-09 11:53:37.635] [jointLog] [info] processed bias for 0.0% of the transcripts
[2022-05-09 11:53:37.752] [jointLog] [info] processed bias for 10.0% of the transcripts
[2022-05-09 11:53:37.860] [jointLog] [info] processed bias for 20.0% of the transcripts
[2022-05-09 11:53:37.964] [jointLog] [info] processed bias for 30.0% of the transcripts
[2022-05-09 11:53:38.062] [jointLog] [info] processed bias for 40.0% of the transcripts
[2022-05-09 11:53:38.155] [jointLog] [info] processed bias for 50.0% of the transcripts
[2022-05-09 11:53:38.257] [jointLog] [info] processed bias for 60.0% of the transcripts
[2022-05-09 11:53:38.362] [jointLog] [info] processed bias for 70.0% of the transcripts
[2022-05-09 11:53:38.466] [jointLog] [info] processed bias for 80.0% of the transcripts
[2022-05-09 11:53:38.578] [jointLog] [info] processed bias for 90.0% of the transcripts
[2022-05-09 11:53:38.677] [jointLog] [info] processed bias for 100.0% of the transcripts
[2022-05-09 11:53:38.680] [jointLog] [info] processed bias for 100.0% of the transcripts
[2022-05-09 11:53:38.876] [jointLog] [info] iteration = 100 | max rel diff. = 0.0966436
[2022-05-09 11:53:39.076] [jointLog] [info] iteration = 193 | max rel diff. = 0.00485504
[2022-05-09 11:53:39.081] [jointLog] [info] Finished optimizer
[2022-05-09 11:53:39.081] [jointLog] [info] writing output 

[2022-05-09 11:53:39.126] [jointLog] [warning] NOTE: Read Lib [[ /home/lspencer/2022-redking-OA/trimmed/v2/Tank_7_Crab_3.trimmed.R1.v2.fastq.gz, /home/lspencer/2022-redking-OA/trimmed/v2/Tank_7_Crab_3.trimmed.R2.v2.fastq.gz]] :

Detected a *potential* strand bias > 1% in an unstranded protocol check the file: /scratch/lspencer/2022-redking-OA/aligned/salmon/Tank_7_Crab_3.salmon.counts/lib_format_counts.json for details

