[2022-05-09 10:24:57.896] [jointLog] [info] setting maxHashResizeThreads to 20
[2022-05-09 10:24:57.896] [jointLog] [info] Fragment incompatibility prior below threshold.  Incompatible fragments will be ignored.
[2022-05-09 10:24:57.896] [jointLog] [info] Usage of --validateMappings implies use of minScoreFraction. Since not explicitly specified, it is being set to 0.65
[2022-05-09 10:24:57.896] [jointLog] [info] Setting consensusSlack to selective-alignment default of 0.35.
[2022-05-09 10:24:57.896] [jointLog] [info] parsing read library format
[2022-05-09 10:24:57.896] [jointLog] [info] There is 1 library.
[2022-05-09 10:24:57.957] [jointLog] [info] Loading pufferfish index
[2022-05-09 10:24:57.957] [jointLog] [info] Loading dense pufferfish index.
[2022-05-09 10:24:58.092] [jointLog] [info] done
[2022-05-09 10:24:58.092] [jointLog] [info] Index contained 28,097 targets
[2022-05-09 10:24:58.306] [jointLog] [info] Number of decoys : 0
[2022-05-09 10:24:59.991] [jointLog] [info] Automatically detected most likely library type as IU

[2022-05-09 10:28:28.327] [fileLog] [info] 
At end of round 0
==================
Observed 71708430 total fragments (71708430 in most recent round)

[2022-05-09 10:28:28.326] [jointLog] [info] Computed 36,461 rich equivalence classes for further processing
[2022-05-09 10:28:28.326] [jointLog] [info] Counted 10,994,051 total reads in the equivalence classes 
[2022-05-09 10:28:28.331] [jointLog] [info] Number of mappings discarded because of alignment score : 26,763,129
[2022-05-09 10:28:28.331] [jointLog] [info] Number of fragments entirely discarded because of alignment score : 5,303,943
[2022-05-09 10:28:28.331] [jointLog] [info] Number of fragments discarded because they are best-mapped to decoys : 0
[2022-05-09 10:28:28.331] [jointLog] [info] Number of fragments discarded because they have only dovetail (discordant) mappings to valid targets : 424,621
[2022-05-09 10:28:28.331] [jointLog] [info] Mapping rate = 15.3316%

[2022-05-09 10:28:28.331] [jointLog] [info] finished quantifyLibrary()
[2022-05-09 10:28:28.333] [jointLog] [info] Starting optimizer
[2022-05-09 10:28:28.351] [jointLog] [info] Marked 0 weighted equivalence classes as degenerate
[2022-05-09 10:28:28.354] [jointLog] [info] iteration = 0 | max rel diff. = 29948.9
[2022-05-09 10:28:28.378] [jointLog] [info] iteration 11, adjusting effective lengths to account for biases
[2022-05-09 10:28:29.528] [jointLog] [info] Computed expected counts (for bias correction)
[2022-05-09 10:28:29.528] [jointLog] [info] processed bias for 0.0% of the transcripts
[2022-05-09 10:28:29.635] [jointLog] [info] processed bias for 10.0% of the transcripts
[2022-05-09 10:28:29.753] [jointLog] [info] processed bias for 20.0% of the transcripts
[2022-05-09 10:28:29.855] [jointLog] [info] processed bias for 30.0% of the transcripts
[2022-05-09 10:28:29.966] [jointLog] [info] processed bias for 40.0% of the transcripts
[2022-05-09 10:28:30.072] [jointLog] [info] processed bias for 50.0% of the transcripts
[2022-05-09 10:28:30.176] [jointLog] [info] processed bias for 60.0% of the transcripts
[2022-05-09 10:28:30.279] [jointLog] [info] processed bias for 70.0% of the transcripts
[2022-05-09 10:28:30.383] [jointLog] [info] processed bias for 80.0% of the transcripts
[2022-05-09 10:28:30.486] [jointLog] [info] processed bias for 90.0% of the transcripts
[2022-05-09 10:28:30.609] [jointLog] [info] processed bias for 100.0% of the transcripts
[2022-05-09 10:28:30.616] [jointLog] [info] processed bias for 100.0% of the transcripts
[2022-05-09 10:28:30.817] [jointLog] [info] iteration = 100 | max rel diff. = 2.0471
[2022-05-09 10:28:31.039] [jointLog] [info] iteration = 200 | max rel diff. = 0.471342
[2022-05-09 10:28:31.222] [jointLog] [info] iteration = 283 | max rel diff. = 0.00478468
[2022-05-09 10:28:31.227] [jointLog] [info] Finished optimizer
[2022-05-09 10:28:31.227] [jointLog] [info] writing output 

[2022-05-09 10:28:31.271] [jointLog] [warning] NOTE: Read Lib [[ /home/lspencer/2022-redking-OA/trimmed/v2/Tank_13_Crab_3.trimmed.R1.v2.fastq.gz, /home/lspencer/2022-redking-OA/trimmed/v2/Tank_13_Crab_3.trimmed.R2.v2.fastq.gz]] :

Detected a *potential* strand bias > 1% in an unstranded protocol check the file: /scratch/lspencer/2022-redking-OA/aligned/salmon/Tank_13_Crab_3.salmon.counts/lib_format_counts.json for details

