[2022-05-09 11:38:40.106] [jointLog] [info] setting maxHashResizeThreads to 20
[2022-05-09 11:38:40.106] [jointLog] [info] Fragment incompatibility prior below threshold.  Incompatible fragments will be ignored.
[2022-05-09 11:38:40.106] [jointLog] [info] Usage of --validateMappings implies use of minScoreFraction. Since not explicitly specified, it is being set to 0.65
[2022-05-09 11:38:40.106] [jointLog] [info] Setting consensusSlack to selective-alignment default of 0.35.
[2022-05-09 11:38:40.106] [jointLog] [info] parsing read library format
[2022-05-09 11:38:40.106] [jointLog] [info] There is 1 library.
[2022-05-09 11:38:40.148] [jointLog] [info] Loading pufferfish index
[2022-05-09 11:38:40.148] [jointLog] [info] Loading dense pufferfish index.
[2022-05-09 11:38:40.278] [jointLog] [info] done
[2022-05-09 11:38:40.278] [jointLog] [info] Index contained 28,097 targets
[2022-05-09 11:38:40.487] [jointLog] [info] Number of decoys : 0
[2022-05-09 11:38:42.165] [jointLog] [info] Automatically detected most likely library type as IU

[2022-05-09 11:42:02.505] [fileLog] [info] 
At end of round 0
==================
Observed 68160789 total fragments (68160789 in most recent round)

[2022-05-09 11:42:02.505] [jointLog] [info] Computed 38,325 rich equivalence classes for further processing
[2022-05-09 11:42:02.505] [jointLog] [info] Counted 10,657,866 total reads in the equivalence classes 
[2022-05-09 11:42:02.510] [jointLog] [info] Number of mappings discarded because of alignment score : 25,908,141
[2022-05-09 11:42:02.510] [jointLog] [info] Number of fragments entirely discarded because of alignment score : 5,110,617
[2022-05-09 11:42:02.510] [jointLog] [info] Number of fragments discarded because they are best-mapped to decoys : 0
[2022-05-09 11:42:02.510] [jointLog] [info] Number of fragments discarded because they have only dovetail (discordant) mappings to valid targets : 359,154
[2022-05-09 11:42:02.510] [jointLog] [info] Mapping rate = 15.6364%

[2022-05-09 11:42:02.510] [jointLog] [info] finished quantifyLibrary()
[2022-05-09 11:42:02.512] [jointLog] [info] Starting optimizer
[2022-05-09 11:42:02.530] [jointLog] [info] Marked 0 weighted equivalence classes as degenerate
[2022-05-09 11:42:02.533] [jointLog] [info] iteration = 0 | max rel diff. = 29799.4
[2022-05-09 11:42:02.557] [jointLog] [info] iteration 11, adjusting effective lengths to account for biases
[2022-05-09 11:42:03.688] [jointLog] [info] Computed expected counts (for bias correction)
[2022-05-09 11:42:03.688] [jointLog] [info] processed bias for 0.0% of the transcripts
[2022-05-09 11:42:03.795] [jointLog] [info] processed bias for 10.0% of the transcripts
[2022-05-09 11:42:03.896] [jointLog] [info] processed bias for 20.0% of the transcripts
[2022-05-09 11:42:04.006] [jointLog] [info] processed bias for 30.0% of the transcripts
[2022-05-09 11:42:04.118] [jointLog] [info] processed bias for 40.0% of the transcripts
[2022-05-09 11:42:04.234] [jointLog] [info] processed bias for 50.0% of the transcripts
[2022-05-09 11:42:04.338] [jointLog] [info] processed bias for 60.0% of the transcripts
[2022-05-09 11:42:04.454] [jointLog] [info] processed bias for 70.0% of the transcripts
[2022-05-09 11:42:04.568] [jointLog] [info] processed bias for 80.0% of the transcripts
[2022-05-09 11:42:04.676] [jointLog] [info] processed bias for 90.0% of the transcripts
[2022-05-09 11:42:04.780] [jointLog] [info] processed bias for 100.0% of the transcripts
[2022-05-09 11:42:04.782] [jointLog] [info] processed bias for 100.0% of the transcripts
[2022-05-09 11:42:04.988] [jointLog] [info] iteration = 100 | max rel diff. = 0.0229095
[2022-05-09 11:42:05.090] [jointLog] [info] iteration = 146 | max rel diff. = 0.0051719
[2022-05-09 11:42:05.095] [jointLog] [info] Finished optimizer
[2022-05-09 11:42:05.095] [jointLog] [info] writing output 

[2022-05-09 11:42:05.138] [jointLog] [warning] NOTE: Read Lib [[ /home/lspencer/2022-redking-OA/trimmed/v2/Tank_5_Crab_1.trimmed.R1.v2.fastq.gz, /home/lspencer/2022-redking-OA/trimmed/v2/Tank_5_Crab_1.trimmed.R2.v2.fastq.gz]] :

Detected a *potential* strand bias > 1% in an unstranded protocol check the file: /scratch/lspencer/2022-redking-OA/aligned/salmon/Tank_5_Crab_1.salmon.counts/lib_format_counts.json for details

