[2022-05-09 10:21:02.104] [jointLog] [info] setting maxHashResizeThreads to 20
[2022-05-09 10:21:02.104] [jointLog] [info] Fragment incompatibility prior below threshold.  Incompatible fragments will be ignored.
[2022-05-09 10:21:02.104] [jointLog] [info] Usage of --validateMappings implies use of minScoreFraction. Since not explicitly specified, it is being set to 0.65
[2022-05-09 10:21:02.104] [jointLog] [info] Setting consensusSlack to selective-alignment default of 0.35.
[2022-05-09 10:21:02.104] [jointLog] [info] parsing read library format
[2022-05-09 10:21:02.104] [jointLog] [info] There is 1 library.
[2022-05-09 10:21:02.145] [jointLog] [info] Loading pufferfish index
[2022-05-09 10:21:02.145] [jointLog] [info] Loading dense pufferfish index.
[2022-05-09 10:21:02.270] [jointLog] [info] done
[2022-05-09 10:21:02.270] [jointLog] [info] Index contained 28,097 targets
[2022-05-09 10:21:02.468] [jointLog] [info] Number of decoys : 0
[2022-05-09 10:21:04.353] [jointLog] [info] Automatically detected most likely library type as IU

[2022-05-09 10:24:54.022] [fileLog] [info] 
At end of round 0
==================
Observed 78509616 total fragments (78509616 in most recent round)

[2022-05-09 10:24:54.022] [jointLog] [info] Computed 39,619 rich equivalence classes for further processing
[2022-05-09 10:24:54.022] [jointLog] [info] Counted 10,522,898 total reads in the equivalence classes 
[2022-05-09 10:24:54.026] [jointLog] [info] Number of mappings discarded because of alignment score : 28,320,791
[2022-05-09 10:24:54.026] [jointLog] [info] Number of fragments entirely discarded because of alignment score : 5,476,153
[2022-05-09 10:24:54.026] [jointLog] [info] Number of fragments discarded because they are best-mapped to decoys : 0
[2022-05-09 10:24:54.026] [jointLog] [info] Number of fragments discarded because they have only dovetail (discordant) mappings to valid targets : 464,635
[2022-05-09 10:24:54.026] [jointLog] [info] Mapping rate = 13.4033%

[2022-05-09 10:24:54.026] [jointLog] [info] finished quantifyLibrary()
[2022-05-09 10:24:54.028] [jointLog] [info] Starting optimizer
[2022-05-09 10:24:54.045] [jointLog] [info] Marked 0 weighted equivalence classes as degenerate
[2022-05-09 10:24:54.048] [jointLog] [info] iteration = 0 | max rel diff. = 28732.7
[2022-05-09 10:24:54.072] [jointLog] [info] iteration 11, adjusting effective lengths to account for biases
[2022-05-09 10:24:55.225] [jointLog] [info] Computed expected counts (for bias correction)
[2022-05-09 10:24:55.225] [jointLog] [info] processed bias for 0.0% of the transcripts
[2022-05-09 10:24:55.332] [jointLog] [info] processed bias for 10.0% of the transcripts
[2022-05-09 10:24:55.449] [jointLog] [info] processed bias for 20.0% of the transcripts
[2022-05-09 10:24:55.564] [jointLog] [info] processed bias for 30.0% of the transcripts
[2022-05-09 10:24:55.679] [jointLog] [info] processed bias for 40.0% of the transcripts
[2022-05-09 10:24:55.787] [jointLog] [info] processed bias for 50.0% of the transcripts
[2022-05-09 10:24:55.877] [jointLog] [info] processed bias for 60.0% of the transcripts
[2022-05-09 10:24:55.985] [jointLog] [info] processed bias for 70.0% of the transcripts
[2022-05-09 10:24:56.096] [jointLog] [info] processed bias for 80.0% of the transcripts
[2022-05-09 10:24:56.204] [jointLog] [info] processed bias for 90.0% of the transcripts
[2022-05-09 10:24:56.317] [jointLog] [info] processed bias for 100.0% of the transcripts
[2022-05-09 10:24:56.320] [jointLog] [info] processed bias for 100.0% of the transcripts
[2022-05-09 10:24:56.528] [jointLog] [info] iteration = 100 | max rel diff. = 0.0222628
[2022-05-09 10:24:56.760] [jointLog] [info] iteration = 200 | max rel diff. = 0.127067
[2022-05-09 10:24:56.838] [jointLog] [info] iteration = 235 | max rel diff. = 0.00196834
[2022-05-09 10:24:56.845] [jointLog] [info] Finished optimizer
[2022-05-09 10:24:56.845] [jointLog] [info] writing output 

[2022-05-09 10:24:56.888] [jointLog] [warning] NOTE: Read Lib [[ /home/lspencer/2022-redking-OA/trimmed/v2/Tank_13_Crab_2.trimmed.R1.v2.fastq.gz, /home/lspencer/2022-redking-OA/trimmed/v2/Tank_13_Crab_2.trimmed.R2.v2.fastq.gz]] :

Detected a *potential* strand bias > 1% in an unstranded protocol check the file: /scratch/lspencer/2022-redking-OA/aligned/salmon/Tank_13_Crab_2.salmon.counts/lib_format_counts.json for details

