[2022-05-09 11:11:57.278] [jointLog] [info] setting maxHashResizeThreads to 20
[2022-05-09 11:11:57.278] [jointLog] [info] Fragment incompatibility prior below threshold.  Incompatible fragments will be ignored.
[2022-05-09 11:11:57.278] [jointLog] [info] Usage of --validateMappings implies use of minScoreFraction. Since not explicitly specified, it is being set to 0.65
[2022-05-09 11:11:57.278] [jointLog] [info] Setting consensusSlack to selective-alignment default of 0.35.
[2022-05-09 11:11:57.278] [jointLog] [info] parsing read library format
[2022-05-09 11:11:57.278] [jointLog] [info] There is 1 library.
[2022-05-09 11:11:57.321] [jointLog] [info] Loading pufferfish index
[2022-05-09 11:11:57.321] [jointLog] [info] Loading dense pufferfish index.
[2022-05-09 11:11:57.457] [jointLog] [info] done
[2022-05-09 11:11:57.457] [jointLog] [info] Index contained 28,097 targets
[2022-05-09 11:11:57.650] [jointLog] [info] Number of decoys : 0
[2022-05-09 11:11:58.949] [jointLog] [info] Automatically detected most likely library type as IU

[2022-05-09 11:14:40.075] [jointLog] [info] Computed 34,505 rich equivalence classes for further processing
[2022-05-09 11:14:40.075] [jointLog] [info] Counted 10,433,290 total reads in the equivalence classes 
[2022-05-09 11:14:40.080] [jointLog] [info] Number of mappings discarded because of alignment score : 23,095,938
[2022-05-09 11:14:40.080] [jointLog] [info] Number of fragments entirely discarded because of alignment score : 4,788,825
[2022-05-09 11:14:40.080] [jointLog] [info] Number of fragments discarded because they are best-mapped to decoys : 0
[2022-05-09 11:14:40.080] [jointLog] [info] Number of fragments discarded because they have only dovetail (discordant) mappings to valid targets : 427,802
[2022-05-09 11:14:40.080] [jointLog] [info] Mapping rate = 18.957%

[2022-05-09 11:14:40.080] [jointLog] [info] finished quantifyLibrary()
[2022-05-09 11:14:40.081] [jointLog] [info] Starting optimizer
[2022-05-09 11:14:40.098] [jointLog] [info] Marked 0 weighted equivalence classes as degenerate
[2022-05-09 11:14:40.101] [jointLog] [info] iteration = 0 | max rel diff. = 29042.3
[2022-05-09 11:14:40.124] [jointLog] [info] iteration 11, adjusting effective lengths to account for biases
[2022-05-09 11:14:40.076] [fileLog] [info] 
At end of round 0
==================
Observed 55036501 total fragments (55036501 in most recent round)

[2022-05-09 11:14:41.191] [jointLog] [info] Computed expected counts (for bias correction)
[2022-05-09 11:14:41.191] [jointLog] [info] processed bias for 0.0% of the transcripts
[2022-05-09 11:14:41.294] [jointLog] [info] processed bias for 10.0% of the transcripts
[2022-05-09 11:14:41.398] [jointLog] [info] processed bias for 20.0% of the transcripts
[2022-05-09 11:14:41.505] [jointLog] [info] processed bias for 30.0% of the transcripts
[2022-05-09 11:14:41.611] [jointLog] [info] processed bias for 40.0% of the transcripts
[2022-05-09 11:14:41.706] [jointLog] [info] processed bias for 50.0% of the transcripts
[2022-05-09 11:14:41.807] [jointLog] [info] processed bias for 60.0% of the transcripts
[2022-05-09 11:14:41.915] [jointLog] [info] processed bias for 70.0% of the transcripts
[2022-05-09 11:14:42.012] [jointLog] [info] processed bias for 80.0% of the transcripts
[2022-05-09 11:14:42.103] [jointLog] [info] processed bias for 90.0% of the transcripts
[2022-05-09 11:14:42.201] [jointLog] [info] processed bias for 100.0% of the transcripts
[2022-05-09 11:14:42.402] [jointLog] [info] iteration = 100 | max rel diff. = 0.150199
[2022-05-09 11:14:42.625] [jointLog] [info] iteration = 200 | max rel diff. = 0.0405575
[2022-05-09 11:14:42.769] [jointLog] [info] iteration = 266 | max rel diff. = 0.00254201
[2022-05-09 11:14:42.777] [jointLog] [info] Finished optimizer
[2022-05-09 11:14:42.777] [jointLog] [info] writing output 

[2022-05-09 11:14:42.821] [jointLog] [warning] NOTE: Read Lib [[ /home/lspencer/2022-redking-OA/trimmed/v2/Tank_2_Crab_1.trimmed.R1.v2.fastq.gz, /home/lspencer/2022-redking-OA/trimmed/v2/Tank_2_Crab_1.trimmed.R2.v2.fastq.gz]] :

Detected a *potential* strand bias > 1% in an unstranded protocol check the file: /scratch/lspencer/2022-redking-OA/aligned/salmon/Tank_2_Crab_1.salmon.counts/lib_format_counts.json for details

