INFO [2022-06-24 13:25:29] [[1]]
INFO [2022-06-24 13:25:29] x
INFO [2022-06-24 13:25:29] 
INFO [2022-06-24 13:25:29] $filename
INFO [2022-06-24 13:25:29] NULL
INFO [2022-06-24 13:25:29] 
INFO [2022-06-24 13:25:29] [[3]]
INFO [2022-06-24 13:25:29] ...
INFO [2022-06-24 13:25:29] 
INFO [2022-06-24 13:25:29] [[1]]
INFO [2022-06-24 13:25:29] x
INFO [2022-06-24 13:25:29] 
INFO [2022-06-24 13:25:29] $filename
INFO [2022-06-24 13:25:29] NULL
INFO [2022-06-24 13:25:29] 
INFO [2022-06-24 13:25:29] [[3]]
INFO [2022-06-24 13:25:29] ...
INFO [2022-06-24 13:25:29] 
INFO [2022-06-24 13:25:29] [[1]]
INFO [2022-06-24 13:25:29] x
INFO [2022-06-24 13:25:29] 
INFO [2022-06-24 13:25:29] $filename
INFO [2022-06-24 13:25:29] NULL
INFO [2022-06-24 13:25:29] 
INFO [2022-06-24 13:25:29] [[3]]
INFO [2022-06-24 13:25:29] ...
INFO [2022-06-24 13:25:29] 
INFO [2022-06-24 13:25:29] [[1]]
INFO [2022-06-24 13:25:29] x
INFO [2022-06-24 13:25:29] 
INFO [2022-06-24 13:25:29] $filename
INFO [2022-06-24 13:25:29] NULL
INFO [2022-06-24 13:25:29] 
INFO [2022-06-24 13:25:29] [[3]]
INFO [2022-06-24 13:25:29] ...
INFO [2022-06-24 13:25:29] 
INFO [2022-06-24 13:25:29] [[1]]
INFO [2022-06-24 13:25:29] x
INFO [2022-06-24 13:25:29] 
INFO [2022-06-24 13:25:29] $filename
INFO [2022-06-24 13:25:29] NULL
INFO [2022-06-24 13:25:29] 
INFO [2022-06-24 13:25:29] [[3]]
INFO [2022-06-24 13:25:29] ...
INFO [2022-06-24 13:25:29] 
INFO [2022-06-24 13:25:29] [[1]]
INFO [2022-06-24 13:25:29] x
INFO [2022-06-24 13:25:29] 
INFO [2022-06-24 13:25:29] $filename
INFO [2022-06-24 13:25:29] NULL
INFO [2022-06-24 13:25:29] 
INFO [2022-06-24 13:25:29] [[3]]
INFO [2022-06-24 13:25:29] ...
INFO [2022-06-24 13:25:29] 
INFO [2022-06-24 13:25:29] [[1]]
INFO [2022-06-24 13:25:29] x
INFO [2022-06-24 13:25:29] 
INFO [2022-06-24 13:25:29] $filename
INFO [2022-06-24 13:25:29] NULL
INFO [2022-06-24 13:25:29] 
INFO [2022-06-24 13:25:29] [[3]]
INFO [2022-06-24 13:25:29] ...
INFO [2022-06-24 13:25:29] 
