INFO [2022-06-24 13:25:28] [[1]]
INFO [2022-06-24 13:25:28] x
INFO [2022-06-24 13:25:28] 
INFO [2022-06-24 13:25:28] $filename
INFO [2022-06-24 13:25:28] NULL
INFO [2022-06-24 13:25:28] 
INFO [2022-06-24 13:25:28] [[3]]
INFO [2022-06-24 13:25:28] ...
INFO [2022-06-24 13:25:28] 
INFO [2022-06-24 13:25:28] [[1]]
INFO [2022-06-24 13:25:28] x
INFO [2022-06-24 13:25:28] 
INFO [2022-06-24 13:25:28] $filename
INFO [2022-06-24 13:25:28] NULL
INFO [2022-06-24 13:25:28] 
INFO [2022-06-24 13:25:28] [[3]]
INFO [2022-06-24 13:25:28] ...
INFO [2022-06-24 13:25:28] 
INFO [2022-06-24 13:25:28] [[1]]
INFO [2022-06-24 13:25:28] x
INFO [2022-06-24 13:25:28] 
INFO [2022-06-24 13:25:28] $filename
INFO [2022-06-24 13:25:28] NULL
INFO [2022-06-24 13:25:28] 
INFO [2022-06-24 13:25:28] [[3]]
INFO [2022-06-24 13:25:28] ...
INFO [2022-06-24 13:25:28] 
INFO [2022-06-24 13:25:28] [[1]]
INFO [2022-06-24 13:25:28] x
INFO [2022-06-24 13:25:28] 
INFO [2022-06-24 13:25:28] $filename
INFO [2022-06-24 13:25:28] NULL
INFO [2022-06-24 13:25:28] 
INFO [2022-06-24 13:25:28] [[3]]
INFO [2022-06-24 13:25:28] ...
INFO [2022-06-24 13:25:28] 
INFO [2022-06-24 13:25:28] [[1]]
INFO [2022-06-24 13:25:28] x
INFO [2022-06-24 13:25:28] 
INFO [2022-06-24 13:25:28] $filename
INFO [2022-06-24 13:25:28] NULL
INFO [2022-06-24 13:25:28] 
INFO [2022-06-24 13:25:28] [[3]]
INFO [2022-06-24 13:25:28] ...
INFO [2022-06-24 13:25:28] 
