INFO [2022-04-20 22:04:30] [[1]]
INFO [2022-04-20 22:04:30] x
INFO [2022-04-20 22:04:30] 
INFO [2022-04-20 22:04:30] $filename
INFO [2022-04-20 22:04:30] NULL
INFO [2022-04-20 22:04:30] 
INFO [2022-04-20 22:04:30] [[3]]
INFO [2022-04-20 22:04:30] ...
INFO [2022-04-20 22:04:30] 
INFO [2022-04-20 22:04:30] [[1]]
INFO [2022-04-20 22:04:30] x
INFO [2022-04-20 22:04:30] 
INFO [2022-04-20 22:04:30] $filename
INFO [2022-04-20 22:04:30] NULL
INFO [2022-04-20 22:04:30] 
INFO [2022-04-20 22:04:30] [[3]]
INFO [2022-04-20 22:04:30] ...
INFO [2022-04-20 22:04:30] 
INFO [2022-04-20 22:04:30] [[1]]
INFO [2022-04-20 22:04:30] x
INFO [2022-04-20 22:04:30] 
INFO [2022-04-20 22:04:30] $filename
INFO [2022-04-20 22:04:30] NULL
INFO [2022-04-20 22:04:30] 
INFO [2022-04-20 22:04:30] [[3]]
INFO [2022-04-20 22:04:30] ...
INFO [2022-04-20 22:04:30] 
INFO [2022-04-20 22:04:30] [[1]]
INFO [2022-04-20 22:04:30] x
INFO [2022-04-20 22:04:30] 
INFO [2022-04-20 22:04:30] $filename
INFO [2022-04-20 22:04:30] NULL
INFO [2022-04-20 22:04:30] 
INFO [2022-04-20 22:04:30] [[3]]
INFO [2022-04-20 22:04:30] ...
INFO [2022-04-20 22:04:30] 
