INFO [2022-04-29 14:43:46] [[1]]
INFO [2022-04-29 14:43:46] x
INFO [2022-04-29 14:43:46] 
INFO [2022-04-29 14:43:46] $filename
INFO [2022-04-29 14:43:46] NULL
INFO [2022-04-29 14:43:46] 
INFO [2022-04-29 14:43:46] [[3]]
INFO [2022-04-29 14:43:46] ...
INFO [2022-04-29 14:43:46] 
INFO [2022-04-29 14:43:46] [[1]]
INFO [2022-04-29 14:43:46] x
INFO [2022-04-29 14:43:46] 
INFO [2022-04-29 14:43:46] $filename
INFO [2022-04-29 14:43:46] NULL
INFO [2022-04-29 14:43:46] 
INFO [2022-04-29 14:43:46] [[3]]
INFO [2022-04-29 14:43:46] ...
INFO [2022-04-29 14:43:46] 
INFO [2022-04-29 14:43:46] [[1]]
INFO [2022-04-29 14:43:46] x
INFO [2022-04-29 14:43:46] 
INFO [2022-04-29 14:43:46] $filename
INFO [2022-04-29 14:43:46] NULL
INFO [2022-04-29 14:43:46] 
INFO [2022-04-29 14:43:46] [[3]]
INFO [2022-04-29 14:43:46] ...
INFO [2022-04-29 14:43:46] 
INFO [2022-04-29 14:43:46] [[1]]
INFO [2022-04-29 14:43:46] x
INFO [2022-04-29 14:43:46] 
INFO [2022-04-29 14:43:46] $filename
INFO [2022-04-29 14:43:46] NULL
INFO [2022-04-29 14:43:46] 
INFO [2022-04-29 14:43:46] [[3]]
INFO [2022-04-29 14:43:46] ...
INFO [2022-04-29 14:43:46] 
