INFO [2022-04-26 09:53:06] [[1]]
INFO [2022-04-26 09:53:06] x
INFO [2022-04-26 09:53:06] 
INFO [2022-04-26 09:53:06] $filename
INFO [2022-04-26 09:53:06] NULL
INFO [2022-04-26 09:53:06] 
INFO [2022-04-26 09:53:06] [[3]]
INFO [2022-04-26 09:53:06] ...
INFO [2022-04-26 09:53:06] 
INFO [2022-04-26 09:53:06] [[1]]
INFO [2022-04-26 09:53:06] x
INFO [2022-04-26 09:53:06] 
INFO [2022-04-26 09:53:06] $filename
INFO [2022-04-26 09:53:06] NULL
INFO [2022-04-26 09:53:06] 
INFO [2022-04-26 09:53:06] [[3]]
INFO [2022-04-26 09:53:06] ...
INFO [2022-04-26 09:53:06] 
INFO [2022-04-26 09:53:06] [[1]]
INFO [2022-04-26 09:53:06] x
INFO [2022-04-26 09:53:06] 
INFO [2022-04-26 09:53:06] $filename
INFO [2022-04-26 09:53:06] NULL
INFO [2022-04-26 09:53:06] 
INFO [2022-04-26 09:53:06] [[3]]
INFO [2022-04-26 09:53:06] ...
INFO [2022-04-26 09:53:06] 
INFO [2022-04-26 09:53:06] [[1]]
INFO [2022-04-26 09:53:06] x
INFO [2022-04-26 09:53:06] 
INFO [2022-04-26 09:53:06] $filename
INFO [2022-04-26 09:53:06] NULL
INFO [2022-04-26 09:53:06] 
INFO [2022-04-26 09:53:06] [[3]]
INFO [2022-04-26 09:53:06] ...
INFO [2022-04-26 09:53:06] 
