INFO [2022-03-29 09:31:11] [[1]]
INFO [2022-03-29 09:31:11] x
INFO [2022-03-29 09:31:11] 
INFO [2022-03-29 09:31:11] $filename
INFO [2022-03-29 09:31:11] NULL
INFO [2022-03-29 09:31:11] 
INFO [2022-03-29 09:31:11] [[3]]
INFO [2022-03-29 09:31:11] ...
INFO [2022-03-29 09:31:11] 
INFO [2022-03-29 09:31:11] [[1]]
INFO [2022-03-29 09:31:11] x
INFO [2022-03-29 09:31:11] 
INFO [2022-03-29 09:31:11] $filename
INFO [2022-03-29 09:31:11] NULL
INFO [2022-03-29 09:31:11] 
INFO [2022-03-29 09:31:11] [[3]]
INFO [2022-03-29 09:31:11] ...
INFO [2022-03-29 09:31:11] 
INFO [2022-03-29 09:31:11] [[1]]
INFO [2022-03-29 09:31:11] x
INFO [2022-03-29 09:31:11] 
INFO [2022-03-29 09:31:11] $filename
INFO [2022-03-29 09:31:11] NULL
INFO [2022-03-29 09:31:11] 
INFO [2022-03-29 09:31:11] [[3]]
INFO [2022-03-29 09:31:11] ...
INFO [2022-03-29 09:31:11] 
INFO [2022-03-29 09:31:11] [[1]]
INFO [2022-03-29 09:31:11] x
INFO [2022-03-29 09:31:11] 
INFO [2022-03-29 09:31:11] $filename
INFO [2022-03-29 09:31:11] NULL
INFO [2022-03-29 09:31:11] 
INFO [2022-03-29 09:31:11] [[3]]
INFO [2022-03-29 09:31:11] ...
INFO [2022-03-29 09:31:11] 
INFO [2022-03-29 09:31:12] [[1]]
INFO [2022-03-29 09:31:12] x
INFO [2022-03-29 09:31:12] 
INFO [2022-03-29 09:31:12] $filename
INFO [2022-03-29 09:31:12] NULL
INFO [2022-03-29 09:31:12] 
INFO [2022-03-29 09:31:12] [[3]]
INFO [2022-03-29 09:31:12] ...
INFO [2022-03-29 09:31:12] 
