INFO [2022-05-18 10:50:41] [[1]]
INFO [2022-05-18 10:50:41] x
INFO [2022-05-18 10:50:41] 
INFO [2022-05-18 10:50:41] $filename
INFO [2022-05-18 10:50:41] NULL
INFO [2022-05-18 10:50:41] 
INFO [2022-05-18 10:50:41] [[3]]
INFO [2022-05-18 10:50:41] ...
INFO [2022-05-18 10:50:41] 
INFO [2022-05-18 10:50:41] [[1]]
INFO [2022-05-18 10:50:41] x
INFO [2022-05-18 10:50:41] 
INFO [2022-05-18 10:50:41] $filename
INFO [2022-05-18 10:50:41] NULL
INFO [2022-05-18 10:50:41] 
INFO [2022-05-18 10:50:41] [[3]]
INFO [2022-05-18 10:50:41] ...
INFO [2022-05-18 10:50:41] 
INFO [2022-05-18 10:50:41] [[1]]
INFO [2022-05-18 10:50:41] x
INFO [2022-05-18 10:50:41] 
INFO [2022-05-18 10:50:41] $filename
INFO [2022-05-18 10:50:41] NULL
INFO [2022-05-18 10:50:41] 
INFO [2022-05-18 10:50:41] [[3]]
INFO [2022-05-18 10:50:41] ...
INFO [2022-05-18 10:50:41] 
INFO [2022-05-18 10:50:41] [[1]]
INFO [2022-05-18 10:50:41] x
INFO [2022-05-18 10:50:41] 
INFO [2022-05-18 10:50:41] $filename
INFO [2022-05-18 10:50:41] NULL
INFO [2022-05-18 10:50:41] 
INFO [2022-05-18 10:50:41] [[3]]
INFO [2022-05-18 10:50:41] ...
INFO [2022-05-18 10:50:41] 
INFO [2022-05-18 10:50:41] [[1]]
INFO [2022-05-18 10:50:41] x
INFO [2022-05-18 10:50:41] 
INFO [2022-05-18 10:50:41] $filename
INFO [2022-05-18 10:50:41] NULL
INFO [2022-05-18 10:50:41] 
INFO [2022-05-18 10:50:41] [[3]]
INFO [2022-05-18 10:50:41] ...
INFO [2022-05-18 10:50:41] 
INFO [2022-05-18 10:50:41] [[1]]
INFO [2022-05-18 10:50:41] x
INFO [2022-05-18 10:50:41] 
INFO [2022-05-18 10:50:41] $filename
INFO [2022-05-18 10:50:41] NULL
INFO [2022-05-18 10:50:41] 
INFO [2022-05-18 10:50:41] [[3]]
INFO [2022-05-18 10:50:41] ...
INFO [2022-05-18 10:50:41] 
