INFO [2022-06-08 15:37:44] [[1]]
INFO [2022-06-08 15:37:44] x
INFO [2022-06-08 15:37:44] 
INFO [2022-06-08 15:37:44] $filename
INFO [2022-06-08 15:37:44] NULL
INFO [2022-06-08 15:37:44] 
INFO [2022-06-08 15:37:44] [[3]]
INFO [2022-06-08 15:37:44] ...
INFO [2022-06-08 15:37:44] 
INFO [2022-06-08 15:37:44] [[1]]
INFO [2022-06-08 15:37:44] x
INFO [2022-06-08 15:37:44] 
INFO [2022-06-08 15:37:44] $filename
INFO [2022-06-08 15:37:44] NULL
INFO [2022-06-08 15:37:44] 
INFO [2022-06-08 15:37:44] [[3]]
INFO [2022-06-08 15:37:44] ...
INFO [2022-06-08 15:37:44] 
INFO [2022-06-08 15:37:44] [[1]]
INFO [2022-06-08 15:37:44] x
INFO [2022-06-08 15:37:44] 
INFO [2022-06-08 15:37:44] $filename
INFO [2022-06-08 15:37:44] NULL
INFO [2022-06-08 15:37:44] 
INFO [2022-06-08 15:37:44] [[3]]
INFO [2022-06-08 15:37:44] ...
INFO [2022-06-08 15:37:44] 
INFO [2022-06-08 15:37:44] [[1]]
INFO [2022-06-08 15:37:44] x
INFO [2022-06-08 15:37:44] 
INFO [2022-06-08 15:37:44] $filename
INFO [2022-06-08 15:37:44] NULL
INFO [2022-06-08 15:37:44] 
INFO [2022-06-08 15:37:44] [[3]]
INFO [2022-06-08 15:37:44] ...
INFO [2022-06-08 15:37:44] 
INFO [2022-06-08 15:37:44] [[1]]
INFO [2022-06-08 15:37:44] x
INFO [2022-06-08 15:37:44] 
INFO [2022-06-08 15:37:44] $filename
INFO [2022-06-08 15:37:44] NULL
INFO [2022-06-08 15:37:44] 
INFO [2022-06-08 15:37:44] [[3]]
INFO [2022-06-08 15:37:44] ...
INFO [2022-06-08 15:37:44] 
INFO [2022-06-08 15:37:44] [[1]]
INFO [2022-06-08 15:37:44] x
INFO [2022-06-08 15:37:44] 
INFO [2022-06-08 15:37:44] $filename
INFO [2022-06-08 15:37:44] NULL
INFO [2022-06-08 15:37:44] 
INFO [2022-06-08 15:37:44] [[3]]
INFO [2022-06-08 15:37:44] ...
INFO [2022-06-08 15:37:44] 
