INFO [2022-04-19 16:43:53] [[1]]
INFO [2022-04-19 16:43:53] x
INFO [2022-04-19 16:43:53] 
INFO [2022-04-19 16:43:53] $filename
INFO [2022-04-19 16:43:53] NULL
INFO [2022-04-19 16:43:53] 
INFO [2022-04-19 16:43:53] [[3]]
INFO [2022-04-19 16:43:53] ...
INFO [2022-04-19 16:43:53] 
INFO [2022-04-19 16:43:53] [[1]]
INFO [2022-04-19 16:43:53] x
INFO [2022-04-19 16:43:53] 
INFO [2022-04-19 16:43:53] $filename
INFO [2022-04-19 16:43:53] NULL
INFO [2022-04-19 16:43:53] 
INFO [2022-04-19 16:43:53] [[3]]
INFO [2022-04-19 16:43:53] ...
INFO [2022-04-19 16:43:53] 
INFO [2022-04-19 16:43:53] [[1]]
INFO [2022-04-19 16:43:53] x
INFO [2022-04-19 16:43:53] 
INFO [2022-04-19 16:43:53] $filename
INFO [2022-04-19 16:43:53] NULL
INFO [2022-04-19 16:43:53] 
INFO [2022-04-19 16:43:53] [[3]]
INFO [2022-04-19 16:43:53] ...
INFO [2022-04-19 16:43:53] 
INFO [2022-04-19 16:43:53] [[1]]
INFO [2022-04-19 16:43:53] x
INFO [2022-04-19 16:43:53] 
INFO [2022-04-19 16:43:53] $filename
INFO [2022-04-19 16:43:53] NULL
INFO [2022-04-19 16:43:53] 
INFO [2022-04-19 16:43:53] [[3]]
INFO [2022-04-19 16:43:53] ...
INFO [2022-04-19 16:43:53] 
INFO [2022-04-19 16:43:53] [[1]]
INFO [2022-04-19 16:43:53] x
INFO [2022-04-19 16:43:53] 
INFO [2022-04-19 16:43:53] $filename
INFO [2022-04-19 16:43:53] NULL
INFO [2022-04-19 16:43:53] 
INFO [2022-04-19 16:43:53] [[3]]
INFO [2022-04-19 16:43:53] ...
INFO [2022-04-19 16:43:53] 
INFO [2022-04-19 16:43:53] [[1]]
INFO [2022-04-19 16:43:53] x
INFO [2022-04-19 16:43:53] 
INFO [2022-04-19 16:43:53] $filename
INFO [2022-04-19 16:43:53] NULL
INFO [2022-04-19 16:43:53] 
INFO [2022-04-19 16:43:53] [[3]]
INFO [2022-04-19 16:43:53] ...
INFO [2022-04-19 16:43:53] 
