INFO [2022-04-19 14:54:31] [[1]]
INFO [2022-04-19 14:54:31] x
INFO [2022-04-19 14:54:31] 
INFO [2022-04-19 14:54:31] $filename
INFO [2022-04-19 14:54:31] NULL
INFO [2022-04-19 14:54:31] 
INFO [2022-04-19 14:54:31] [[3]]
INFO [2022-04-19 14:54:31] ...
INFO [2022-04-19 14:54:31] 
INFO [2022-04-19 14:54:31] [[1]]
INFO [2022-04-19 14:54:31] x
INFO [2022-04-19 14:54:31] 
INFO [2022-04-19 14:54:31] $filename
INFO [2022-04-19 14:54:31] NULL
INFO [2022-04-19 14:54:31] 
INFO [2022-04-19 14:54:31] [[3]]
INFO [2022-04-19 14:54:31] ...
INFO [2022-04-19 14:54:31] 
INFO [2022-04-19 14:54:31] [[1]]
INFO [2022-04-19 14:54:31] x
INFO [2022-04-19 14:54:31] 
INFO [2022-04-19 14:54:31] $filename
INFO [2022-04-19 14:54:31] NULL
INFO [2022-04-19 14:54:31] 
INFO [2022-04-19 14:54:31] [[3]]
INFO [2022-04-19 14:54:31] ...
INFO [2022-04-19 14:54:31] 
