INFO [2022-04-29 11:56:21] [[1]]
INFO [2022-04-29 11:56:21] x
INFO [2022-04-29 11:56:21] 
INFO [2022-04-29 11:56:21] $filename
INFO [2022-04-29 11:56:21] NULL
INFO [2022-04-29 11:56:21] 
INFO [2022-04-29 11:56:21] [[3]]
INFO [2022-04-29 11:56:21] ...
INFO [2022-04-29 11:56:21] 
INFO [2022-04-29 11:56:21] [[1]]
INFO [2022-04-29 11:56:21] x
INFO [2022-04-29 11:56:21] 
INFO [2022-04-29 11:56:21] $filename
INFO [2022-04-29 11:56:21] NULL
INFO [2022-04-29 11:56:21] 
INFO [2022-04-29 11:56:21] [[3]]
INFO [2022-04-29 11:56:21] ...
INFO [2022-04-29 11:56:21] 
INFO [2022-04-29 11:56:21] [[1]]
INFO [2022-04-29 11:56:21] x
INFO [2022-04-29 11:56:21] 
INFO [2022-04-29 11:56:21] $filename
INFO [2022-04-29 11:56:21] NULL
INFO [2022-04-29 11:56:21] 
INFO [2022-04-29 11:56:21] [[3]]
INFO [2022-04-29 11:56:21] ...
INFO [2022-04-29 11:56:21] 
INFO [2022-04-29 11:56:21] [[1]]
INFO [2022-04-29 11:56:21] x
INFO [2022-04-29 11:56:21] 
INFO [2022-04-29 11:56:21] $filename
INFO [2022-04-29 11:56:21] NULL
INFO [2022-04-29 11:56:21] 
INFO [2022-04-29 11:56:21] [[3]]
INFO [2022-04-29 11:56:21] ...
INFO [2022-04-29 11:56:21] 
