INFO [2022-04-29 11:56:22] [[1]]
INFO [2022-04-29 11:56:22] x
INFO [2022-04-29 11:56:22] 
INFO [2022-04-29 11:56:22] $filename
INFO [2022-04-29 11:56:22] NULL
INFO [2022-04-29 11:56:22] 
INFO [2022-04-29 11:56:22] [[3]]
INFO [2022-04-29 11:56:22] ...
INFO [2022-04-29 11:56:22] 
INFO [2022-04-29 11:56:22] [[1]]
INFO [2022-04-29 11:56:22] x
INFO [2022-04-29 11:56:22] 
INFO [2022-04-29 11:56:22] $filename
INFO [2022-04-29 11:56:22] NULL
INFO [2022-04-29 11:56:22] 
INFO [2022-04-29 11:56:22] [[3]]
INFO [2022-04-29 11:56:22] ...
INFO [2022-04-29 11:56:22] 
INFO [2022-04-29 11:56:22] [[1]]
INFO [2022-04-29 11:56:22] x
INFO [2022-04-29 11:56:22] 
INFO [2022-04-29 11:56:22] $filename
INFO [2022-04-29 11:56:22] NULL
INFO [2022-04-29 11:56:22] 
INFO [2022-04-29 11:56:22] [[3]]
INFO [2022-04-29 11:56:22] ...
INFO [2022-04-29 11:56:22] 
