INFO [2022-04-19 14:54:32] [[1]]
INFO [2022-04-19 14:54:32] x
INFO [2022-04-19 14:54:32] 
INFO [2022-04-19 14:54:32] $filename
INFO [2022-04-19 14:54:32] NULL
INFO [2022-04-19 14:54:32] 
INFO [2022-04-19 14:54:32] [[3]]
INFO [2022-04-19 14:54:32] ...
INFO [2022-04-19 14:54:32] 
INFO [2022-04-19 14:54:32] [[1]]
INFO [2022-04-19 14:54:32] x
INFO [2022-04-19 14:54:32] 
INFO [2022-04-19 14:54:32] $filename
INFO [2022-04-19 14:54:32] NULL
INFO [2022-04-19 14:54:32] 
INFO [2022-04-19 14:54:32] [[3]]
INFO [2022-04-19 14:54:32] ...
INFO [2022-04-19 14:54:32] 
INFO [2022-04-19 14:54:32] [[1]]
INFO [2022-04-19 14:54:32] x
INFO [2022-04-19 14:54:32] 
INFO [2022-04-19 14:54:32] $filename
INFO [2022-04-19 14:54:32] NULL
INFO [2022-04-19 14:54:32] 
INFO [2022-04-19 14:54:32] [[3]]
INFO [2022-04-19 14:54:32] ...
INFO [2022-04-19 14:54:32] 
INFO [2022-04-19 14:54:32] [[1]]
INFO [2022-04-19 14:54:32] x
INFO [2022-04-19 14:54:32] 
INFO [2022-04-19 14:54:32] $filename
INFO [2022-04-19 14:54:32] NULL
INFO [2022-04-19 14:54:32] 
INFO [2022-04-19 14:54:32] [[3]]
INFO [2022-04-19 14:54:32] ...
INFO [2022-04-19 14:54:32] 
