INFO [2022-03-23 09:14:02] [[1]]
INFO [2022-03-23 09:14:02] x
INFO [2022-03-23 09:14:02] 
INFO [2022-03-23 09:14:02] $filename
INFO [2022-03-23 09:14:02] NULL
INFO [2022-03-23 09:14:02] 
INFO [2022-03-23 09:14:02] [[3]]
INFO [2022-03-23 09:14:02] ...
INFO [2022-03-23 09:14:02] 
INFO [2022-03-23 09:14:02] [[1]]
INFO [2022-03-23 09:14:02] x
INFO [2022-03-23 09:14:02] 
INFO [2022-03-23 09:14:02] $filename
INFO [2022-03-23 09:14:02] NULL
INFO [2022-03-23 09:14:02] 
INFO [2022-03-23 09:14:02] [[3]]
INFO [2022-03-23 09:14:02] ...
INFO [2022-03-23 09:14:02] 
INFO [2022-03-23 09:14:02] [[1]]
INFO [2022-03-23 09:14:02] x
INFO [2022-03-23 09:14:02] 
INFO [2022-03-23 09:14:02] $filename
INFO [2022-03-23 09:14:02] NULL
INFO [2022-03-23 09:14:02] 
INFO [2022-03-23 09:14:02] [[3]]
INFO [2022-03-23 09:14:02] ...
INFO [2022-03-23 09:14:02] 
INFO [2022-03-23 09:14:02] [[1]]
INFO [2022-03-23 09:14:02] x
INFO [2022-03-23 09:14:02] 
INFO [2022-03-23 09:14:02] $filename
INFO [2022-03-23 09:14:02] NULL
INFO [2022-03-23 09:14:02] 
INFO [2022-03-23 09:14:02] [[3]]
INFO [2022-03-23 09:14:02] ...
INFO [2022-03-23 09:14:02] 
INFO [2022-03-23 09:14:03] [[1]]
INFO [2022-03-23 09:14:03] x
INFO [2022-03-23 09:14:03] 
INFO [2022-03-23 09:14:03] $filename
INFO [2022-03-23 09:14:03] NULL
INFO [2022-03-23 09:14:03] 
INFO [2022-03-23 09:14:03] [[3]]
INFO [2022-03-23 09:14:03] ...
INFO [2022-03-23 09:14:03] 
