INFO [2022-04-14 11:20:36] [[1]]
INFO [2022-04-14 11:20:36] x
INFO [2022-04-14 11:20:36] 
INFO [2022-04-14 11:20:36] $filename
INFO [2022-04-14 11:20:36] NULL
INFO [2022-04-14 11:20:36] 
INFO [2022-04-14 11:20:36] [[3]]
INFO [2022-04-14 11:20:36] ...
INFO [2022-04-14 11:20:36] 
INFO [2022-04-14 11:20:36] [[1]]
INFO [2022-04-14 11:20:36] x
INFO [2022-04-14 11:20:36] 
INFO [2022-04-14 11:20:36] $filename
INFO [2022-04-14 11:20:36] NULL
INFO [2022-04-14 11:20:36] 
INFO [2022-04-14 11:20:36] [[3]]
INFO [2022-04-14 11:20:36] ...
INFO [2022-04-14 11:20:36] 
INFO [2022-04-14 11:20:36] [[1]]
INFO [2022-04-14 11:20:36] x
INFO [2022-04-14 11:20:36] 
INFO [2022-04-14 11:20:36] $filename
INFO [2022-04-14 11:20:36] NULL
INFO [2022-04-14 11:20:36] 
INFO [2022-04-14 11:20:36] [[3]]
INFO [2022-04-14 11:20:36] ...
INFO [2022-04-14 11:20:36] 
INFO [2022-04-14 11:20:36] [[1]]
INFO [2022-04-14 11:20:36] x
INFO [2022-04-14 11:20:36] 
INFO [2022-04-14 11:20:36] $filename
INFO [2022-04-14 11:20:36] NULL
INFO [2022-04-14 11:20:36] 
INFO [2022-04-14 11:20:36] [[3]]
INFO [2022-04-14 11:20:36] ...
INFO [2022-04-14 11:20:36] 
