INFO [2022-04-14 22:03:27] [[1]]
INFO [2022-04-14 22:03:27] x
INFO [2022-04-14 22:03:27] 
INFO [2022-04-14 22:03:27] $filename
INFO [2022-04-14 22:03:27] NULL
INFO [2022-04-14 22:03:27] 
INFO [2022-04-14 22:03:27] [[3]]
INFO [2022-04-14 22:03:27] ...
INFO [2022-04-14 22:03:27] 
INFO [2022-04-14 22:03:27] [[1]]
INFO [2022-04-14 22:03:27] x
INFO [2022-04-14 22:03:27] 
INFO [2022-04-14 22:03:27] $filename
INFO [2022-04-14 22:03:27] NULL
INFO [2022-04-14 22:03:27] 
INFO [2022-04-14 22:03:27] [[3]]
INFO [2022-04-14 22:03:27] ...
INFO [2022-04-14 22:03:27] 
INFO [2022-04-14 22:03:27] [[1]]
INFO [2022-04-14 22:03:27] x
INFO [2022-04-14 22:03:27] 
INFO [2022-04-14 22:03:27] $filename
INFO [2022-04-14 22:03:27] NULL
INFO [2022-04-14 22:03:27] 
INFO [2022-04-14 22:03:27] [[3]]
INFO [2022-04-14 22:03:27] ...
INFO [2022-04-14 22:03:27] 
INFO [2022-04-14 22:03:27] [[1]]
INFO [2022-04-14 22:03:27] x
INFO [2022-04-14 22:03:27] 
INFO [2022-04-14 22:03:27] $filename
INFO [2022-04-14 22:03:27] NULL
INFO [2022-04-14 22:03:27] 
INFO [2022-04-14 22:03:27] [[3]]
INFO [2022-04-14 22:03:27] ...
INFO [2022-04-14 22:03:27] 
INFO [2022-04-14 22:03:27] [[1]]
INFO [2022-04-14 22:03:27] x
INFO [2022-04-14 22:03:27] 
INFO [2022-04-14 22:03:27] $filename
INFO [2022-04-14 22:03:27] NULL
INFO [2022-04-14 22:03:27] 
INFO [2022-04-14 22:03:27] [[3]]
INFO [2022-04-14 22:03:27] ...
INFO [2022-04-14 22:03:27] 
INFO [2022-04-14 22:03:27] [[1]]
INFO [2022-04-14 22:03:27] x
INFO [2022-04-14 22:03:27] 
INFO [2022-04-14 22:03:27] $filename
INFO [2022-04-14 22:03:27] NULL
INFO [2022-04-14 22:03:27] 
INFO [2022-04-14 22:03:27] [[3]]
INFO [2022-04-14 22:03:27] ...
INFO [2022-04-14 22:03:27] 
