INFO [2022-04-21 09:26:30] [[1]]
INFO [2022-04-21 09:26:30] x
INFO [2022-04-21 09:26:30] 
INFO [2022-04-21 09:26:30] $filename
INFO [2022-04-21 09:26:30] NULL
INFO [2022-04-21 09:26:30] 
INFO [2022-04-21 09:26:30] [[3]]
INFO [2022-04-21 09:26:30] ...
INFO [2022-04-21 09:26:30] 
INFO [2022-04-21 09:26:30] [[1]]
INFO [2022-04-21 09:26:30] x
INFO [2022-04-21 09:26:30] 
INFO [2022-04-21 09:26:30] $filename
INFO [2022-04-21 09:26:30] NULL
INFO [2022-04-21 09:26:30] 
INFO [2022-04-21 09:26:30] [[3]]
INFO [2022-04-21 09:26:30] ...
INFO [2022-04-21 09:26:30] 
INFO [2022-04-21 09:26:30] [[1]]
INFO [2022-04-21 09:26:30] x
INFO [2022-04-21 09:26:30] 
INFO [2022-04-21 09:26:30] $filename
INFO [2022-04-21 09:26:30] NULL
INFO [2022-04-21 09:26:30] 
INFO [2022-04-21 09:26:30] [[3]]
INFO [2022-04-21 09:26:30] ...
INFO [2022-04-21 09:26:30] 
INFO [2022-04-21 09:26:30] [[1]]
INFO [2022-04-21 09:26:30] x
INFO [2022-04-21 09:26:30] 
INFO [2022-04-21 09:26:30] $filename
INFO [2022-04-21 09:26:30] NULL
INFO [2022-04-21 09:26:30] 
INFO [2022-04-21 09:26:30] [[3]]
INFO [2022-04-21 09:26:30] ...
INFO [2022-04-21 09:26:30] 
