INFO [2022-03-24 10:03:32] [[1]]
INFO [2022-03-24 10:03:32] x
INFO [2022-03-24 10:03:32] 
INFO [2022-03-24 10:03:32] $filename
INFO [2022-03-24 10:03:32] NULL
INFO [2022-03-24 10:03:32] 
INFO [2022-03-24 10:03:32] [[3]]
INFO [2022-03-24 10:03:32] ...
INFO [2022-03-24 10:03:32] 
INFO [2022-03-24 10:03:32] [[1]]
INFO [2022-03-24 10:03:32] x
INFO [2022-03-24 10:03:32] 
INFO [2022-03-24 10:03:32] $filename
INFO [2022-03-24 10:03:32] NULL
INFO [2022-03-24 10:03:32] 
INFO [2022-03-24 10:03:32] [[3]]
INFO [2022-03-24 10:03:32] ...
INFO [2022-03-24 10:03:32] 
INFO [2022-03-24 10:03:32] [[1]]
INFO [2022-03-24 10:03:32] x
INFO [2022-03-24 10:03:32] 
INFO [2022-03-24 10:03:32] $filename
INFO [2022-03-24 10:03:32] NULL
INFO [2022-03-24 10:03:32] 
INFO [2022-03-24 10:03:32] [[3]]
INFO [2022-03-24 10:03:32] ...
INFO [2022-03-24 10:03:32] 
INFO [2022-03-24 10:03:32] [[1]]
INFO [2022-03-24 10:03:32] x
INFO [2022-03-24 10:03:32] 
INFO [2022-03-24 10:03:32] $filename
INFO [2022-03-24 10:03:32] NULL
INFO [2022-03-24 10:03:32] 
INFO [2022-03-24 10:03:32] [[3]]
INFO [2022-03-24 10:03:32] ...
INFO [2022-03-24 10:03:32] 
INFO [2022-03-24 10:03:32] [[1]]
INFO [2022-03-24 10:03:32] x
INFO [2022-03-24 10:03:32] 
INFO [2022-03-24 10:03:32] $filename
INFO [2022-03-24 10:03:32] NULL
INFO [2022-03-24 10:03:32] 
INFO [2022-03-24 10:03:32] [[3]]
INFO [2022-03-24 10:03:32] ...
INFO [2022-03-24 10:03:32] 
INFO [2022-03-24 10:03:32] [[1]]
INFO [2022-03-24 10:03:32] x
INFO [2022-03-24 10:03:32] 
INFO [2022-03-24 10:03:32] $filename
INFO [2022-03-24 10:03:32] NULL
INFO [2022-03-24 10:03:32] 
INFO [2022-03-24 10:03:32] [[3]]
INFO [2022-03-24 10:03:32] ...
INFO [2022-03-24 10:03:32] 
