INFO [2022-04-14 11:34:08] [[1]]
INFO [2022-04-14 11:34:08] x
INFO [2022-04-14 11:34:08] 
INFO [2022-04-14 11:34:08] $filename
INFO [2022-04-14 11:34:08] NULL
INFO [2022-04-14 11:34:08] 
INFO [2022-04-14 11:34:08] [[3]]
INFO [2022-04-14 11:34:08] ...
INFO [2022-04-14 11:34:08] 
INFO [2022-04-14 11:34:08] [[1]]
INFO [2022-04-14 11:34:08] x
INFO [2022-04-14 11:34:08] 
INFO [2022-04-14 11:34:08] $filename
INFO [2022-04-14 11:34:08] NULL
INFO [2022-04-14 11:34:08] 
INFO [2022-04-14 11:34:08] [[3]]
INFO [2022-04-14 11:34:08] ...
INFO [2022-04-14 11:34:08] 
INFO [2022-04-14 11:34:08] [[1]]
INFO [2022-04-14 11:34:08] x
INFO [2022-04-14 11:34:08] 
INFO [2022-04-14 11:34:08] $filename
INFO [2022-04-14 11:34:08] NULL
INFO [2022-04-14 11:34:08] 
INFO [2022-04-14 11:34:08] [[3]]
INFO [2022-04-14 11:34:08] ...
INFO [2022-04-14 11:34:08] 
INFO [2022-04-14 11:34:08] [[1]]
INFO [2022-04-14 11:34:08] x
INFO [2022-04-14 11:34:08] 
INFO [2022-04-14 11:34:08] $filename
INFO [2022-04-14 11:34:08] NULL
INFO [2022-04-14 11:34:08] 
INFO [2022-04-14 11:34:08] [[3]]
INFO [2022-04-14 11:34:08] ...
INFO [2022-04-14 11:34:08] 
INFO [2022-04-14 11:34:08] [[1]]
INFO [2022-04-14 11:34:08] x
INFO [2022-04-14 11:34:08] 
INFO [2022-04-14 11:34:08] $filename
INFO [2022-04-14 11:34:08] NULL
INFO [2022-04-14 11:34:08] 
INFO [2022-04-14 11:34:08] [[3]]
INFO [2022-04-14 11:34:08] ...
INFO [2022-04-14 11:34:08] 
