INFO [2022-04-25 16:04:22] [[1]]
INFO [2022-04-25 16:04:22] x
INFO [2022-04-25 16:04:22] 
INFO [2022-04-25 16:04:22] $filename
INFO [2022-04-25 16:04:22] NULL
INFO [2022-04-25 16:04:22] 
INFO [2022-04-25 16:04:22] [[3]]
INFO [2022-04-25 16:04:22] ...
INFO [2022-04-25 16:04:22] 
INFO [2022-04-25 16:04:22] [[1]]
INFO [2022-04-25 16:04:22] x
INFO [2022-04-25 16:04:22] 
INFO [2022-04-25 16:04:22] $filename
INFO [2022-04-25 16:04:22] NULL
INFO [2022-04-25 16:04:22] 
INFO [2022-04-25 16:04:22] [[3]]
INFO [2022-04-25 16:04:22] ...
INFO [2022-04-25 16:04:22] 
INFO [2022-04-25 16:04:22] [[1]]
INFO [2022-04-25 16:04:22] x
INFO [2022-04-25 16:04:22] 
INFO [2022-04-25 16:04:22] $filename
INFO [2022-04-25 16:04:22] NULL
INFO [2022-04-25 16:04:22] 
INFO [2022-04-25 16:04:22] [[3]]
INFO [2022-04-25 16:04:22] ...
INFO [2022-04-25 16:04:22] 
INFO [2022-04-25 16:04:22] [[1]]
INFO [2022-04-25 16:04:22] x
INFO [2022-04-25 16:04:22] 
INFO [2022-04-25 16:04:22] $filename
INFO [2022-04-25 16:04:22] NULL
INFO [2022-04-25 16:04:22] 
INFO [2022-04-25 16:04:22] [[3]]
INFO [2022-04-25 16:04:22] ...
INFO [2022-04-25 16:04:22] 
