INFO [2022-04-13 13:02:42] [[1]]
INFO [2022-04-13 13:02:42] x
INFO [2022-04-13 13:02:42] 
INFO [2022-04-13 13:02:42] $filename
INFO [2022-04-13 13:02:42] NULL
INFO [2022-04-13 13:02:42] 
INFO [2022-04-13 13:02:42] [[3]]
INFO [2022-04-13 13:02:42] ...
INFO [2022-04-13 13:02:42] 
INFO [2022-04-13 13:02:42] [[1]]
INFO [2022-04-13 13:02:42] x
INFO [2022-04-13 13:02:42] 
INFO [2022-04-13 13:02:42] $filename
INFO [2022-04-13 13:02:42] NULL
INFO [2022-04-13 13:02:42] 
INFO [2022-04-13 13:02:42] [[3]]
INFO [2022-04-13 13:02:42] ...
INFO [2022-04-13 13:02:42] 
INFO [2022-04-13 13:02:42] [[1]]
INFO [2022-04-13 13:02:42] x
INFO [2022-04-13 13:02:42] 
INFO [2022-04-13 13:02:42] $filename
INFO [2022-04-13 13:02:42] NULL
INFO [2022-04-13 13:02:42] 
INFO [2022-04-13 13:02:42] [[3]]
INFO [2022-04-13 13:02:42] ...
INFO [2022-04-13 13:02:42] 
INFO [2022-04-13 13:02:42] [[1]]
INFO [2022-04-13 13:02:42] x
INFO [2022-04-13 13:02:42] 
INFO [2022-04-13 13:02:42] $filename
INFO [2022-04-13 13:02:42] NULL
INFO [2022-04-13 13:02:42] 
INFO [2022-04-13 13:02:42] [[3]]
INFO [2022-04-13 13:02:42] ...
INFO [2022-04-13 13:02:42] 
INFO [2022-04-13 13:02:42] [[1]]
INFO [2022-04-13 13:02:42] x
INFO [2022-04-13 13:02:42] 
INFO [2022-04-13 13:02:42] $filename
INFO [2022-04-13 13:02:42] NULL
INFO [2022-04-13 13:02:42] 
INFO [2022-04-13 13:02:42] [[3]]
INFO [2022-04-13 13:02:42] ...
INFO [2022-04-13 13:02:42] 
INFO [2022-04-13 13:02:42] [[1]]
INFO [2022-04-13 13:02:42] x
INFO [2022-04-13 13:02:42] 
INFO [2022-04-13 13:02:42] $filename
INFO [2022-04-13 13:02:42] NULL
INFO [2022-04-13 13:02:42] 
INFO [2022-04-13 13:02:42] [[3]]
INFO [2022-04-13 13:02:42] ...
INFO [2022-04-13 13:02:42] 
