INFO [2022-04-20 22:04:29] [[1]]
INFO [2022-04-20 22:04:29] x
INFO [2022-04-20 22:04:29] 
INFO [2022-04-20 22:04:29] $filename
INFO [2022-04-20 22:04:29] NULL
INFO [2022-04-20 22:04:29] 
INFO [2022-04-20 22:04:29] [[3]]
INFO [2022-04-20 22:04:29] ...
INFO [2022-04-20 22:04:29] 
INFO [2022-04-20 22:04:29] [[1]]
INFO [2022-04-20 22:04:29] x
INFO [2022-04-20 22:04:29] 
INFO [2022-04-20 22:04:29] $filename
INFO [2022-04-20 22:04:29] NULL
INFO [2022-04-20 22:04:29] 
INFO [2022-04-20 22:04:29] [[3]]
INFO [2022-04-20 22:04:29] ...
INFO [2022-04-20 22:04:29] 
INFO [2022-04-20 22:04:29] [[1]]
INFO [2022-04-20 22:04:29] x
INFO [2022-04-20 22:04:29] 
INFO [2022-04-20 22:04:29] $filename
INFO [2022-04-20 22:04:29] NULL
INFO [2022-04-20 22:04:29] 
INFO [2022-04-20 22:04:29] [[3]]
INFO [2022-04-20 22:04:29] ...
INFO [2022-04-20 22:04:29] 
