INFO [2022-04-08 14:59:55] [[1]]
INFO [2022-04-08 14:59:55] x
INFO [2022-04-08 14:59:55] 
INFO [2022-04-08 14:59:55] $filename
INFO [2022-04-08 14:59:55] NULL
INFO [2022-04-08 14:59:55] 
INFO [2022-04-08 14:59:55] [[3]]
INFO [2022-04-08 14:59:55] ...
INFO [2022-04-08 14:59:55] 
INFO [2022-04-08 14:59:55] [[1]]
INFO [2022-04-08 14:59:55] x
INFO [2022-04-08 14:59:55] 
INFO [2022-04-08 14:59:55] $filename
INFO [2022-04-08 14:59:55] NULL
INFO [2022-04-08 14:59:55] 
INFO [2022-04-08 14:59:55] [[3]]
INFO [2022-04-08 14:59:55] ...
INFO [2022-04-08 14:59:55] 
INFO [2022-04-08 14:59:55] [[1]]
INFO [2022-04-08 14:59:55] x
INFO [2022-04-08 14:59:55] 
INFO [2022-04-08 14:59:55] $filename
INFO [2022-04-08 14:59:55] NULL
INFO [2022-04-08 14:59:55] 
INFO [2022-04-08 14:59:55] [[3]]
INFO [2022-04-08 14:59:55] ...
INFO [2022-04-08 14:59:55] 
INFO [2022-04-08 14:59:55] [[1]]
INFO [2022-04-08 14:59:55] x
INFO [2022-04-08 14:59:55] 
INFO [2022-04-08 14:59:55] $filename
INFO [2022-04-08 14:59:55] NULL
INFO [2022-04-08 14:59:55] 
INFO [2022-04-08 14:59:55] [[3]]
INFO [2022-04-08 14:59:55] ...
INFO [2022-04-08 14:59:55] 
