INFO [2022-05-18 10:46:04] [[1]]
INFO [2022-05-18 10:46:04] x
INFO [2022-05-18 10:46:04] 
INFO [2022-05-18 10:46:04] $filename
INFO [2022-05-18 10:46:04] NULL
INFO [2022-05-18 10:46:04] 
INFO [2022-05-18 10:46:04] [[3]]
INFO [2022-05-18 10:46:04] ...
INFO [2022-05-18 10:46:04] 
INFO [2022-05-18 10:46:04] [[1]]
INFO [2022-05-18 10:46:04] x
INFO [2022-05-18 10:46:04] 
INFO [2022-05-18 10:46:04] $filename
INFO [2022-05-18 10:46:04] NULL
INFO [2022-05-18 10:46:04] 
INFO [2022-05-18 10:46:04] [[3]]
INFO [2022-05-18 10:46:04] ...
INFO [2022-05-18 10:46:04] 
INFO [2022-05-18 10:46:04] [[1]]
INFO [2022-05-18 10:46:04] x
INFO [2022-05-18 10:46:04] 
INFO [2022-05-18 10:46:04] $filename
INFO [2022-05-18 10:46:04] NULL
INFO [2022-05-18 10:46:04] 
INFO [2022-05-18 10:46:04] [[3]]
INFO [2022-05-18 10:46:04] ...
INFO [2022-05-18 10:46:04] 
INFO [2022-05-18 10:46:04] [[1]]
INFO [2022-05-18 10:46:04] x
INFO [2022-05-18 10:46:04] 
INFO [2022-05-18 10:46:04] $filename
INFO [2022-05-18 10:46:04] NULL
INFO [2022-05-18 10:46:04] 
INFO [2022-05-18 10:46:04] [[3]]
INFO [2022-05-18 10:46:04] ...
INFO [2022-05-18 10:46:04] 
INFO [2022-05-18 10:46:04] [[1]]
INFO [2022-05-18 10:46:04] x
INFO [2022-05-18 10:46:04] 
INFO [2022-05-18 10:46:04] $filename
INFO [2022-05-18 10:46:04] NULL
INFO [2022-05-18 10:46:04] 
INFO [2022-05-18 10:46:04] [[3]]
INFO [2022-05-18 10:46:04] ...
INFO [2022-05-18 10:46:04] 
INFO [2022-05-18 10:46:04] [[1]]
INFO [2022-05-18 10:46:04] x
INFO [2022-05-18 10:46:04] 
INFO [2022-05-18 10:46:04] $filename
INFO [2022-05-18 10:46:04] NULL
INFO [2022-05-18 10:46:04] 
INFO [2022-05-18 10:46:04] [[3]]
INFO [2022-05-18 10:46:04] ...
INFO [2022-05-18 10:46:04] 
