INFO [2022-04-08 14:59:54] [[1]]
INFO [2022-04-08 14:59:54] x
INFO [2022-04-08 14:59:54] 
INFO [2022-04-08 14:59:54] $filename
INFO [2022-04-08 14:59:54] NULL
INFO [2022-04-08 14:59:54] 
INFO [2022-04-08 14:59:54] [[3]]
INFO [2022-04-08 14:59:54] ...
INFO [2022-04-08 14:59:54] 
INFO [2022-04-08 14:59:54] [[1]]
INFO [2022-04-08 14:59:54] x
INFO [2022-04-08 14:59:54] 
INFO [2022-04-08 14:59:54] $filename
INFO [2022-04-08 14:59:54] NULL
INFO [2022-04-08 14:59:54] 
INFO [2022-04-08 14:59:54] [[3]]
INFO [2022-04-08 14:59:54] ...
INFO [2022-04-08 14:59:54] 
INFO [2022-04-08 14:59:54] [[1]]
INFO [2022-04-08 14:59:54] x
INFO [2022-04-08 14:59:54] 
INFO [2022-04-08 14:59:54] $filename
INFO [2022-04-08 14:59:54] NULL
INFO [2022-04-08 14:59:54] 
INFO [2022-04-08 14:59:54] [[3]]
INFO [2022-04-08 14:59:54] ...
INFO [2022-04-08 14:59:54] 
