INFO [2022-03-24 09:46:24] [[1]]
INFO [2022-03-24 09:46:24] x
INFO [2022-03-24 09:46:24] 
INFO [2022-03-24 09:46:24] $filename
INFO [2022-03-24 09:46:24] NULL
INFO [2022-03-24 09:46:24] 
INFO [2022-03-24 09:46:24] [[3]]
INFO [2022-03-24 09:46:24] ...
INFO [2022-03-24 09:46:24] 
INFO [2022-03-24 09:46:24] [[1]]
INFO [2022-03-24 09:46:24] x
INFO [2022-03-24 09:46:24] 
INFO [2022-03-24 09:46:24] $filename
INFO [2022-03-24 09:46:24] NULL
INFO [2022-03-24 09:46:24] 
INFO [2022-03-24 09:46:24] [[3]]
INFO [2022-03-24 09:46:24] ...
INFO [2022-03-24 09:46:24] 
INFO [2022-03-24 09:46:24] [[1]]
INFO [2022-03-24 09:46:24] x
INFO [2022-03-24 09:46:24] 
INFO [2022-03-24 09:46:24] $filename
INFO [2022-03-24 09:46:24] NULL
INFO [2022-03-24 09:46:24] 
INFO [2022-03-24 09:46:24] [[3]]
INFO [2022-03-24 09:46:24] ...
INFO [2022-03-24 09:46:24] 
INFO [2022-03-24 09:46:24] [[1]]
INFO [2022-03-24 09:46:24] x
INFO [2022-03-24 09:46:24] 
INFO [2022-03-24 09:46:24] $filename
INFO [2022-03-24 09:46:24] NULL
INFO [2022-03-24 09:46:24] 
INFO [2022-03-24 09:46:24] [[3]]
INFO [2022-03-24 09:46:24] ...
INFO [2022-03-24 09:46:24] 
INFO [2022-03-24 09:46:24] [[1]]
INFO [2022-03-24 09:46:24] x
INFO [2022-03-24 09:46:24] 
INFO [2022-03-24 09:46:24] $filename
INFO [2022-03-24 09:46:24] NULL
INFO [2022-03-24 09:46:24] 
INFO [2022-03-24 09:46:24] [[3]]
INFO [2022-03-24 09:46:24] ...
INFO [2022-03-24 09:46:24] 
