INFO [2022-04-18 11:34:16] [[1]]
INFO [2022-04-18 11:34:16] x
INFO [2022-04-18 11:34:16] 
INFO [2022-04-18 11:34:16] $filename
INFO [2022-04-18 11:34:16] NULL
INFO [2022-04-18 11:34:16] 
INFO [2022-04-18 11:34:16] [[3]]
INFO [2022-04-18 11:34:16] ...
INFO [2022-04-18 11:34:16] 
INFO [2022-04-18 11:34:16] [[1]]
INFO [2022-04-18 11:34:16] x
INFO [2022-04-18 11:34:16] 
INFO [2022-04-18 11:34:16] $filename
INFO [2022-04-18 11:34:16] NULL
INFO [2022-04-18 11:34:16] 
INFO [2022-04-18 11:34:16] [[3]]
INFO [2022-04-18 11:34:16] ...
INFO [2022-04-18 11:34:16] 
INFO [2022-04-18 11:34:16] [[1]]
INFO [2022-04-18 11:34:16] x
INFO [2022-04-18 11:34:16] 
INFO [2022-04-18 11:34:16] $filename
INFO [2022-04-18 11:34:16] NULL
INFO [2022-04-18 11:34:16] 
INFO [2022-04-18 11:34:16] [[3]]
INFO [2022-04-18 11:34:16] ...
INFO [2022-04-18 11:34:16] 
INFO [2022-04-18 11:34:16] [[1]]
INFO [2022-04-18 11:34:16] x
INFO [2022-04-18 11:34:16] 
INFO [2022-04-18 11:34:16] $filename
INFO [2022-04-18 11:34:16] NULL
INFO [2022-04-18 11:34:16] 
INFO [2022-04-18 11:34:16] [[3]]
INFO [2022-04-18 11:34:16] ...
INFO [2022-04-18 11:34:16] 
