[2022-05-09 10:33:49.442] [jointLog] [info] setting maxHashResizeThreads to 20
[2022-05-09 10:33:49.442] [jointLog] [info] Fragment incompatibility prior below threshold.  Incompatible fragments will be ignored.
[2022-05-09 10:33:49.442] [jointLog] [info] Usage of --validateMappings implies use of minScoreFraction. Since not explicitly specified, it is being set to 0.65
[2022-05-09 10:33:49.442] [jointLog] [info] Setting consensusSlack to selective-alignment default of 0.35.
[2022-05-09 10:33:49.442] [jointLog] [info] parsing read library format
[2022-05-09 10:33:49.442] [jointLog] [info] There is 1 library.
[2022-05-09 10:33:49.481] [jointLog] [info] Loading pufferfish index
[2022-05-09 10:33:49.481] [jointLog] [info] Loading dense pufferfish index.
[2022-05-09 10:33:49.609] [jointLog] [info] done
[2022-05-09 10:33:49.609] [jointLog] [info] Index contained 28,097 targets
[2022-05-09 10:33:49.813] [jointLog] [info] Number of decoys : 0
[2022-05-09 10:33:51.560] [jointLog] [info] Automatically detected most likely library type as IU

[2022-05-09 10:37:16.844] [fileLog] [info] 
At end of round 0
==================
Observed 70396211 total fragments (70396211 in most recent round)

[2022-05-09 10:37:16.844] [jointLog] [info] Computed 38,330 rich equivalence classes for further processing
[2022-05-09 10:37:16.844] [jointLog] [info] Counted 10,450,785 total reads in the equivalence classes 
[2022-05-09 10:37:16.849] [jointLog] [info] Number of mappings discarded because of alignment score : 26,993,365
[2022-05-09 10:37:16.849] [jointLog] [info] Number of fragments entirely discarded because of alignment score : 5,204,305
[2022-05-09 10:37:16.849] [jointLog] [info] Number of fragments discarded because they are best-mapped to decoys : 0
[2022-05-09 10:37:16.849] [jointLog] [info] Number of fragments discarded because they have only dovetail (discordant) mappings to valid targets : 359,424
[2022-05-09 10:37:16.849] [jointLog] [info] Mapping rate = 14.8457%

[2022-05-09 10:37:16.849] [jointLog] [info] finished quantifyLibrary()
[2022-05-09 10:37:16.850] [jointLog] [info] Starting optimizer
[2022-05-09 10:37:16.868] [jointLog] [info] Marked 0 weighted equivalence classes as degenerate
[2022-05-09 10:37:16.870] [jointLog] [info] iteration = 0 | max rel diff. = 27998
[2022-05-09 10:37:16.894] [jointLog] [info] iteration 11, adjusting effective lengths to account for biases
[2022-05-09 10:37:18.083] [jointLog] [info] Computed expected counts (for bias correction)
[2022-05-09 10:37:18.083] [jointLog] [info] processed bias for 0.0% of the transcripts
[2022-05-09 10:37:18.186] [jointLog] [info] processed bias for 10.0% of the transcripts
[2022-05-09 10:37:18.303] [jointLog] [info] processed bias for 20.0% of the transcripts
[2022-05-09 10:37:18.418] [jointLog] [info] processed bias for 30.0% of the transcripts
[2022-05-09 10:37:18.531] [jointLog] [info] processed bias for 40.0% of the transcripts
[2022-05-09 10:37:18.647] [jointLog] [info] processed bias for 50.0% of the transcripts
[2022-05-09 10:37:18.752] [jointLog] [info] processed bias for 60.0% of the transcripts
[2022-05-09 10:37:18.858] [jointLog] [info] processed bias for 70.0% of the transcripts
[2022-05-09 10:37:18.961] [jointLog] [info] processed bias for 80.0% of the transcripts
[2022-05-09 10:37:19.062] [jointLog] [info] processed bias for 90.0% of the transcripts
[2022-05-09 10:37:19.194] [jointLog] [info] processed bias for 100.0% of the transcripts
[2022-05-09 10:37:19.195] [jointLog] [info] processed bias for 100.0% of the transcripts
[2022-05-09 10:37:19.402] [jointLog] [info] iteration = 100 | max rel diff. = 0.0471212
[2022-05-09 10:37:19.562] [jointLog] [info] iteration = 171 | max rel diff. = 0.00543049
[2022-05-09 10:37:19.567] [jointLog] [info] Finished optimizer
[2022-05-09 10:37:19.567] [jointLog] [info] writing output 

[2022-05-09 10:37:19.614] [jointLog] [warning] NOTE: Read Lib [[ /home/lspencer/2022-redking-OA/trimmed/v2/Tank_15_Crab_3.trimmed.R1.v2.fastq.gz, /home/lspencer/2022-redking-OA/trimmed/v2/Tank_15_Crab_3.trimmed.R2.v2.fastq.gz]] :

Detected a *potential* strand bias > 1% in an unstranded protocol check the file: /scratch/lspencer/2022-redking-OA/aligned/salmon/Tank_15_Crab_3.salmon.counts/lib_format_counts.json for details

