This is cutadapt 3.5 with Python 3.6.8
Command line parameters: -o /home/lspencer/2022-redking-OA/trimmed/Tank_18_Crab_2.trimmed.R1.v1.fastq.gz -p /home/lspencer/2022-redking-OA/trimmed/Tank_18_Crab_2.trimmed.R2.v1.fastq.gz -a AGATCGGAAGAGCACACGTCTGAACTCCAGTCA -A AGATCGGAAGAGCGTCGTGTAGGGAAAGAGTGT -q 15,10 -m 50 --trim-n --cores=8 /share/nwfsc/ggoetz/red_king_crab/illumina/Tank_18_Crab_2_R1.fastq.gz /share/nwfsc/ggoetz/red_king_crab/illumina/Tank_18_Crab_2_R2.fastq.gz
Processing reads on 8 cores in paired-end mode ...
Finished in 261.93 s (8 us/read; 7.82 M reads/minute).

=== Summary ===

Total read pairs processed:         34,136,612
  Read 1 with adapter:               3,260,031 (9.5%)
  Read 2 with adapter:               3,134,801 (9.2%)

== Read fate breakdown ==
Pairs that were too short:              21,564 (0.1%)
Pairs written (passing filters):    34,115,048 (99.9%)

Total basepairs processed: 6,895,595,624 bp
  Read 1: 3,447,797,812 bp
  Read 2: 3,447,797,812 bp
Quality-trimmed:               2,955,475 bp (0.0%)
  Read 1:       572,417 bp
  Read 2:     2,383,058 bp
Total written (filtered):  6,812,677,328 bp (98.8%)
  Read 1: 3,407,128,900 bp
  Read 2: 3,405,548,428 bp

=== First read: Adapter 1 ===

Sequence: AGATCGGAAGAGCACACGTCTGAACTCCAGTCA; Type: regular 3'; Length: 33; Trimmed: 3260031 times

Minimum overlap: 3
No. of allowed errors:
1-9 bp: 0; 10-19 bp: 1; 20-29 bp: 2; 30-33 bp: 3

Bases preceding removed adapters:
  A: 26.1%
  C: 29.7%
  G: 34.0%
  T: 10.1%
  none/other: 0.0%

Overview of removed sequences
length	count	expect	max.err	error counts
3	804344	533384.6	0	804344
4	277919	133346.1	0	277919
5	172763	33336.5	0	172763
6	144851	8334.1	0	144851
7	132051	2083.5	0	132051
8	123559	520.9	0	123559
9	114148	130.2	0	112928 1220
10	108042	32.6	1	103496 4546
11	99928	8.1	1	96040 3888
12	94832	2.0	1	91135 3697
13	90089	0.5	1	86477 3612
14	86481	0.1	1	82670 3811
15	82871	0.0	1	79029 3842
16	79112	0.0	1	75229 3883
17	75967	0.0	1	72185 3782
18	69717	0.0	1	65933 3623 161
19	62913	0.0	1	59291 3495 127
20	56379	0.0	2	52575 3394 410
21	51200	0.0	2	47683 3133 384
22	46302	0.0	2	43012 2945 345
23	43369	0.0	2	40156 2858 355
24	40578	0.0	2	37481 2797 300
25	38361	0.0	2	35176 2829 356
26	36631	0.0	2	33619 2731 281
27	34535	0.0	2	31608 2583 322 22
28	31972	0.0	2	29170 2427 314 61
29	28508	0.0	2	25781 2287 337 103
30	25351	0.0	3	22920 2048 244 139
31	22105	0.0	3	19905 1879 243 78
32	19402	0.0	3	17392 1699 232 79
33	17377	0.0	3	15678 1421 194 84
34	15521	0.0	3	13975 1331 159 56
35	14644	0.0	3	13263 1159 157 65
36	13684	0.0	3	12279 1188 152 65
37	12498	0.0	3	11200 1080 149 69
38	11759	0.0	3	10541 995 150 73
39	10538	0.0	3	9485 873 120 60
40	9224	0.0	3	8266 791 101 66
41	8045	0.0	3	7235 669 87 54
42	7058	0.0	3	6331 599 90 38
43	5962	0.0	3	5363 498 68 33
44	5197	0.0	3	4677 428 68 24
45	4375	0.0	3	3912 372 54 37
46	3823	0.0	3	3426 321 51 25
47	3407	0.0	3	3082 259 42 24
48	3166	0.0	3	2856 251 37 22
49	2739	0.0	3	2432 248 39 20
50	2346	0.0	3	2094 192 40 20
51	2094	0.0	3	1842 187 43 22
52	1796	0.0	3	1598 155 28 15
53	1385	0.0	3	1227 110 30 18
54	1084	0.0	3	931 102 26 25
55	912	0.0	3	784 95 23 10
56	734	0.0	3	612 87 18 17
57	630	0.0	3	536 66 14 14
58	573	0.0	3	480 63 21 9
59	521	0.0	3	442 51 15 13
60	493	0.0	3	391 58 27 17
61	380	0.0	3	298 51 14 17
62	333	0.0	3	271 24 25 13
63	260	0.0	3	209 31 11 9
64	238	0.0	3	184 25 13 16
65	197	0.0	3	145 27 10 15
66	177	0.0	3	120 35 11 11
67	164	0.0	3	123 21 10 10
68	161	0.0	3	117 22 10 12
69	158	0.0	3	112 20 15 11
70	146	0.0	3	110 16 10 10
71	118	0.0	3	97 15 2 4
72	116	0.0	3	76 14 15 11
73	95	0.0	3	68 12 8 7
74	107	0.0	3	64 20 15 8
75	74	0.0	3	52 7 7 8
76	86	0.0	3	52 22 5 7
77	85	0.0	3	51 12 13 9
78	83	0.0	3	57 17 6 3
79	62	0.0	3	46 5 6 5
80	46	0.0	3	34 9 2 1
81	45	0.0	3	39 6
82	39	0.0	3	33 6
83	29	0.0	3	25 2 2
84	25	0.0	3	21 4
85	21	0.0	3	18 3
86	24	0.0	3	17 6 1
87	9	0.0	3	6 2 0 1
88	19	0.0	3	15 3 1
89	13	0.0	3	10 2 1
90	10	0.0	3	7 3
91	11	0.0	3	10 1
92	9	0.0	3	8 1
93	2	0.0	3	1 0 0 1
94	1	0.0	3	0 0 0 1
99	3	0.0	3	1 0 0 2
100	9	0.0	3	1 2 4 2
101	811	0.0	3	374 381 47 9


=== Second read: Adapter 2 ===

Sequence: AGATCGGAAGAGCGTCGTGTAGGGAAAGAGTGT; Type: regular 3'; Length: 33; Trimmed: 3134801 times

Minimum overlap: 3
No. of allowed errors:
1-9 bp: 0; 10-19 bp: 1; 20-29 bp: 2; 30-33 bp: 3

Bases preceding removed adapters:
  A: 21.0%
  C: 28.6%
  G: 31.6%
  T: 18.8%
  none/other: 0.0%

Overview of removed sequences
length	count	expect	max.err	error counts
3	682315	533384.6	0	682315
4	267829	133346.1	0	267829
5	166214	33336.5	0	166214
6	141060	8334.1	0	141060
7	131835	2083.5	0	131835
8	124023	520.9	0	124023
9	114093	130.2	0	113077 1016
10	108152	32.6	1	103599 4553
11	100060	8.1	1	96095 3965
12	95036	2.0	1	91323 3713
13	90176	0.5	1	86166 4010
14	86733	0.1	1	82834 3899
15	82853	0.0	1	78576 4277
16	79042	0.0	1	75126 3916
17	75938	0.0	1	72000 3938
18	69673	0.0	1	65838 3569 266
19	62932	0.0	1	59343 3386 203
20	56604	0.0	2	52907 3039 658
21	51362	0.0	2	47745 3103 514
22	46486	0.0	2	43052 2947 487
23	43601	0.0	2	40343 2741 517
24	40787	0.0	2	37689 2685 413
25	38464	0.0	2	35498 2522 444
26	36804	0.0	2	33839 2475 490
27	34635	0.0	2	31853 2260 514 8
28	32025	0.0	2	29133 2221 607 64
29	28698	0.0	2	26091 2193 369 45
30	25692	0.0	3	23169 1933 369 221
31	22383	0.0	3	20011 1785 387 200
32	19685	0.0	3	17585 1681 260 159
33	17638	0.0	3	15755 1498 241 144
34	15793	0.0	3	14060 1363 238 132
35	14920	0.0	3	13346 1227 215 132
36	13972	0.0	3	12473 1091 223 185
37	12823	0.0	3	11462 1029 179 153
38	12054	0.0	3	10760 943 193 158
39	10847	0.0	3	9644 889 158 156
40	9558	0.0	3	8418 826 161 153
41	8357	0.0	3	7372 703 142 140
42	7402	0.0	3	6520 607 148 127
43	6276	0.0	3	5509 544 139 84
44	5521	0.0	3	4831 468 122 100
45	4729	0.0	3	4131 378 130 90
46	4223	0.0	3	3620 393 109 101
47	3718	0.0	3	3233 325 90 70
48	3525	0.0	3	3018 309 111 87
49	3072	0.0	3	2583 294 105 90
50	2722	0.0	3	2233 296 96 97
51	2404	0.0	3	2006 237 91 70
52	2110	0.0	3	1727 221 88 74
53	1701	0.0	3	1366 184 76 75
54	1385	0.0	3	1091 153 75 66
55	1241	0.0	3	937 155 82 67
56	1031	0.0	3	764 136 55 76
57	917	0.0	3	684 109 76 48
58	855	0.0	3	630 104 57 64
59	858	0.0	3	603 115 80 60
60	760	0.0	3	543 104 55 58
61	640	0.0	3	423 100 60 57
62	624	0.0	3	412 106 54 52
63	536	0.0	3	343 84 56 53
64	519	0.0	3	319 81 69 50
65	490	0.0	3	284 90 67 49
66	421	0.0	3	238 85 50 48
67	420	0.0	3	250 83 43 44
68	405	0.0	3	222 94 47 42
69	430	0.0	3	237 81 62 50
70	402	0.0	3	231 65 48 58
71	389	0.0	3	222 70 51 46
72	349	0.0	3	177 75 53 44
73	313	0.0	3	181 55 44 33
74	365	0.0	3	199 72 49 45
75	268	0.0	3	135 63 32 38
76	274	0.0	3	151 39 50 34
77	268	0.0	3	144 60 30 34
78	227	0.0	3	122 33 36 36
79	201	0.0	3	110 45 25 21
80	133	0.0	3	74 28 18 13
81	135	0.0	3	70 23 19 23
82	113	0.0	3	59 18 19 17
83	88	0.0	3	45 22 17 4
84	81	0.0	3	45 12 9 15
85	73	0.0	3	34 13 13 13
86	62	0.0	3	33 8 10 11
87	35	0.0	3	19 6 7 3
88	35	0.0	3	21 9 4 1
89	25	0.0	3	15 5 3 2
90	19	0.0	3	12 2 3 2
91	20	0.0	3	16 0 1 3
92	24	0.0	3	9 9 1 5
93	9	0.0	3	1 2 0 6
94	4	0.0	3	1 0 0 3
95	3	0.0	3	2 0 0 1
96	6	0.0	3	0 3 2 1
97	7	0.0	3	0 2 1 4
98	10	0.0	3	1 0 4 5
99	3	0.0	3	0 0 0 3
100	19	0.0	3	0 7 9 3
101	754	0.0	3	362 357 29 6
