This is cutadapt 3.5 with Python 3.6.8
Command line parameters: -o /home/lspencer/2022-redking-OA/trimmed/Tank_11_Crab_1.trimmed.R1.v1.fastq.gz -p /home/lspencer/2022-redking-OA/trimmed/Tank_11_Crab_1.trimmed.R2.v1.fastq.gz -a AGATCGGAAGAGCACACGTCTGAACTCCAGTCA -A AGATCGGAAGAGCGTCGTGTAGGGAAAGAGTGT -q 15,10 -m 50 --trim-n --cores=8 /share/nwfsc/ggoetz/red_king_crab/illumina/Tank_11_Crab_1_R1.fastq.gz /share/nwfsc/ggoetz/red_king_crab/illumina/Tank_11_Crab_1_R2.fastq.gz
Processing reads on 8 cores in paired-end mode ...
Finished in 422.85 s (8 us/read; 7.87 M reads/minute).

=== Summary ===

Total read pairs processed:         55,464,891
  Read 1 with adapter:               4,553,855 (8.2%)
  Read 2 with adapter:               4,305,077 (7.8%)

== Read fate breakdown ==
Pairs that were too short:              43,991 (0.1%)
Pairs written (passing filters):    55,420,900 (99.9%)

Total basepairs processed: 11,203,907,982 bp
  Read 1: 5,601,953,991 bp
  Read 2: 5,601,953,991 bp
Quality-trimmed:               5,622,277 bp (0.1%)
  Read 1:       947,252 bp
  Read 2:     4,675,025 bp
Total written (filtered):  11,089,785,317 bp (99.0%)
  Read 1: 5,546,410,555 bp
  Read 2: 5,543,374,762 bp

=== First read: Adapter 1 ===

Sequence: AGATCGGAAGAGCACACGTCTGAACTCCAGTCA; Type: regular 3'; Length: 33; Trimmed: 4553855 times

Minimum overlap: 3
No. of allowed errors:
1-9 bp: 0; 10-19 bp: 1; 20-29 bp: 2; 30-33 bp: 3

Bases preceding removed adapters:
  A: 27.7%
  C: 28.4%
  G: 33.3%
  T: 10.6%
  none/other: 0.0%

Overview of removed sequences
length	count	expect	max.err	error counts
3	1312509	866638.9	0	1312509
4	418519	216659.7	0	418519
5	237455	54164.9	0	237455
6	192010	13541.2	0	192010
7	173126	3385.3	0	173126
8	161577	846.3	0	161577
9	148834	211.6	0	147095 1739
10	139087	52.9	1	133236 5851
11	127987	13.2	1	123040 4947
12	118164	3.3	1	113601 4563
13	112423	0.8	1	107971 4452
14	107117	0.2	1	102551 4566
15	103552	0.1	1	98854 4698
16	99701	0.0	1	95103 4598
17	94953	0.0	1	90357 4596
18	87448	0.0	1	83030 4254 164
19	79001	0.0	1	74702 4114 185
20	70998	0.0	2	66431 4048 519
21	63183	0.0	2	59058 3625 500
22	56697	0.0	2	52814 3450 433
23	53073	0.0	2	49260 3358 455
24	49436	0.0	2	45748 3301 387
25	47464	0.0	2	43886 3194 384
26	45289	0.0	2	41836 3143 310
27	43536	0.0	2	40188 2906 392 50
28	40127	0.0	2	36679 3015 370 63
29	36532	0.0	2	33418 2676 316 122
30	32185	0.0	3	29337 2350 327 171
31	28087	0.0	3	25455 2211 318 103
32	24797	0.0	3	22382 2035 278 102
33	22124	0.0	3	19998 1825 220 81
34	20321	0.0	3	18381 1655 213 72
35	19253	0.0	3	17370 1536 259 88
36	17790	0.0	3	16035 1392 244 119
37	16787	0.0	3	15123 1271 260 133
38	16048	0.0	3	14471 1217 247 113
39	15080	0.0	3	13668 1072 234 106
40	13217	0.0	3	11939 984 193 101
41	11740	0.0	3	10591 883 191 75
42	10263	0.0	3	9230 769 177 87
43	9056	0.0	3	8176 698 119 63
44	8011	0.0	3	7234 593 129 55
45	7032	0.0	3	6331 532 115 54
46	6401	0.0	3	5761 490 96 54
47	5726	0.0	3	5138 444 84 60
48	5509	0.0	3	4937 450 70 52
49	5174	0.0	3	4680 357 89 48
50	5002	0.0	3	4469 407 89 37
51	4214	0.0	3	3775 328 60 51
52	3646	0.0	3	3255 288 64 39
53	3058	0.0	3	2730 242 53 33
54	2640	0.0	3	2351 212 52 25
55	2320	0.0	3	2072 173 48 27
56	2006	0.0	3	1761 167 45 33
57	1784	0.0	3	1557 157 44 26
58	1635	0.0	3	1454 126 27 28
59	1655	0.0	3	1475 125 34 21
60	1552	0.0	3	1359 136 34 23
61	1285	0.0	3	1102 117 43 23
62	1001	0.0	3	855 94 30 22
63	863	0.0	3	728 80 30 25
64	744	0.0	3	634 67 25 18
65	593	0.0	3	502 52 21 18
66	487	0.0	3	403 50 17 17
67	424	0.0	3	324 51 34 15
68	432	0.0	3	342 47 20 23
69	364	0.0	3	288 38 20 18
70	318	0.0	3	232 41 25 20
71	262	0.0	3	217 22 10 13
72	236	0.0	3	166 37 18 15
73	199	0.0	3	147 23 21 8
74	187	0.0	3	123 27 22 15
75	137	0.0	3	98 22 9 8
76	164	0.0	3	108 23 16 17
77	115	0.0	3	81 24 7 3
78	121	0.0	3	92 14 11 4
79	116	0.0	3	84 17 12 3
80	75	0.0	3	59 10 4 2
81	68	0.0	3	57 6 3 2
82	65	0.0	3	57 6 0 2
83	40	0.0	3	34 5 1
84	46	0.0	3	40 5 1
85	34	0.0	3	32 2
86	25	0.0	3	21 4
87	19	0.0	3	19
88	18	0.0	3	18
89	16	0.0	3	15 1
90	10	0.0	3	9 1
91	4	0.0	3	3 0 0 1
92	7	0.0	3	6 1
93	3	0.0	3	2 0 0 1
94	1	0.0	3	0 0 1
96	3	0.0	3	1 2
97	3	0.0	3	2 0 0 1
98	1	0.0	3	0 0 0 1
99	5	0.0	3	3 0 1 1
100	25	0.0	3	1 12 10 2
101	1428	0.0	3	710 658 53 7


=== Second read: Adapter 2 ===

Sequence: AGATCGGAAGAGCGTCGTGTAGGGAAAGAGTGT; Type: regular 3'; Length: 33; Trimmed: 4305077 times

Minimum overlap: 3
No. of allowed errors:
1-9 bp: 0; 10-19 bp: 1; 20-29 bp: 2; 30-33 bp: 3

Bases preceding removed adapters:
  A: 21.7%
  C: 28.9%
  G: 30.3%
  T: 19.1%
  none/other: 0.0%

Overview of removed sequences
length	count	expect	max.err	error counts
3	1088836	866638.9	0	1088836
4	395398	216659.7	0	395398
5	224323	54164.9	0	224323
6	185370	13541.2	0	185370
7	172139	3385.3	0	172139
8	161842	846.3	0	161842
9	148097	211.6	0	146218 1879
10	139324	52.9	1	132486 6838
11	128117	13.2	1	122422 5695
12	118361	3.3	1	113256 5105
13	112437	0.8	1	107094 5343
14	107304	0.2	1	102229 5075
15	103428	0.1	1	97435 5993
16	99375	0.0	1	93872 5503
17	94648	0.0	1	89326 5322
18	86928	0.0	1	81708 4896 324
19	78735	0.0	1	73936 4565 234
20	70995	0.0	2	65773 4276 946
21	63138	0.0	2	58378 4008 752
22	56752	0.0	2	52465 3611 676
23	53191	0.0	2	48993 3444 754
24	49571	0.0	2	45673 3278 620
25	47459	0.0	2	43542 3339 578
26	45415	0.0	2	41603 3131 681
27	43620	0.0	2	39800 3121 695 4
28	40102	0.0	2	36408 2861 768 65
29	36577	0.0	2	33189 2795 531 62
30	32466	0.0	3	29153 2466 515 332
31	28347	0.0	3	25305 2241 529 272
32	25040	0.0	3	22300 2087 412 241
33	22425	0.0	3	19927 1956 343 199
34	20652	0.0	3	18190 1919 340 203
35	19576	0.0	3	17361 1661 332 222
36	18137	0.0	3	16011 1574 344 208
37	17116	0.0	3	15191 1463 275 187
38	16385	0.0	3	14512 1406 269 198
39	15514	0.0	3	13802 1260 271 181
40	13593	0.0	3	12038 1143 240 172
41	12150	0.0	3	10661 1082 233 174
42	10648	0.0	3	9406 886 206 150
43	9476	0.0	3	8285 868 184 139
44	8398	0.0	3	7340 740 186 132
45	7491	0.0	3	6531 647 181 132
46	6797	0.0	3	5858 639 174 126
47	6174	0.0	3	5319 561 162 132
48	5903	0.0	3	5074 556 151 122
49	5605	0.0	3	4825 509 155 116
50	5406	0.0	3	4645 519 141 101
51	4700	0.0	3	3949 463 155 133
52	4082	0.0	3	3447 393 136 106
53	3459	0.0	3	2878 369 121 91
54	3089	0.0	3	2567 309 118 95
55	2779	0.0	3	2235 317 118 109
56	2427	0.0	3	1944 261 115 107
57	2206	0.0	3	1758 237 122 89
58	2023	0.0	3	1628 229 92 74
59	2076	0.0	3	1666 218 93 99
60	1992	0.0	3	1541 251 102 98
61	1741	0.0	3	1350 192 104 95
62	1461	0.0	3	1066 197 103 95
63	1312	0.0	3	942 190 99 81
64	1151	0.0	3	837 153 86 75
65	986	0.0	3	673 140 97 76
66	905	0.0	3	593 145 90 77
67	789	0.0	3	534 121 72 62
68	813	0.0	3	521 123 99 70
69	746	0.0	3	463 130 76 77
70	706	0.0	3	428 116 74 88
71	616	0.0	3	370 110 75 61
72	555	0.0	3	336 103 64 52
73	549	0.0	3	308 113 73 55
74	510	0.0	3	286 86 75 63
75	433	0.0	3	247 90 48 48
76	474	0.0	3	253 83 64 74
77	363	0.0	3	198 79 53 33
78	354	0.0	3	190 60 57 47
79	279	0.0	3	161 48 40 30
80	224	0.0	3	105 53 37 29
81	207	0.0	3	112 39 32 24
82	197	0.0	3	87 44 32 34
83	124	0.0	3	58 21 17 28
84	114	0.0	3	60 26 12 16
85	93	0.0	3	47 21 12 13
86	65	0.0	3	33 10 11 11
87	58	0.0	3	28 6 9 15
88	48	0.0	3	28 9 5 6
89	45	0.0	3	25 11 5 4
90	31	0.0	3	14 3 7 7
91	19	0.0	3	10 1 4 4
92	21	0.0	3	8 4 5 4
93	15	0.0	3	4 2 2 7
94	3	0.0	3	0 1 1 1
95	8	0.0	3	2 2 1 3
96	14	0.0	3	4 2 3 5
97	8	0.0	3	0 2 3 3
98	11	0.0	3	1 0 3 7
99	5	0.0	3	2 0 0 3
100	46	0.0	3	1 24 19 2
101	1364	0.0	3	667 634 51 12
