This is cutadapt 3.5 with Python 3.6.8
Command line parameters: -o /home/lspencer/2022-redking-OA/trimmed/Tank_16_Crab_1.trimmed.R1.v2.fastq.gz -p /home/lspencer/2022-redking-OA/trimmed/Tank_16_Crab_1.trimmed.R2.v2.fastq.gz -a AGATCGGAAGAGCACACGTCTGAACTCCAGTCA -A AGATCGGAAGAGCGTCGTGTAGGGAAAGAGTGT -q 20,15 -m 50 --trim-n --cores=8 /share/nwfsc/ggoetz/red_king_crab/illumina/Tank_16_Crab_1_R1.fastq.gz /share/nwfsc/ggoetz/red_king_crab/illumina/Tank_16_Crab_1_R2.fastq.gz
Processing reads on 8 cores in paired-end mode ...
Finished in 523.41 s (8 us/read; 7.97 M reads/minute).

=== Summary ===

Total read pairs processed:         69,512,525
  Read 1 with adapter:               5,838,498 (8.4%)
  Read 2 with adapter:               5,540,157 (8.0%)

== Read fate breakdown ==
Pairs that were too short:             113,008 (0.2%)
Pairs written (passing filters):    69,399,517 (99.8%)

Total basepairs processed: 14,041,530,050 bp
  Read 1: 7,020,765,025 bp
  Read 2: 7,020,765,025 bp
Quality-trimmed:              25,526,005 bp (0.2%)
  Read 1:     5,990,131 bp
  Read 2:    19,535,874 bp
Total written (filtered):  13,865,255,682 bp (98.7%)
  Read 1: 6,936,871,677 bp
  Read 2: 6,928,384,005 bp

=== First read: Adapter 1 ===

Sequence: AGATCGGAAGAGCACACGTCTGAACTCCAGTCA; Type: regular 3'; Length: 33; Trimmed: 5838498 times

Minimum overlap: 3
No. of allowed errors:
1-9 bp: 0; 10-19 bp: 1; 20-29 bp: 2; 30-33 bp: 3

Bases preceding removed adapters:
  A: 27.9%
  C: 27.9%
  G: 33.6%
  T: 10.6%
  none/other: 0.1%

Overview of removed sequences
length	count	expect	max.err	error counts
3	1617389	1086133.2	0	1617389
4	514054	271533.3	0	514054
5	297908	67883.3	0	297908
6	245939	16970.8	0	245939
7	227657	4242.7	0	227657
8	201912	1060.7	0	201912
9	192165	265.2	0	190093 2072
10	177132	66.3	1	169956 7176
11	158884	16.6	1	152934 5950
12	150842	4.1	1	145424 5418
13	145247	1.0	1	139586 5661
14	136269	0.3	1	131007 5262
15	135043	0.1	1	129181 5862
16	129496	0.0	1	123676 5820
17	126194	0.0	1	119906 6288
18	118252	0.0	1	112334 5813 105
19	104617	0.0	1	99424 5019 174
20	92996	0.0	2	87315 4973 708
21	83143	0.0	2	77880 4709 554
22	75272	0.0	2	70270 4475 527
23	68501	0.0	2	63829 4230 442
24	67647	0.0	2	62413 4649 585
25	64613	0.0	2	59384 4606 623
26	61635	0.0	2	57088 4163 384
27	59054	0.0	2	54501 4041 480 32
28	57297	0.0	2	52414 4259 532 92
29	50361	0.0	2	46159 3684 449 69
30	45357	0.0	3	41331 3467 392 167
31	39412	0.0	3	35877 3088 342 105
32	34444	0.0	3	31148 2821 358 117
33	30298	0.0	3	27387 2498 319 94
34	28708	0.0	3	25779 2448 325 156
35	26518	0.0	3	24014 2102 289 113
36	25602	0.0	3	23166 1924 309 203
37	25018	0.0	3	22539 1882 342 255
38	23241	0.0	3	21011 1719 275 236
39	21666	0.0	3	19502 1638 296 230
40	18971	0.0	3	17270 1374 158 169
41	17416	0.0	3	15643 1376 206 191
42	15168	0.0	3	13695 1137 176 160
43	13230	0.0	3	11978 993 152 107
44	11595	0.0	3	10503 827 150 115
45	10077	0.0	3	9049 788 140 100
46	9276	0.0	3	8292 735 150 99
47	8364	0.0	3	7522 644 111 87
48	8064	0.0	3	7252 596 128 88
49	7794	0.0	3	6968 613 103 110
50	7205	0.0	3	6421 604 107 73
51	8465	0.0	3	7679 605 91 90
52	3832	0.0	3	3403 309 68 52
53	4075	0.0	3	3649 296 73 57
54	3612	0.0	3	3272 268 45 27
55	3218	0.0	3	2814 266 82 56
56	2769	0.0	3	2452 234 39 44
57	2672	0.0	3	2310 247 67 48
58	2383	0.0	3	2089 178 70 46
59	2345	0.0	3	2033 234 46 32
60	2096	0.0	3	1828 176 54 38
61	1856	0.0	3	1625 152 45 34
62	1546	0.0	3	1301 162 48 35
63	1382	0.0	3	1154 142 42 44
64	842	0.0	3	712 84 26 20
65	860	0.0	3	703 95 40 22
66	662	0.0	3	562 60 20 20
67	558	0.0	3	447 54 28 29
68	591	0.0	3	472 61 32 26
69	498	0.0	3	399 64 16 19
70	470	0.0	3	355 52 38 25
71	380	0.0	3	280 39 31 30
72	323	0.0	3	244 36 22 21
73	340	0.0	3	247 47 28 18
74	298	0.0	3	206 52 19 21
75	284	0.0	3	171 60 30 23
76	216	0.0	3	145 36 20 15
77	186	0.0	3	130 33 16 7
78	175	0.0	3	127 28 13 7
79	158	0.0	3	123 18 8 9
80	129	0.0	3	105 19 4 1
81	150	0.0	3	108 29 6 7
82	99	0.0	3	84 10 4 1
83	72	0.0	3	54 16 2
84	121	0.0	3	82 31 7 1
85	108	0.0	3	70 35 3
86	104	0.0	3	51 47 5 1
87	112	0.0	3	66 39 5 2
88	104	0.0	3	65 37 2
89	97	0.0	3	48 48 1
90	125	0.0	3	54 66 5
91	75	0.0	3	44 28 3
92	91	0.0	3	47 44
93	83	0.0	3	36 41 6
94	89	0.0	3	45 40 4
95	84	0.0	3	47 34 2 1
96	111	0.0	3	59 47 4 1
97	157	0.0	3	65 80 12
98	230	0.0	3	100 119 6 5
99	461	0.0	3	220 224 13 4
100	678	0.0	3	270 370 34 4
101	1183	0.0	3	572 555 50 6


=== Second read: Adapter 2 ===

Sequence: AGATCGGAAGAGCGTCGTGTAGGGAAAGAGTGT; Type: regular 3'; Length: 33; Trimmed: 5540157 times

Minimum overlap: 3
No. of allowed errors:
1-9 bp: 0; 10-19 bp: 1; 20-29 bp: 2; 30-33 bp: 3

Bases preceding removed adapters:
  A: 22.2%
  C: 28.6%
  G: 29.9%
  T: 19.1%
  none/other: 0.1%

Overview of removed sequences
length	count	expect	max.err	error counts
3	1344462	1086133.2	0	1344462
4	486904	271533.3	0	486904
5	281825	67883.3	0	281825
6	238941	16970.8	0	238941
7	224703	4242.7	0	224703
8	202333	1060.7	0	202333
9	192082	265.2	0	189914 2168
10	176045	66.3	1	167593 8452
11	160071	16.6	1	152982 7089
12	153856	4.1	1	147122 6734
13	141983	1.0	1	135372 6611
14	149608	0.3	1	142128 7480
15	124465	0.1	1	117869 6596
16	129361	0.0	1	121676 7685
17	136702	0.0	1	128344 8358
18	104935	0.0	1	98712 5605 618
19	108091	0.0	1	100974 6942 175
20	91591	0.0	2	84552 5915 1124
21	81743	0.0	2	75733 5192 818
22	75247	0.0	2	69059 5240 948
23	70003	0.0	2	64248 4795 960
24	68128	0.0	2	62218 5014 896
25	62757	0.0	2	57650 4455 652
26	62737	0.0	2	57203 4571 963
27	60637	0.0	2	54764 4739 1123 11
28	56591	0.0	2	51301 4224 984 82
29	50080	0.0	2	45207 4140 698 35
30	54535	0.0	3	48713 4355 950 517
31	30950	0.0	3	27593 2620 495 242
32	37084	0.0	3	32605 3405 643 431
33	28997	0.0	3	25802 2623 369 203
34	28616	0.0	3	25177 2603 516 320
35	27485	0.0	3	24109 2218 723 435
36	26604	0.0	3	23486 2057 632 429
37	24734	0.0	3	21806 2043 555 330
38	23773	0.0	3	20808 1982 592 391
39	21738	0.0	3	19273 1671 516 278
40	19592	0.0	3	17223 1601 498 270
41	17649	0.0	3	15504 1444 415 286
42	16384	0.0	3	14151 1364 470 399
43	13307	0.0	3	11741 1070 298 198
44	12237	0.0	3	10510 1034 338 355
45	10611	0.0	3	9221 870 297 223
46	9861	0.0	3	8497 800 304 260
47	9035	0.0	3	7643 815 294 283
48	8444	0.0	3	7290 698 250 206
49	8420	0.0	3	7242 710 264 204
50	7590	0.0	3	6478 675 223 214
51	6766	0.0	3	5773 593 231 169
52	5795	0.0	3	4994 487 177 137
53	5218	0.0	3	4327 493 210 188
54	4884	0.0	3	3883 486 247 268
55	3320	0.0	3	2783 304 127 106
56	3429	0.0	3	2672 357 194 206
57	3703	0.0	3	2847 386 224 246
58	2762	0.0	3	2203 272 148 139
59	2582	0.0	3	2116 247 130 89
60	2867	0.0	3	2158 303 211 195
61	2238	0.0	3	1783 215 126 114
62	1975	0.0	3	1510 222 116 127
63	2282	0.0	3	1502 297 226 257
64	1377	0.0	3	976 160 107 134
65	1294	0.0	3	870 186 119 119
66	1102	0.0	3	777 131 83 111
67	1042	0.0	3	692 140 103 107
68	1124	0.0	3	681 152 153 138
69	1003	0.0	3	644 158 86 115
70	884	0.0	3	561 128 94 101
71	865	0.0	3	502 124 118 121
72	784	0.0	3	451 129 88 116
73	745	0.0	3	436 101 99 109
74	710	0.0	3	390 114 97 109
75	681	0.0	3	332 121 94 134
76	608	0.0	3	344 84 79 101
77	476	0.0	3	274 62 68 72
78	462	0.0	3	254 63 57 88
79	394	0.0	3	222 70 45 57
80	374	0.0	3	218 71 44 41
81	282	0.0	3	150 60 42 30
82	237	0.0	3	130 39 19 49
83	184	0.0	3	98 30 24 32
84	174	0.0	3	84 44 24 22
85	144	0.0	3	62 37 21 24
86	128	0.0	3	55 39 12 22
87	92	0.0	3	37 33 8 14
88	104	0.0	3	48 30 14 12
89	121	0.0	3	57 34 20 10
90	94	0.0	3	48 26 9 11
91	92	0.0	3	39 40 7 6
92	81	0.0	3	41 28 7 5
93	92	0.0	3	39 44 2 7
94	74	0.0	3	40 22 5 7
95	106	0.0	3	46 49 8 3
96	113	0.0	3	48 53 6 6
97	173	0.0	3	62 89 16 6
98	251	0.0	3	110 115 19 7
99	443	0.0	3	192 219 28 4
100	695	0.0	3	297 344 43 11
101	1204	0.0	3	558 573 51 22
