This is cutadapt 3.5 with Python 3.6.8
Command line parameters: -o /home/lspencer/2022-redking-OA/trimmed/Tank_13_Crab_2.trimmed.R1.v2.fastq.gz -p /home/lspencer/2022-redking-OA/trimmed/Tank_13_Crab_2.trimmed.R2.v2.fastq.gz -a AGATCGGAAGAGCACACGTCTGAACTCCAGTCA -A AGATCGGAAGAGCGTCGTGTAGGGAAAGAGTGT -q 20,15 -m 50 --trim-n --cores=8 /share/nwfsc/ggoetz/red_king_crab/illumina/Tank_13_Crab_2_R1.fastq.gz /share/nwfsc/ggoetz/red_king_crab/illumina/Tank_13_Crab_2_R2.fastq.gz
Processing reads on 8 cores in paired-end mode ...
Finished in 598.69 s (8 us/read; 7.88 M reads/minute).

=== Summary ===

Total read pairs processed:         78,643,541
  Read 1 with adapter:               6,427,730 (8.2%)
  Read 2 with adapter:               6,141,872 (7.8%)

== Read fate breakdown ==
Pairs that were too short:             133,925 (0.2%)
Pairs written (passing filters):    78,509,616 (99.8%)

Total basepairs processed: 15,885,995,282 bp
  Read 1: 7,942,997,641 bp
  Read 2: 7,942,997,641 bp
Quality-trimmed:              30,421,609 bp (0.2%)
  Read 1:     7,082,385 bp
  Read 2:    23,339,224 bp
Total written (filtered):  15,691,181,344 bp (98.8%)
  Read 1: 7,850,488,860 bp
  Read 2: 7,840,692,484 bp

=== First read: Adapter 1 ===

Sequence: AGATCGGAAGAGCACACGTCTGAACTCCAGTCA; Type: regular 3'; Length: 33; Trimmed: 6427730 times

Minimum overlap: 3
No. of allowed errors:
1-9 bp: 0; 10-19 bp: 1; 20-29 bp: 2; 30-33 bp: 3

Bases preceding removed adapters:
  A: 28.1%
  C: 27.5%
  G: 33.7%
  T: 10.7%
  none/other: 0.1%

Overview of removed sequences
length	count	expect	max.err	error counts
3	1817737	1228805.3	0	1817737
4	573933	307201.3	0	573933
5	328662	76800.3	0	328662
6	271474	19200.1	0	271474
7	249713	4800.0	0	249713
8	224585	1200.0	0	224585
9	212383	300.0	0	209993 2390
10	196708	75.0	1	188850 7858
11	176513	18.8	1	170101 6412
12	166081	4.7	1	160319 5762
13	158919	1.2	1	152816 6103
14	150674	0.3	1	145134 5540
15	146740	0.1	1	140563 6177
16	141354	0.0	1	135304 6050
17	137297	0.0	1	130735 6562
18	128335	0.0	1	122091 6119 125
19	112408	0.0	1	107069 5167 172
20	101954	0.0	2	95887 5373 694
21	90175	0.0	2	84567 5001 607
22	81501	0.0	2	76276 4740 485
23	74386	0.0	2	69605 4304 477
24	73254	0.0	2	68042 4580 632
25	69835	0.0	2	64546 4628 661
26	65888	0.0	2	61271 4189 428
27	63382	0.0	2	58805 4115 442 20
28	60905	0.0	2	56016 4232 584 73
29	52981	0.0	2	48704 3740 471 66
30	48660	0.0	3	44437 3551 474 198
31	40688	0.0	3	37210 3020 347 111
32	37366	0.0	3	33912 2933 373 148
33	32058	0.0	3	29193 2461 302 102
34	29665	0.0	3	26877 2345 304 139
35	28123	0.0	3	25530 2167 308 118
36	27405	0.0	3	24689 2142 366 208
37	26015	0.0	3	23605 1986 284 140
38	24114	0.0	3	21893 1831 263 127
39	22256	0.0	3	20155 1733 238 130
40	19230	0.0	3	17501 1391 227 111
41	17612	0.0	3	15975 1348 190 99
42	15473	0.0	3	13928 1225 218 102
43	13378	0.0	3	12116 1013 171 78
44	11705	0.0	3	10562 938 142 63
45	10684	0.0	3	9646 835 120 83
46	9636	0.0	3	8690 757 118 71
47	8781	0.0	3	7857 726 118 80
48	8599	0.0	3	7738 650 131 80
49	8000	0.0	3	7253 587 102 58
50	7359	0.0	3	6604 595 100 60
51	8380	0.0	3	7581 618 118 63
52	3831	0.0	3	3404 312 67 48
53	4033	0.0	3	3585 328 84 36
54	3775	0.0	3	3409 279 62 25
55	3343	0.0	3	2948 267 84 44
56	2826	0.0	3	2482 251 60 33
57	2605	0.0	3	2306 211 56 32
58	2462	0.0	3	2160 196 60 46
59	2343	0.0	3	2072 193 49 29
60	2115	0.0	3	1858 194 38 25
61	1837	0.0	3	1586 167 46 38
62	1439	0.0	3	1193 165 49 32
63	1402	0.0	3	1165 157 43 37
64	829	0.0	3	684 86 31 28
65	852	0.0	3	662 106 46 38
66	679	0.0	3	569 59 27 24
67	612	0.0	3	500 66 23 23
68	578	0.0	3	435 76 40 27
69	459	0.0	3	371 57 19 12
70	500	0.0	3	382 68 24 26
71	426	0.0	3	325 46 32 23
72	314	0.0	3	230 49 22 13
73	310	0.0	3	248 35 18 9
74	342	0.0	3	240 56 25 21
75	207	0.0	3	143 29 21 14
76	192	0.0	3	132 32 11 17
77	268	0.0	3	197 47 16 8
78	189	0.0	3	139 31 8 11
79	202	0.0	3	153 33 11 5
80	239	0.0	3	177 44 9 9
81	472	0.0	3	344 95 26 7
82	102	0.0	3	84 14 4
83	133	0.0	3	102 25 4 2
84	165	0.0	3	122 30 11 2
85	134	0.0	3	92 40 2
86	119	0.0	3	64 46 8 1
87	125	0.0	3	62 54 8 1
88	127	0.0	3	76 42 5 4
89	123	0.0	3	69 49 4 1
90	92	0.0	3	48 39 5
91	111	0.0	3	51 53 6 1
92	93	0.0	3	42 43 7 1
93	105	0.0	3	50 50 3 2
94	123	0.0	3	59 57 5 2
95	95	0.0	3	48 41 5 1
96	107	0.0	3	51 50 5 1
97	163	0.0	3	63 92 7 1
98	283	0.0	3	125 145 10 3
99	533	0.0	3	247 245 36 5
100	760	0.0	3	322 377 59 2
101	1592	0.0	3	703 728 146 15


=== Second read: Adapter 2 ===

Sequence: AGATCGGAAGAGCGTCGTGTAGGGAAAGAGTGT; Type: regular 3'; Length: 33; Trimmed: 6141872 times

Minimum overlap: 3
No. of allowed errors:
1-9 bp: 0; 10-19 bp: 1; 20-29 bp: 2; 30-33 bp: 3

Bases preceding removed adapters:
  A: 22.5%
  C: 28.3%
  G: 30.3%
  T: 18.8%
  none/other: 0.1%

Overview of removed sequences
length	count	expect	max.err	error counts
3	1548031	1228805.3	0	1548031
4	550411	307201.3	0	550411
5	312717	76800.3	0	312717
6	264851	19200.1	0	264851
7	248454	4800.0	0	248454
8	225356	1200.0	0	225356
9	212991	300.0	0	210673 2318
10	196251	75.0	1	187306 8945
11	177756	18.8	1	170544 7212
12	170095	4.7	1	163334 6761
13	155686	1.2	1	149569 6117
14	166017	0.3	1	158782 7235
15	134762	0.1	1	128522 6240
16	140355	0.0	1	133343 7012
17	150747	0.0	1	142693 8054
18	111935	0.0	1	106360 5173 402
19	118474	0.0	1	111820 6447 207
20	97653	0.0	2	91095 5436 1122
21	88772	0.0	2	82624 5173 975
22	81453	0.0	2	75519 4855 1079
23	75839	0.0	2	70135 4639 1065
24	72920	0.0	2	67251 4682 987
25	68105	0.0	2	62850 4430 825
26	66872	0.0	2	61422 4408 1042
27	65489	0.0	2	59483 4671 1317 18
28	59424	0.0	2	54481 3890 960 93
29	53103	0.0	2	48364 3889 808 42
30	55308	0.0	3	49567 4049 1041 651
31	35004	0.0	3	31569 2575 571 289
32	39094	0.0	3	34418 3414 743 519
33	31564	0.0	3	28405 2507 419 233
34	30733	0.0	3	27205 2543 586 399
35	29311	0.0	3	25933 2407 570 401
36	26522	0.0	3	23766 1853 400 503
37	26293	0.0	3	23293 1872 476 652
38	24436	0.0	3	21755 1813 361 507
39	23385	0.0	3	20602 1700 497 586
40	19206	0.0	3	17183 1355 281 387
41	17970	0.0	3	15921 1293 298 458
42	16369	0.0	3	14229 1267 364 509
43	13578	0.0	3	12067 947 267 297
44	12344	0.0	3	10738 917 305 384
45	11299	0.0	3	9809 881 272 337
46	10386	0.0	3	9008 822 247 309
47	9373	0.0	3	8019 777 269 308
48	9115	0.0	3	7832 708 258 317
49	8783	0.0	3	7521 720 267 275
50	7835	0.0	3	6655 645 243 292
51	6899	0.0	3	5892 557 218 232
52	5753	0.0	3	4920 474 151 208
53	5220	0.0	3	4329 459 192 240
54	5136	0.0	3	4118 482 263 273
55	3414	0.0	3	2920 275 92 127
56	3645	0.0	3	2806 394 214 231
57	3823	0.0	3	2864 417 251 291
58	2845	0.0	3	2259 294 139 153
59	2670	0.0	3	2163 266 103 138
60	3013	0.0	3	2271 336 174 232
61	2227	0.0	3	1773 219 105 130
62	1991	0.0	3	1468 217 160 146
63	2365	0.0	3	1533 309 252 271
64	1360	0.0	3	936 168 131 125
65	1356	0.0	3	932 172 132 120
66	1191	0.0	3	803 146 121 121
67	1173	0.0	3	791 140 110 132
68	1108	0.0	3	706 180 102 120
69	1041	0.0	3	660 172 108 101
70	963	0.0	3	619 133 94 117
71	940	0.0	3	584 143 95 118
72	833	0.0	3	498 145 105 85
73	767	0.0	3	448 133 85 101
74	768	0.0	3	438 137 87 106
75	678	0.0	3	394 107 93 84
76	603	0.0	3	340 104 75 84
77	545	0.0	3	293 85 75 92
78	449	0.0	3	266 72 53 58
79	427	0.0	3	232 77 44 74
80	445	0.0	3	260 65 56 64
81	598	0.0	3	247 131 110 110
82	213	0.0	3	108 32 26 47
83	220	0.0	3	117 42 30 31
84	182	0.0	3	97 38 22 25
85	170	0.0	3	83 41 22 24
86	93	0.0	3	41 22 9 21
87	116	0.0	3	51 36 12 17
88	116	0.0	3	53 32 15 16
89	99	0.0	3	41 42 9 7
90	100	0.0	3	48 34 11 7
91	73	0.0	3	29 34 6 4
92	75	0.0	3	27 37 6 5
93	95	0.0	3	44 38 8 5
94	112	0.0	3	53 44 11 4
95	88	0.0	3	40 39 6 3
96	147	0.0	3	69 62 12 4
97	190	0.0	3	78 89 18 5
98	257	0.0	3	110 119 18 10
99	561	0.0	3	232 295 27 7
100	860	0.0	3	363 421 57 19
101	1432	0.0	3	618 722 66 26
