This is cutadapt 3.5 with Python 3.6.8
Command line parameters: -o /home/lspencer/2022-redking-OA/trimmed/Tank_20_Crab_3.trimmed.R1.v1.fastq.gz -p /home/lspencer/2022-redking-OA/trimmed/Tank_20_Crab_3.trimmed.R2.v1.fastq.gz -a AGATCGGAAGAGCACACGTCTGAACTCCAGTCA -A AGATCGGAAGAGCGTCGTGTAGGGAAAGAGTGT -q 15,10 -m 50 --trim-n --cores=8 /share/nwfsc/ggoetz/red_king_crab/illumina/Tank_20_Crab_3_R1.fastq.gz /share/nwfsc/ggoetz/red_king_crab/illumina/Tank_20_Crab_3_R2.fastq.gz
Processing reads on 8 cores in paired-end mode ...
Finished in 399.73 s (8 us/read; 7.78 M reads/minute).

=== Summary ===

Total read pairs processed:         51,826,545
  Read 1 with adapter:               4,350,674 (8.4%)
  Read 2 with adapter:               4,098,579 (7.9%)

== Read fate breakdown ==
Pairs that were too short:              61,248 (0.1%)
Pairs written (passing filters):    51,765,297 (99.9%)

Total basepairs processed: 10,468,962,090 bp
  Read 1: 5,234,481,045 bp
  Read 2: 5,234,481,045 bp
Quality-trimmed:               4,603,105 bp (0.0%)
  Read 1:       873,221 bp
  Read 2:     3,729,884 bp
Total written (filtered):  10,353,036,087 bp (98.9%)
  Read 1: 5,177,537,519 bp
  Read 2: 5,175,498,568 bp

=== First read: Adapter 1 ===

Sequence: AGATCGGAAGAGCACACGTCTGAACTCCAGTCA; Type: regular 3'; Length: 33; Trimmed: 4350674 times

Minimum overlap: 3
No. of allowed errors:
1-9 bp: 0; 10-19 bp: 1; 20-29 bp: 2; 30-33 bp: 3

Bases preceding removed adapters:
  A: 27.8%
  C: 28.1%
  G: 33.7%
  T: 10.1%
  none/other: 0.3%

Overview of removed sequences
length	count	expect	max.err	error counts
3	1229630	809789.8	0	1229630
4	383593	202447.4	0	383593
5	221828	50611.9	0	221828
6	178261	12653.0	0	178261
7	160055	3163.2	0	160055
8	147025	790.8	0	147025
9	133379	197.7	0	131681 1698
10	125614	49.4	1	119924 5690
11	116206	12.4	1	111365 4841
12	108124	3.1	1	103837 4287
13	104338	0.8	1	99947 4391
14	101245	0.2	1	96945 4300
15	98722	0.0	1	94132 4590
16	95808	0.0	1	91082 4726
17	91779	0.0	1	87137 4642
18	84952	0.0	1	80480 4301 171
19	75350	0.0	1	71121 4054 175
20	67612	0.0	2	63310 3827 475
21	60255	0.0	2	56095 3690 470
22	54736	0.0	2	50850 3497 389
23	51892	0.0	2	48175 3262 455
24	49957	0.0	2	46195 3317 445
25	48379	0.0	2	44470 3479 430
26	47510	0.0	2	43513 3601 396
27	45078	0.0	2	41259 3365 413 41
28	42000	0.0	2	38307 3216 414 63
29	38144	0.0	2	34663 2909 414 158
30	33581	0.0	3	30461 2591 341 188
31	28954	0.0	3	26170 2362 309 113
32	26104	0.0	3	23514 2185 293 112
33	23492	0.0	3	21081 2071 240 100
34	21986	0.0	3	19735 1899 261 91
35	20793	0.0	3	18768 1746 215 64
36	20158	0.0	3	18063 1701 283 111
37	19334	0.0	3	17329 1644 242 119
38	18679	0.0	3	16717 1619 222 121
39	17109	0.0	3	15425 1406 172 106
40	15454	0.0	3	13840 1327 191 96
41	14055	0.0	3	12628 1196 145 86
42	12253	0.0	3	10941 1075 151 86
43	10612	0.0	3	9528 879 139 66
44	9349	0.0	3	8439 728 125 57
45	8332	0.0	3	7446 739 92 55
46	7569	0.0	3	6759 656 106 48
47	7234	0.0	3	6484 602 104 44
48	6993	0.0	3	6260 580 88 65
49	6631	0.0	3	5934 575 78 44
50	6136	0.0	3	5495 505 86 50
51	5585	0.0	3	4953 488 93 51
52	4641	0.0	3	4122 405 65 49
53	4196	0.0	3	3771 331 60 34
54	3300	0.0	3	2902 315 48 35
55	2836	0.0	3	2518 253 41 24
56	2622	0.0	3	2342 206 43 31
57	2420	0.0	3	2126 233 32 29
58	2201	0.0	3	1934 200 43 24
59	2238	0.0	3	1956 205 36 41
60	2000	0.0	3	1773 154 39 34
61	1666	0.0	3	1477 137 33 19
62	1382	0.0	3	1217 114 36 15
63	1118	0.0	3	944 109 45 20
64	888	0.0	3	734 98 36 20
65	748	0.0	3	613 78 37 20
66	711	0.0	3	585 78 30 18
67	602	0.0	3	501 52 29 20
68	588	0.0	3	468 74 31 15
69	515	0.0	3	400 77 21 17
70	423	0.0	3	338 51 19 15
71	327	0.0	3	242 52 15 18
72	302	0.0	3	233 42 14 13
73	225	0.0	3	162 34 22 7
74	202	0.0	3	152 26 11 13
75	163	0.0	3	111 28 12 12
76	182	0.0	3	122 31 11 18
77	157	0.0	3	117 20 11 9
78	137	0.0	3	93 30 9 5
79	98	0.0	3	69 16 8 5
80	95	0.0	3	73 11 7 4
81	293	0.0	3	197 68 20 8
82	71	0.0	3	56 13 2
83	76	0.0	3	58 17 1
84	75	0.0	3	65 9 1
85	48	0.0	3	40 3 3 2
86	44	0.0	3	39 3 2
87	31	0.0	3	30 1
88	19	0.0	3	14 2 2 1
89	31	0.0	3	30 1
90	15	0.0	3	13 1 1
91	16	0.0	3	15 1
92	24	0.0	3	23 1
93	2	0.0	3	2
94	1	0.0	3	1
95	4	0.0	3	3 0 1
96	2	0.0	3	0 0 0 2
97	1	0.0	3	1
98	6	0.0	3	4 0 0 2
99	12	0.0	3	9 2 0 1
100	110	0.0	3	5 27 68 10
101	10945	0.0	3	3785 6549 572 39


=== Second read: Adapter 2 ===

Sequence: AGATCGGAAGAGCGTCGTGTAGGGAAAGAGTGT; Type: regular 3'; Length: 33; Trimmed: 4098579 times

Minimum overlap: 3
No. of allowed errors:
1-9 bp: 0; 10-19 bp: 1; 20-29 bp: 2; 30-33 bp: 3

Bases preceding removed adapters:
  A: 21.3%
  C: 28.6%
  G: 31.0%
  T: 18.8%
  none/other: 0.3%

Overview of removed sequences
length	count	expect	max.err	error counts
3	1004277	809789.8	0	1004277
4	362270	202447.4	0	362270
5	209632	50611.9	0	209632
6	172661	12653.0	0	172661
7	159610	3163.2	0	159610
8	147507	790.8	0	147507
9	132871	197.7	0	131262 1609
10	125925	49.4	1	119567 6358
11	116432	12.4	1	111148 5284
12	108388	3.1	1	103616 4772
13	104364	0.8	1	99141 5223
14	101523	0.2	1	96463 5060
15	98565	0.0	1	92357 6208
16	95537	0.0	1	89510 6027
17	91561	0.0	1	85794 5767
18	84228	0.0	1	78486 5311 431
19	75013	0.0	1	69874 4922 217
20	67579	0.0	2	62033 4447 1099
21	60128	0.0	2	55064 4207 857
22	54669	0.0	2	49968 3970 731
23	51916	0.0	2	47563 3584 769
24	50033	0.0	2	45665 3656 712
25	48326	0.0	2	43954 3688 684
26	47453	0.0	2	43087 3570 796
27	44964	0.0	2	40503 3608 840 13
28	41702	0.0	2	37524 3254 851 73
29	38065	0.0	2	34190 3212 607 56
30	33778	0.0	3	29981 2799 672 326
31	29126	0.0	3	25301 2890 574 361
32	26241	0.0	3	23056 2460 469 256
33	23663	0.0	3	20672 2307 429 255
34	22153	0.0	3	19486 2056 366 245
35	20903	0.0	3	18406 1935 351 211
36	20309	0.0	3	17811 1701 350 447
37	19566	0.0	3	17198 1591 348 429
38	18848	0.0	3	16507 1587 335 419
39	17294	0.0	3	15173 1467 289 365
40	15717	0.0	3	13821 1309 286 301
41	14348	0.0	3	12525 1199 282 342
42	12503	0.0	3	10842 1154 224 283
43	10977	0.0	3	9514 941 231 291
44	9663	0.0	3	8389 820 199 255
45	8639	0.0	3	7460 760 181 238
46	7877	0.0	3	6853 647 183 194
47	7537	0.0	3	6549 636 182 170
48	7348	0.0	3	6277 651 179 241
49	6933	0.0	3	5908 639 167 219
50	6464	0.0	3	5534 566 146 218
51	5933	0.0	3	5075 535 141 182
52	4988	0.0	3	4259 414 154 161
53	4533	0.0	3	3803 436 139 155
54	3669	0.0	3	3005 365 139 160
55	3182	0.0	3	2612 322 120 128
56	2949	0.0	3	2428 283 115 123
57	2759	0.0	3	2256 253 117 133
58	2553	0.0	3	2067 241 108 137
59	2636	0.0	3	2078 284 126 148
60	2386	0.0	3	1883 256 108 139
61	2015	0.0	3	1596 211 98 110
62	1718	0.0	3	1331 179 93 115
63	1471	0.0	3	1081 160 102 128
64	1247	0.0	3	880 151 95 121
65	1094	0.0	3	772 136 74 112
66	1047	0.0	3	712 124 103 108
67	941	0.0	3	631 134 75 101
68	933	0.0	3	618 130 80 105
69	883	0.0	3	554 106 106 117
70	784	0.0	3	461 114 94 115
71	635	0.0	3	386 82 75 92
72	613	0.0	3	357 91 66 99
73	523	0.0	3	286 74 69 94
74	497	0.0	3	264 75 70 88
75	435	0.0	3	204 77 62 92
76	451	0.0	3	234 72 62 83
77	370	0.0	3	199 61 36 74
78	328	0.0	3	174 49 36 69
79	249	0.0	3	120 46 31 52
80	210	0.0	3	106 33 29 42
81	328	0.0	3	121 80 61 66
82	152	0.0	3	66 29 25 32
83	123	0.0	3	64 18 12 29
84	131	0.0	3	72 15 21 23
85	111	0.0	3	51 18 20 22
86	79	0.0	3	43 11 8 17
87	70	0.0	3	28 17 8 17
88	45	0.0	3	21 5 8 11
89	62	0.0	3	32 11 8 11
90	35	0.0	3	19 5 4 7
91	24	0.0	3	14 3 2 5
92	35	0.0	3	23 4 2 6
93	7	0.0	3	1 0 4 2
94	5	0.0	3	3 0 0 2
95	8	0.0	3	3 1 0 4
96	7	0.0	3	2 0 1 4
97	7	0.0	3	1 0 3 3
98	7	0.0	3	5 0 1 1
99	8	0.0	3	1 3 1 3
100	270	0.0	3	3 105 138 24
101	9947	0.0	3	3644 5777 469 57
