This is cutadapt 3.5 with Python 3.6.8
Command line parameters: -o /home/lspencer/2022-redking-OA/trimmed/Tank_11_Crab_1.trimmed.R1.v2.fastq.gz -p /home/lspencer/2022-redking-OA/trimmed/Tank_11_Crab_1.trimmed.R2.v2.fastq.gz -a AGATCGGAAGAGCACACGTCTGAACTCCAGTCA -A AGATCGGAAGAGCGTCGTGTAGGGAAAGAGTGT -q 20,15 -m 50 --trim-n --cores=8 /share/nwfsc/ggoetz/red_king_crab/illumina/Tank_11_Crab_1_R1.fastq.gz /share/nwfsc/ggoetz/red_king_crab/illumina/Tank_11_Crab_1_R2.fastq.gz
Processing reads on 8 cores in paired-end mode ...
Finished in 422.85 s (8 us/read; 7.87 M reads/minute).

=== Summary ===

Total read pairs processed:         55,464,891
  Read 1 with adapter:               4,533,117 (8.2%)
  Read 2 with adapter:               4,293,340 (7.7%)

== Read fate breakdown ==
Pairs that were too short:              85,966 (0.2%)
Pairs written (passing filters):    55,378,925 (99.8%)

Total basepairs processed: 11,203,907,982 bp
  Read 1: 5,601,953,991 bp
  Read 2: 5,601,953,991 bp
Quality-trimmed:              21,296,397 bp (0.2%)
  Read 1:     4,813,725 bp
  Read 2:    16,482,672 bp
Total written (filtered):  11,069,778,596 bp (98.8%)
  Read 1: 5,538,570,448 bp
  Read 2: 5,531,208,148 bp

=== First read: Adapter 1 ===

Sequence: AGATCGGAAGAGCACACGTCTGAACTCCAGTCA; Type: regular 3'; Length: 33; Trimmed: 4533117 times

Minimum overlap: 3
No. of allowed errors:
1-9 bp: 0; 10-19 bp: 1; 20-29 bp: 2; 30-33 bp: 3

Bases preceding removed adapters:
  A: 27.7%
  C: 28.4%
  G: 33.1%
  T: 10.6%
  none/other: 0.0%

Overview of removed sequences
length	count	expect	max.err	error counts
3	1301093	866638.9	0	1301093
4	413199	216659.7	0	413199
5	235213	54164.9	0	235213
6	191769	13541.2	0	191769
7	175705	3385.3	0	175705
8	159428	846.3	0	159428
9	150847	211.6	0	149135 1712
10	139628	52.9	1	134059 5569
11	125991	13.2	1	121425 4566
12	118148	3.3	1	113848 4300
13	113331	0.8	1	109079 4252
14	106160	0.2	1	102047 4113
15	103864	0.1	1	99339 4525
16	98441	0.0	1	94194 4247
17	95324	0.0	1	90643 4681
18	88584	0.0	1	84221 4270 93
19	77891	0.0	1	73961 3796 134
20	70453	0.0	2	66012 3959 482
21	63176	0.0	2	59215 3524 437
22	56497	0.0	2	52744 3378 375
23	52473	0.0	2	48875 3243 355
24	50064	0.0	2	46285 3356 423
25	47815	0.0	2	44218 3193 404
26	44814	0.0	2	41634 2929 251
27	43176	0.0	2	39934 2867 338 37
28	40539	0.0	2	37033 3078 374 54
29	36218	0.0	2	33241 2661 280 36
30	32577	0.0	3	29696 2420 307 154
31	27699	0.0	3	25262 2099 266 72
32	24997	0.0	3	22619 2020 265 93
33	21629	0.0	3	19659 1725 183 62
34	20723	0.0	3	18740 1686 226 71
35	18729	0.0	3	16935 1474 219 101
36	17884	0.0	3	16045 1423 272 144
37	16731	0.0	3	15085 1272 256 118
38	16590	0.0	3	14981 1261 243 105
39	14595	0.0	3	13222 1023 249 101
40	13290	0.0	3	11960 1002 209 119
41	11550	0.0	3	10477 836 167 70
42	10282	0.0	3	9273 770 171 68
43	9018	0.0	3	8144 696 119 59
44	8032	0.0	3	7242 593 133 64
45	6993	0.0	3	6317 521 107 48
46	6381	0.0	3	5745 498 88 50
47	5729	0.0	3	5152 440 82 55
48	5535	0.0	3	4933 464 79 59
49	5236	0.0	3	4721 366 103 46
50	5014	0.0	3	4463 440 73 38
51	5635	0.0	3	5101 398 82 54
52	2547	0.0	3	2272 204 43 28
53	2696	0.0	3	2405 211 48 32
54	2465	0.0	3	2225 176 40 24
55	2320	0.0	3	2071 178 45 26
56	2019	0.0	3	1762 176 48 33
57	1751	0.0	3	1544 147 40 20
58	1636	0.0	3	1450 131 31 24
59	1683	0.0	3	1502 126 37 18
60	1512	0.0	3	1322 124 36 30
61	1296	0.0	3	1101 129 41 25
62	1002	0.0	3	862 89 29 22
63	974	0.0	3	825 93 32 24
64	617	0.0	3	541 52 12 12
65	652	0.0	3	530 64 32 26
66	444	0.0	3	368 45 17 14
67	405	0.0	3	326 43 24 12
68	420	0.0	3	330 45 21 24
69	327	0.0	3	266 33 16 12
70	296	0.0	3	229 35 20 12
71	280	0.0	3	225 29 12 14
72	213	0.0	3	159 26 17 11
73	207	0.0	3	147 27 20 13
74	177	0.0	3	117 24 21 15
75	128	0.0	3	91 24 8 5
76	140	0.0	3	104 14 11 11
77	123	0.0	3	87 25 9 2
78	117	0.0	3	90 15 10 2
79	109	0.0	3	84 14 6 5
80	74	0.0	3	60 10 3 1
81	59	0.0	3	51 7 1
82	62	0.0	3	57 4 0 1
83	45	0.0	3	34 9 1 1
84	58	0.0	3	49 7 2
85	60	0.0	3	45 14 0 1
86	54	0.0	3	37 17
87	51	0.0	3	30 19 0 2
88	44	0.0	3	27 16 1
89	44	0.0	3	27 17
90	37	0.0	3	21 12 3 1
91	50	0.0	3	24 24 2
92	34	0.0	3	17 14 3
93	28	0.0	3	17 10 1
94	27	0.0	3	11 15 1
95	40	0.0	3	25 13 1 1
96	50	0.0	3	27 21 2
97	60	0.0	3	32 25 1 2
98	90	0.0	3	38 45 7
99	189	0.0	3	92 90 5 2
100	277	0.0	3	119 138 19 1
101	438	0.0	3	234 184 18 2


=== Second read: Adapter 2 ===

Sequence: AGATCGGAAGAGCGTCGTGTAGGGAAAGAGTGT; Type: regular 3'; Length: 33; Trimmed: 4293340 times

Minimum overlap: 3
No. of allowed errors:
1-9 bp: 0; 10-19 bp: 1; 20-29 bp: 2; 30-33 bp: 3

Bases preceding removed adapters:
  A: 21.8%
  C: 29.0%
  G: 30.1%
  T: 19.1%
  none/other: 0.0%

Overview of removed sequences
length	count	expect	max.err	error counts
3	1085331	866638.9	0	1085331
4	390452	216659.7	0	390452
5	221978	54164.9	0	221978
6	185338	13541.2	0	185338
7	173178	3385.3	0	173178
8	160245	846.3	0	160245
9	150940	211.6	0	149114 1826
10	138424	52.9	1	131949 6475
11	127124	13.2	1	121689 5435
12	120193	3.3	1	115068 5125
13	111587	0.8	1	106700 4887
14	115423	0.2	1	110201 5222
15	96478	0.1	1	91715 4763
16	98191	0.0	1	92957 5234
17	101246	0.0	1	95645 5601
18	80441	0.0	1	76258 3832 351
19	79372	0.0	1	74663 4574 135
20	70202	0.0	2	65161 4221 820
21	62280	0.0	2	57890 3752 638
22	56514	0.0	2	52301 3565 648
23	53322	0.0	2	49143 3462 717
24	50108	0.0	2	46198 3289 621
25	46487	0.0	2	42872 3133 482
26	45528	0.0	2	41701 3157 670
27	44409	0.0	2	40328 3260 816 5
28	39825	0.0	2	36381 2708 685 51
29	36157	0.0	2	32915 2725 492 25
30	36394	0.0	3	32516 2815 688 375
31	24484	0.0	3	22216 1736 349 183
32	25247	0.0	3	22357 2121 487 282
33	21983	0.0	3	19670 1848 300 165
34	21081	0.0	3	18577 1963 332 209
35	19265	0.0	3	17088 1644 331 202
36	18131	0.0	3	16078 1583 305 165
37	16881	0.0	3	15048 1396 251 186
38	16442	0.0	3	14535 1418 285 204
39	15798	0.0	3	13991 1324 282 201
40	13573	0.0	3	12013 1140 244 176
41	11724	0.0	3	10454 968 180 122
42	10697	0.0	3	9409 909 215 164
43	9310	0.0	3	8221 819 155 115
44	8356	0.0	3	7266 748 199 143
45	7543	0.0	3	6576 643 185 139
46	6858	0.0	3	5903 665 164 126
47	6182	0.0	3	5287 566 175 154
48	5808	0.0	3	5016 541 142 109
49	5726	0.0	3	4926 514 168 118
50	5359	0.0	3	4578 537 141 103
51	4559	0.0	3	3924 426 115 94
52	3924	0.0	3	3375 352 114 83
53	3484	0.0	3	2879 387 130 88
54	3373	0.0	3	2729 364 157 123
55	2440	0.0	3	2059 239 74 68
56	2476	0.0	3	1966 276 119 115
57	2546	0.0	3	1945 301 171 129
58	1884	0.0	3	1560 202 65 57
59	1894	0.0	3	1572 181 68 73
60	2159	0.0	3	1597 290 133 139
61	1649	0.0	3	1308 174 80 87
62	1342	0.0	3	1015 173 94 60
63	1679	0.0	3	1123 261 148 147
64	1024	0.0	3	733 137 87 67
65	947	0.0	3	670 125 93 59
66	767	0.0	3	530 114 65 58
67	763	0.0	3	534 111 57 61
68	826	0.0	3	519 141 93 73
69	717	0.0	3	454 116 72 75
70	653	0.0	3	411 107 65 70
71	596	0.0	3	365 102 67 62
72	538	0.0	3	334 98 62 44
73	551	0.0	3	314 98 81 58
74	510	0.0	3	281 103 68 58
75	440	0.0	3	248 89 48 55
76	443	0.0	3	240 75 71 57
77	360	0.0	3	214 68 46 32
78	325	0.0	3	182 62 53 28
79	290	0.0	3	171 58 35 26
80	256	0.0	3	147 50 30 29
81	173	0.0	3	100 32 23 18
82	169	0.0	3	79 36 27 27
83	115	0.0	3	58 19 14 24
84	107	0.0	3	58 29 8 12
85	87	0.0	3	37 27 12 11
86	72	0.0	3	39 15 6 12
87	72	0.0	3	29 22 10 11
88	60	0.0	3	35 14 5 6
89	56	0.0	3	23 21 7 5
90	49	0.0	3	23 11 8 7
91	44	0.0	3	25 14 3 2
92	48	0.0	3	20 17 5 6
93	47	0.0	3	26 16 2 3
94	23	0.0	3	8 12 2 1
95	43	0.0	3	18 19 3 3
96	51	0.0	3	17 26 5 3
97	72	0.0	3	28 34 6 4
98	77	0.0	3	30 33 9 5
99	214	0.0	3	100 95 16 3
100	275	0.0	3	132 127 13 3
101	456	0.0	3	220 207 20 9
