This is cutadapt 3.5 with Python 3.6.8
Command line parameters: -o /home/lspencer/2022-redking-OA/trimmed/Tank_5_Crab_1.trimmed.R1.v1.fastq.gz -p /home/lspencer/2022-redking-OA/trimmed/Tank_5_Crab_1.trimmed.R2.v1.fastq.gz -a AGATCGGAAGAGCACACGTCTGAACTCCAGTCA -A AGATCGGAAGAGCGTCGTGTAGGGAAAGAGTGT -q 15,10 -m 50 --trim-n --cores=8 /share/nwfsc/ggoetz/red_king_crab/illumina/Tank_5_Crab_1_R1.fastq.gz /share/nwfsc/ggoetz/red_king_crab/illumina/Tank_5_Crab_1_R2.fastq.gz
Processing reads on 8 cores in paired-end mode ...
Finished in 524.65 s (8 us/read; 7.81 M reads/minute).

=== Summary ===

Total read pairs processed:         68,295,831
  Read 1 with adapter:               5,840,351 (8.6%)
  Read 2 with adapter:               5,547,549 (8.1%)

== Read fate breakdown ==
Pairs that were too short:              82,817 (0.1%)
Pairs written (passing filters):    68,213,014 (99.9%)

Total basepairs processed: 13,795,757,862 bp
  Read 1: 6,897,878,931 bp
  Read 2: 6,897,878,931 bp
Quality-trimmed:               6,283,361 bp (0.0%)
  Read 1:     1,086,964 bp
  Read 2:     5,196,397 bp
Total written (filtered):  13,639,302,682 bp (98.9%)
  Read 1: 6,821,319,183 bp
  Read 2: 6,817,983,499 bp

=== First read: Adapter 1 ===

Sequence: AGATCGGAAGAGCACACGTCTGAACTCCAGTCA; Type: regular 3'; Length: 33; Trimmed: 5840351 times

Minimum overlap: 3
No. of allowed errors:
1-9 bp: 0; 10-19 bp: 1; 20-29 bp: 2; 30-33 bp: 3

Bases preceding removed adapters:
  A: 27.7%
  C: 28.1%
  G: 33.6%
  T: 10.4%
  none/other: 0.3%

Overview of removed sequences
length	count	expect	max.err	error counts
3	1601509	1067122.4	0	1601509
4	517604	266780.6	0	517604
5	295085	66695.1	0	295085
6	243154	16673.8	0	243154
7	220021	4168.4	0	220021
8	204961	1042.1	0	204961
9	190443	260.5	0	188298 2145
10	177267	65.1	1	169657 7610
11	161002	16.3	1	154832 6170
12	149370	4.1	1	143799 5571
13	141733	1.0	1	136218 5515
14	135672	0.3	1	130118 5554
15	132001	0.1	1	126292 5709
16	129349	0.0	1	123369 5980
17	124249	0.0	1	118624 5625
18	116058	0.0	1	110406 5446 206
19	105620	0.0	1	99944 5472 204
20	94375	0.0	2	88693 5044 638
21	84033	0.0	2	78655 4755 623
22	75178	0.0	2	70156 4496 526
23	70215	0.0	2	65520 4104 591
24	65815	0.0	2	61195 4115 505
25	63607	0.0	2	58800 4277 530
26	61435	0.0	2	56710 4230 495
27	59730	0.0	2	55264 3898 531 37
28	55676	0.0	2	51198 3918 469 91
29	51187	0.0	2	46928 3544 499 216
30	46199	0.0	3	42195 3343 408 253
31	40072	0.0	3	36372 3076 445 179
32	35305	0.0	3	31820 2992 352 141
33	31589	0.0	3	28464 2689 322 114
34	29080	0.0	3	26361 2309 316 94
35	27232	0.0	3	24553 2258 294 127
36	26000	0.0	3	23466 2091 310 133
37	25259	0.0	3	22783 2030 306 140
38	23718	0.0	3	21413 1888 271 146
39	22372	0.0	3	20212 1771 274 115
40	20153	0.0	3	18256 1545 244 108
41	17818	0.0	3	16074 1442 187 115
42	16085	0.0	3	14521 1249 217 98
43	14166	0.0	3	12762 1145 173 86
44	12169	0.0	3	10997 954 151 67
45	11004	0.0	3	9938 877 129 60
46	10028	0.0	3	9056 800 111 61
47	9236	0.0	3	8342 749 103 42
48	9001	0.0	3	8147 695 101 58
49	8629	0.0	3	7790 696 96 47
50	7996	0.0	3	7175 665 91 65
51	6933	0.0	3	6279 520 91 43
52	6276	0.0	3	5666 467 84 59
53	5426	0.0	3	4864 431 78 53
54	4613	0.0	3	4143 362 75 33
55	3962	0.0	3	3583 282 62 35
56	3304	0.0	3	2945 270 63 26
57	3108	0.0	3	2763 253 50 42
58	2938	0.0	3	2583 261 55 39
59	2895	0.0	3	2574 228 55 38
60	2643	0.0	3	2355 208 51 29
61	2116	0.0	3	1857 192 40 27
62	1835	0.0	3	1601 161 50 23
63	1507	0.0	3	1303 116 59 29
64	1184	0.0	3	1007 111 45 21
65	1018	0.0	3	853 111 29 25
66	798	0.0	3	664 90 26 18
67	698	0.0	3	556 77 39 26
68	650	0.0	3	513 69 43 25
69	577	0.0	3	448 82 26 21
70	534	0.0	3	425 55 25 29
71	360	0.0	3	276 47 18 19
72	314	0.0	3	242 35 23 14
73	264	0.0	3	186 46 12 20
74	233	0.0	3	149 35 32 17
75	233	0.0	3	154 45 10 24
76	196	0.0	3	133 36 16 11
77	146	0.0	3	94 29 10 13
78	148	0.0	3	106 20 12 10
79	129	0.0	3	84 27 8 10
80	112	0.0	3	88 15 6 3
81	221	0.0	3	145 59 10 7
82	95	0.0	3	78 10 5 2
83	68	0.0	3	53 9 6
84	67	0.0	3	58 6 2 1
85	47	0.0	3	36 5 6
86	47	0.0	3	44 3
87	44	0.0	3	39 4 0 1
88	35	0.0	3	31 3 0 1
89	61	0.0	3	58 2 1
90	30	0.0	3	27 1 1 1
91	24	0.0	3	21 3
92	58	0.0	3	53 4 1
93	4	0.0	3	3 1
94	1	0.0	3	1
95	3	0.0	3	2 0 0 1
96	2	0.0	3	0 2
97	2	0.0	3	0 0 2
98	1	0.0	3	0 1
99	8	0.0	3	6 0 1 1
100	175	0.0	3	6 57 97 15
101	14748	0.0	3	5436 8584 660 68


=== Second read: Adapter 2 ===

Sequence: AGATCGGAAGAGCGTCGTGTAGGGAAAGAGTGT; Type: regular 3'; Length: 33; Trimmed: 5547549 times

Minimum overlap: 3
No. of allowed errors:
1-9 bp: 0; 10-19 bp: 1; 20-29 bp: 2; 30-33 bp: 3

Bases preceding removed adapters:
  A: 21.6%
  C: 29.0%
  G: 30.1%
  T: 19.0%
  none/other: 0.3%

Overview of removed sequences
length	count	expect	max.err	error counts
3	1338954	1067122.4	0	1338954
4	482710	266780.6	0	482710
5	281044	66695.1	0	281044
6	235494	16673.8	0	235494
7	219648	4168.4	0	219648
8	205454	1042.1	0	205454
9	190697	260.5	0	188185 2512
10	178186	65.1	1	169645 8541
11	161579	16.3	1	154871 6708
12	149798	4.1	1	143924 5874
13	141861	1.0	1	135736 6125
14	135959	0.3	1	129899 6060
15	131814	0.1	1	124269 7545
16	129001	0.0	1	122243 6758
17	123981	0.0	1	117481 6500
18	115092	0.0	1	108450 6363 279
19	105078	0.0	1	99025 5755 298
20	94377	0.0	2	87882 5225 1270
21	84027	0.0	2	77941 5031 1055
22	75199	0.0	2	69632 4557 1010
23	70327	0.0	2	65003 4258 1066
24	65917	0.0	2	60729 4234 954
25	63646	0.0	2	58537 4183 926
26	61416	0.0	2	56449 3960 1007
27	59725	0.0	2	54602 4042 1067 14
28	55506	0.0	2	50751 3671 999 85
29	51162	0.0	2	46478 3822 769 93
30	46486	0.0	3	41866 3395 749 476
31	40341	0.0	3	36065 3188 655 433
32	35554	0.0	3	31829 2845 566 314
33	31959	0.0	3	28503 2591 531 334
34	29469	0.0	3	26175 2428 541 325
35	27646	0.0	3	24602 2264 480 300
36	26339	0.0	3	23440 2159 438 302
37	25671	0.0	3	22809 2120 426 316
38	24148	0.0	3	21490 1983 375 300
39	22919	0.0	3	20385 1924 368 242
40	20705	0.0	3	18405 1704 349 247
41	18316	0.0	3	16305 1474 314 223
42	16602	0.0	3	14739 1342 306 215
43	14777	0.0	3	13072 1225 264 216
44	12749	0.0	3	11289 1021 262 177
45	11620	0.0	3	10156 986 274 204
46	10649	0.0	3	9242 983 236 188
47	9795	0.0	3	8585 850 208 152
48	9598	0.0	3	8346 893 216 143
49	9276	0.0	3	8045 807 246 178
50	8598	0.0	3	7456 758 223 161
51	7522	0.0	3	6538 669 192 123
52	6918	0.0	3	5961 608 179 170
53	6004	0.0	3	5166 533 181 124
54	5178	0.0	3	4382 473 171 152
55	4605	0.0	3	3834 464 158 149
56	3935	0.0	3	3219 427 163 126
57	3741	0.0	3	3038 393 173 137
58	3541	0.0	3	2873 376 171 121
59	3500	0.0	3	2848 370 150 132
60	3254	0.0	3	2652 315 158 129
61	2706	0.0	3	2104 338 144 120
62	2429	0.0	3	1865 294 155 115
63	2066	0.0	3	1554 280 119 113
64	1744	0.0	3	1256 243 123 122
65	1600	0.0	3	1137 221 132 110
66	1386	0.0	3	940 205 127 114
67	1272	0.0	3	841 186 137 108
68	1167	0.0	3	783 184 113 87
69	1127	0.0	3	729 184 112 102
70	1058	0.0	3	675 158 125 100
71	861	0.0	3	513 150 113 85
72	838	0.0	3	489 172 88 89
73	745	0.0	3	422 137 93 93
74	663	0.0	3	373 119 87 84
75	656	0.0	3	359 136 83 78
76	576	0.0	3	323 122 71 60
77	496	0.0	3	279 103 62 52
78	401	0.0	3	228 72 54 47
79	359	0.0	3	200 66 46 47
80	298	0.0	3	164 57 35 42
81	322	0.0	3	148 64 58 52
82	245	0.0	3	126 49 30 40
83	174	0.0	3	87 38 23 26
84	148	0.0	3	79 26 21 22
85	132	0.0	3	58 31 24 19
86	123	0.0	3	64 21 21 17
87	110	0.0	3	57 13 12 28
88	87	0.0	3	50 15 14 8
89	98	0.0	3	62 20 8 8
90	49	0.0	3	32 11 3 3
91	34	0.0	3	23 5 2 4
92	82	0.0	3	52 13 10 7
93	9	0.0	3	4 0 2 3
94	9	0.0	3	2 2 4 1
95	10	0.0	3	4 2 1 3
96	9	0.0	3	1 0 3 5
97	6	0.0	3	0 2 0 4
98	9	0.0	3	0 1 3 5
99	10	0.0	3	1 3 2 4
100	423	0.0	3	5 156 236 26
101	13945	0.0	3	5203 8189 503 50
