This is cutadapt 3.5 with Python 3.6.8
Command line parameters: -o /home/lspencer/2022-redking-OA/trimmed/Tank_18_Crab_1.trimmed.R1.v1.fastq.gz -p /home/lspencer/2022-redking-OA/trimmed/Tank_18_Crab_1.trimmed.R2.v1.fastq.gz -a AGATCGGAAGAGCACACGTCTGAACTCCAGTCA -A AGATCGGAAGAGCGTCGTGTAGGGAAAGAGTGT -q 15,10 -m 50 --trim-n --cores=8 /share/nwfsc/ggoetz/red_king_crab/illumina/Tank_18_Crab_1_R1.fastq.gz /share/nwfsc/ggoetz/red_king_crab/illumina/Tank_18_Crab_1_R2.fastq.gz
Processing reads on 8 cores in paired-end mode ...
Finished in 431.25 s (8 us/read; 7.78 M reads/minute).

=== Summary ===

Total read pairs processed:         55,932,350
  Read 1 with adapter:               4,018,112 (7.2%)
  Read 2 with adapter:               3,804,964 (6.8%)

== Read fate breakdown ==
Pairs that were too short:              40,423 (0.1%)
Pairs written (passing filters):    55,891,927 (99.9%)

Total basepairs processed: 11,298,334,700 bp
  Read 1: 5,649,167,350 bp
  Read 2: 5,649,167,350 bp
Quality-trimmed:               5,282,634 bp (0.0%)
  Read 1:       882,282 bp
  Read 2:     4,400,352 bp
Total written (filtered):  11,199,008,281 bp (99.1%)
  Read 1: 5,601,020,044 bp
  Read 2: 5,597,988,237 bp

=== First read: Adapter 1 ===

Sequence: AGATCGGAAGAGCACACGTCTGAACTCCAGTCA; Type: regular 3'; Length: 33; Trimmed: 4018112 times

Minimum overlap: 3
No. of allowed errors:
1-9 bp: 0; 10-19 bp: 1; 20-29 bp: 2; 30-33 bp: 3

Bases preceding removed adapters:
  A: 27.8%
  C: 28.5%
  G: 32.6%
  T: 11.0%
  none/other: 0.1%

Overview of removed sequences
length	count	expect	max.err	error counts
3	1249682	873943.0	0	1249682
4	384024	218485.7	0	384024
5	204848	54621.4	0	204848
6	163779	13655.4	0	163779
7	146522	3413.8	0	146522
8	134295	853.5	0	134295
9	123420	213.4	0	121866 1554
10	114059	53.3	1	108606 5453
11	105024	13.3	1	100552 4472
12	97512	3.3	1	93676 3836
13	92117	0.8	1	88254 3863
14	89232	0.2	1	85373 3859
15	86367	0.1	1	82486 3881
16	83897	0.0	1	79862 4035
17	79811	0.0	1	75834 3977
18	73870	0.0	1	70050 3684 136
19	66020	0.0	1	62483 3404 133
20	59777	0.0	2	56139 3187 451
21	52357	0.0	2	48947 2978 432
22	47451	0.0	2	44173 2941 337
23	44886	0.0	2	41664 2799 423
24	41946	0.0	2	38712 2849 385
25	40589	0.0	2	37333 2830 426
26	39135	0.0	2	35964 2826 345
27	37226	0.0	2	34228 2626 343 29
28	34724	0.0	2	31671 2657 333 63
29	31744	0.0	2	28989 2331 317 107
30	28079	0.0	3	25531 2118 285 145
31	24232	0.0	3	21914 1912 292 114
32	21869	0.0	3	19732 1800 246 91
33	19579	0.0	3	17642 1633 220 84
34	17489	0.0	3	15824 1417 186 62
35	16902	0.0	3	15303 1248 232 119
36	16422	0.0	3	14721 1336 274 91
37	15164	0.0	3	13589 1242 234 99
38	14620	0.0	3	13121 1138 254 107
39	13302	0.0	3	12023 1014 185 80
40	11708	0.0	3	10589 850 181 88
41	10563	0.0	3	9468 852 166 77
42	9051	0.0	3	8156 692 139 64
43	7971	0.0	3	7170 624 118 59
44	7003	0.0	3	6259 557 110 77
45	6210	0.0	3	5575 495 88 52
46	5604	0.0	3	4987 455 105 57
47	5112	0.0	3	4559 406 90 57
48	4830	0.0	3	4336 389 69 36
49	4374	0.0	3	3924 339 69 42
50	4068	0.0	3	3633 311 75 49
51	3493	0.0	3	3086 288 73 46
52	3017	0.0	3	2663 253 66 35
53	2544	0.0	3	2232 208 63 41
54	2122	0.0	3	1831 191 56 44
55	1671	0.0	3	1451 142 43 35
56	1471	0.0	3	1283 115 44 29
57	1266	0.0	3	1066 129 39 32
58	1136	0.0	3	973 106 34 23
59	1061	0.0	3	899 91 43 28
60	949	0.0	3	805 86 36 22
61	754	0.0	3	603 82 41 28
62	632	0.0	3	506 77 26 23
63	518	0.0	3	394 61 41 22
64	453	0.0	3	350 53 34 16
65	403	0.0	3	283 54 36 30
66	367	0.0	3	260 47 29 31
67	301	0.0	3	212 41 32 16
68	276	0.0	3	188 37 28 23
69	290	0.0	3	210 34 25 21
70	264	0.0	3	165 45 27 27
71	230	0.0	3	170 32 14 14
72	221	0.0	3	147 33 19 22
73	211	0.0	3	144 30 19 18
74	230	0.0	3	154 32 26 18
75	184	0.0	3	127 26 16 15
76	146	0.0	3	86 30 16 14
77	166	0.0	3	108 28 19 11
78	101	0.0	3	76 16 5 4
79	106	0.0	3	76 17 9 4
80	100	0.0	3	69 18 6 7
81	105	0.0	3	78 19 4 4
82	73	0.0	3	63 9 0 1
83	57	0.0	3	49 7 0 1
84	76	0.0	3	70 6
85	46	0.0	3	43 2 1
86	51	0.0	3	38 10 2 1
87	31	0.0	3	25 5 1
88	26	0.0	3	26
89	25	0.0	3	23 1 0 1
90	16	0.0	3	12 4
91	9	0.0	3	7 2
92	22	0.0	3	19 1 2
93	2	0.0	3	2
96	2	0.0	3	2
97	1	0.0	3	0 0 0 1
98	1	0.0	3	0 0 0 1
99	7	0.0	3	5 0 0 2
100	51	0.0	3	2 29 17 3
101	4362	0.0	3	1836 2318 179 29


=== Second read: Adapter 2 ===

Sequence: AGATCGGAAGAGCGTCGTGTAGGGAAAGAGTGT; Type: regular 3'; Length: 33; Trimmed: 3804964 times

Minimum overlap: 3
No. of allowed errors:
1-9 bp: 0; 10-19 bp: 1; 20-29 bp: 2; 30-33 bp: 3

Bases preceding removed adapters:
  A: 21.8%
  C: 27.9%
  G: 30.5%
  T: 19.7%
  none/other: 0.1%

Overview of removed sequences
length	count	expect	max.err	error counts
3	1044383	873943.0	0	1044383
4	364611	218485.7	0	364611
5	194058	54621.4	0	194058
6	159534	13655.4	0	159534
7	146930	3413.8	0	146930
8	134681	853.5	0	134681
9	123524	213.4	0	122075 1449
10	114575	53.3	1	108909 5666
11	105464	13.3	1	100945 4519
12	98025	3.3	1	93829 4196
13	92452	0.8	1	88264 4188
14	89771	0.2	1	85739 4032
15	86514	0.1	1	81491 5023
16	83905	0.0	1	79505 4400
17	79923	0.0	1	75605 4318
18	73584	0.0	1	69148 4268 168
19	65941	0.0	1	62115 3635 191
20	60057	0.0	2	55600 3460 997
21	52651	0.0	2	48653 3299 699
22	47829	0.0	2	44193 2971 665
23	45235	0.0	2	41589 2957 689
24	42242	0.0	2	38893 2758 591
25	40784	0.0	2	37379 2823 582
26	39419	0.0	2	36160 2613 646
27	37507	0.0	2	34245 2597 653 12
28	34916	0.0	2	31800 2413 621 82
29	32064	0.0	2	28898 2574 503 89
30	28534	0.0	3	25571 2142 518 303
31	24663	0.0	3	21352 2400 588 323
32	22293	0.0	3	19763 1940 361 229
33	20017	0.0	3	17633 1757 385 242
34	17817	0.0	3	15706 1572 311 228
35	17274	0.0	3	15361 1342 326 245
36	16779	0.0	3	14726 1516 311 226
37	15535	0.0	3	13629 1372 305 229
38	15061	0.0	3	13235 1328 282 216
39	13719	0.0	3	12124 1121 274 200
40	12112	0.0	3	10679 1016 239 178
41	11061	0.0	3	9626 984 263 188
42	9482	0.0	3	8247 832 225 178
43	8412	0.0	3	7297 755 187 173
44	7509	0.0	3	6414 706 217 172
45	6705	0.0	3	5720 635 199 151
46	6082	0.0	3	5181 557 193 151
47	5577	0.0	3	4734 544 169 130
48	5335	0.0	3	4496 499 181 159
49	4823	0.0	3	4074 457 158 134
50	4536	0.0	3	3778 446 168 144
51	3961	0.0	3	3317 386 142 116
52	3510	0.0	3	2855 362 152 141
53	2978	0.0	3	2391 333 138 116
54	2572	0.0	3	1992 307 145 128
55	2119	0.0	3	1594 267 149 109
56	1922	0.0	3	1448 241 131 102
57	1688	0.0	3	1226 211 131 120
58	1530	0.0	3	1117 206 116 91
59	1496	0.0	3	1050 210 121 115
60	1371	0.0	3	931 211 112 117
61	1161	0.0	3	790 172 107 92
62	1054	0.0	3	671 166 98 119
63	946	0.0	3	605 148 99 94
64	865	0.0	3	504 171 94 96
65	777	0.0	3	448 145 100 84
66	737	0.0	3	409 129 102 97
67	695	0.0	3	377 120 98 100
68	650	0.0	3	319 149 95 87
69	652	0.0	3	340 136 84 92
70	642	0.0	3	327 122 98 95
71	595	0.0	3	299 115 91 90
72	549	0.0	3	295 109 72 73
73	586	0.0	3	279 122 88 97
74	586	0.0	3	297 128 98 63
75	458	0.0	3	246 83 57 72
76	422	0.0	3	206 87 72 57
77	439	0.0	3	219 85 53 82
78	325	0.0	3	150 71 50 54
79	281	0.0	3	134 66 33 48
80	224	0.0	3	114 52 27 31
81	200	0.0	3	108 39 27 26
82	138	0.0	3	81 19 17 21
83	107	0.0	3	45 23 18 21
84	134	0.0	3	63 26 19 26
85	105	0.0	3	60 20 13 12
86	87	0.0	3	37 13 24 13
87	63	0.0	3	31 14 5 13
88	57	0.0	3	26 9 9 13
89	53	0.0	3	30 7 6 10
90	31	0.0	3	19 5 2 5
91	26	0.0	3	10 1 4 11
92	32	0.0	3	21 3 3 5
93	3	0.0	3	1 1 1
94	4	0.0	3	0 0 2 2
95	3	0.0	3	1 1 0 1
96	5	0.0	3	1 1 1 2
97	8	0.0	3	1 2 2 3
98	3	0.0	3	0 0 1 2
99	8	0.0	3	0 1 1 6
100	125	0.0	3	1 63 52 9
101	4076	0.0	3	1778 2114 155 29
