This is cutadapt 3.5 with Python 3.6.8
Command line parameters: -o /home/lspencer/2022-redking-OA/trimmed/Tank_3_Crab_2.trimmed.R1.v2.fastq.gz -p /home/lspencer/2022-redking-OA/trimmed/Tank_3_Crab_2.trimmed.R2.v2.fastq.gz -a AGATCGGAAGAGCACACGTCTGAACTCCAGTCA -A AGATCGGAAGAGCGTCGTGTAGGGAAAGAGTGT -q 20,15 -m 50 --trim-n --cores=8 /share/nwfsc/ggoetz/red_king_crab/illumina/Tank_3_Crab_2_R1.fastq.gz /share/nwfsc/ggoetz/red_king_crab/illumina/Tank_3_Crab_2_R2.fastq.gz
Processing reads on 8 cores in paired-end mode ...
Finished in 420.78 s (8 us/read; 7.87 M reads/minute).

=== Summary ===

Total read pairs processed:         55,162,820
  Read 1 with adapter:               8,036,513 (14.6%)
  Read 2 with adapter:               7,833,551 (14.2%)

== Read fate breakdown ==
Pairs that were too short:             123,712 (0.2%)
Pairs written (passing filters):    55,039,108 (99.8%)

Total basepairs processed: 11,142,889,640 bp
  Read 1: 5,571,444,820 bp
  Read 2: 5,571,444,820 bp
Quality-trimmed:              17,906,078 bp (0.2%)
  Read 1:     4,754,458 bp
  Read 2:    13,151,620 bp
Total written (filtered):  10,884,193,575 bp (97.7%)
  Read 1: 5,444,450,458 bp
  Read 2: 5,439,743,117 bp

=== First read: Adapter 1 ===

Sequence: AGATCGGAAGAGCACACGTCTGAACTCCAGTCA; Type: regular 3'; Length: 33; Trimmed: 8036513 times

Minimum overlap: 3
No. of allowed errors:
1-9 bp: 0; 10-19 bp: 1; 20-29 bp: 2; 30-33 bp: 3

Bases preceding removed adapters:
  A: 25.8%
  C: 36.0%
  G: 30.0%
  T: 8.0%
  none/other: 0.2%

Overview of removed sequences
length	count	expect	max.err	error counts
3	1369451	861919.1	0	1369451
4	534966	215479.8	0	534966
5	404928	53869.9	0	404928
6	358059	13467.5	0	358059
7	338838	3366.9	0	338838
8	303206	841.7	0	303206
9	284499	210.4	0	282129 2370
10	269222	52.6	1	258465 10757
11	244758	13.2	1	235176 9582
12	240816	3.3	1	231439 9377
13	245222	0.8	1	234402 10820
14	239408	0.2	1	229244 10164
15	245945	0.1	1	233408 12537
16	233606	0.0	1	221760 11846
17	227355	0.0	1	214156 13199
18	207207	0.0	1	195430 11496 281
19	178329	0.0	1	167753 10104 472
20	160914	0.0	2	149405 10249 1260
21	143999	0.0	2	133947 9063 989
22	133457	0.0	2	123525 8973 959
23	125932	0.0	2	116171 8809 952
24	127362	0.0	2	116430 9750 1182
25	126670	0.0	2	115073 10249 1348
26	120750	0.0	2	110033 9832 885
27	114614	0.0	2	104083 9365 1106 60
28	107498	0.0	2	96601 9453 1293 151
29	92187	0.0	2	83035 7991 1063 98
30	79764	0.0	3	71408 7188 901 267
31	70156	0.0	3	62600 6587 785 184
32	62409	0.0	3	55381 6052 759 217
33	54114	0.0	3	48151 5163 632 168
34	51180	0.0	3	44999 5249 679 253
35	50191	0.0	3	44447 5018 579 147
36	47303	0.0	3	42104 4554 494 151
37	47774	0.0	3	42322 4573 648 231
38	42886	0.0	3	38190 4193 406 97
39	41393	0.0	3	36620 4032 540 201
40	35491	0.0	3	31617 3315 432 127
41	30949	0.0	3	27650 2911 314 74
42	26362	0.0	3	23431 2567 272 92
43	22191	0.0	3	19802 2061 248 80
44	18766	0.0	3	16714 1776 201 75
45	16694	0.0	3	14848 1570 203 73
46	15151	0.0	3	13401 1472 206 72
47	14470	0.0	3	12773 1430 208 59
48	14166	0.0	3	12578 1358 175 55
49	13918	0.0	3	12341 1336 184 57
50	12880	0.0	3	11448 1259 135 38
51	13767	0.0	3	12449 1110 144 64
52	6303	0.0	3	5559 627 88 29
53	6523	0.0	3	5815 591 85 32
54	5580	0.0	3	4933 559 67 21
55	4772	0.0	3	4160 479 94 39
56	4227	0.0	3	3745 396 57 29
57	4008	0.0	3	3512 401 57 38
58	3791	0.0	3	3269 429 72 21
59	4143	0.0	3	3684 384 60 15
60	3725	0.0	3	3258 370 74 23
61	3053	0.0	3	2675 299 53 26
62	2446	0.0	3	2128 234 56 28
63	2007	0.0	3	1763 189 38 17
64	1281	0.0	3	1109 119 32 21
65	1180	0.0	3	1000 133 30 17
66	887	0.0	3	779 81 16 11
67	838	0.0	3	727 80 19 12
68	819	0.0	3	708 72 18 21
69	756	0.0	3	650 73 20 13
70	600	0.0	3	510 68 14 8
71	438	0.0	3	346 55 16 21
72	366	0.0	3	279 57 14 16
73	291	0.0	3	219 46 16 10
74	234	0.0	3	167 31 18 18
75	268	0.0	3	155 63 30 20
76	184	0.0	3	125 35 14 10
77	140	0.0	3	94 30 10 6
78	110	0.0	3	79 21 6 4
79	95	0.0	3	72 16 4 3
80	90	0.0	3	70 14 5 1
81	140	0.0	3	104 25 7 4
82	67	0.0	3	44 19 2 2
83	83	0.0	3	63 14 5 1
84	113	0.0	3	92 15 4 2
85	232	0.0	3	195 34 2 1
86	301	0.0	3	254 42 3 2
87	409	0.0	3	345 55 8 1
88	420	0.0	3	368 45 4 3
89	395	0.0	3	344 46 3 2
90	374	0.0	3	328 42 3 1
91	418	0.0	3	368 42 7 1
92	392	0.0	3	344 40 6 2
93	382	0.0	3	337 39 4 2
94	438	0.0	3	384 50 3 1
95	372	0.0	3	325 42 4 1
96	460	0.0	3	405 49 3 3
97	597	0.0	3	504 84 6 3
98	955	0.0	3	810 134 9 2
99	2067	0.0	3	1772 270 21 4
100	2734	0.0	3	2360 338 32 4
101	4836	0.0	3	4218 552 54 12


=== Second read: Adapter 2 ===

Sequence: AGATCGGAAGAGCGTCGTGTAGGGAAAGAGTGT; Type: regular 3'; Length: 33; Trimmed: 7833551 times

Minimum overlap: 3
No. of allowed errors:
1-9 bp: 0; 10-19 bp: 1; 20-29 bp: 2; 30-33 bp: 3

Bases preceding removed adapters:
  A: 16.6%
  C: 29.3%
  G: 34.8%
  T: 19.1%
  none/other: 0.2%

Overview of removed sequences
length	count	expect	max.err	error counts
3	1179751	861919.1	0	1179751
4	521302	215479.8	0	521302
5	392958	53869.9	0	392958
6	353979	13467.5	0	353979
7	340003	3366.9	0	340003
8	305272	841.7	0	305272
9	286137	210.4	0	284014 2123
10	270391	52.6	1	259616 10775
11	246414	13.2	1	237270 9144
12	248286	3.3	1	239076 9210
13	237800	0.8	1	228608 9192
14	278781	0.2	1	267015 11766
15	214250	0.1	1	204358 9892
16	235304	0.0	1	223417 11887
17	265550	0.0	1	251593 13957
18	163669	0.0	1	155096 8171 402
19	197025	0.0	1	185119 11552 354
20	145782	0.0	2	136614 7971 1197
21	142000	0.0	2	131802 8688 1510
22	132727	0.0	2	122619 8507 1601
23	127651	0.0	2	117553 8423 1675
24	129666	0.0	2	119377 8835 1454
25	120276	0.0	2	111053 8023 1200
26	122957	0.0	2	112625 8483 1849
27	115966	0.0	2	105656 8325 1949 36
28	105786	0.0	2	96353 7434 1855 144
29	91625	0.0	2	83196 7202 1188 39
30	95368	0.0	3	85415 7563 1525 865
31	53842	0.0	3	48700 4272 618 252
32	61711	0.0	3	54791 5420 918 582
33	54690	0.0	3	49095 4787 574 234
34	50697	0.0	3	45159 4538 658 342
35	50033	0.0	3	44495 4501 675 362
36	47812	0.0	3	42821 4103 582 306
37	46670	0.0	3	41398 4071 726 475
38	44167	0.0	3	39462 4005 501 199
39	39940	0.0	3	35783 3443 495 219
40	35462	0.0	3	31690 3107 429 236
41	31019	0.0	3	27579 2843 400 197
42	27501	0.0	3	24386 2394 437 284
43	21130	0.0	3	18974 1821 230 105
44	18902	0.0	3	16723 1694 296 189
45	16535	0.0	3	14818 1369 222 126
46	15351	0.0	3	13533 1415 238 165
47	14413	0.0	3	12745 1319 225 124
48	14213	0.0	3	12491 1333 228 161
49	14026	0.0	3	12457 1248 198 123
50	12646	0.0	3	11176 1133 206 131
51	10748	0.0	3	9509 973 174 92
52	8873	0.0	3	7864 768 148 93
53	7412	0.0	3	6473 656 166 117
54	6522	0.0	3	5558 640 170 154
55	4553	0.0	3	4039 401 62 51
56	4499	0.0	3	3843 451 117 88
57	4764	0.0	3	3949 510 172 133
58	3841	0.0	3	3330 337 114 60
59	4132	0.0	3	3587 405 83 57
60	4189	0.0	3	3521 428 140 100
61	3231	0.0	3	2769 324 77 61
62	2611	0.0	3	2253 223 76 59
63	2472	0.0	3	1908 305 134 125
64	1558	0.0	3	1276 161 62 59
65	1381	0.0	3	1111 163 57 50
66	1115	0.0	3	888 120 58 49
67	1102	0.0	3	833 135 78 56
68	1085	0.0	3	805 147 72 61
69	1030	0.0	3	787 127 60 56
70	862	0.0	3	625 121 69 47
71	663	0.0	3	451 105 53 54
72	586	0.0	3	383 93 60 50
73	491	0.0	3	312 74 56 49
74	433	0.0	3	267 84 50 32
75	454	0.0	3	240 93 65 56
76	385	0.0	3	202 91 50 42
77	275	0.0	3	160 40 35 40
78	237	0.0	3	145 40 29 23
79	191	0.0	3	113 37 21 20
80	214	0.0	3	127 48 18 21
81	255	0.0	3	156 47 29 23
82	201	0.0	3	140 36 13 12
83	199	0.0	3	152 29 11 7
84	175	0.0	3	134 22 13 6
85	202	0.0	3	151 32 8 11
86	185	0.0	3	132 32 13 8
87	199	0.0	3	156 34 5 4
88	258	0.0	3	209 36 9 4
89	220	0.0	3	188 27 2 3
90	258	0.0	3	219 32 6 1
91	258	0.0	3	212 41 3 2
92	272	0.0	3	220 40 9 3
93	328	0.0	3	265 52 10 1
94	390	0.0	3	331 49 7 3
95	386	0.0	3	318 58 6 4
96	472	0.0	3	397 62 9 4
97	687	0.0	3	559 112 15 1
98	977	0.0	3	808 148 16 5
99	2041	0.0	3	1677 326 28 10
100	3000	0.0	3	2431 502 60 7
101	5243	0.0	3	4584 582 63 14
