This is cutadapt 3.5 with Python 3.6.8
Command line parameters: -o /home/lspencer/2022-redking-OA/trimmed/Tank_2_Crab_1.trimmed.R1.v1.fastq.gz -p /home/lspencer/2022-redking-OA/trimmed/Tank_2_Crab_1.trimmed.R2.v1.fastq.gz -a AGATCGGAAGAGCACACGTCTGAACTCCAGTCA -A AGATCGGAAGAGCGTCGTGTAGGGAAAGAGTGT -q 15,10 -m 50 --trim-n --cores=8 /share/nwfsc/ggoetz/red_king_crab/illumina/Tank_2_Crab_1_R1.fastq.gz /share/nwfsc/ggoetz/red_king_crab/illumina/Tank_2_Crab_1_R2.fastq.gz
Processing reads on 8 cores in paired-end mode ...
Finished in 423.35 s (8 us/read; 7.81 M reads/minute).

=== Summary ===

Total read pairs processed:         55,138,059
  Read 1 with adapter:               6,533,308 (11.8%)
  Read 2 with adapter:               6,296,369 (11.4%)

== Read fate breakdown ==
Pairs that were too short:              67,877 (0.1%)
Pairs written (passing filters):    55,070,182 (99.9%)

Total basepairs processed: 11,137,887,918 bp
  Read 1: 5,568,943,959 bp
  Read 2: 5,568,943,959 bp
Quality-trimmed:               4,512,730 bp (0.0%)
  Read 1:       842,642 bp
  Read 2:     3,670,088 bp
Total written (filtered):  10,955,168,410 bp (98.4%)
  Read 1: 5,478,569,752 bp
  Read 2: 5,476,598,658 bp

=== First read: Adapter 1 ===

Sequence: AGATCGGAAGAGCACACGTCTGAACTCCAGTCA; Type: regular 3'; Length: 33; Trimmed: 6533308 times

Minimum overlap: 3
No. of allowed errors:
1-9 bp: 0; 10-19 bp: 1; 20-29 bp: 2; 30-33 bp: 3

Bases preceding removed adapters:
  A: 26.4%
  C: 33.9%
  G: 31.3%
  T: 8.2%
  none/other: 0.1%

Overview of removed sequences
length	count	expect	max.err	error counts
3	1353748	861532.2	0	1353748
4	494486	215383.0	0	494486
5	347025	53845.8	0	347025
6	300385	13461.4	0	300385
7	272479	3365.4	0	272479
8	248015	841.3	0	248015
9	224936	210.3	0	222961 1975
10	209728	52.6	1	201059 8669
11	195163	13.1	1	187660 7503
12	186646	3.3	1	179546 7100
13	185437	0.8	1	178303 7134
14	187116	0.2	1	179314 7802
15	186526	0.1	1	178139 8387
16	182487	0.0	1	173715 8772
17	170069	0.0	1	161871 8198
18	153834	0.0	1	146093 7484 257
19	134592	0.0	1	127144 7146 302
20	118564	0.0	2	111412 6387 765
21	105026	0.0	2	98213 5999 814
22	96338	0.0	2	89924 5799 615
23	90838	0.0	2	84726 5339 773
24	90034	0.0	2	82967 6375 692
25	89554	0.0	2	82412 6362 780
26	87807	0.0	2	80364 6687 756
27	82566	0.0	2	75804 5985 722 55
28	75464	0.0	2	68856 5796 715 97
29	66560	0.0	2	60257 5324 692 287
30	56053	0.0	3	50661 4585 552 255
31	48137	0.0	3	43474 3990 518 155
32	42126	0.0	3	37903 3620 446 157
33	37885	0.0	3	33966 3375 397 147
34	35226	0.0	3	31799 2942 355 130
35	33981	0.0	3	30699 2808 355 119
36	33269	0.0	3	29839 2949 358 123
37	32831	0.0	3	29510 2858 334 129
38	31080	0.0	3	27991 2647 318 124
39	27748	0.0	3	25099 2248 285 116
40	24609	0.0	3	22255 2004 264 86
41	20966	0.0	3	18885 1792 206 83
42	18202	0.0	3	16403 1537 187 75
43	15506	0.0	3	13987 1296 159 64
44	12930	0.0	3	11650 1083 132 65
45	11659	0.0	3	10474 1000 136 49
46	10702	0.0	3	9624 886 133 59
47	10336	0.0	3	9309 886 109 32
48	10161	0.0	3	9207 789 116 49
49	10013	0.0	3	9058 804 98 53
50	9247	0.0	3	8300 802 107 38
51	7658	0.0	3	6937 613 65 43
52	6465	0.0	3	5783 555 88 39
53	5249	0.0	3	4689 470 67 23
54	4310	0.0	3	3873 353 61 23
55	3607	0.0	3	3214 300 56 37
56	3170	0.0	3	2836 253 53 28
57	2989	0.0	3	2646 273 43 27
58	3220	0.0	3	2843 305 50 22
59	3072	0.0	3	2754 261 29 28
60	2898	0.0	3	2578 260 35 25
61	2331	0.0	3	2054 223 32 22
62	1830	0.0	3	1638 141 25 26
63	1426	0.0	3	1263 120 25 18
64	1166	0.0	3	1014 97 33 22
65	916	0.0	3	805 82 15 14
66	781	0.0	3	667 77 19 18
67	650	0.0	3	567 56 19 8
68	680	0.0	3	562 74 24 20
69	686	0.0	3	583 74 17 12
70	544	0.0	3	462 56 14 12
71	358	0.0	3	286 44 16 12
72	293	0.0	3	240 31 13 9
73	237	0.0	3	185 21 16 15
74	191	0.0	3	144 27 12 8
75	166	0.0	3	113 28 16 9
76	133	0.0	3	97 17 12 7
77	110	0.0	3	86 12 8 4
78	110	0.0	3	77 17 13 3
79	111	0.0	3	82 18 6 5
80	74	0.0	3	57 10 5 2
81	365	0.0	3	302 45 13 5
82	66	0.0	3	53 7 4 2
83	73	0.0	3	62 7 3 1
84	38	0.0	3	30 8
85	34	0.0	3	31 2 1
86	38	0.0	3	33 4 1
87	36	0.0	3	34 2
88	31	0.0	3	25 4 1 1
89	20	0.0	3	17 3
90	9	0.0	3	7 1 0 1
91	10	0.0	3	10
92	3	0.0	3	1 2
93	3	0.0	3	2 0 0 1
94	2	0.0	3	1 0 1
95	3	0.0	3	3
97	3	0.0	3	2 0 0 1
98	2	0.0	3	1 0 1
99	12	0.0	3	8 1 2 1
100	112	0.0	3	14 81 15 2
101	8927	0.0	3	7781 1000 98 48


=== Second read: Adapter 2 ===

Sequence: AGATCGGAAGAGCGTCGTGTAGGGAAAGAGTGT; Type: regular 3'; Length: 33; Trimmed: 6296369 times

Minimum overlap: 3
No. of allowed errors:
1-9 bp: 0; 10-19 bp: 1; 20-29 bp: 2; 30-33 bp: 3

Bases preceding removed adapters:
  A: 17.1%
  C: 30.4%
  G: 33.3%
  T: 19.0%
  none/other: 0.1%

Overview of removed sequences
length	count	expect	max.err	error counts
3	1134849	861532.2	0	1134849
4	476512	215383.0	0	476512
5	336256	53845.8	0	336256
6	295105	13461.4	0	295105
7	273863	3365.4	0	273863
8	249825	841.3	0	249825
9	226246	210.3	0	224190 2056
10	211328	52.6	1	202298 9030
11	196348	13.1	1	188804 7544
12	187672	3.3	1	180888 6784
13	186277	0.8	1	178606 7671
14	188375	0.2	1	180202 8173
15	186730	0.1	1	176149 10581
16	182547	0.0	1	173174 9373
17	170216	0.0	1	161076 9140
18	153069	0.0	1	143463 9258 348
19	134172	0.0	1	126446 7391 335
20	118497	0.0	2	110183 6650 1664
21	104925	0.0	2	97084 6701 1140
22	96154	0.0	2	88803 6207 1144
23	90731	0.0	2	83889 5678 1164
24	89864	0.0	2	82856 6005 1003
25	89355	0.0	2	82301 6043 1011
26	87585	0.0	2	80444 5867 1274
27	82263	0.0	2	74875 6042 1317 29
28	74970	0.0	2	68042 5467 1374 87
29	66235	0.0	2	59888 5410 884 53
30	56106	0.0	3	50402 4371 886 447
31	48089	0.0	3	42763 4131 792 403
32	42108	0.0	3	37606 3663 554 285
33	37841	0.0	3	33690 3316 555 280
34	35188	0.0	3	31263 3182 468 275
35	33893	0.0	3	30307 2854 472 260
36	33235	0.0	3	29612 2864 492 267
37	32782	0.0	3	29227 2860 434 261
38	31087	0.0	3	27613 2841 410 223
39	27760	0.0	3	24739 2402 390 229
40	24616	0.0	3	21916 2146 358 196
41	20934	0.0	3	18654 1841 290 149
42	18230	0.0	3	16120 1659 293 158
43	15559	0.0	3	13843 1365 210 141
44	13061	0.0	3	11502 1214 216 129
45	11822	0.0	3	10463 1039 195 125
46	10911	0.0	3	9646 943 198 124
47	10519	0.0	3	9224 978 184 133
48	10315	0.0	3	9068 945 178 124
49	10202	0.0	3	8982 948 163 109
50	9432	0.0	3	8292 808 200 132
51	7880	0.0	3	6950 687 141 102
52	6699	0.0	3	5834 614 149 102
53	5480	0.0	3	4721 526 142 91
54	4583	0.0	3	3917 460 122 84
55	3880	0.0	3	3272 412 104 92
56	3424	0.0	3	2910 339 91 84
57	3243	0.0	3	2773 303 99 68
58	3502	0.0	3	2952 378 99 73
59	3376	0.0	3	2824 378 108 66
60	3160	0.0	3	2679 317 111 53
61	2620	0.0	3	2179 277 88 76
62	2106	0.0	3	1736 216 87 67
63	1745	0.0	3	1390 202 85 68
64	1454	0.0	3	1133 175 80 66
65	1171	0.0	3	893 144 78 56
66	1082	0.0	3	790 146 79 67
67	915	0.0	3	671 115 61 68
68	927	0.0	3	683 111 79 54
69	992	0.0	3	724 133 80 55
70	801	0.0	3	572 113 58 58
71	604	0.0	3	414 81 56 53
72	518	0.0	3	326 96 47 49
73	450	0.0	3	288 77 51 34
74	383	0.0	3	243 70 40 30
75	380	0.0	3	209 87 43 41
76	332	0.0	3	176 66 49 41
77	303	0.0	3	164 64 43 32
78	259	0.0	3	145 50 43 21
79	234	0.0	3	139 36 32 27
80	167	0.0	3	88 35 18 26
81	403	0.0	3	174 87 79 63
82	135	0.0	3	75 27 18 15
83	130	0.0	3	67 24 16 23
84	91	0.0	3	42 20 17 12
85	79	0.0	3	37 17 15 10
86	61	0.0	3	36 8 8 9
87	68	0.0	3	36 9 5 18
88	51	0.0	3	31 9 5 6
89	28	0.0	3	16 7 2 3
90	16	0.0	3	8 4 1 3
91	15	0.0	3	10 0 3 2
92	11	0.0	3	5 1 3 2
93	4	0.0	3	0 1 2 1
94	11	0.0	3	3 4 3 1
95	4	0.0	3	2 0 1 1
96	4	0.0	3	0 2 0 2
97	1	0.0	3	0 1
98	6	0.0	3	2 0 3 1
99	9	0.0	3	5 0 2 2
100	286	0.0	3	11 232 41 2
101	8627	0.0	3	7449 1073 83 22
