This is cutadapt 3.5 with Python 3.6.8
Command line parameters: -o /home/lspencer/2022-redking-OA/trimmed/Tank_2_Crab_1.trimmed.R1.v2.fastq.gz -p /home/lspencer/2022-redking-OA/trimmed/Tank_2_Crab_1.trimmed.R2.v2.fastq.gz -a AGATCGGAAGAGCACACGTCTGAACTCCAGTCA -A AGATCGGAAGAGCGTCGTGTAGGGAAAGAGTGT -q 20,15 -m 50 --trim-n --cores=8 /share/nwfsc/ggoetz/red_king_crab/illumina/Tank_2_Crab_1_R1.fastq.gz /share/nwfsc/ggoetz/red_king_crab/illumina/Tank_2_Crab_1_R2.fastq.gz
Processing reads on 8 cores in paired-end mode ...
Finished in 421.63 s (8 us/read; 7.85 M reads/minute).

=== Summary ===

Total read pairs processed:         55,138,059
  Read 1 with adapter:               6,511,675 (11.8%)
  Read 2 with adapter:               6,283,107 (11.4%)

== Read fate breakdown ==
Pairs that were too short:             101,558 (0.2%)
Pairs written (passing filters):    55,036,501 (99.8%)

Total basepairs processed: 11,137,887,918 bp
  Read 1: 5,568,943,959 bp
  Read 2: 5,568,943,959 bp
Quality-trimmed:              17,995,312 bp (0.2%)
  Read 1:     4,979,259 bp
  Read 2:    13,016,053 bp
Total written (filtered):  10,938,435,841 bp (98.2%)
  Read 1: 5,471,409,898 bp
  Read 2: 5,467,025,943 bp

=== First read: Adapter 1 ===

Sequence: AGATCGGAAGAGCACACGTCTGAACTCCAGTCA; Type: regular 3'; Length: 33; Trimmed: 6511675 times

Minimum overlap: 3
No. of allowed errors:
1-9 bp: 0; 10-19 bp: 1; 20-29 bp: 2; 30-33 bp: 3

Bases preceding removed adapters:
  A: 26.4%
  C: 34.0%
  G: 31.2%
  T: 8.2%
  none/other: 0.1%

Overview of removed sequences
length	count	expect	max.err	error counts
3	1346341	861532.2	0	1346341
4	485937	215383.0	0	485937
5	344517	53845.8	0	344517
6	299439	13461.4	0	299439
7	277129	3365.4	0	277129
8	244359	841.3	0	244359
9	227503	210.3	0	225613 1890
10	211626	52.6	1	203497 8129
11	191764	13.1	1	184900 6864
12	186523	3.3	1	179871 6652
13	188179	0.8	1	181080 7099
14	185112	0.2	1	178171 6941
15	187608	0.1	1	179470 8138
16	179085	0.0	1	171192 7893
17	171268	0.0	1	162791 8477
18	155884	0.0	1	148265 7500 119
19	132155	0.0	1	125564 6388 203
20	117959	0.0	2	110849 6354 756
21	104637	0.0	2	98179 5798 660
22	96836	0.0	2	90514 5755 567
23	89367	0.0	2	83732 5104 531
24	91334	0.0	2	84052 6495 787
25	91029	0.0	2	83799 6398 832
26	85748	0.0	2	79081 6116 551
27	81696	0.0	2	75246 5833 591 26
28	76530	0.0	2	69709 5939 797 85
29	65728	0.0	2	59759 5250 617 102
30	56270	0.0	3	50972 4612 518 168
31	47626	0.0	3	43257 3846 418 105
32	42486	0.0	3	38266 3617 436 167
33	37119	0.0	3	33440 3205 357 117
34	35642	0.0	3	32085 3017 391 149
35	33421	0.0	3	30311 2717 305 88
36	33813	0.0	3	30209 3045 398 161
37	32629	0.0	3	29425 2808 299 97
38	30818	0.0	3	27837 2557 297 127
39	27667	0.0	3	25002 2279 289 97
40	24332	0.0	3	22068 1961 234 69
41	21124	0.0	3	19024 1790 218 92
42	18178	0.0	3	16352 1550 189 87
43	15484	0.0	3	13975 1267 175 67
44	12889	0.0	3	11631 1082 125 51
45	11652	0.0	3	10485 993 127 47
46	10710	0.0	3	9638 886 130 56
47	10319	0.0	3	9267 902 109 41
48	10234	0.0	3	9258 797 118 61
49	10054	0.0	3	9102 799 102 51
50	9354	0.0	3	8330 882 111 31
51	10191	0.0	3	9327 717 96 51
52	4451	0.0	3	3947 428 49 27
53	4615	0.0	3	4130 403 56 26
54	4048	0.0	3	3651 324 53 20
55	3570	0.0	3	3157 307 67 39
56	3157	0.0	3	2840 253 40 24
57	2983	0.0	3	2632 272 55 24
58	3217	0.0	3	2853 299 39 26
59	3089	0.0	3	2781 262 26 20
60	2840	0.0	3	2539 244 30 27
61	2320	0.0	3	2051 225 31 13
62	1828	0.0	3	1628 146 28 26
63	1597	0.0	3	1410 136 31 20
64	977	0.0	3	858 74 25 20
65	957	0.0	3	830 89 22 16
66	707	0.0	3	625 64 13 5
67	657	0.0	3	575 50 19 13
68	686	0.0	3	571 74 18 23
69	642	0.0	3	548 70 18 6
70	516	0.0	3	444 51 14 7
71	384	0.0	3	300 45 19 20
72	277	0.0	3	226 31 13 7
73	236	0.0	3	184 26 13 13
74	204	0.0	3	154 28 15 7
75	130	0.0	3	94 22 10 4
76	122	0.0	3	91 15 12 4
77	165	0.0	3	135 17 7 6
78	118	0.0	3	89 17 11 1
79	127	0.0	3	99 16 4 8
80	120	0.0	3	96 15 8 1
81	229	0.0	3	186 33 8 2
82	60	0.0	3	54 4 0 2
83	79	0.0	3	64 12 3
84	85	0.0	3	66 16 2 1
85	139	0.0	3	113 21 2 3
86	201	0.0	3	178 18 4 1
87	195	0.0	3	170 24 0 1
88	233	0.0	3	202 28 2 1
89	251	0.0	3	221 28 1 1
90	240	0.0	3	212 25 2 1
91	210	0.0	3	175 30 3 2
92	235	0.0	3	210 22 2 1
93	235	0.0	3	204 27 1 3
94	240	0.0	3	202 31 5 2
95	233	0.0	3	204 25 0 4
96	277	0.0	3	246 30 1
97	368	0.0	3	302 59 5 2
98	529	0.0	3	456 64 6 3
99	1193	0.0	3	1026 141 20 6
100	1627	0.0	3	1386 205 29 7
101	2771	0.0	3	2415 306 34 16


=== Second read: Adapter 2 ===

Sequence: AGATCGGAAGAGCGTCGTGTAGGGAAAGAGTGT; Type: regular 3'; Length: 33; Trimmed: 6283107 times

Minimum overlap: 3
No. of allowed errors:
1-9 bp: 0; 10-19 bp: 1; 20-29 bp: 2; 30-33 bp: 3

Bases preceding removed adapters:
  A: 17.2%
  C: 30.4%
  G: 33.2%
  T: 19.0%
  none/other: 0.1%

Overview of removed sequences
length	count	expect	max.err	error counts
3	1133311	861532.2	0	1133311
4	467602	215383.0	0	467602
5	333780	53845.8	0	333780
6	294864	13461.4	0	294864
7	276431	3365.4	0	276431
8	247219	841.3	0	247219
9	229296	210.3	0	227289 2007
10	211969	52.6	1	203328 8641
11	194043	13.1	1	186872 7171
12	191854	3.3	1	184946 6908
13	183564	0.8	1	176660 6904
14	212483	0.2	1	203432 9051
15	165487	0.1	1	158045 7442
16	180037	0.0	1	171166 8871
17	195913	0.0	1	185585 10328
18	127306	0.0	1	120792 6202 312
19	144263	0.0	1	135850 8169 244
20	108549	0.0	2	101873 5792 884
21	103154	0.0	2	95803 6268 1083
22	95852	0.0	2	88606 6127 1119
23	90871	0.0	2	84040 5720 1111
24	91913	0.0	2	84754 6177 982
25	86966	0.0	2	80515 5611 840
26	87473	0.0	2	80421 5802 1250
27	83250	0.0	2	75458 6262 1499 31
28	74523	0.0	2	68002 5282 1166 73
29	65881	0.0	2	59520 5412 920 29
30	63613	0.0	3	57014 4949 1067 583
31	40426	0.0	3	36524 3192 511 199
32	43389	0.0	3	38463 3881 664 381
33	36974	0.0	3	33220 3109 454 191
34	34849	0.0	3	30996 3136 469 248
35	33618	0.0	3	30137 2785 442 254
36	33522	0.0	3	29761 2938 510 313
37	33204	0.0	3	29637 2862 445 260
38	30559	0.0	3	27222 2788 358 191
39	27515	0.0	3	24522 2376 395 222
40	26973	0.0	3	23942 2392 425 214
41	18433	0.0	3	16590 1569 180 94
42	18698	0.0	3	16457 1719 328 194
43	14927	0.0	3	13441 1257 151 78
44	13133	0.0	3	11504 1234 249 146
45	11705	0.0	3	10409 1010 177 109
46	11048	0.0	3	9748 963 204 133
47	10477	0.0	3	9186 970 183 138
48	10349	0.0	3	9044 973 189 143
49	10221	0.0	3	9049 910 154 108
50	9394	0.0	3	8268 821 193 112
51	7787	0.0	3	6898 677 135 77
52	6509	0.0	3	5723 577 124 85
53	5492	0.0	3	4724 535 143 90
54	4921	0.0	3	4135 517 148 121
55	3480	0.0	3	3047 335 61 37
56	3469	0.0	3	2918 350 97 104
57	3695	0.0	3	3044 393 155 103
58	3268	0.0	3	2800 333 81 54
59	3182	0.0	3	2711 346 84 41
60	3319	0.0	3	2755 333 135 96
61	2476	0.0	3	2108 256 64 48
62	2051	0.0	3	1716 199 79 57
63	2122	0.0	3	1566 274 158 124
64	1290	0.0	3	1019 157 64 50
65	1161	0.0	3	901 122 77 61
66	962	0.0	3	743 118 50 51
67	885	0.0	3	659 118 53 55
68	944	0.0	3	695 119 79 51
69	959	0.0	3	718 118 70 53
70	743	0.0	3	536 117 47 43
71	587	0.0	3	421 75 45 46
72	487	0.0	3	318 85 46 38
73	443	0.0	3	287 77 45 34
74	388	0.0	3	239 75 44 30
75	374	0.0	3	209 86 44 35
76	329	0.0	3	179 62 50 38
77	290	0.0	3	158 58 40 34
78	287	0.0	3	156 57 46 28
79	238	0.0	3	139 39 27 33
80	245	0.0	3	127 55 35 28
81	366	0.0	3	199 74 55 38
82	156	0.0	3	94 31 15 16
83	169	0.0	3	99 36 17 17
84	127	0.0	3	78 26 13 10
85	153	0.0	3	106 26 11 10
86	137	0.0	3	92 25 8 12
87	137	0.0	3	95 29 3 10
88	134	0.0	3	100 20 9 5
89	114	0.0	3	95 11 3 5
90	148	0.0	3	115 28 1 4
91	134	0.0	3	114 13 7
92	157	0.0	3	120 31 3 3
93	204	0.0	3	159 37 7 1
94	205	0.0	3	182 18 4 1
95	202	0.0	3	165 33 2 2
96	298	0.0	3	242 49 3 4
97	370	0.0	3	303 62 5
98	597	0.0	3	479 99 15 4
99	1153	0.0	3	949 179 24 1
100	1759	0.0	3	1458 274 24 3
101	3123	0.0	3	2704 375 33 11
