This is cutadapt 3.5 with Python 3.6.8
Command line parameters: -o /home/lspencer/2022-redking-OA/trimmed/Tank_20_Crab_3.trimmed.R1.v2.fastq.gz -p /home/lspencer/2022-redking-OA/trimmed/Tank_20_Crab_3.trimmed.R2.v2.fastq.gz -a AGATCGGAAGAGCACACGTCTGAACTCCAGTCA -A AGATCGGAAGAGCGTCGTGTAGGGAAAGAGTGT -q 20,15 -m 50 --trim-n --cores=8 /share/nwfsc/ggoetz/red_king_crab/illumina/Tank_20_Crab_3_R1.fastq.gz /share/nwfsc/ggoetz/red_king_crab/illumina/Tank_20_Crab_3_R2.fastq.gz
Processing reads on 8 cores in paired-end mode ...
Finished in 395.96 s (8 us/read; 7.85 M reads/minute).

=== Summary ===

Total read pairs processed:         51,826,545
  Read 1 with adapter:               4,333,602 (8.4%)
  Read 2 with adapter:               4,084,754 (7.9%)

== Read fate breakdown ==
Pairs that were too short:              97,829 (0.2%)
Pairs written (passing filters):    51,728,716 (99.8%)

Total basepairs processed: 10,468,962,090 bp
  Read 1: 5,234,481,045 bp
  Read 2: 5,234,481,045 bp
Quality-trimmed:              19,054,759 bp (0.2%)
  Read 1:     4,724,934 bp
  Read 2:    14,329,825 bp
Total written (filtered):  10,334,963,735 bp (98.7%)
  Read 1: 5,170,286,646 bp
  Read 2: 5,164,677,089 bp

=== First read: Adapter 1 ===

Sequence: AGATCGGAAGAGCACACGTCTGAACTCCAGTCA; Type: regular 3'; Length: 33; Trimmed: 4333602 times

Minimum overlap: 3
No. of allowed errors:
1-9 bp: 0; 10-19 bp: 1; 20-29 bp: 2; 30-33 bp: 3

Bases preceding removed adapters:
  A: 27.8%
  C: 28.2%
  G: 33.6%
  T: 10.2%
  none/other: 0.3%

Overview of removed sequences
length	count	expect	max.err	error counts
3	1221225	809789.8	0	1221225
4	378692	202447.4	0	378692
5	220070	50611.9	0	220070
6	177804	12653.0	0	177804
7	162213	3163.2	0	162213
8	145114	790.8	0	145114
9	135319	197.7	0	133665 1654
10	126000	49.4	1	120619 5381
11	114624	12.4	1	110153 4471
12	107832	3.1	1	103855 3977
13	105510	0.8	1	101189 4321
14	100251	0.2	1	96403 3848
15	99045	0.0	1	94510 4535
16	94530	0.0	1	90154 4376
17	92223	0.0	1	87505 4718
18	85942	0.0	1	81564 4288 90
19	74347	0.0	1	70504 3712 131
20	67242	0.0	2	62988 3759 495
21	60096	0.0	2	56119 3590 387
22	54727	0.0	2	50942 3414 371
23	51252	0.0	2	47747 3143 362
24	50563	0.0	2	46725 3370 468
25	48979	0.0	2	44995 3539 445
26	46797	0.0	2	43143 3349 305
27	44654	0.0	2	40980 3301 347 26
28	42576	0.0	2	38789 3299 435 53
29	37771	0.0	2	34447 2887 384 53
30	33879	0.0	3	30779 2634 334 132
31	28519	0.0	3	25964 2232 249 74
32	26360	0.0	3	23797 2186 274 103
33	22838	0.0	3	20649 1907 205 77
34	21957	0.0	3	19708 1903 261 85
35	21108	0.0	3	18925 1832 249 102
36	20187	0.0	3	18105 1717 265 100
37	19356	0.0	3	17364 1631 237 124
38	18470	0.0	3	16613 1559 204 94
39	16945	0.0	3	15303 1385 159 98
40	15671	0.0	3	14042 1339 197 93
41	13776	0.0	3	12397 1156 142 81
42	12323	0.0	3	10978 1099 155 91
43	10529	0.0	3	9477 869 123 60
44	9372	0.0	3	8442 735 128 67
45	8344	0.0	3	7459 733 95 57
46	7525	0.0	3	6733 648 96 48
47	7270	0.0	3	6507 603 116 44
48	6989	0.0	3	6256 580 91 62
49	6666	0.0	3	5940 591 86 49
50	6243	0.0	3	5538 553 99 53
51	7300	0.0	3	6561 582 96 61
52	3377	0.0	3	2999 301 46 31
53	3614	0.0	3	3262 280 43 29
54	3136	0.0	3	2784 284 44 24
55	2859	0.0	3	2509 262 48 40
56	2613	0.0	3	2337 204 40 32
57	2376	0.0	3	2089 231 31 25
58	2213	0.0	3	1952 204 38 19
59	2228	0.0	3	1975 185 35 33
60	1966	0.0	3	1737 150 47 32
61	1685	0.0	3	1489 145 31 20
62	1424	0.0	3	1223 124 53 24
63	1235	0.0	3	1036 132 49 18
64	750	0.0	3	636 78 20 16
65	806	0.0	3	648 83 51 24
66	610	0.0	3	520 56 19 15
67	586	0.0	3	504 45 24 13
68	605	0.0	3	469 83 27 26
69	467	0.0	3	390 60 12 5
70	408	0.0	3	320 53 18 17
71	343	0.0	3	246 66 14 17
72	283	0.0	3	224 38 12 9
73	220	0.0	3	164 32 18 6
74	224	0.0	3	164 31 15 14
75	137	0.0	3	98 24 6 9
76	173	0.0	3	118 29 11 15
77	166	0.0	3	128 20 15 3
78	135	0.0	3	95 28 7 5
79	113	0.0	3	85 18 6 4
80	110	0.0	3	77 22 5 6
81	210	0.0	3	149 45 12 4
82	75	0.0	3	56 13 4 2
83	106	0.0	3	64 36 5 1
84	173	0.0	3	83 77 13
85	203	0.0	3	75 116 10 2
86	249	0.0	3	110 126 13
87	237	0.0	3	89 138 8 2
88	268	0.0	3	95 160 12 1
89	250	0.0	3	106 136 8
90	239	0.0	3	94 131 12 2
91	257	0.0	3	102 137 16 2
92	276	0.0	3	89 175 11 1
93	269	0.0	3	79 172 18
94	249	0.0	3	105 129 11 4
95	253	0.0	3	93 153 6 1
96	315	0.0	3	120 173 19 3
97	416	0.0	3	167 219 28 2
98	727	0.0	3	240 434 48 5
99	1449	0.0	3	510 851 84 4
100	2046	0.0	3	726 1180 133 7
101	3448	0.0	3	1177 2061 193 17


=== Second read: Adapter 2 ===

Sequence: AGATCGGAAGAGCGTCGTGTAGGGAAAGAGTGT; Type: regular 3'; Length: 33; Trimmed: 4084754 times

Minimum overlap: 3
No. of allowed errors:
1-9 bp: 0; 10-19 bp: 1; 20-29 bp: 2; 30-33 bp: 3

Bases preceding removed adapters:
  A: 21.4%
  C: 28.7%
  G: 30.8%
  T: 18.8%
  none/other: 0.3%

Overview of removed sequences
length	count	expect	max.err	error counts
3	996542	809789.8	0	996542
4	358192	202447.4	0	358192
5	207519	50611.9	0	207519
6	172581	12653.0	0	172581
7	161726	3163.2	0	161726
8	145610	790.8	0	145610
9	134857	197.7	0	133295 1562
10	126062	49.4	1	119912 6150
11	114823	12.4	1	109862 4961
12	110789	3.1	1	105959 4830
13	102806	0.8	1	98242 4564
14	111487	0.2	1	106001 5486
15	90402	0.0	1	85580 4822
16	94105	0.0	1	88394 5711
17	103831	0.0	1	97418 6413
18	72121	0.0	1	68006 3690 425
19	79814	0.0	1	74353 5315 146
20	63243	0.0	2	58326 4157 760
21	58821	0.0	2	54236 3895 690
22	54574	0.0	2	49848 3958 768
23	52088	0.0	2	47732 3606 750
24	51437	0.0	2	46905 3806 726
25	46777	0.0	2	42825 3408 544
26	47492	0.0	2	43131 3559 802
27	45355	0.0	2	40803 3655 882 15
28	42302	0.0	2	38190 3233 808 71
29	36887	0.0	2	33248 3067 553 19
30	44072	0.0	3	39152 3596 867 457
31	18968	0.0	3	16857 1605 312 194
32	28370	0.0	3	24554 2734 644 438
33	22046	0.0	3	19495 2055 324 172
34	21966	0.0	3	19445 2045 304 172
35	21378	0.0	3	18747 1985 406 240
36	19671	0.0	3	17404 1613 288 366
37	19778	0.0	3	17395 1621 342 420
38	18080	0.0	3	15982 1478 268 352
39	18286	0.0	3	15821 1601 382 482
40	14939	0.0	3	13243 1221 231 244
41	14188	0.0	3	12517 1181 230 260
42	12524	0.0	3	10825 1136 247 316
43	10707	0.0	3	9404 908 174 221
44	9660	0.0	3	8358 821 210 271
45	8670	0.0	3	7508 767 185 210
46	7898	0.0	3	6870 651 173 204
47	7644	0.0	3	6558 646 227 213
48	7260	0.0	3	6219 632 168 241
49	7016	0.0	3	5968 657 170 221
50	6371	0.0	3	5498 578 110 185
51	5847	0.0	3	5070 494 138 145
52	4798	0.0	3	4160 375 131 132
53	4566	0.0	3	3811 443 149 163
54	3957	0.0	3	3165 418 178 196
55	2858	0.0	3	2440 264 70 84
56	3011	0.0	3	2440 294 127 150
57	3135	0.0	3	2468 313 164 190
58	2396	0.0	3	1975 243 87 91
59	2389	0.0	3	1968 232 83 106
60	2560	0.0	3	1958 276 151 175
61	1896	0.0	3	1539 191 71 95
62	1632	0.0	3	1293 171 77 91
63	1846	0.0	3	1245 209 168 224
64	1120	0.0	3	820 130 64 106
65	1082	0.0	3	752 134 93 103
66	921	0.0	3	651 103 84 83
67	923	0.0	3	618 131 84 90
68	958	0.0	3	625 129 87 117
69	836	0.0	3	546 112 90 88
70	752	0.0	3	454 97 85 116
71	581	0.0	3	373 73 51 84
72	594	0.0	3	351 88 70 85
73	526	0.0	3	289 82 67 88
74	501	0.0	3	265 66 71 99
75	435	0.0	3	212 85 50 88
76	423	0.0	3	226 66 51 80
77	373	0.0	3	199 64 41 69
78	312	0.0	3	177 43 39 53
79	251	0.0	3	120 54 28 49
80	302	0.0	3	150 52 44 56
81	334	0.0	3	132 119 37 46
82	211	0.0	3	95 67 22 27
83	215	0.0	3	94 73 22 26
84	200	0.0	3	85 68 26 21
85	172	0.0	3	60 74 22 16
86	147	0.0	3	60 65 7 15
87	165	0.0	3	54 88 11 12
88	147	0.0	3	59 65 13 10
89	210	0.0	3	76 106 13 15
90	190	0.0	3	76 86 22 6
91	179	0.0	3	67 91 16 5
92	213	0.0	3	71 125 12 5
93	217	0.0	3	89 113 13 2
94	251	0.0	3	100 136 13 2
95	247	0.0	3	91 132 15 9
96	296	0.0	3	105 174 13 4
97	414	0.0	3	134 248 27 5
98	612	0.0	3	215 346 40 11
99	1391	0.0	3	481 800 94 16
100	2053	0.0	3	705 1185 146 17
101	3374	0.0	3	1298 1891 160 25
