This is cutadapt 3.5 with Python 3.6.8
Command line parameters: -o /home/lspencer/2022-redking-OA/trimmed/Tank_2_Crab_3.trimmed.R1.v1.fastq.gz -p /home/lspencer/2022-redking-OA/trimmed/Tank_2_Crab_3.trimmed.R2.v1.fastq.gz -a AGATCGGAAGAGCACACGTCTGAACTCCAGTCA -A AGATCGGAAGAGCGTCGTGTAGGGAAAGAGTGT -q 15,10 -m 50 --trim-n --cores=8 /share/nwfsc/ggoetz/red_king_crab/illumina/Tank_2_Crab_3_R1.fastq.gz /share/nwfsc/ggoetz/red_king_crab/illumina/Tank_2_Crab_3_R2.fastq.gz
Processing reads on 8 cores in paired-end mode ...
Finished in 379.41 s (8 us/read; 7.82 M reads/minute).

=== Summary ===

Total read pairs processed:         49,422,262
  Read 1 with adapter:               6,595,112 (13.3%)
  Read 2 with adapter:               6,387,390 (12.9%)

== Read fate breakdown ==
Pairs that were too short:              78,251 (0.2%)
Pairs written (passing filters):    49,344,011 (99.8%)

Total basepairs processed: 9,983,296,924 bp
  Read 1: 4,991,648,462 bp
  Read 2: 4,991,648,462 bp
Quality-trimmed:               4,300,814 bp (0.0%)
  Read 1:       729,524 bp
  Read 2:     3,571,290 bp
Total written (filtered):  9,789,868,639 bp (98.1%)
  Read 1: 4,895,946,856 bp
  Read 2: 4,893,921,783 bp

=== First read: Adapter 1 ===

Sequence: AGATCGGAAGAGCACACGTCTGAACTCCAGTCA; Type: regular 3'; Length: 33; Trimmed: 6595112 times

Minimum overlap: 3
No. of allowed errors:
1-9 bp: 0; 10-19 bp: 1; 20-29 bp: 2; 30-33 bp: 3

Bases preceding removed adapters:
  A: 25.8%
  C: 34.5%
  G: 31.2%
  T: 8.2%
  none/other: 0.2%

Overview of removed sequences
length	count	expect	max.err	error counts
3	1237645	772222.8	0	1237645
4	471220	193055.7	0	471220
5	340603	48263.9	0	340603
6	299432	12066.0	0	299432
7	274366	3016.5	0	274366
8	251655	754.1	0	251655
9	228849	188.5	0	227041 1808
10	216168	47.1	1	207622 8546
11	201331	11.8	1	193649 7682
12	192688	2.9	1	185454 7234
13	192503	0.7	1	185035 7468
14	193571	0.2	1	185782 7789
15	193089	0.0	1	184161 8928
16	187309	0.0	1	178319 8990
17	177275	0.0	1	168726 8549
18	160281	0.0	1	152140 7846 295
19	141934	0.0	1	134493 7166 275
20	125143	0.0	2	117490 6811 842
21	111418	0.0	2	104411 6143 864
22	102352	0.0	2	95668 6038 646
23	97422	0.0	2	90906 5760 756
24	96460	0.0	2	89530 6251 679
25	95084	0.0	2	87705 6558 821
26	94837	0.0	2	87239 6822 776
27	89299	0.0	2	82235 6196 806 62
28	81202	0.0	2	74398 5887 774 143
29	71396	0.0	2	65118 5301 679 298
30	61919	0.0	3	56211 4830 560 318
31	53228	0.0	3	48164 4307 571 186
32	46682	0.0	3	42297 3764 469 152
33	42128	0.0	3	37888 3661 434 145
34	38875	0.0	3	35127 3251 371 126
35	38125	0.0	3	34433 3193 361 138
36	37004	0.0	3	33411 3062 387 144
37	35757	0.0	3	32247 2988 378 144
38	34518	0.0	3	31208 2817 362 131
39	30769	0.0	3	27883 2457 316 113
40	27855	0.0	3	25219 2259 270 107
41	24759	0.0	3	22355 2059 253 92
42	20803	0.0	3	18815 1678 232 78
43	17878	0.0	3	16221 1411 184 62
44	15304	0.0	3	13936 1171 134 63
45	13037	0.0	3	11778 1062 133 64
46	11752	0.0	3	10639 951 116 46
47	11269	0.0	3	10145 957 99 68
48	11532	0.0	3	10451 912 116 53
49	11078	0.0	3	10036 902 88 52
50	10273	0.0	3	9333 821 85 34
51	8596	0.0	3	7796 690 81 29
52	7310	0.0	3	6661 536 72 41
53	6082	0.0	3	5495 488 70 29
54	4883	0.0	3	4387 411 59 26
55	4033	0.0	3	3634 317 53 29
56	3635	0.0	3	3273 281 50 31
57	3248	0.0	3	2886 292 38 32
58	3460	0.0	3	3120 287 37 16
59	3270	0.0	3	2973 241 34 22
60	3208	0.0	3	2892 251 41 24
61	2501	0.0	3	2222 217 40 22
62	2019	0.0	3	1793 178 27 21
63	1637	0.0	3	1457 129 27 24
64	1297	0.0	3	1135 117 23 22
65	1024	0.0	3	865 117 26 16
66	785	0.0	3	662 81 22 20
67	778	0.0	3	654 85 20 19
68	736	0.0	3	631 61 25 19
69	689	0.0	3	589 66 18 16
70	683	0.0	3	536 94 32 21
71	400	0.0	3	325 51 14 10
72	355	0.0	3	279 42 14 20
73	261	0.0	3	204 34 8 15
74	216	0.0	3	162 25 16 13
75	168	0.0	3	121 25 14 8
76	139	0.0	3	95 20 18 6
77	118	0.0	3	79 21 10 8
78	125	0.0	3	95 18 9 3
79	81	0.0	3	59 17 4 1
80	68	0.0	3	54 6 6 2
81	1716	0.0	3	1314 283 83 36
82	93	0.0	3	78 12 2 1
83	152	0.0	3	94 46 8 4
84	72	0.0	3	60 10 2
85	49	0.0	3	41 4 3 1
86	55	0.0	3	51 2 1 1
87	54	0.0	3	43 6 2 3
88	39	0.0	3	34 3 2
89	47	0.0	3	44 3
90	24	0.0	3	21 2 1
91	13	0.0	3	12 1
92	6	0.0	3	6
93	9	0.0	3	7 1 0 1
94	6	0.0	3	6
95	7	0.0	3	5 1 1
96	2	0.0	3	2
97	6	0.0	3	5 0 0 1
98	4	0.0	3	2 1 0 1
99	23	0.0	3	19 2 1 1
100	138	0.0	3	32 97 8 1
101	11715	0.0	3	10318 1252 110 35


=== Second read: Adapter 2 ===

Sequence: AGATCGGAAGAGCGTCGTGTAGGGAAAGAGTGT; Type: regular 3'; Length: 33; Trimmed: 6387390 times

Minimum overlap: 3
No. of allowed errors:
1-9 bp: 0; 10-19 bp: 1; 20-29 bp: 2; 30-33 bp: 3

Bases preceding removed adapters:
  A: 16.9%
  C: 30.1%
  G: 33.7%
  T: 19.1%
  none/other: 0.2%

Overview of removed sequences
length	count	expect	max.err	error counts
3	1041773	772222.8	0	1041773
4	456473	193055.7	0	456473
5	331080	48263.9	0	331080
6	295734	12066.0	0	295734
7	275473	3016.5	0	275473
8	253343	754.1	0	253343
9	230472	188.5	0	228597 1875
10	218189	47.1	1	209017 9172
11	202981	11.8	1	195224 7757
12	194052	2.9	1	186922 7130
13	193519	0.7	1	185649 7870
14	195011	0.2	1	186820 8191
15	193492	0.0	1	182493 10999
16	187581	0.0	1	178060 9521
17	177529	0.0	1	168359 9170
18	159747	0.0	1	150238 9150 359
19	141627	0.0	1	133715 7599 313
20	125050	0.0	2	116481 6893 1676
21	111207	0.0	2	103092 6874 1241
22	102271	0.0	2	94537 6604 1130
23	97275	0.0	2	89792 6273 1210
24	96379	0.0	2	88978 6394 1007
25	95054	0.0	2	87444 6487 1123
26	94569	0.0	2	86741 6357 1471
27	89024	0.0	2	81216 6405 1380 23
28	80624	0.0	2	73266 5747 1502 109
29	71008	0.0	2	64179 5708 1045 76
30	61892	0.0	3	55541 4943 940 468
31	53097	0.0	3	47211 4568 875 443
32	46630	0.0	3	41641 4017 626 346
33	42060	0.0	3	37374 3765 631 290
34	38780	0.0	3	34577 3402 513 288
35	38109	0.0	3	33972 3333 533 271
36	36811	0.0	3	32838 3257 487 229
37	35655	0.0	3	31812 3169 434 240
38	34396	0.0	3	30599 3073 459 265
39	30625	0.0	3	27248 2698 430 249
40	27775	0.0	3	24798 2448 324 205
41	24678	0.0	3	22011 2160 349 158
42	20778	0.0	3	18462 1878 281 157
43	17855	0.0	3	15907 1524 251 173
44	15413	0.0	3	13665 1370 238 140
45	13194	0.0	3	11623 1200 239 132
46	11849	0.0	3	10502 1021 210 116
47	11419	0.0	3	10018 1081 201 119
48	11663	0.0	3	10335 983 231 114
49	11176	0.0	3	9870 990 198 118
50	10412	0.0	3	9185 938 173 116
51	8771	0.0	3	7669 835 155 112
52	7483	0.0	3	6579 667 139 98
53	6265	0.0	3	5509 567 113 76
54	5088	0.0	3	4423 456 125 84
55	4322	0.0	3	3700 425 99 98
56	3862	0.0	3	3306 393 100 63
57	3546	0.0	3	3004 351 107 84
58	3713	0.0	3	3166 365 100 82
59	3504	0.0	3	3024 321 97 62
60	3491	0.0	3	2972 350 90 79
61	2762	0.0	3	2308 297 98 59
62	2272	0.0	3	1869 245 91 67
63	1895	0.0	3	1540 205 91 59
64	1530	0.0	3	1235 170 71 54
65	1286	0.0	3	993 163 64 66
66	1032	0.0	3	758 147 62 65
67	1007	0.0	3	739 145 66 57
68	994	0.0	3	715 150 69 60
69	937	0.0	3	675 137 61 64
70	922	0.0	3	640 144 76 62
71	648	0.0	3	440 90 60 58
72	577	0.0	3	367 102 55 53
73	495	0.0	3	304 85 49 57
74	438	0.0	3	264 75 42 57
75	367	0.0	3	200 76 43 48
76	341	0.0	3	176 67 61 37
77	282	0.0	3	141 76 32 33
78	293	0.0	3	175 48 27 43
79	208	0.0	3	104 44 32 28
80	161	0.0	3	86 28 24 23
81	1514	0.0	3	483 437 349 245
82	148	0.0	3	73 22 24 29
83	148	0.0	3	86 24 16 22
84	122	0.0	3	64 22 18 18
85	94	0.0	3	53 18 9 14
86	71	0.0	3	39 13 5 14
87	81	0.0	3	43 15 12 11
88	49	0.0	3	29 13 3 4
89	62	0.0	3	44 6 7 5
90	32	0.0	3	22 3 1 6
91	20	0.0	3	11 3 2 4
92	13	0.0	3	6 3 1 3
93	14	0.0	3	3 3 5 3
94	8	0.0	3	4 1 2 1
95	7	0.0	3	3 3 1
96	7	0.0	3	2 3 0 2
97	5	0.0	3	1 1 2 1
98	3	0.0	3	2 1
99	33	0.0	3	9 4 8 12
100	372	0.0	3	11 304 41 16
101	11291	0.0	3	9706 1395 141 49
