This is cutadapt 3.5 with Python 3.6.8
Command line parameters: -o /home/lspencer/2022-redking-OA/trimmed/Tank_5_Crab_3.trimmed.R1.v2.fastq.gz -p /home/lspencer/2022-redking-OA/trimmed/Tank_5_Crab_3.trimmed.R2.v2.fastq.gz -a AGATCGGAAGAGCACACGTCTGAACTCCAGTCA -A AGATCGGAAGAGCGTCGTGTAGGGAAAGAGTGT -q 20,15 -m 50 --trim-n --cores=8 /share/nwfsc/ggoetz/red_king_crab/illumina/Tank_5_Crab_3_R1.fastq.gz /share/nwfsc/ggoetz/red_king_crab/illumina/Tank_5_Crab_3_R2.fastq.gz
Processing reads on 8 cores in paired-end mode ...
Finished in 470.86 s (8 us/read; 7.88 M reads/minute).

=== Summary ===

Total read pairs processed:         61,846,994
  Read 1 with adapter:               5,657,538 (9.1%)
  Read 2 with adapter:               5,394,738 (8.7%)

== Read fate breakdown ==
Pairs that were too short:             129,662 (0.2%)
Pairs written (passing filters):    61,717,332 (99.8%)

Total basepairs processed: 12,493,092,788 bp
  Read 1: 6,246,546,394 bp
  Read 2: 6,246,546,394 bp
Quality-trimmed:              25,800,671 bp (0.2%)
  Read 1:     5,186,218 bp
  Read 2:    20,614,453 bp
Total written (filtered):  12,314,669,817 bp (98.6%)
  Read 1: 6,161,769,018 bp
  Read 2: 6,152,900,799 bp

=== First read: Adapter 1 ===

Sequence: AGATCGGAAGAGCACACGTCTGAACTCCAGTCA; Type: regular 3'; Length: 33; Trimmed: 5657538 times

Minimum overlap: 3
No. of allowed errors:
1-9 bp: 0; 10-19 bp: 1; 20-29 bp: 2; 30-33 bp: 3

Bases preceding removed adapters:
  A: 27.9%
  C: 29.1%
  G: 32.5%
  T: 10.3%
  none/other: 0.1%

Overview of removed sequences
length	count	expect	max.err	error counts
3	1450128	966359.3	0	1450128
4	480176	241589.8	0	480176
5	285703	60397.5	0	285703
6	240211	15099.4	0	240211
7	224170	3774.8	0	224170
8	204045	943.7	0	204045
9	193456	235.9	0	191283 2173
10	180416	59.0	1	172657 7759
11	161530	14.7	1	155151 6379
12	152774	3.7	1	146600 6174
13	146230	0.9	1	139937 6293
14	137426	0.2	1	131574 5852
15	134897	0.1	1	128201 6696
16	129639	0.0	1	123130 6509
17	126732	0.0	1	119895 6837
18	120206	0.0	1	113383 6626 197
19	105594	0.0	1	99534 5825 235
20	95653	0.0	2	89072 5875 706
21	84653	0.0	2	78855 5247 551
22	76689	0.0	2	70972 5168 549
23	70360	0.0	2	65289 4530 541
24	68103	0.0	2	62430 5038 635
25	65575	0.0	2	59684 5187 704
26	61943	0.0	2	56636 4787 520
27	59654	0.0	2	54398 4646 569 41
28	57523	0.0	2	51960 4799 658 106
29	51394	0.0	2	46562 4171 561 100
30	46289	0.0	3	41773 3802 528 186
31	39742	0.0	3	35691 3474 468 109
32	35102	0.0	3	31378 3129 447 148
33	30854	0.0	3	27537 2803 406 108
34	28367	0.0	3	25281 2604 354 128
35	27620	0.0	3	24539 2586 360 135
36	26229	0.0	3	23352 2393 361 123
37	24062	0.0	3	21625 2034 296 107
38	23717	0.0	3	21096 2131 335 155
39	22116	0.0	3	19593 2039 328 156
40	19168	0.0	3	17094 1704 263 107
41	17400	0.0	3	15503 1558 236 103
42	15412	0.0	3	13663 1439 218 92
43	13529	0.0	3	12044 1219 190 76
44	12063	0.0	3	10724 1100 167 72
45	10424	0.0	3	9280 913 161 70
46	9581	0.0	3	8522 844 156 59
47	8941	0.0	3	7930 797 141 73
48	8670	0.0	3	7731 757 136 46
49	8311	0.0	3	7364 759 123 65
50	7607	0.0	3	6729 718 106 54
51	8451	0.0	3	7595 680 123 53
52	4308	0.0	3	3808 402 66 32
53	4400	0.0	3	3898 390 72 40
54	3880	0.0	3	3467 332 58 23
55	3518	0.0	3	3051 353 75 39
56	2992	0.0	3	2606 305 52 29
57	2733	0.0	3	2375 267 68 23
58	2651	0.0	3	2344 226 47 34
59	2632	0.0	3	2350 212 42 28
60	2301	0.0	3	2070 186 30 15
61	1955	0.0	3	1693 200 37 25
62	1666	0.0	3	1399 180 50 37
63	1404	0.0	3	1194 134 48 28
64	888	0.0	3	740 109 22 17
65	908	0.0	3	758 92 33 25
66	643	0.0	3	533 72 24 14
67	596	0.0	3	483 67 25 21
68	546	0.0	3	422 74 33 17
69	436	0.0	3	358 59 13 6
70	407	0.0	3	321 57 20 9
71	353	0.0	3	248 52 33 20
72	290	0.0	3	208 43 21 18
73	223	0.0	3	150 39 14 20
74	257	0.0	3	178 43 21 15
75	173	0.0	3	124 30 10 9
76	170	0.0	3	129 24 7 10
77	132	0.0	3	95 16 13 8
78	118	0.0	3	92 16 4 6
79	99	0.0	3	77 12 5 5
80	100	0.0	3	85 8 3 4
81	87	0.0	3	68 13 4 2
82	70	0.0	3	53 10 3 4
83	78	0.0	3	53 21 2 2
84	156	0.0	3	67 79 8 2
85	198	0.0	3	61 128 8 1
86	199	0.0	3	64 120 12 3
87	238	0.0	3	69 159 10
88	217	0.0	3	59 148 10
89	175	0.0	3	50 116 8 1
90	201	0.0	3	58 133 10
91	212	0.0	3	49 152 11
92	177	0.0	3	52 115 8 2
93	200	0.0	3	42 145 12 1
94	194	0.0	3	47 131 13 3
95	196	0.0	3	54 131 9 2
96	227	0.0	3	58 155 12 2
97	309	0.0	3	74 200 31 4
98	452	0.0	3	93 323 32 4
99	989	0.0	3	194 717 75 3
100	1402	0.0	3	294 997 107 4
101	2247	0.0	3	487 1588 155 17


=== Second read: Adapter 2 ===

Sequence: AGATCGGAAGAGCGTCGTGTAGGGAAAGAGTGT; Type: regular 3'; Length: 33; Trimmed: 5394738 times

Minimum overlap: 3
No. of allowed errors:
1-9 bp: 0; 10-19 bp: 1; 20-29 bp: 2; 30-33 bp: 3

Bases preceding removed adapters:
  A: 22.2%
  C: 29.6%
  G: 29.3%
  T: 18.8%
  none/other: 0.1%

Overview of removed sequences
length	count	expect	max.err	error counts
3	1220277	966359.3	0	1220277
4	451802	241589.8	0	451802
5	272618	60397.5	0	272618
6	235039	15099.4	0	235039
7	222922	3774.8	0	222922
8	205093	943.7	0	205093
9	194155	235.9	0	192233 1922
10	179333	59.0	1	171895 7438
11	162222	14.7	1	155798 6424
12	156640	3.7	1	150456 6184
13	142223	0.9	1	136570 5653
14	154253	0.2	1	147695 6558
15	121727	0.1	1	116083 5644
16	128067	0.0	1	121661 6406
17	145096	0.0	1	137531 7565
18	98162	0.0	1	93315 4576 271
19	114338	0.0	1	107883 6264 191
20	88516	0.0	2	82927 4696 893
21	83380	0.0	2	77777 4718 885
22	76674	0.0	2	71018 4740 916
23	71328	0.0	2	65914 4400 1014
24	69104	0.0	2	63826 4359 919
25	62740	0.0	2	58161 3925 654
26	62401	0.0	2	57458 3989 954
27	60736	0.0	2	55596 4000 1122 18
28	57248	0.0	2	52524 3749 896 79
29	50419	0.0	2	46147 3593 652 27
30	61910	0.0	3	56070 4251 1032 557
31	24340	0.0	3	21856 1864 399 221
32	39643	0.0	3	35219 3296 688 440
33	27515	0.0	3	24740 2198 393 184
34	27951	0.0	3	25032 2289 383 247
35	27256	0.0	3	24415 2214 372 255
36	27432	0.0	3	24308 2345 487 292
37	23404	0.0	3	21075 1825 322 182
38	23970	0.0	3	21396 1940 377 257
39	22747	0.0	3	20173 1889 402 283
40	19099	0.0	3	17234 1477 246 142
41	17626	0.0	3	15725 1442 265 194
42	16361	0.0	3	14484 1329 311 237
43	13149	0.0	3	11834 1031 176 108
44	12528	0.0	3	11049 1029 272 178
45	10607	0.0	3	9450 833 187 137
46	10047	0.0	3	8808 858 222 159
47	9320	0.0	3	8101 820 231 168
48	9012	0.0	3	7889 770 212 141
49	8635	0.0	3	7573 736 185 141
50	7795	0.0	3	6809 675 184 127
51	6935	0.0	3	6021 642 156 116
52	5923	0.0	3	5195 501 128 99
53	5373	0.0	3	4547 532 170 124
54	4920	0.0	3	4091 469 200 160
55	3473	0.0	3	2991 344 78 60
56	3428	0.0	3	2827 331 147 123
57	3578	0.0	3	2780 425 195 178
58	2776	0.0	3	2331 285 93 67
59	2734	0.0	3	2333 249 83 69
60	2974	0.0	3	2309 342 165 158
61	2206	0.0	3	1816 232 85 73
62	1882	0.0	3	1505 226 86 65
63	2060	0.0	3	1397 311 204 148
64	1251	0.0	3	917 161 96 77
65	1204	0.0	3	890 159 79 76
66	947	0.0	3	664 124 85 74
67	934	0.0	3	622 152 88 72
68	938	0.0	3	571 167 94 106
69	827	0.0	3	521 146 82 78
70	697	0.0	3	449 97 81 70
71	657	0.0	3	400 120 71 66
72	614	0.0	3	355 116 81 62
73	519	0.0	3	279 99 70 71
74	523	0.0	3	288 94 78 63
75	500	0.0	3	249 108 75 68
76	433	0.0	3	219 106 57 51
77	384	0.0	3	210 71 54 49
78	318	0.0	3	164 62 53 39
79	299	0.0	3	136 76 47 40
80	297	0.0	3	162 72 33 30
81	179	0.0	3	84 48 24 23
82	188	0.0	3	90 48 28 22
83	174	0.0	3	82 60 21 11
84	153	0.0	3	63 62 15 13
85	133	0.0	3	57 51 12 13
86	121	0.0	3	44 54 16 7
87	131	0.0	3	41 66 17 7
88	113	0.0	3	33 65 9 6
89	137	0.0	3	29 90 15 3
90	145	0.0	3	38 91 13 3
91	138	0.0	3	35 88 9 6
92	156	0.0	3	48 98 10
93	154	0.0	3	26 116 9 3
94	187	0.0	3	35 138 13 1
95	154	0.0	3	35 105 11 3
96	224	0.0	3	45 159 14 6
97	304	0.0	3	79 207 16 2
98	454	0.0	3	76 336 35 7
99	1059	0.0	3	216 764 72 7
100	1485	0.0	3	329 1039 109 8
101	2485	0.0	3	542 1841 83 19
