This is cutadapt 3.5 with Python 3.6.8
Command line parameters: -o /home/lspencer/2022-redking-OA/trimmed/Tank_18_Crab_1.trimmed.R1.v2.fastq.gz -p /home/lspencer/2022-redking-OA/trimmed/Tank_18_Crab_1.trimmed.R2.v2.fastq.gz -a AGATCGGAAGAGCACACGTCTGAACTCCAGTCA -A AGATCGGAAGAGCGTCGTGTAGGGAAAGAGTGT -q 20,15 -m 50 --trim-n --cores=8 /share/nwfsc/ggoetz/red_king_crab/illumina/Tank_18_Crab_1_R1.fastq.gz /share/nwfsc/ggoetz/red_king_crab/illumina/Tank_18_Crab_1_R2.fastq.gz
Processing reads on 8 cores in paired-end mode ...
Finished in 426.07 s (8 us/read; 7.88 M reads/minute).

=== Summary ===

Total read pairs processed:         55,932,350
  Read 1 with adapter:               4,001,102 (7.2%)
  Read 2 with adapter:               3,790,640 (6.8%)

== Read fate breakdown ==
Pairs that were too short:              90,571 (0.2%)
Pairs written (passing filters):    55,841,779 (99.8%)

Total basepairs processed: 11,298,334,700 bp
  Read 1: 5,649,167,350 bp
  Read 2: 5,649,167,350 bp
Quality-trimmed:              22,607,898 bp (0.2%)
  Read 1:     5,084,765 bp
  Read 2:    17,523,133 bp
Total written (filtered):  11,176,514,361 bp (98.9%)
  Read 1: 5,592,026,023 bp
  Read 2: 5,584,488,338 bp

=== First read: Adapter 1 ===

Sequence: AGATCGGAAGAGCACACGTCTGAACTCCAGTCA; Type: regular 3'; Length: 33; Trimmed: 4001102 times

Minimum overlap: 3
No. of allowed errors:
1-9 bp: 0; 10-19 bp: 1; 20-29 bp: 2; 30-33 bp: 3

Bases preceding removed adapters:
  A: 27.9%
  C: 28.6%
  G: 32.4%
  T: 11.0%
  none/other: 0.1%

Overview of removed sequences
length	count	expect	max.err	error counts
3	1240985	873943.0	0	1240985
4	379254	218485.7	0	379254
5	203189	54621.4	0	203189
6	163317	13655.4	0	163317
7	148514	3413.8	0	148514
8	132588	853.5	0	132588
9	125008	213.4	0	123494 1514
10	114451	53.3	1	109329 5122
11	103596	13.3	1	99421 4175
12	97324	3.3	1	93771 3553
13	92881	0.8	1	89157 3724
14	88742	0.2	1	85153 3589
15	86403	0.1	1	82678 3725
16	82826	0.0	1	79053 3773
17	80200	0.0	1	76215 3985
18	75152	0.0	1	71343 3737 72
19	64818	0.0	1	61643 3083 92
20	59534	0.0	2	55943 3147 444
21	51905	0.0	2	48746 2841 318
22	47713	0.0	2	44454 2928 331
23	44266	0.0	2	41232 2699 335
24	42392	0.0	2	39146 2853 393
25	41244	0.0	2	37911 2887 446
26	38250	0.0	2	35405 2585 260
27	36939	0.0	2	34074 2554 297 14
28	35119	0.0	2	31991 2733 340 55
29	31449	0.0	2	28823 2298 294 34
30	28336	0.0	3	25779 2188 255 114
31	23881	0.0	3	21789 1792 232 68
32	21932	0.0	3	19773 1806 241 112
33	19344	0.0	3	17530 1552 192 70
34	17597	0.0	3	15852 1454 205 86
35	16846	0.0	3	15255 1241 246 104
36	16232	0.0	3	14626 1297 235 74
37	15084	0.0	3	13522 1228 233 101
38	14745	0.0	3	13225 1157 254 109
39	13472	0.0	3	12140 1034 205 93
40	11447	0.0	3	10407 811 158 71
41	10549	0.0	3	9440 857 164 88
42	9184	0.0	3	8252 717 143 72
43	7877	0.0	3	7094 602 119 62
44	6998	0.0	3	6255 554 111 78
45	6235	0.0	3	5585 501 92 57
46	5570	0.0	3	4962 457 97 54
47	5128	0.0	3	4590 406 89 43
48	4821	0.0	3	4328 388 65 40
49	4410	0.0	3	3943 348 79 40
50	4131	0.0	3	3647 338 87 59
51	4723	0.0	3	4230 351 92 50
52	2090	0.0	3	1830 177 46 37
53	2175	0.0	3	1915 180 49 31
54	1956	0.0	3	1726 170 36 24
55	1727	0.0	3	1460 154 63 50
56	1477	0.0	3	1275 118 54 30
57	1226	0.0	3	1052 119 37 18
58	1112	0.0	3	963 98 22 29
59	1046	0.0	3	900 90 38 18
60	943	0.0	3	797 88 38 20
61	759	0.0	3	610 82 41 26
62	630	0.0	3	492 73 39 26
63	635	0.0	3	488 82 40 25
64	363	0.0	3	287 47 15 14
65	430	0.0	3	300 48 49 33
66	301	0.0	3	217 42 23 19
67	268	0.0	3	202 32 18 16
68	305	0.0	3	197 42 41 25
69	241	0.0	3	184 26 14 17
70	233	0.0	3	159 37 17 20
71	243	0.0	3	177 27 19 20
72	211	0.0	3	142 37 18 14
73	225	0.0	3	154 30 18 23
74	245	0.0	3	172 31 25 17
75	158	0.0	3	107 22 20 9
76	127	0.0	3	82 30 9 6
77	146	0.0	3	100 28 11 7
78	100	0.0	3	75 16 4 5
79	98	0.0	3	72 15 8 3
80	103	0.0	3	70 21 4 8
81	91	0.0	3	74 13 2 2
82	64	0.0	3	58 5 0 1
83	72	0.0	3	56 15 0 1
84	112	0.0	3	83 26 3
85	120	0.0	3	67 45 4 4
86	136	0.0	3	76 54 4 2
87	130	0.0	3	58 66 5 1
88	115	0.0	3	57 56 2
89	111	0.0	3	60 45 5 1
90	118	0.0	3	58 56 4
91	114	0.0	3	48 57 8 1
92	115	0.0	3	46 62 7
93	87	0.0	3	37 47 2 1
94	87	0.0	3	40 41 5 1
95	101	0.0	3	45 53 3
96	114	0.0	3	57 54 2 1
97	185	0.0	3	81 90 10 4
98	269	0.0	3	97 158 13 1
99	571	0.0	3	253 290 23 5
100	786	0.0	3	327 410 41 8
101	1430	0.0	3	606 755 61 8


=== Second read: Adapter 2 ===

Sequence: AGATCGGAAGAGCGTCGTGTAGGGAAAGAGTGT; Type: regular 3'; Length: 33; Trimmed: 3790640 times

Minimum overlap: 3
No. of allowed errors:
1-9 bp: 0; 10-19 bp: 1; 20-29 bp: 2; 30-33 bp: 3

Bases preceding removed adapters:
  A: 21.9%
  C: 28.0%
  G: 30.3%
  T: 19.8%
  none/other: 0.1%

Overview of removed sequences
length	count	expect	max.err	error counts
3	1037404	873943.0	0	1037404
4	359743	218485.7	0	359743
5	191679	54621.4	0	191679
6	159719	13655.4	0	159719
7	148848	3413.8	0	148848
8	133001	853.5	0	133001
9	125382	213.4	0	123988 1394
10	114640	53.3	1	109168 5472
11	103920	13.3	1	99709 4211
12	100128	3.3	1	95879 4249
13	90743	0.8	1	87107 3636
14	99224	0.2	1	94807 4417
15	78767	0.1	1	74996 3771
16	82415	0.0	1	78396 4019
17	91169	0.0	1	86295 4874
18	62681	0.0	1	59599 2896 186
19	70205	0.0	1	66135 3964 106
20	56111	0.0	2	52288 3176 647
21	51341	0.0	2	47841 2977 523
22	47598	0.0	2	44038 2897 663
23	45490	0.0	2	41765 3002 723
24	43799	0.0	2	40136 2985 678
25	39315	0.0	2	36277 2557 481
26	39416	0.0	2	36233 2592 591
27	37744	0.0	2	34429 2644 659 12
28	35775	0.0	2	32591 2454 646 84
29	30805	0.0	2	27932 2415 423 35
30	38158	0.0	3	34228 2815 693 422
31	15100	0.0	3	13409 1194 332 165
32	24480	0.0	3	21322 2225 543 390
33	18290	0.0	3	16341 1508 266 175
34	17560	0.0	3	15594 1520 277 169
35	16912	0.0	3	15186 1277 278 171
36	16732	0.0	3	14689 1517 305 221
37	17268	0.0	3	15034 1565 371 298
38	13333	0.0	3	11890 1109 200 134
39	14323	0.0	3	12562 1224 314 223
40	11306	0.0	3	10136 881 170 119
41	10977	0.0	3	9570 971 251 185
42	10233	0.0	3	8766 957 273 237
43	7692	0.0	3	6812 645 136 99
44	7728	0.0	3	6488 759 256 225
45	6547	0.0	3	5644 595 175 133
46	6040	0.0	3	5186 558 163 133
47	5710	0.0	3	4745 577 216 172
48	5247	0.0	3	4438 480 177 152
49	4899	0.0	3	4159 432 177 131
50	4464	0.0	3	3732 459 150 123
51	3907	0.0	3	3313 360 124 110
52	3323	0.0	3	2784 325 109 105
53	2975	0.0	3	2388 345 136 106
54	2882	0.0	3	2147 362 211 162
55	1760	0.0	3	1423 200 86 51
56	1962	0.0	3	1455 251 134 122
57	2029	0.0	3	1357 297 193 182
58	1429	0.0	3	1072 190 90 77
59	1285	0.0	3	973 152 86 74
60	1573	0.0	3	997 254 148 174
61	1052	0.0	3	752 133 87 80
62	925	0.0	3	625 143 77 80
63	1357	0.0	3	766 255 183 153
64	735	0.0	3	431 146 73 85
65	735	0.0	3	433 132 81 89
66	628	0.0	3	380 89 82 77
67	664	0.0	3	353 125 96 90
68	651	0.0	3	321 146 84 100
69	607	0.0	3	339 124 80 64
70	590	0.0	3	298 109 94 89
71	586	0.0	3	304 114 83 85
72	539	0.0	3	289 101 78 71
73	577	0.0	3	286 125 88 78
74	556	0.0	3	290 121 74 71
75	471	0.0	3	245 88 61 77
76	443	0.0	3	218 86 76 63
77	419	0.0	3	217 86 53 63
78	296	0.0	3	149 67 43 37
79	256	0.0	3	131 61 26 38
80	287	0.0	3	153 71 28 35
81	206	0.0	3	126 40 21 19
82	147	0.0	3	84 33 16 14
83	142	0.0	3	70 38 16 18
84	142	0.0	3	65 40 17 20
85	143	0.0	3	67 44 18 14
86	107	0.0	3	48 31 16 12
87	128	0.0	3	56 52 6 14
88	107	0.0	3	47 43 8 9
89	88	0.0	3	38 34 7 9
90	94	0.0	3	47 33 8 6
91	86	0.0	3	39 32 6 9
92	98	0.0	3	44 46 5 3
93	88	0.0	3	37 45 2 4
94	98	0.0	3	47 42 7 2
95	106	0.0	3	39 64 2 1
96	121	0.0	3	44 66 9 2
97	182	0.0	3	87 78 13 4
98	272	0.0	3	120 129 19 4
99	520	0.0	3	195 288 30 7
100	884	0.0	3	392 446 40 6
101	1321	0.0	3	558 683 66 14
