This is cutadapt 3.5 with Python 3.6.8
Command line parameters: -o /home/lspencer/2022-redking-OA/trimmed/Tank_16_Crab_4.trimmed.R1.v2.fastq.gz -p /home/lspencer/2022-redking-OA/trimmed/Tank_16_Crab_4.trimmed.R2.v2.fastq.gz -a AGATCGGAAGAGCACACGTCTGAACTCCAGTCA -A AGATCGGAAGAGCGTCGTGTAGGGAAAGAGTGT -q 20,15 -m 50 --trim-n --cores=8 /share/nwfsc/ggoetz/red_king_crab/illumina/Tank_16_Crab_4_R1.fastq.gz /share/nwfsc/ggoetz/red_king_crab/illumina/Tank_16_Crab_4_R2.fastq.gz
Processing reads on 8 cores in paired-end mode ...
Finished in 413.60 s (8 us/read; 7.86 M reads/minute).

=== Summary ===

Total read pairs processed:         54,183,967
  Read 1 with adapter:               4,849,673 (9.0%)
  Read 2 with adapter:               4,625,014 (8.5%)

== Read fate breakdown ==
Pairs that were too short:              86,466 (0.2%)
Pairs written (passing filters):    54,097,501 (99.8%)

Total basepairs processed: 10,945,161,334 bp
  Read 1: 5,472,580,667 bp
  Read 2: 5,472,580,667 bp
Quality-trimmed:              19,400,453 bp (0.2%)
  Read 1:     5,000,284 bp
  Read 2:    14,400,169 bp
Total written (filtered):  10,801,539,581 bp (98.7%)
  Read 1: 5,403,618,750 bp
  Read 2: 5,397,920,831 bp

=== First read: Adapter 1 ===

Sequence: AGATCGGAAGAGCACACGTCTGAACTCCAGTCA; Type: regular 3'; Length: 33; Trimmed: 4849673 times

Minimum overlap: 3
No. of allowed errors:
1-9 bp: 0; 10-19 bp: 1; 20-29 bp: 2; 30-33 bp: 3

Bases preceding removed adapters:
  A: 28.2%
  C: 28.3%
  G: 33.8%
  T: 9.6%
  none/other: 0.1%

Overview of removed sequences
length	count	expect	max.err	error counts
3	1288904	846624.5	0	1288904
4	417887	211656.1	0	417887
5	258974	52914.0	0	258974
6	220078	13228.5	0	220078
7	201379	3307.1	0	201379
8	179672	826.8	0	179672
9	164519	206.7	0	162845 1674
10	149614	51.7	1	143395 6219
11	131200	12.9	1	126229 4971
12	123687	3.2	1	119180 4507
13	120556	0.8	1	115934 4622
14	116829	0.2	1	112390 4439
15	118447	0.1	1	113092 5355
16	115012	0.0	1	109604 5408
17	112126	0.0	1	106539 5587
18	103498	0.0	1	98157 5231 110
19	87442	0.0	1	82922 4387 133
20	76699	0.0	2	71715 4378 606
21	66319	0.0	2	62032 3896 391
22	59801	0.0	2	55794 3620 387
23	54756	0.0	2	50870 3475 411
24	54118	0.0	2	49978 3663 477
25	53960	0.0	2	49474 3971 515
26	51848	0.0	2	47866 3678 304
27	51046	0.0	2	46895 3677 440 34
28	48092	0.0	2	43809 3730 487 66
29	42333	0.0	2	38635 3234 409 55
30	36307	0.0	3	32880 2891 382 154
31	30793	0.0	3	27883 2538 283 89
32	26757	0.0	3	24117 2270 267 103
33	23604	0.0	3	21239 2019 247 99
34	21932	0.0	3	19661 1907 268 96
35	20656	0.0	3	18513 1751 291 101
36	20768	0.0	3	18479 1783 354 152
37	20272	0.0	3	18223 1632 310 107
38	19296	0.0	3	17331 1550 311 104
39	18326	0.0	3	16490 1454 258 124
40	16171	0.0	3	14433 1355 263 120
41	14043	0.0	3	12625 1164 188 66
42	12036	0.0	3	10745 999 192 100
43	10450	0.0	3	9362 841 184 63
44	8603	0.0	3	7689 688 162 64
45	7661	0.0	3	6860 625 132 44
46	6875	0.0	3	6130 575 116 54
47	6604	0.0	3	5883 566 102 53
48	6576	0.0	3	5922 509 83 62
49	6523	0.0	3	5811 549 121 42
50	6154	0.0	3	5431 564 113 46
51	6854	0.0	3	6186 523 94 51
52	2892	0.0	3	2574 219 57 42
53	3000	0.0	3	2670 245 49 36
54	2682	0.0	3	2385 234 43 20
55	2434	0.0	3	2084 227 71 52
56	2033	0.0	3	1756 203 47 27
57	1914	0.0	3	1654 184 44 32
58	1851	0.0	3	1623 154 49 25
59	1975	0.0	3	1722 186 44 23
60	1724	0.0	3	1500 160 40 24
61	1483	0.0	3	1286 131 39 27
62	1265	0.0	3	1029 148 57 31
63	1070	0.0	3	903 111 35 21
64	619	0.0	3	525 60 19 15
65	649	0.0	3	497 94 38 20
66	488	0.0	3	399 53 20 16
67	459	0.0	3	364 55 22 18
68	505	0.0	3	373 74 31 27
69	386	0.0	3	313 43 14 16
70	346	0.0	3	266 39 20 21
71	372	0.0	3	270 58 24 20
72	251	0.0	3	190 40 12 9
73	239	0.0	3	161 39 20 19
74	247	0.0	3	167 42 22 16
75	168	0.0	3	119 20 16 13
76	170	0.0	3	115 26 12 17
77	166	0.0	3	116 28 9 13
78	135	0.0	3	94 25 13 3
79	121	0.0	3	101 14 3 3
80	93	0.0	3	79 7 5 2
81	103	0.0	3	85 12 3 3
82	58	0.0	3	47 9 2
83	103	0.0	3	95 8
84	81	0.0	3	72 5 3 1
85	103	0.0	3	91 8 1 3
86	95	0.0	3	82 11 2
87	104	0.0	3	91 11 0 2
88	81	0.0	3	76 4 1
89	71	0.0	3	66 3 2
90	87	0.0	3	73 12 2
91	74	0.0	3	56 11 5 2
92	87	0.0	3	77 7 2 1
93	81	0.0	3	70 7 3 1
94	87	0.0	3	78 7 2
95	73	0.0	3	61 12
96	93	0.0	3	83 4 4 2
97	144	0.0	3	127 13 3 1
98	228	0.0	3	200 24 3 1
99	448	0.0	3	389 52 5 2
100	594	0.0	3	522 56 10 6
101	1084	0.0	3	968 99 12 5


=== Second read: Adapter 2 ===

Sequence: AGATCGGAAGAGCGTCGTGTAGGGAAAGAGTGT; Type: regular 3'; Length: 33; Trimmed: 4625014 times

Minimum overlap: 3
No. of allowed errors:
1-9 bp: 0; 10-19 bp: 1; 20-29 bp: 2; 30-33 bp: 3

Bases preceding removed adapters:
  A: 20.9%
  C: 28.4%
  G: 30.8%
  T: 19.9%
  none/other: 0.1%

Overview of removed sequences
length	count	expect	max.err	error counts
3	1071143	846624.5	0	1071143
4	399372	211656.1	0	399372
5	249624	52914.0	0	249624
6	215089	13228.5	0	215089
7	201173	3307.1	0	201173
8	181038	826.8	0	181038
9	165172	206.7	0	163587 1585
10	149526	51.7	1	143073 6453
11	132314	12.9	1	127192 5122
12	127036	3.2	1	122231 4805
13	118077	0.8	1	113456 4621
14	130850	0.2	1	125130 5720
15	107511	0.1	1	102712 4799
16	114796	0.0	1	109133 5663
17	125661	0.0	1	119122 6539
18	87258	0.0	1	82788 4198 272
19	92963	0.0	1	87471 5342 150
20	73251	0.0	2	68426 4029 796
21	66025	0.0	2	61386 3977 662
22	59800	0.0	2	55418 3705 677
23	55785	0.0	2	51525 3543 717
24	55226	0.0	2	50809 3657 760
25	51859	0.0	2	47945 3380 534
26	52985	0.0	2	48599 3626 760
27	52086	0.0	2	47373 3752 942 19
28	47842	0.0	2	43636 3302 838 66
29	41964	0.0	2	38114 3294 541 15
30	45565	0.0	3	40952 3439 759 415
31	22147	0.0	3	19929 1715 327 176
32	29006	0.0	3	25491 2651 527 337
33	22583	0.0	3	20201 1894 323 165
34	22892	0.0	3	20224 2006 415 247
35	20070	0.0	3	17961 1652 298 159
36	20854	0.0	3	18461 1752 396 245
37	21812	0.0	3	19128 1911 444 329
38	19026	0.0	3	16999 1591 278 158
39	18278	0.0	3	16293 1516 295 174
40	16431	0.0	3	14604 1366 279 182
41	14419	0.0	3	12796 1201 253 169
42	12770	0.0	3	11113 1144 311 202
43	10423	0.0	3	9270 854 199 100
44	9143	0.0	3	7805 892 236 210
45	8045	0.0	3	7018 700 176 151
46	7308	0.0	3	6297 661 195 155
47	7025	0.0	3	6024 685 173 143
48	7011	0.0	3	6034 623 199 155
49	6906	0.0	3	5973 640 152 141
50	6416	0.0	3	5511 571 168 166
51	5633	0.0	3	4857 516 160 100
52	4371	0.0	3	3731 411 116 113
53	3836	0.0	3	3167 401 147 121
54	3623	0.0	3	2875 390 188 170
55	2453	0.0	3	2073 263 69 48
56	2484	0.0	3	1913 300 134 137
57	2789	0.0	3	2086 341 166 196
58	2092	0.0	3	1694 228 77 93
59	2155	0.0	3	1776 215 93 71
60	2363	0.0	3	1746 304 167 146
61	1783	0.0	3	1445 191 72 75
62	1535	0.0	3	1191 154 96 94
63	1742	0.0	3	1138 270 171 163
64	996	0.0	3	688 137 80 91
65	994	0.0	3	639 158 101 96
66	807	0.0	3	536 123 65 83
67	818	0.0	3	528 121 89 80
68	877	0.0	3	546 148 86 97
69	747	0.0	3	490 109 79 69
70	663	0.0	3	412 107 83 61
71	630	0.0	3	391 95 64 80
72	581	0.0	3	329 118 68 66
73	557	0.0	3	319 98 75 65
74	527	0.0	3	291 102 60 74
75	467	0.0	3	266 77 62 62
76	466	0.0	3	242 89 68 67
77	401	0.0	3	223 74 57 47
78	353	0.0	3	192 85 35 41
79	266	0.0	3	157 39 46 24
80	247	0.0	3	152 40 25 30
81	222	0.0	3	142 33 25 22
82	151	0.0	3	89 29 13 20
83	148	0.0	3	106 12 9 21
84	111	0.0	3	64 17 15 15
85	107	0.0	3	66 17 13 11
86	77	0.0	3	53 10 8 6
87	74	0.0	3	45 12 6 11
88	72	0.0	3	51 5 7 9
89	69	0.0	3	41 15 5 8
90	75	0.0	3	54 14 1 6
91	61	0.0	3	49 6 4 2
92	66	0.0	3	49 10 3 4
93	86	0.0	3	71 12 1 2
94	61	0.0	3	52 7 1 1
95	88	0.0	3	75 9 2 2
96	122	0.0	3	98 15 6 3
97	155	0.0	3	131 18 4 2
98	244	0.0	3	198 42 2 2
99	413	0.0	3	349 57 4 3
100	643	0.0	3	547 78 13 5
101	1157	0.0	3	1037 102 13 5
