This is cutadapt 3.5 with Python 3.6.8
Command line parameters: -o /home/lspencer/2022-redking-OA/trimmed/Tank_13_Crab_3.trimmed.R1.v2.fastq.gz -p /home/lspencer/2022-redking-OA/trimmed/Tank_13_Crab_3.trimmed.R2.v2.fastq.gz -a AGATCGGAAGAGCACACGTCTGAACTCCAGTCA -A AGATCGGAAGAGCGTCGTGTAGGGAAAGAGTGT -q 20,15 -m 50 --trim-n --cores=8 /share/nwfsc/ggoetz/red_king_crab/illumina/Tank_13_Crab_3_R1.fastq.gz /share/nwfsc/ggoetz/red_king_crab/illumina/Tank_13_Crab_3_R2.fastq.gz
Processing reads on 8 cores in paired-end mode ...
Finished in 545.39 s (8 us/read; 7.90 M reads/minute).

=== Summary ===

Total read pairs processed:         71,824,919
  Read 1 with adapter:               6,532,851 (9.1%)
  Read 2 with adapter:               6,240,658 (8.7%)

== Read fate breakdown ==
Pairs that were too short:             116,489 (0.2%)
Pairs written (passing filters):    71,708,430 (99.8%)

Total basepairs processed: 14,508,633,638 bp
  Read 1: 7,254,316,819 bp
  Read 2: 7,254,316,819 bp
Quality-trimmed:              27,050,106 bp (0.2%)
  Read 1:     6,135,748 bp
  Read 2:    20,914,358 bp
Total written (filtered):  14,313,627,377 bp (98.7%)
  Read 1: 7,161,398,980 bp
  Read 2: 7,152,228,397 bp

=== First read: Adapter 1 ===

Sequence: AGATCGGAAGAGCACACGTCTGAACTCCAGTCA; Type: regular 3'; Length: 33; Trimmed: 6532851 times

Minimum overlap: 3
No. of allowed errors:
1-9 bp: 0; 10-19 bp: 1; 20-29 bp: 2; 30-33 bp: 3

Bases preceding removed adapters:
  A: 27.6%
  C: 28.5%
  G: 33.9%
  T: 10.0%
  none/other: 0.0%

Overview of removed sequences
length	count	expect	max.err	error counts
3	1704513	1122264.4	0	1704513
4	557154	280566.1	0	557154
5	341844	70141.5	0	341844
6	287257	17535.4	0	287257
7	265933	4383.8	0	265933
8	239192	1096.0	0	239192
9	225438	274.0	0	222820 2618
10	209481	68.5	1	200832 8649
11	187248	17.1	1	180037 7211
12	178531	4.3	1	171747 6784
13	170775	1.1	1	163587 7188
14	161931	0.3	1	155272 6659
15	159498	0.1	1	151822 7676
16	152382	0.0	1	145222 7160
17	148274	0.0	1	140594 7680
18	138828	0.0	1	131439 7240 149
19	120303	0.0	1	113781 6284 238
20	108138	0.0	2	101059 6316 763
21	95601	0.0	2	89431 5561 609
22	86528	0.0	2	80312 5608 608
23	79522	0.0	2	73774 5213 535
24	76464	0.0	2	70387 5385 692
25	74121	0.0	2	68000 5459 662
26	70328	0.0	2	64616 5263 449
27	66983	0.0	2	61403 4981 572 27
28	64016	0.0	2	58060 5186 640 130
29	56357	0.0	2	51236 4494 555 72
30	50454	0.0	3	45584 4186 491 193
31	43198	0.0	3	39121 3581 404 92
32	37870	0.0	3	34011 3244 476 139
33	33589	0.0	3	30297 2851 339 102
34	31164	0.0	3	27864 2785 371 144
35	29095	0.0	3	26153 2409 395 138
36	27667	0.0	3	24799 2299 399 170
37	26284	0.0	3	23425 2246 446 167
38	24521	0.0	3	22040 1986 353 142
39	22609	0.0	3	20281 1838 337 153
40	20300	0.0	3	18093 1766 302 139
41	17623	0.0	3	15878 1379 269 97
42	15677	0.0	3	14068 1283 239 87
43	13515	0.0	3	12112 1123 205 75
44	11814	0.0	3	10595 965 167 87
45	10380	0.0	3	9290 874 143 73
46	9328	0.0	3	8332 773 150 73
47	8493	0.0	3	7618 667 137 71
48	8088	0.0	3	7256 641 141 50
49	7919	0.0	3	7065 667 125 62
50	7392	0.0	3	6563 645 117 67
51	8127	0.0	3	7313 611 138 65
52	3981	0.0	3	3484 380 80 37
53	4099	0.0	3	3666 330 65 38
54	3509	0.0	3	3148 271 69 21
55	3108	0.0	3	2739 249 78 42
56	2803	0.0	3	2493 206 71 33
57	2520	0.0	3	2184 236 71 29
58	2415	0.0	3	2121 209 55 30
59	2318	0.0	3	2041 206 48 23
60	2015	0.0	3	1772 177 40 26
61	1687	0.0	3	1456 153 47 31
62	1412	0.0	3	1183 143 55 31
63	1294	0.0	3	1078 117 53 46
64	763	0.0	3	641 73 23 26
65	801	0.0	3	640 91 46 24
66	595	0.0	3	501 57 26 11
67	573	0.0	3	475 64 16 18
68	572	0.0	3	442 72 35 23
69	404	0.0	3	319 50 20 15
70	452	0.0	3	344 53 28 27
71	351	0.0	3	246 51 28 26
72	261	0.0	3	201 36 16 8
73	232	0.0	3	165 32 16 19
74	266	0.0	3	174 51 22 19
75	224	0.0	3	136 44 23 21
76	243	0.0	3	138 49 24 32
77	173	0.0	3	118 30 15 10
78	140	0.0	3	103 18 12 7
79	115	0.0	3	85 15 7 8
80	145	0.0	3	116 16 6 7
81	125	0.0	3	89 22 10 4
82	99	0.0	3	76 16 2 5
83	90	0.0	3	73 11 4 2
84	113	0.0	3	74 34 5
85	104	0.0	3	65 36 2 1
86	99	0.0	3	60 34 4 1
87	88	0.0	3	48 36 4
88	99	0.0	3	59 38 2
89	102	0.0	3	61 35 6
90	70	0.0	3	35 32 2 1
91	92	0.0	3	45 44 3
92	73	0.0	3	36 37
93	67	0.0	3	36 30 1
94	62	0.0	3	31 30 0 1
95	67	0.0	3	30 31 5 1
96	101	0.0	3	52 47 2
97	108	0.0	3	53 47 7 1
98	176	0.0	3	65 105 5 1
99	403	0.0	3	205 174 21 3
100	555	0.0	3	264 263 23 5
101	940	0.0	3	460 432 42 6


=== Second read: Adapter 2 ===

Sequence: AGATCGGAAGAGCGTCGTGTAGGGAAAGAGTGT; Type: regular 3'; Length: 33; Trimmed: 6240658 times

Minimum overlap: 3
No. of allowed errors:
1-9 bp: 0; 10-19 bp: 1; 20-29 bp: 2; 30-33 bp: 3

Bases preceding removed adapters:
  A: 22.0%
  C: 28.6%
  G: 30.9%
  T: 18.5%
  none/other: 0.0%

Overview of removed sequences
length	count	expect	max.err	error counts
3	1430354	1122264.4	0	1430354
4	535777	280566.1	0	535777
5	327028	70141.5	0	327028
6	280215	17535.4	0	280215
7	263452	4383.8	0	263452
8	240704	1096.0	0	240704
9	226277	274.0	0	224059 2218
10	207893	68.5	1	198754 9139
11	189338	17.1	1	181845 7493
12	180852	4.3	1	173811 7041
13	168320	1.1	1	161397 6923
14	173764	0.3	1	166042 7722
15	151009	0.1	1	143845 7164
16	152326	0.0	1	144447 7879
17	155140	0.0	1	146872 8268
18	128168	0.0	1	121479 6081 608
19	121442	0.0	1	114238 7027 177
20	109067	0.0	2	101453 6405 1209
21	94784	0.0	2	88148 5662 974
22	86235	0.0	2	79960 5342 933
23	80846	0.0	2	74630 5207 1009
24	76348	0.0	2	70363 5023 962
25	71846	0.0	2	66400 4709 737
26	71472	0.0	2	65503 4878 1091
27	68750	0.0	2	62365 5048 1323 14
28	63164	0.0	2	57832 4189 1055 88
29	56113	0.0	2	50976 4281 820 36
30	62097	0.0	3	55755 4684 1060 598
31	32122	0.0	3	28896 2501 457 268
32	39612	0.0	3	34883 3472 763 494
33	32698	0.0	3	29330 2677 449 242
34	31463	0.0	3	27928 2754 485 296
35	30576	0.0	3	27093 2622 531 330
36	27256	0.0	3	24188 2362 425 281
37	26259	0.0	3	23370 2285 373 231
38	25603	0.0	3	22691 2236 405 271
39	22214	0.0	3	19790 1894 323 207
40	20268	0.0	3	17916 1766 349 237
41	18301	0.0	3	16079 1703 302 217
42	16771	0.0	3	14620 1493 389 269
43	13417	0.0	3	11977 1094 203 143
44	12480	0.0	3	10814 1126 307 233
45	10897	0.0	3	9469 1012 246 170
46	9881	0.0	3	8587 924 185 185
47	9065	0.0	3	7802 852 236 175
48	8454	0.0	3	7356 745 192 161
49	8624	0.0	3	7451 779 236 158
50	7694	0.0	3	6663 694 188 149
51	6773	0.0	3	5793 642 185 153
52	5678	0.0	3	4874 518 160 126
53	5192	0.0	3	4374 491 165 162
54	4768	0.0	3	3798 562 206 202
55	3210	0.0	3	2728 315 96 71
56	3524	0.0	3	2789 390 161 184
57	3542	0.0	3	2728 466 182 166
58	2779	0.0	3	2273 300 114 92
59	2652	0.0	3	2175 266 108 103
60	2845	0.0	3	2129 383 158 175
61	2098	0.0	3	1640 262 103 93
62	1866	0.0	3	1410 226 130 100
63	2167	0.0	3	1433 362 199 173
64	1303	0.0	3	882 207 108 106
65	1207	0.0	3	825 181 104 97
66	1057	0.0	3	707 161 92 97
67	1078	0.0	3	704 166 108 100
68	1060	0.0	3	651 193 116 100
69	905	0.0	3	574 158 84 89
70	909	0.0	3	564 164 95 86
71	726	0.0	3	445 108 83 90
72	690	0.0	3	411 147 65 67
73	685	0.0	3	357 147 92 89
74	627	0.0	3	353 129 71 74
75	579	0.0	3	315 112 83 69
76	615	0.0	3	299 147 86 83
77	481	0.0	3	262 95 54 70
78	414	0.0	3	227 85 43 59
79	295	0.0	3	159 68 29 39
80	387	0.0	3	231 75 41 40
81	260	0.0	3	130 60 33 37
82	195	0.0	3	102 52 17 24
83	183	0.0	3	89 45 22 27
84	154	0.0	3	75 40 18 21
85	139	0.0	3	62 42 16 19
86	117	0.0	3	62 29 13 13
87	99	0.0	3	57 20 12 10
88	80	0.0	3	36 25 12 7
89	77	0.0	3	39 27 6 5
90	94	0.0	3	33 38 11 12
91	68	0.0	3	25 34 4 5
92	80	0.0	3	36 32 7 5
93	79	0.0	3	43 30 2 4
94	60	0.0	3	21 29 9 1
95	67	0.0	3	26 35 6
96	103	0.0	3	50 42 4 7
97	150	0.0	3	61 73 11 5
98	194	0.0	3	87 92 11 4
99	376	0.0	3	165 176 29 6
100	551	0.0	3	268 246 30 7
101	984	0.0	3	462 478 32 12
