This is cutadapt 3.5 with Python 3.6.8
Command line parameters: -o /home/lspencer/2022-redking-OA/trimmed/Tank_5_Crab_1.trimmed.R1.v2.fastq.gz -p /home/lspencer/2022-redking-OA/trimmed/Tank_5_Crab_1.trimmed.R2.v2.fastq.gz -a AGATCGGAAGAGCACACGTCTGAACTCCAGTCA -A AGATCGGAAGAGCGTCGTGTAGGGAAAGAGTGT -q 20,15 -m 50 --trim-n --cores=8 /share/nwfsc/ggoetz/red_king_crab/illumina/Tank_5_Crab_1_R1.fastq.gz /share/nwfsc/ggoetz/red_king_crab/illumina/Tank_5_Crab_1_R2.fastq.gz
Processing reads on 8 cores in paired-end mode ...
Finished in 520.51 s (8 us/read; 7.87 M reads/minute).

=== Summary ===

Total read pairs processed:         68,295,831
  Read 1 with adapter:               5,814,341 (8.5%)
  Read 2 with adapter:               5,535,067 (8.1%)

== Read fate breakdown ==
Pairs that were too short:             135,042 (0.2%)
Pairs written (passing filters):    68,160,789 (99.8%)

Total basepairs processed: 13,795,757,862 bp
  Read 1: 6,897,878,931 bp
  Read 2: 6,897,878,931 bp
Quality-trimmed:              25,627,333 bp (0.2%)
  Read 1:     5,873,411 bp
  Read 2:    19,753,922 bp
Total written (filtered):  13,614,694,286 bp (98.7%)
  Read 1: 6,811,669,233 bp
  Read 2: 6,803,025,053 bp

=== First read: Adapter 1 ===

Sequence: AGATCGGAAGAGCACACGTCTGAACTCCAGTCA; Type: regular 3'; Length: 33; Trimmed: 5814341 times

Minimum overlap: 3
No. of allowed errors:
1-9 bp: 0; 10-19 bp: 1; 20-29 bp: 2; 30-33 bp: 3

Bases preceding removed adapters:
  A: 27.7%
  C: 28.1%
  G: 33.5%
  T: 10.4%
  none/other: 0.3%

Overview of removed sequences
length	count	expect	max.err	error counts
3	1584066	1067122.4	0	1584066
4	513610	266780.6	0	513610
5	292938	66695.1	0	292938
6	242699	16673.8	0	242699
7	223419	4168.4	0	223419
8	202319	1042.1	0	202319
9	192650	260.5	0	190527 2123
10	178408	65.1	1	171129 7279
11	158061	16.3	1	152548 5513
12	149160	4.1	1	143965 5195
13	143371	1.0	1	137913 5458
14	134188	0.3	1	129229 4959
15	132606	0.1	1	127069 5537
16	127495	0.0	1	122043 5452
17	124855	0.0	1	119152 5703
18	117478	0.0	1	111893 5469 116
19	104175	0.0	1	99030 4987 158
20	93783	0.0	2	88184 4986 613
21	84005	0.0	2	78843 4630 532
22	75437	0.0	2	70493 4454 490
23	69337	0.0	2	64957 3929 451
24	66423	0.0	2	61790 4132 501
25	64014	0.0	2	59163 4275 576
26	61063	0.0	2	56647 3993 423
27	59391	0.0	2	55056 3856 455 24
28	56482	0.0	2	51909 3999 496 78
29	50283	0.0	2	46298 3492 432 61
30	46840	0.0	3	42819 3417 415 189
31	40349	0.0	3	36890 2997 344 118
32	35388	0.0	3	32050 2871 343 124
33	30716	0.0	3	27891 2463 272 90
34	28846	0.0	3	26181 2246 320 99
35	26987	0.0	3	24254 2261 313 159
36	25700	0.0	3	23278 2047 263 112
37	25386	0.0	3	22952 2022 302 110
38	23553	0.0	3	21305 1852 262 134
39	22305	0.0	3	20087 1791 293 134
40	20047	0.0	3	18211 1518 222 96
41	17985	0.0	3	16234 1454 184 113
42	16021	0.0	3	14479 1242 215 85
43	14055	0.0	3	12663 1124 181 87
44	12132	0.0	3	10998 929 140 65
45	11001	0.0	3	9929 883 125 64
46	10029	0.0	3	9066 803 105 55
47	9204	0.0	3	8311 750 100 43
48	9059	0.0	3	8174 711 110 64
49	8649	0.0	3	7760 729 109 51
50	8152	0.0	3	7303 687 94 68
51	9050	0.0	3	8253 631 110 56
52	4673	0.0	3	4224 352 52 45
53	4763	0.0	3	4283 363 81 36
54	4386	0.0	3	3981 332 53 20
55	3953	0.0	3	3548 296 64 45
56	3308	0.0	3	2949 268 58 33
57	3084	0.0	3	2765 240 47 32
58	2903	0.0	3	2554 257 51 41
59	2949	0.0	3	2621 241 58 29
60	2576	0.0	3	2313 194 44 25
61	2125	0.0	3	1865 190 44 26
62	1833	0.0	3	1574 169 58 32
63	1661	0.0	3	1439 129 56 37
64	1017	0.0	3	884 89 32 12
65	1062	0.0	3	868 122 50 22
66	737	0.0	3	623 76 22 16
67	704	0.0	3	571 71 34 28
68	628	0.0	3	485 82 32 29
69	538	0.0	3	445 58 18 17
70	500	0.0	3	401 51 30 18
71	346	0.0	3	266 47 16 17
72	301	0.0	3	235 34 20 12
73	292	0.0	3	192 58 20 22
74	238	0.0	3	160 42 23 13
75	192	0.0	3	138 29 7 18
76	174	0.0	3	121 34 10 9
77	159	0.0	3	108 28 13 10
78	147	0.0	3	109 20 9 9
79	141	0.0	3	101 27 7 6
80	129	0.0	3	99 14 9 7
81	165	0.0	3	104 50 6 5
82	101	0.0	3	78 12 5 6
83	104	0.0	3	59 36 7 2
84	262	0.0	3	84 164 13 1
85	334	0.0	3	112 200 20 2
86	405	0.0	3	146 232 23 4
87	463	0.0	3	198 246 16 3
88	440	0.0	3	204 217 17 2
89	413	0.0	3	193 206 14
90	409	0.0	3	170 223 15 1
91	400	0.0	3	164 220 15 1
92	383	0.0	3	153 214 13 3
93	355	0.0	3	137 187 30 1
94	400	0.0	3	155 224 18 3
95	329	0.0	3	122 192 15
96	383	0.0	3	151 211 21
97	549	0.0	3	213 308 25 3
98	920	0.0	3	313 558 43 6
99	1889	0.0	3	711 1074 88 16
100	2618	0.0	3	958 1485 160 15
101	4330	0.0	3	1616 2476 218 20


=== Second read: Adapter 2 ===

Sequence: AGATCGGAAGAGCGTCGTGTAGGGAAAGAGTGT; Type: regular 3'; Length: 33; Trimmed: 5535067 times

Minimum overlap: 3
No. of allowed errors:
1-9 bp: 0; 10-19 bp: 1; 20-29 bp: 2; 30-33 bp: 3

Bases preceding removed adapters:
  A: 21.7%
  C: 29.1%
  G: 30.0%
  T: 19.0%
  none/other: 0.3%

Overview of removed sequences
length	count	expect	max.err	error counts
3	1337022	1067122.4	0	1337022
4	475565	266780.6	0	475565
5	278341	66695.1	0	278341
6	235276	16673.8	0	235276
7	220996	4168.4	0	220996
8	203550	1042.1	0	203550
9	194261	260.5	0	191803 2458
10	177006	65.1	1	169021 7985
11	160713	16.3	1	154020 6693
12	152631	4.1	1	146721 5910
13	140410	1.0	1	134804 5606
14	149226	0.3	1	142821 6405
15	120322	0.1	1	114758 5564
16	127388	0.0	1	121030 6358
17	136878	0.0	1	129760 7118
18	102445	0.0	1	97604 4541 300
19	106667	0.0	1	100548 5959 160
20	92855	0.0	2	86786 5053 1016
21	82609	0.0	2	77024 4654 931
22	74964	0.0	2	69426 4517 1021
23	70473	0.0	2	65190 4279 1004
24	66808	0.0	2	61594 4283 931
25	62113	0.0	2	57504 3890 719
26	61508	0.0	2	56539 3991 978
27	60691	0.0	2	55274 4251 1153 13
28	55295	0.0	2	50798 3512 899 86
29	50512	0.0	2	46041 3745 676 50
30	52777	0.0	3	47370 3906 921 580
31	34052	0.0	3	30993 2390 420 249
32	35643	0.0	3	31766 2861 614 402
33	31849	0.0	3	28451 2586 503 309
34	30184	0.0	3	26709 2518 587 370
35	27116	0.0	3	24257 2167 433 259
36	26661	0.0	3	23649 2206 459 347
37	24894	0.0	3	22359 1987 332 216
38	24113	0.0	3	21462 1974 377 300
39	23531	0.0	3	20779 2055 415 282
40	20026	0.0	3	17985 1567 271 203
41	18197	0.0	3	16254 1443 300 200
42	17277	0.0	3	15273 1421 344 239
43	13937	0.0	3	12512 1098 182 145
44	12974	0.0	3	11362 1069 305 238
45	11407	0.0	3	10032 954 253 168
46	10734	0.0	3	9312 982 254 186
47	9793	0.0	3	8532 865 228 168
48	9626	0.0	3	8336 885 233 172
49	9342	0.0	3	8154 814 225 149
50	8509	0.0	3	7415 773 191 130
51	7482	0.0	3	6519 652 180 131
52	6583	0.0	3	5785 527 144 127
53	5983	0.0	3	5153 532 167 131
54	5734	0.0	3	4737 563 241 193
55	4039	0.0	3	3486 353 105 95
56	4018	0.0	3	3235 459 186 138
57	4288	0.0	3	3339 504 240 205
58	3257	0.0	3	2730 315 119 93
59	3214	0.0	3	2693 301 122 98
60	3468	0.0	3	2724 376 200 168
61	2561	0.0	3	2063 307 106 85
62	2296	0.0	3	1799 266 133 98
63	2646	0.0	3	1821 412 205 208
64	1568	0.0	3	1141 202 125 100
65	1555	0.0	3	1145 192 123 95
66	1196	0.0	3	836 172 103 85
67	1189	0.0	3	823 172 104 90
68	1206	0.0	3	794 202 115 95
69	1048	0.0	3	699 159 98 92
70	968	0.0	3	646 139 102 81
71	842	0.0	3	512 151 102 77
72	794	0.0	3	470 155 83 86
73	737	0.0	3	419 131 95 92
74	618	0.0	3	373 106 72 67
75	628	0.0	3	356 129 74 69
76	586	0.0	3	320 129 75 62
77	503	0.0	3	285 99 63 56
78	404	0.0	3	231 79 54 40
79	360	0.0	3	205 70 39 46
80	373	0.0	3	226 78 42 27
81	329	0.0	3	146 95 49 39
82	281	0.0	3	132 81 38 30
83	262	0.0	3	109 103 23 27
84	231	0.0	3	98 99 15 19
85	239	0.0	3	106 85 36 12
86	228	0.0	3	91 88 20 29
87	220	0.0	3	88 98 16 18
88	248	0.0	3	113 109 18 8
89	278	0.0	3	110 143 16 9
90	265	0.0	3	104 147 12 2
91	267	0.0	3	107 143 11 6
92	299	0.0	3	117 157 19 6
93	293	0.0	3	119 157 15 2
94	330	0.0	3	131 180 16 3
95	305	0.0	3	114 167 17 7
96	448	0.0	3	142 275 26 5
97	609	0.0	3	224 337 38 10
98	929	0.0	3	347 521 53 8
99	1871	0.0	3	607 1117 131 16
100	2938	0.0	3	1061 1679 183 15
101	4886	0.0	3	1880 2809 179 18
