This is cutadapt 3.5 with Python 3.6.8
Command line parameters: -o /home/lspencer/2022-redking-OA/trimmed/Tank_7_Crab_4.trimmed.R1.v1.fastq.gz -p /home/lspencer/2022-redking-OA/trimmed/Tank_7_Crab_4.trimmed.R2.v1.fastq.gz -a AGATCGGAAGAGCACACGTCTGAACTCCAGTCA -A AGATCGGAAGAGCGTCGTGTAGGGAAAGAGTGT -q 15,10 -m 50 --trim-n --cores=8 /share/nwfsc/ggoetz/red_king_crab/illumina/Tank_7_Crab_4_R1.fastq.gz /share/nwfsc/ggoetz/red_king_crab/illumina/Tank_7_Crab_4_R2.fastq.gz
Processing reads on 8 cores in paired-end mode ...
Finished in 463.79 s (8 us/read; 7.85 M reads/minute).

=== Summary ===

Total read pairs processed:         60,653,613
  Read 1 with adapter:               5,108,134 (8.4%)
  Read 2 with adapter:               4,878,092 (8.0%)

== Read fate breakdown ==
Pairs that were too short:              48,491 (0.1%)
Pairs written (passing filters):    60,605,122 (99.9%)

Total basepairs processed: 12,252,029,826 bp
  Read 1: 6,126,014,913 bp
  Read 2: 6,126,014,913 bp
Quality-trimmed:               5,485,359 bp (0.0%)
  Read 1:       931,900 bp
  Read 2:     4,553,459 bp
Total written (filtered):  12,122,497,282 bp (98.9%)
  Read 1: 6,062,807,343 bp
  Read 2: 6,059,689,939 bp

=== First read: Adapter 1 ===

Sequence: AGATCGGAAGAGCACACGTCTGAACTCCAGTCA; Type: regular 3'; Length: 33; Trimmed: 5108134 times

Minimum overlap: 3
No. of allowed errors:
1-9 bp: 0; 10-19 bp: 1; 20-29 bp: 2; 30-33 bp: 3

Bases preceding removed adapters:
  A: 28.2%
  C: 29.1%
  G: 33.5%
  T: 9.2%
  none/other: 0.0%

Overview of removed sequences
length	count	expect	max.err	error counts
3	1369912	947712.7	0	1369912
4	467255	236928.2	0	467255
5	285810	59232.0	0	285810
6	234214	14808.0	0	234214
7	208361	3702.0	0	208361
8	188844	925.5	0	188844
9	169082	231.4	0	167437 1645
10	155742	57.8	1	149125 6617
11	140634	14.5	1	135417 5217
12	129878	3.6	1	125028 4850
13	125543	0.9	1	120632 4911
14	123472	0.2	1	118396 5076
15	121617	0.1	1	116021 5596
16	120030	0.0	1	114432 5598
17	113863	0.0	1	108254 5609
18	103498	0.0	1	98214 5098 186
19	90320	0.0	1	85321 4829 170
20	79501	0.0	2	74685 4317 499
21	68695	0.0	2	64272 3944 479
22	61127	0.0	2	57016 3762 349
23	57490	0.0	2	53406 3651 433
24	55018	0.0	2	51063 3554 401
25	54535	0.0	2	50369 3732 434
26	53314	0.0	2	49022 3892 400
27	51434	0.0	2	47422 3525 449 38
28	48254	0.0	2	44080 3647 431 96
29	42683	0.0	2	38937 3191 434 121
30	36451	0.0	3	33035 2890 354 172
31	31193	0.0	3	28252 2527 306 108
32	27157	0.0	3	24423 2379 266 89
33	24112	0.0	3	21680 2105 228 99
34	22383	0.0	3	20131 1933 238 81
35	21604	0.0	3	19468 1815 240 81
36	20819	0.0	3	18744 1764 223 88
37	20537	0.0	3	18538 1694 211 94
38	19903	0.0	3	17858 1776 192 77
39	18027	0.0	3	16246 1521 188 72
40	15979	0.0	3	14377 1340 187 75
41	14019	0.0	3	12648 1142 153 76
42	12117	0.0	3	10856 1067 143 51
43	10322	0.0	3	9300 849 112 61
44	9057	0.0	3	8131 763 102 61
45	8003	0.0	3	7189 683 93 38
46	7213	0.0	3	6447 647 86 33
47	7052	0.0	3	6349 575 84 44
48	7022	0.0	3	6314 587 78 43
49	6817	0.0	3	6184 504 93 36
50	6287	0.0	3	5655 514 85 33
51	5301	0.0	3	4706 499 66 30
52	4668	0.0	3	4200 380 54 34
53	3876	0.0	3	3465 318 58 35
54	3150	0.0	3	2789 289 38 34
55	2644	0.0	3	2339 241 39 25
56	2371	0.0	3	2098 207 44 22
57	2245	0.0	3	1995 192 38 20
58	2259	0.0	3	2019 186 38 16
59	2197	0.0	3	1953 188 31 25
60	2073	0.0	3	1820 189 38 26
61	1686	0.0	3	1502 137 32 15
62	1275	0.0	3	1088 128 39 20
63	1011	0.0	3	876 87 29 19
64	820	0.0	3	700 79 24 17
65	670	0.0	3	561 79 17 13
66	593	0.0	3	479 65 27 22
67	514	0.0	3	417 61 19 17
68	480	0.0	3	383 52 23 22
69	438	0.0	3	345 56 27 10
70	345	0.0	3	270 46 17 12
71	274	0.0	3	212 33 17 12
72	234	0.0	3	171 37 12 14
73	201	0.0	3	149 29 11 12
74	169	0.0	3	115 26 18 10
75	140	0.0	3	95 26 11 8
76	146	0.0	3	96 28 12 10
77	108	0.0	3	71 21 9 7
78	115	0.0	3	89 10 8 8
79	99	0.0	3	76 20 2 1
80	70	0.0	3	53 15 1 1
81	62	0.0	3	53 5 3 1
82	68	0.0	3	58 8 2
83	46	0.0	3	40 4 2
84	41	0.0	3	40 1
85	35	0.0	3	29 6
86	26	0.0	3	24 2
87	22	0.0	3	19 2 0 1
88	19	0.0	3	16 3
89	14	0.0	3	12 2
90	5	0.0	3	5
91	5	0.0	3	4 1
92	2	0.0	3	1 0 1
93	2	0.0	3	2
94	1	0.0	3	1
95	1	0.0	3	0 0 0 1
96	1	0.0	3	0 1
97	1	0.0	3	0 0 1
98	6	0.0	3	3 1 1 1
99	3	0.0	3	2 0 1
100	15	0.0	3	1 9 5
101	1387	0.0	3	1205 166 13 3


=== Second read: Adapter 2 ===

Sequence: AGATCGGAAGAGCGTCGTGTAGGGAAAGAGTGT; Type: regular 3'; Length: 33; Trimmed: 4878092 times

Minimum overlap: 3
No. of allowed errors:
1-9 bp: 0; 10-19 bp: 1; 20-29 bp: 2; 30-33 bp: 3

Bases preceding removed adapters:
  A: 20.2%
  C: 28.6%
  G: 32.0%
  T: 19.1%
  none/other: 0.0%

Overview of removed sequences
length	count	expect	max.err	error counts
3	1174347	947712.7	0	1174347
4	433328	236928.2	0	433328
5	268793	59232.0	0	268793
6	225763	14808.0	0	225763
7	207923	3702.0	0	207923
8	189115	925.5	0	189115
9	170340	231.4	0	167953 2387
10	156237	57.8	1	149966 6271
11	141202	14.5	1	135812 5390
12	130288	3.6	1	125650 4638
13	125866	0.9	1	120774 5092
14	124086	0.2	1	118880 5206
15	121748	0.1	1	115569 6179
16	120049	0.0	1	114337 5712
17	113986	0.0	1	108489 5497
18	103287	0.0	1	97752 5321 214
19	90390	0.0	1	85504 4662 224
20	79716	0.0	2	74573 4223 920
21	68986	0.0	2	64496 3866 624
22	61475	0.0	2	57279 3571 625
23	57768	0.0	2	53829 3294 645
24	55393	0.0	2	51464 3348 581
25	54726	0.0	2	50715 3459 552
26	53593	0.0	2	49540 3402 651
27	51680	0.0	2	47554 3448 657 21
28	48477	0.0	2	44414 3238 752 73
29	42884	0.0	2	39200 3132 488 64
30	36891	0.0	3	33312 2736 576 267
31	31514	0.0	3	28015 2747 490 262
32	27530	0.0	3	24683 2259 382 206
33	24485	0.0	3	21824 2082 380 199
34	22683	0.0	3	20285 1898 346 154
35	21946	0.0	3	19563 1884 310 189
36	21210	0.0	3	19052 1655 297 206
37	20876	0.0	3	18784 1622 272 198
38	20303	0.0	3	18115 1692 290 206
39	18388	0.0	3	16433 1500 289 166
40	16384	0.0	3	14571 1420 255 138
41	14445	0.0	3	12784 1283 237 141
42	12515	0.0	3	11124 1046 196 149
43	10721	0.0	3	9400 986 175 160
44	9504	0.0	3	8352 818 185 149
45	8440	0.0	3	7393 760 169 118
46	7647	0.0	3	6684 678 164 121
47	7460	0.0	3	6556 647 148 109
48	7439	0.0	3	6506 636 174 123
49	7249	0.0	3	6279 694 148 128
50	6668	0.0	3	5828 589 154 97
51	5695	0.0	3	4920 525 130 120
52	5065	0.0	3	4305 516 130 114
53	4265	0.0	3	3631 400 116 118
54	3550	0.0	3	2995 340 122 93
55	3008	0.0	3	2510 286 125 87
56	2758	0.0	3	2259 285 106 108
57	2649	0.0	3	2151 306 115 77
58	2618	0.0	3	2140 276 109 93
59	2562	0.0	3	2101 275 93 93
60	2437	0.0	3	1988 264 109 76
61	2059	0.0	3	1642 242 84 91
62	1676	0.0	3	1312 192 94 78
63	1408	0.0	3	1021 211 103 73
64	1169	0.0	3	826 172 86 85
65	1057	0.0	3	719 176 77 85
66	930	0.0	3	628 155 74 73
67	862	0.0	3	568 144 79 71
68	825	0.0	3	528 130 96 71
69	737	0.0	3	498 119 65 55
70	682	0.0	3	424 117 66 75
71	611	0.0	3	355 124 67 65
72	528	0.0	3	295 105 75 53
73	502	0.0	3	280 95 65 62
74	459	0.0	3	238 81 80 60
75	437	0.0	3	234 97 52 54
76	381	0.0	3	209 63 57 52
77	334	0.0	3	173 89 42 30
78	287	0.0	3	149 56 51 31
79	256	0.0	3	143 41 39 33
80	187	0.0	3	98 39 20 30
81	165	0.0	3	81 29 27 28
82	163	0.0	3	84 32 26 21
83	115	0.0	3	63 23 18 11
84	101	0.0	3	54 19 12 16
85	78	0.0	3	41 14 10 13
86	60	0.0	3	30 11 8 11
87	68	0.0	3	35 11 12 10
88	51	0.0	3	27 11 8 5
89	41	0.0	3	19 3 10 9
90	22	0.0	3	8 2 7 5
91	21	0.0	3	9 6 3 3
92	11	0.0	3	2 1 4 4
93	8	0.0	3	1 1 3 3
94	8	0.0	3	2 1 3 2
95	3	0.0	3	0 1 1 1
96	7	0.0	3	1 2 0 4
97	5	0.0	3	1 1 1 2
98	11	0.0	3	4 1 1 5
99	8	0.0	3	0 1 2 5
100	41	0.0	3	1 27 8 5
101	1367	0.0	3	1201 139 14 13
