This is cutadapt 3.5 with Python 3.6.8
Command line parameters: -o /home/lspencer/2022-redking-OA/trimmed/Tank_10_Crab_2.trimmed.R1.v2.fastq.gz -p /home/lspencer/2022-redking-OA/trimmed/Tank_10_Crab_2.trimmed.R2.v2.fastq.gz -a AGATCGGAAGAGCACACGTCTGAACTCCAGTCA -A AGATCGGAAGAGCGTCGTGTAGGGAAAGAGTGT -q 20,15 -m 50 --trim-n --cores=8 /share/nwfsc/ggoetz/red_king_crab/illumina/Tank_10_Crab_2_R1.fastq.gz /share/nwfsc/ggoetz/red_king_crab/illumina/Tank_10_Crab_2_R2.fastq.gz
Processing reads on 8 cores in paired-end mode ...
Finished in 473.28 s (8 us/read; 7.83 M reads/minute).

=== Summary ===

Total read pairs processed:         61,795,018
  Read 1 with adapter:               7,368,546 (11.9%)
  Read 2 with adapter:               7,129,136 (11.5%)

== Read fate breakdown ==
Pairs that were too short:             209,793 (0.3%)
Pairs written (passing filters):    61,585,225 (99.7%)

Total basepairs processed: 12,482,593,636 bp
  Read 1: 6,241,296,818 bp
  Read 2: 6,241,296,818 bp
Quality-trimmed:              22,616,457 bp (0.2%)
  Read 1:     5,546,261 bp
  Read 2:    17,070,196 bp
Total written (filtered):  12,193,280,150 bp (97.7%)
  Read 1: 6,099,979,519 bp
  Read 2: 6,093,300,631 bp

=== First read: Adapter 1 ===

Sequence: AGATCGGAAGAGCACACGTCTGAACTCCAGTCA; Type: regular 3'; Length: 33; Trimmed: 7368546 times

Minimum overlap: 3
No. of allowed errors:
1-9 bp: 0; 10-19 bp: 1; 20-29 bp: 2; 30-33 bp: 3

Bases preceding removed adapters:
  A: 26.5%
  C: 35.5%
  G: 29.1%
  T: 8.6%
  none/other: 0.3%

Overview of removed sequences
length	count	expect	max.err	error counts
3	1374965	965547.2	0	1374965
4	456878	241386.8	0	456878
5	295580	60346.7	0	295580
6	247767	15086.7	0	247767
7	228603	3771.7	0	228603
8	207434	942.9	0	207434
9	197887	235.7	0	195691 2196
10	189913	58.9	1	181676 8237
11	175409	14.7	1	168099 7310
12	174969	3.7	1	167974 6995
13	180044	0.9	1	171848 8196
14	180553	0.2	1	172771 7782
15	187104	0.1	1	177294 9810
16	181803	0.0	1	172445 9358
17	180398	0.0	1	169685 10713
18	171837	0.0	1	161516 10088 233
19	149389	0.0	1	140468 8591 330
20	141021	0.0	2	130726 9078 1217
21	126929	0.0	2	117871 8143 915
22	122665	0.0	2	113603 8250 812
23	120157	0.0	2	111022 8194 941
24	125722	0.0	2	114727 9696 1299
25	130276	0.0	2	118032 10854 1390
26	127045	0.0	2	115756 10330 959
27	126284	0.0	2	114571 10510 1145 58
28	120908	0.0	2	108593 10651 1436 228
29	107842	0.0	2	96968 9527 1179 168
30	97271	0.0	3	86744 9156 1030 341
31	87287	0.0	3	77838 8206 1010 233
32	80704	0.0	3	71439 7943 1012 310
33	72377	0.0	3	64109 7166 863 239
34	73396	0.0	3	64629 7461 965 341
35	72425	0.0	3	64046 6911 1150 318
36	71695	0.0	3	63736 6782 918 259
37	71838	0.0	3	63442 6853 1158 385
38	71860	0.0	3	63406 6841 1204 409
39	64596	0.0	3	57422 5979 916 279
40	61191	0.0	3	54416 5555 923 297
41	53937	0.0	3	47854 4887 902 294
42	46131	0.0	3	40967 4259 732 173
43	40460	0.0	3	35973 3801 520 166
44	34880	0.0	3	30926 3302 509 143
45	31377	0.0	3	27939 2856 432 150
46	28621	0.0	3	25373 2670 445 133
47	27727	0.0	3	24535 2615 440 137
48	27838	0.0	3	24798 2518 367 155
49	27289	0.0	3	24324 2467 387 111
50	25611	0.0	3	22609 2517 353 132
51	28468	0.0	3	25689 2258 393 128
52	12602	0.0	3	11046 1278 215 63
53	13156	0.0	3	11762 1148 190 56
54	11445	0.0	3	10215 1019 165 46
55	9861	0.0	3	8664 938 196 63
56	8327	0.0	3	7421 747 112 47
57	7847	0.0	3	6964 711 113 59
58	7884	0.0	3	7034 669 126 55
59	8246	0.0	3	7363 712 119 52
60	7417	0.0	3	6614 624 131 48
61	5899	0.0	3	5249 512 95 43
62	4883	0.0	3	4280 471 89 43
63	4138	0.0	3	3630 395 74 39
64	2676	0.0	3	2347 258 43 28
65	2521	0.0	3	2179 256 64 22
66	1852	0.0	3	1638 168 26 20
67	1603	0.0	3	1387 166 38 12
68	1593	0.0	3	1333 199 32 29
69	1414	0.0	3	1259 123 21 11
70	1163	0.0	3	1007 108 29 19
71	850	0.0	3	688 104 36 22
72	657	0.0	3	545 73 17 22
73	463	0.0	3	371 56 22 14
74	349	0.0	3	277 38 19 15
75	190	0.0	3	152 18 11 9
76	181	0.0	3	134 26 11 10
77	151	0.0	3	104 27 8 12
78	156	0.0	3	118 26 9 3
79	116	0.0	3	90 13 9 4
80	111	0.0	3	82 21 6 2
81	122	0.0	3	90 24 3 5
82	102	0.0	3	92 10
83	107	0.0	3	77 23 3 4
84	173	0.0	3	129 38 6
85	299	0.0	3	248 40 11
86	456	0.0	3	369 78 9
87	568	0.0	3	493 60 12 3
88	693	0.0	3	600 80 11 2
89	577	0.0	3	511 61 4 1
90	595	0.0	3	515 64 14 2
91	619	0.0	3	545 65 7 2
92	597	0.0	3	524 63 9 1
93	576	0.0	3	505 59 10 2
94	604	0.0	3	515 72 14 3
95	564	0.0	3	477 78 7 2
96	683	0.0	3	581 86 14 2
97	895	0.0	3	764 113 16 2
98	1419	0.0	3	1208 185 17 9
99	3192	0.0	3	2740 387 50 15
100	4251	0.0	3	3568 596 76 11
101	7342	0.0	3	6334 893 97 18


=== Second read: Adapter 2 ===

Sequence: AGATCGGAAGAGCGTCGTGTAGGGAAAGAGTGT; Type: regular 3'; Length: 33; Trimmed: 7129136 times

Minimum overlap: 3
No. of allowed errors:
1-9 bp: 0; 10-19 bp: 1; 20-29 bp: 2; 30-33 bp: 3

Bases preceding removed adapters:
  A: 17.4%
  C: 29.1%
  G: 34.4%
  T: 18.9%
  none/other: 0.3%

Overview of removed sequences
length	count	expect	max.err	error counts
3	1163547	965547.2	0	1163547
4	435718	241386.8	0	435718
5	280240	60346.7	0	280240
6	241330	15086.7	0	241330
7	227845	3771.7	0	227845
8	209915	942.9	0	209915
9	199023	235.7	0	196844 2179
10	190689	58.9	1	181933 8756
11	177607	14.7	1	170188 7419
12	180859	3.7	1	173663 7196
13	175164	0.9	1	168358 6806
14	206927	0.2	1	197876 9051
15	166400	0.1	1	158611 7789
16	182198	0.0	1	172677 9521
17	209732	0.0	1	198547 11185
18	136496	0.0	1	129306 6842 348
19	165704	0.0	1	155594 9831 279
20	128214	0.0	2	119969 7063 1182
21	126065	0.0	2	117197 7570 1298
22	122345	0.0	2	112915 7978 1452
23	121864	0.0	2	112698 7670 1496
24	125227	0.0	2	115496 8356 1375
25	125694	0.0	2	116136 8339 1219
26	130080	0.0	2	119172 8963 1945
27	128628	0.0	2	116685 9605 2291 47
28	118151	0.0	2	107588 8389 2040 134
29	107643	0.0	2	97754 8415 1409 65
30	108310	0.0	3	96878 8680 1801 951
31	75992	0.0	3	68854 5954 798 386
32	81208	0.0	3	72092 7106 1274 736
33	72757	0.0	3	65466 6236 772 283
34	72402	0.0	3	64475 6575 890 462
35	73849	0.0	3	65443 6565 1157 684
36	71063	0.0	3	63935 5422 783 923
37	72116	0.0	3	64605 5484 892 1135
38	70434	0.0	3	63301 5153 875 1105
39	64908	0.0	3	58189 4685 867 1167
40	61263	0.0	3	54699 4714 845 1005
41	51758	0.0	3	46720 3799 522 717
42	47332	0.0	3	42331 3604 617 780
43	39441	0.0	3	35665 2847 411 518
44	34918	0.0	3	30999 2887 466 566
45	31277	0.0	3	27988 2420 386 483
46	28897	0.0	3	25855 2172 423 447
47	27623	0.0	3	24821 1994 379 429
48	27790	0.0	3	24777 2062 424 527
49	27394	0.0	3	24509 2102 330 453
50	25137	0.0	3	22379 1960 348 450
51	21462	0.0	3	19220 1627 285 330
52	18162	0.0	3	16276 1382 231 273
53	14947	0.0	3	13233 1190 239 285
54	13105	0.0	3	11485 1044 280 296
55	9339	0.0	3	8323 731 118 167
56	8605	0.0	3	7507 719 176 203
57	9066	0.0	3	7716 817 238 295
58	7661	0.0	3	6801 575 129 156
59	8156	0.0	3	7261 596 146 153
60	7989	0.0	3	6995 611 156 227
61	6153	0.0	3	5375 507 127 144
62	5153	0.0	3	4479 428 107 139
63	4775	0.0	3	3954 440 173 208
64	3122	0.0	3	2617 277 108 120
65	2814	0.0	3	2346 246 92 130
66	2179	0.0	3	1778 217 97 87
67	1946	0.0	3	1595 189 74 88
68	1983	0.0	3	1579 180 115 109
69	1794	0.0	3	1425 181 88 100
70	1462	0.0	3	1127 145 101 89
71	1119	0.0	3	844 117 75 83
72	938	0.0	3	693 121 60 64
73	714	0.0	3	502 81 68 63
74	642	0.0	3	409 79 84 70
75	496	0.0	3	294 87 51 64
76	434	0.0	3	238 80 56 60
77	348	0.0	3	195 53 48 52
78	363	0.0	3	193 70 44 56
79	263	0.0	3	136 46 35 46
80	325	0.0	3	201 48 32 44
81	317	0.0	3	203 54 31 29
82	288	0.0	3	198 40 29 21
83	291	0.0	3	217 36 15 23
84	285	0.0	3	200 54 12 19
85	315	0.0	3	229 54 13 19
86	293	0.0	3	237 37 10 9
87	328	0.0	3	247 53 14 14
88	354	0.0	3	281 52 10 11
89	366	0.0	3	280 61 15 10
90	414	0.0	3	350 48 8 8
91	445	0.0	3	375 53 8 9
92	465	0.0	3	389 55 10 11
93	537	0.0	3	449 73 7 8
94	541	0.0	3	453 72 8 8
95	522	0.0	3	429 72 11 10
96	728	0.0	3	595 107 17 9
97	1028	0.0	3	839 154 18 17
98	1508	0.0	3	1229 227 28 24
99	2995	0.0	3	2457 440 50 48
100	4501	0.0	3	3655 708 80 58
101	7926	0.0	3	6832 920 89 85
