This is cutadapt 3.5 with Python 3.6.8
Command line parameters: -o /home/lspencer/2022-redking-OA/trimmed/Tank_7_Crab_4.trimmed.R1.v2.fastq.gz -p /home/lspencer/2022-redking-OA/trimmed/Tank_7_Crab_4.trimmed.R2.v2.fastq.gz -a AGATCGGAAGAGCACACGTCTGAACTCCAGTCA -A AGATCGGAAGAGCGTCGTGTAGGGAAAGAGTGT -q 20,15 -m 50 --trim-n --cores=8 /share/nwfsc/ggoetz/red_king_crab/illumina/Tank_7_Crab_4_R1.fastq.gz /share/nwfsc/ggoetz/red_king_crab/illumina/Tank_7_Crab_4_R2.fastq.gz
Processing reads on 8 cores in paired-end mode ...
Finished in 459.98 s (8 us/read; 7.91 M reads/minute).

=== Summary ===

Total read pairs processed:         60,653,613
  Read 1 with adapter:               5,087,470 (8.4%)
  Read 2 with adapter:               4,861,435 (8.0%)

== Read fate breakdown ==
Pairs that were too short:              83,955 (0.1%)
Pairs written (passing filters):    60,569,658 (99.9%)

Total basepairs processed: 12,252,029,826 bp
  Read 1: 6,126,014,913 bp
  Read 2: 6,126,014,913 bp
Quality-trimmed:              19,675,725 bp (0.2%)
  Read 1:     4,814,027 bp
  Read 2:    14,861,698 bp
Total written (filtered):  12,104,698,054 bp (98.8%)
  Read 1: 6,055,605,751 bp
  Read 2: 6,049,092,303 bp

=== First read: Adapter 1 ===

Sequence: AGATCGGAAGAGCACACGTCTGAACTCCAGTCA; Type: regular 3'; Length: 33; Trimmed: 5087470 times

Minimum overlap: 3
No. of allowed errors:
1-9 bp: 0; 10-19 bp: 1; 20-29 bp: 2; 30-33 bp: 3

Bases preceding removed adapters:
  A: 28.3%
  C: 29.1%
  G: 33.3%
  T: 9.3%
  none/other: 0.0%

Overview of removed sequences
length	count	expect	max.err	error counts
3	1359728	947712.7	0	1359728
4	461364	236928.2	0	461364
5	283450	59232.0	0	283450
6	233796	14808.0	0	233796
7	211124	3702.0	0	211124
8	186541	925.5	0	186541
9	170757	231.4	0	169146 1611
10	156768	57.8	1	150441 6327
11	138332	14.5	1	133501 4831
12	129870	3.6	1	125351 4519
13	126710	0.9	1	121922 4788
14	122752	0.2	1	118071 4681
15	121604	0.1	1	116295 5309
16	118374	0.0	1	113128 5246
17	114714	0.0	1	109036 5678
18	105115	0.0	1	99888 5149 78
19	88589	0.0	1	84146 4326 117
20	79326	0.0	2	74532 4291 503
21	68122	0.0	2	64009 3750 363
22	61309	0.0	2	57263 3743 303
23	56696	0.0	2	52870 3501 325
24	55797	0.0	2	51731 3634 432
25	55303	0.0	2	51134 3714 455
26	52219	0.0	2	48318 3598 303
27	50991	0.0	2	47161 3450 359 21
28	48688	0.0	2	44478 3683 443 84
29	42303	0.0	2	38666 3168 420 49
30	36574	0.0	3	33207 2910 336 121
31	30949	0.0	3	28181 2438 256 74
32	27161	0.0	3	24477 2356 245 83
33	23794	0.0	3	21459 2028 213 94
34	22896	0.0	3	20541 1979 278 98
35	21016	0.0	3	19053 1735 177 51
36	20819	0.0	3	18723 1778 225 93
37	20837	0.0	3	18722 1759 241 115
38	19823	0.0	3	17826 1730 188 79
39	17861	0.0	3	16129 1500 169 63
40	15862	0.0	3	14286 1324 187 65
41	14259	0.0	3	12804 1197 180 78
42	11994	0.0	3	10798 1029 117 50
43	10281	0.0	3	9275 843 103 60
44	9028	0.0	3	8132 748 101 47
45	8001	0.0	3	7196 672 98 35
46	7194	0.0	3	6414 658 81 41
47	7027	0.0	3	6348 566 74 39
48	7069	0.0	3	6338 593 86 52
49	6835	0.0	3	6190 514 96 35
50	6371	0.0	3	5679 568 92 32
51	7121	0.0	3	6436 571 79 35
52	3228	0.0	3	2882 271 45 30
53	3477	0.0	3	3081 307 55 34
54	2937	0.0	3	2650 246 23 18
55	2630	0.0	3	2292 246 53 39
56	2377	0.0	3	2107 207 39 24
57	2194	0.0	3	1971 181 31 11
58	2294	0.0	3	2036 199 33 26
59	2195	0.0	3	1956 191 29 19
60	2022	0.0	3	1795 172 35 20
61	1687	0.0	3	1490 141 35 21
62	1300	0.0	3	1098 138 44 20
63	1126	0.0	3	980 101 29 16
64	670	0.0	3	580 62 17 11
65	740	0.0	3	586 100 29 25
66	529	0.0	3	462 43 12 12
67	471	0.0	3	398 47 16 10
68	500	0.0	3	385 67 27 21
69	397	0.0	3	320 50 22 5
70	328	0.0	3	266 33 16 13
71	289	0.0	3	214 38 15 22
72	215	0.0	3	169 31 11 4
73	212	0.0	3	157 32 14 9
74	175	0.0	3	117 32 16 10
75	132	0.0	3	87 25 11 9
76	121	0.0	3	90 20 5 6
77	112	0.0	3	81 19 8 4
78	99	0.0	3	80 9 5 5
79	87	0.0	3	71 15 1
80	63	0.0	3	48 12 2 1
81	61	0.0	3	55 3 2 1
82	64	0.0	3	57 6 1
83	49	0.0	3	43 4 2
84	53	0.0	3	50 3
85	55	0.0	3	44 10 0 1
86	53	0.0	3	49 3 1
87	44	0.0	3	37 7
88	48	0.0	3	38 10
89	62	0.0	3	53 8 1
90	46	0.0	3	40 5 1
91	30	0.0	3	25 4 1
92	38	0.0	3	34 3 1
93	43	0.0	3	39 2 2
94	26	0.0	3	21 4 0 1
95	23	0.0	3	18 5
96	46	0.0	3	37 6 3
97	57	0.0	3	50 6 1
98	87	0.0	3	70 13 3 1
99	167	0.0	3	138 25 4
100	252	0.0	3	221 29 2
101	445	0.0	3	389 51 2 3


=== Second read: Adapter 2 ===

Sequence: AGATCGGAAGAGCGTCGTGTAGGGAAAGAGTGT; Type: regular 3'; Length: 33; Trimmed: 4861435 times

Minimum overlap: 3
No. of allowed errors:
1-9 bp: 0; 10-19 bp: 1; 20-29 bp: 2; 30-33 bp: 3

Bases preceding removed adapters:
  A: 20.3%
  C: 28.7%
  G: 31.9%
  T: 19.1%
  none/other: 0.0%

Overview of removed sequences
length	count	expect	max.err	error counts
3	1168344	947712.7	0	1168344
4	425687	236928.2	0	425687
5	266023	59232.0	0	266023
6	225785	14808.0	0	225785
7	209008	3702.0	0	209008
8	188165	925.5	0	188165
9	171935	231.4	0	169602 2333
10	156955	57.8	1	150824 6131
11	139510	14.5	1	134474 5036
12	132741	3.6	1	128006 4735
13	123856	0.9	1	119331 4525
14	135103	0.2	1	129509 5594
15	112569	0.1	1	107738 4831
16	118584	0.0	1	113225 5359
17	124629	0.0	1	118623 6006
18	92666	0.0	1	88463 3989 214
19	93429	0.0	1	88459 4814 156
20	76792	0.0	2	72140 3979 673
21	67902	0.0	2	63702 3639 561
22	61242	0.0	2	57146 3492 604
23	57892	0.0	2	53956 3315 621
24	56413	0.0	2	52261 3487 665
25	53675	0.0	2	49966 3252 457
26	53630	0.0	2	49624 3403 603
27	52145	0.0	2	47887 3541 698 19
28	48796	0.0	2	44809 3183 737 67
29	42159	0.0	2	38617 3069 451 22
30	45103	0.0	3	40776 3304 673 350
31	23398	0.0	3	21157 1786 295 160
32	28829	0.0	3	25694 2407 442 286
33	23424	0.0	3	21050 1915 300 159
34	22277	0.0	3	19988 1846 296 147
35	22298	0.0	3	19779 1925 351 243
36	21803	0.0	3	19558 1719 326 200
37	20137	0.0	3	18200 1550 241 146
38	19989	0.0	3	17940 1611 252 186
39	19417	0.0	3	17239 1660 342 176
40	15363	0.0	3	13764 1283 200 116
41	14241	0.0	3	12692 1230 194 125
42	12844	0.0	3	11336 1095 226 187
43	10328	0.0	3	9163 917 141 107
44	9591	0.0	3	8378 840 202 171
45	8344	0.0	3	7336 748 151 109
46	7714	0.0	3	6762 680 164 108
47	7528	0.0	3	6532 653 187 156
48	7411	0.0	3	6491 641 153 126
49	7293	0.0	3	6345 679 155 114
50	6607	0.0	3	5772 585 145 105
51	5601	0.0	3	4909 504 93 95
52	4888	0.0	3	4214 485 116 73
53	4246	0.0	3	3624 393 125 104
54	3893	0.0	3	3185 418 161 129
55	2637	0.0	3	2313 205 72 47
56	2819	0.0	3	2268 291 129 131
57	3060	0.0	3	2360 388 162 150
58	2440	0.0	3	2050 255 81 54
59	2350	0.0	3	1991 245 59 55
60	2668	0.0	3	2066 318 149 135
61	1905	0.0	3	1587 215 60 43
62	1539	0.0	3	1265 150 80 44
63	1822	0.0	3	1197 312 168 145
64	1050	0.0	3	749 135 73 93
65	1042	0.0	3	733 166 70 73
66	789	0.0	3	554 122 58 55
67	814	0.0	3	554 128 69 63
68	832	0.0	3	545 134 82 71
69	716	0.0	3	481 118 59 58
70	636	0.0	3	417 103 54 62
71	571	0.0	3	332 116 75 48
72	521	0.0	3	292 103 79 47
73	503	0.0	3	284 91 62 66
74	448	0.0	3	234 85 75 54
75	417	0.0	3	231 94 52 40
76	388	0.0	3	211 74 50 53
77	306	0.0	3	169 71 38 28
78	272	0.0	3	148 61 39 24
79	259	0.0	3	150 41 37 31
80	223	0.0	3	132 40 28 23
81	149	0.0	3	93 20 17 19
82	131	0.0	3	67 25 21 18
83	112	0.0	3	68 19 13 12
84	92	0.0	3	54 16 9 13
85	69	0.0	3	42 11 6 10
86	59	0.0	3	31 10 10 8
87	81	0.0	3	44 12 15 10
88	55	0.0	3	34 10 6 5
89	47	0.0	3	27 4 8 8
90	37	0.0	3	22 8 4 3
91	44	0.0	3	26 10 4 4
92	34	0.0	3	24 3 4 3
93	39	0.0	3	29 3 4 3
94	48	0.0	3	37 6 3 2
95	38	0.0	3	31 4 1 2
96	51	0.0	3	38 8 2 3
97	72	0.0	3	57 10 2 3
98	90	0.0	3	77 9 0 4
99	172	0.0	3	139 18 8 7
100	255	0.0	3	199 37 8 11
101	531	0.0	3	467 57 3 4
