This is cutadapt 3.5 with Python 3.6.8
Command line parameters: -o /home/lspencer/2022-redking-OA/trimmed/Tank_3_Crab_3.trimmed.R1.v2.fastq.gz -p /home/lspencer/2022-redking-OA/trimmed/Tank_3_Crab_3.trimmed.R2.v2.fastq.gz -a AGATCGGAAGAGCACACGTCTGAACTCCAGTCA -A AGATCGGAAGAGCGTCGTGTAGGGAAAGAGTGT -q 20,15 -m 50 --trim-n --cores=8 /share/nwfsc/ggoetz/red_king_crab/illumina/Tank_3_Crab_3_R1.fastq.gz /share/nwfsc/ggoetz/red_king_crab/illumina/Tank_3_Crab_3_R2.fastq.gz
Processing reads on 8 cores in paired-end mode ...
Finished in 495.46 s (8 us/read; 7.87 M reads/minute).

=== Summary ===

Total read pairs processed:         65,002,254
  Read 1 with adapter:               5,648,065 (8.7%)
  Read 2 with adapter:               5,339,347 (8.2%)

== Read fate breakdown ==
Pairs that were too short:             117,069 (0.2%)
Pairs written (passing filters):    64,885,185 (99.8%)

Total basepairs processed: 13,130,455,308 bp
  Read 1: 6,565,227,654 bp
  Read 2: 6,565,227,654 bp
Quality-trimmed:              24,460,591 bp (0.2%)
  Read 1:     5,398,264 bp
  Read 2:    19,062,327 bp
Total written (filtered):  12,958,822,526 bp (98.7%)
  Read 1: 6,483,682,166 bp
  Read 2: 6,475,140,360 bp

=== First read: Adapter 1 ===

Sequence: AGATCGGAAGAGCACACGTCTGAACTCCAGTCA; Type: regular 3'; Length: 33; Trimmed: 5648065 times

Minimum overlap: 3
No. of allowed errors:
1-9 bp: 0; 10-19 bp: 1; 20-29 bp: 2; 30-33 bp: 3

Bases preceding removed adapters:
  A: 28.1%
  C: 28.1%
  G: 33.2%
  T: 10.5%
  none/other: 0.1%

Overview of removed sequences
length	count	expect	max.err	error counts
3	1540017	1015660.2	0	1540017
4	494281	253915.1	0	494281
5	289575	63478.8	0	289575
6	238901	15869.7	0	238901
7	222112	3967.4	0	222112
8	201672	991.9	0	201672
9	190385	248.0	0	188265 2120
10	176087	62.0	1	168955 7132
11	156783	15.5	1	151070 5713
12	146701	3.9	1	141692 5009
13	140330	1.0	1	134791 5539
14	132593	0.2	1	127578 5015
15	130547	0.1	1	124699 5848
16	124493	0.0	1	119002 5491
17	122310	0.0	1	116288 6022
18	114755	0.0	1	109068 5594 93
19	101623	0.0	1	96586 4874 163
20	92007	0.0	2	86377 5015 615
21	80975	0.0	2	75920 4511 544
22	73029	0.0	2	68106 4438 485
23	66369	0.0	2	61952 4012 405
24	64332	0.0	2	59656 4177 499
25	60328	0.0	2	55547 4202 579
26	59222	0.0	2	54796 4039 387
27	56386	0.0	2	52073 3810 478 25
28	53674	0.0	2	49165 3907 524 78
29	48654	0.0	2	44517 3630 464 43
30	43386	0.0	3	39337 3504 399 146
31	37350	0.0	3	33946 2976 341 87
32	33498	0.0	3	30273 2703 404 118
33	29211	0.0	3	26413 2447 260 91
34	26915	0.0	3	24212 2295 303 105
35	26139	0.0	3	23473 2214 315 137
36	23143	0.0	3	20941 1902 232 68
37	22763	0.0	3	20533 1863 250 117
38	22832	0.0	3	20464 1898 324 146
39	20665	0.0	3	18622 1705 219 119
40	18610	0.0	3	16766 1533 220 91
41	16459	0.0	3	14840 1338 191 90
42	14580	0.0	3	13193 1168 144 75
43	12718	0.0	3	11500 1027 121 70
44	11516	0.0	3	10342 967 136 71
45	9961	0.0	3	8940 822 136 63
46	9126	0.0	3	8159 802 118 47
47	8695	0.0	3	7859 680 105 51
48	8290	0.0	3	7414 716 101 59
49	7865	0.0	3	7136 582 99 48
50	7664	0.0	3	6818 694 103 49
51	8381	0.0	3	7580 640 107 54
52	4324	0.0	3	3868 367 59 30
53	4373	0.0	3	3937 345 64 27
54	3931	0.0	3	3571 290 47 23
55	3554	0.0	3	3143 315 56 40
56	2994	0.0	3	2650 262 44 38
57	2781	0.0	3	2496 214 48 23
58	2673	0.0	3	2367 237 46 23
59	2689	0.0	3	2424 200 38 27
60	2341	0.0	3	2081 192 40 28
61	1977	0.0	3	1721 184 40 32
62	1637	0.0	3	1386 181 43 27
63	1535	0.0	3	1305 156 44 30
64	932	0.0	3	818 79 21 14
65	952	0.0	3	772 109 38 33
66	708	0.0	3	603 75 18 12
67	599	0.0	3	500 64 19 16
68	615	0.0	3	472 84 38 21
69	499	0.0	3	421 48 14 16
70	449	0.0	3	357 53 25 14
71	391	0.0	3	286 59 31 15
72	289	0.0	3	231 30 16 12
73	250	0.0	3	181 37 19 13
74	256	0.0	3	181 41 25 9
75	176	0.0	3	123 26 12 15
76	156	0.0	3	107 29 12 8
77	152	0.0	3	110 21 12 9
78	116	0.0	3	83 22 7 4
79	133	0.0	3	99 21 9 4
80	92	0.0	3	88 3 1
81	82	0.0	3	63 14 3 2
82	65	0.0	3	51 10 3 1
83	72	0.0	3	53 15 4
84	119	0.0	3	55 52 11 1
85	169	0.0	3	78 79 10 2
86	217	0.0	3	83 119 13 2
87	206	0.0	3	70 124 11 1
88	238	0.0	3	107 115 14 2
89	248	0.0	3	105 128 12 3
90	213	0.0	3	102 106 4 1
91	177	0.0	3	67 98 11 1
92	220	0.0	3	89 120 10 1
93	188	0.0	3	89 88 11
94	192	0.0	3	75 106 10 1
95	204	0.0	3	71 118 14 1
96	234	0.0	3	75 143 15 1
97	328	0.0	3	124 182 21 1
98	503	0.0	3	170 302 25 6
99	1085	0.0	3	412 620 45 8
100	1438	0.0	3	482 862 83 11
101	2385	0.0	3	850 1418 108 9


=== Second read: Adapter 2 ===

Sequence: AGATCGGAAGAGCGTCGTGTAGGGAAAGAGTGT; Type: regular 3'; Length: 33; Trimmed: 5339347 times

Minimum overlap: 3
No. of allowed errors:
1-9 bp: 0; 10-19 bp: 1; 20-29 bp: 2; 30-33 bp: 3

Bases preceding removed adapters:
  A: 21.7%
  C: 29.5%
  G: 29.7%
  T: 18.9%
  none/other: 0.1%

Overview of removed sequences
length	count	expect	max.err	error counts
3	1264530	1015660.2	0	1264530
4	461273	253915.1	0	461273
5	274372	63478.8	0	274372
6	232971	15869.7	0	232971
7	220235	3967.4	0	220235
8	202407	991.9	0	202407
9	190683	248.0	0	188681 2002
10	174963	62.0	1	167229 7734
11	157560	15.5	1	151204 6356
12	150408	3.9	1	144377 6031
13	136645	1.0	1	131149 5496
14	147848	0.2	1	141474 6374
15	118041	0.1	1	112361 5680
16	124098	0.0	1	117853 6245
17	138875	0.0	1	131459 7416
18	95722	0.0	1	90889 4493 340
19	108986	0.0	1	102485 6302 199
20	86154	0.0	2	80364 4818 972
21	79356	0.0	2	73792 4678 886
22	72448	0.0	2	66929 4611 908
23	67726	0.0	2	62427 4347 952
24	65664	0.0	2	60366 4382 916
25	57971	0.0	2	53478 3824 669
26	59702	0.0	2	54675 4093 934
27	57409	0.0	2	52361 4027 995 26
28	53500	0.0	2	48895 3589 944 72
29	48047	0.0	2	43794 3601 621 31
30	56536	0.0	3	50928 4121 967 520
31	24870	0.0	3	22341 1957 341 231
32	35843	0.0	3	31629 3183 628 403
33	27910	0.0	3	25113 2224 371 202
34	27454	0.0	3	24307 2397 467 283
35	25713	0.0	3	22916 2148 402 247
36	24931	0.0	3	22000 2225 393 313
37	22458	0.0	3	20133 1814 309 202
38	23229	0.0	3	20592 1985 388 264
39	20246	0.0	3	18163 1650 266 167
40	18898	0.0	3	16909 1537 267 185
41	16967	0.0	3	15029 1392 331 215
42	16499	0.0	3	14419 1477 346 257
43	11940	0.0	3	10576 1038 188 138
44	12478	0.0	3	10842 1073 312 251
45	10033	0.0	3	8800 876 201 156
46	9689	0.0	3	8461 849 209 170
47	9308	0.0	3	7905 928 263 212
48	8687	0.0	3	7558 781 211 137
49	8401	0.0	3	7286 761 196 158
50	8000	0.0	3	6919 709 214 158
51	6894	0.0	3	5979 631 154 130
52	6039	0.0	3	5230 568 122 119
53	5418	0.0	3	4629 500 173 116
54	5028	0.0	3	4115 524 244 145
55	3609	0.0	3	3098 349 86 76
56	3586	0.0	3	2890 372 164 160
57	3702	0.0	3	2907 435 193 167
58	2963	0.0	3	2416 351 111 85
59	2911	0.0	3	2396 329 102 84
60	3070	0.0	3	2387 365 182 136
61	2333	0.0	3	1906 236 105 86
62	2017	0.0	3	1609 222 108 78
63	2349	0.0	3	1593 352 217 187
64	1370	0.0	3	1015 172 103 80
65	1340	0.0	3	938 221 101 80
66	1053	0.0	3	767 127 78 81
67	998	0.0	3	703 139 85 71
68	1079	0.0	3	687 174 133 85
69	962	0.0	3	631 160 100 71
70	869	0.0	3	548 156 92 73
71	782	0.0	3	473 158 75 76
72	690	0.0	3	426 124 73 67
73	634	0.0	3	323 129 94 88
74	599	0.0	3	346 122 73 58
75	534	0.0	3	284 99 79 72
76	550	0.0	3	290 111 71 78
77	466	0.0	3	249 103 62 52
78	432	0.0	3	208 93 62 69
79	356	0.0	3	188 82 36 50
80	319	0.0	3	176 74 37 32
81	235	0.0	3	141 54 19 21
82	183	0.0	3	90 59 19 15
83	191	0.0	3	85 63 25 18
84	177	0.0	3	65 64 22 26
85	166	0.0	3	77 54 14 21
86	133	0.0	3	53 48 18 14
87	142	0.0	3	52 61 13 16
88	163	0.0	3	69 63 16 15
89	156	0.0	3	51 81 11 13
90	133	0.0	3	50 65 8 10
91	137	0.0	3	48 79 6 4
92	177	0.0	3	64 99 10 4
93	177	0.0	3	62 104 6 5
94	149	0.0	3	56 80 9 4
95	174	0.0	3	68 91 12 3
96	249	0.0	3	97 130 20 2
97	390	0.0	3	142 225 18 5
98	485	0.0	3	166 276 36 7
99	1064	0.0	3	367 623 65 9
100	1491	0.0	3	517 866 97 11
101	2539	0.0	3	974 1460 91 14
