This is cutadapt 3.5 with Python 3.6.8
Command line parameters: -o /home/lspencer/2022-redking-OA/trimmed/Tank_1_Crab_3.trimmed.R1.v1.fastq.gz -p /home/lspencer/2022-redking-OA/trimmed/Tank_1_Crab_3.trimmed.R2.v1.fastq.gz -a AGATCGGAAGAGCACACGTCTGAACTCCAGTCA -A AGATCGGAAGAGCGTCGTGTAGGGAAAGAGTGT -q 15,10 -m 50 --trim-n --cores=8 /share/nwfsc/ggoetz/red_king_crab/illumina/Tank_1_Crab_3_R1.fastq.gz /share/nwfsc/ggoetz/red_king_crab/illumina/Tank_1_Crab_3_R2.fastq.gz
Processing reads on 8 cores in paired-end mode ...
Finished in 401.26 s (8 us/read; 7.84 M reads/minute).

=== Summary ===

Total read pairs processed:         52,407,583
  Read 1 with adapter:               5,611,361 (10.7%)
  Read 2 with adapter:               5,454,718 (10.4%)

== Read fate breakdown ==
Pairs that were too short:              44,682 (0.1%)
Pairs written (passing filters):    52,362,901 (99.9%)

Total basepairs processed: 10,586,331,766 bp
  Read 1: 5,293,165,883 bp
  Read 2: 5,293,165,883 bp
Quality-trimmed:               4,997,592 bp (0.0%)
  Read 1:       741,519 bp
  Read 2:     4,256,073 bp
Total written (filtered):  10,436,402,819 bp (98.6%)
  Read 1: 5,219,730,668 bp
  Read 2: 5,216,672,151 bp

=== First read: Adapter 1 ===

Sequence: AGATCGGAAGAGCACACGTCTGAACTCCAGTCA; Type: regular 3'; Length: 33; Trimmed: 5611361 times

Minimum overlap: 3
No. of allowed errors:
1-9 bp: 0; 10-19 bp: 1; 20-29 bp: 2; 30-33 bp: 3

Bases preceding removed adapters:
  A: 27.5%
  C: 35.3%
  G: 29.3%
  T: 7.9%
  none/other: 0.0%

Overview of removed sequences
length	count	expect	max.err	error counts
3	1228331	818868.5	0	1228331
4	454805	204717.1	0	454805
5	314450	51179.3	0	314450
6	265461	12794.8	0	265461
7	236776	3198.7	0	236776
8	215245	799.7	0	215245
9	193062	199.9	0	190734 2328
10	180659	50.0	1	172688 7971
11	167353	12.5	1	160485 6868
12	161103	3.1	1	154689 6414
13	158928	0.8	1	152205 6723
14	160537	0.2	1	153107 7430
15	158130	0.0	1	150681 7449
16	152809	0.0	1	144845 7964
17	143493	0.0	1	135971 7522
18	128125	0.0	1	121244 6624 257
19	112116	0.0	1	105680 6182 254
20	97474	0.0	2	91312 5462 700
21	85524	0.0	2	79780 5108 636
22	78589	0.0	2	73139 4954 496
23	74873	0.0	2	69612 4657 604
24	73667	0.0	2	68146 4958 563
25	72456	0.0	2	66647 5170 639
26	71245	0.0	2	65369 5322 554
27	66218	0.0	2	60765 4836 586 31
28	59952	0.0	2	54809 4531 524 88
29	52157	0.0	2	47344 4052 570 191
30	43835	0.0	3	39768 3433 414 220
31	37383	0.0	3	33885 2992 393 113
32	32899	0.0	3	29582 2852 350 115
33	29097	0.0	3	26112 2587 292 106
34	27464	0.0	3	24747 2325 292 100
35	26447	0.0	3	23879 2114 345 109
36	26043	0.0	3	23450 2117 346 130
37	24800	0.0	3	22231 2066 362 141
38	23232	0.0	3	20976 1831 322 103
39	21062	0.0	3	18996 1693 270 103
40	18464	0.0	3	16649 1456 256 103
41	15792	0.0	3	14251 1257 209 75
42	13403	0.0	3	12076 1072 192 63
43	11390	0.0	3	10167 1005 163 55
44	9752	0.0	3	8831 739 128 54
45	8621	0.0	3	7787 691 104 39
46	7835	0.0	3	7070 617 113 35
47	7712	0.0	3	6940 607 110 55
48	7605	0.0	3	6866 603 89 47
49	7265	0.0	3	6515 633 81 36
50	6586	0.0	3	5919 556 74 37
51	5490	0.0	3	4931 444 78 37
52	4709	0.0	3	4209 375 97 28
53	3880	0.0	3	3478 311 62 29
54	3010	0.0	3	2659 263 58 30
55	2608	0.0	3	2293 244 41 30
56	2337	0.0	3	2076 183 44 34
57	2148	0.0	3	1912 185 38 13
58	2129	0.0	3	1909 180 27 13
59	2211	0.0	3	1974 175 43 19
60	1938	0.0	3	1725 162 35 16
61	1542	0.0	3	1355 137 35 15
62	1275	0.0	3	1133 109 22 11
63	959	0.0	3	812 96 36 15
64	747	0.0	3	648 62 23 14
65	606	0.0	3	490 79 19 18
66	508	0.0	3	417 51 21 19
67	435	0.0	3	355 47 20 13
68	439	0.0	3	381 34 10 14
69	397	0.0	3	321 44 17 15
70	343	0.0	3	274 41 17 11
71	245	0.0	3	186 35 14 10
72	202	0.0	3	156 27 11 8
73	171	0.0	3	123 27 10 11
74	156	0.0	3	111 29 10 6
75	135	0.0	3	86 28 9 12
76	135	0.0	3	94 15 13 13
77	101	0.0	3	64 19 10 8
78	111	0.0	3	74 15 10 12
79	72	0.0	3	53 10 6 3
80	59	0.0	3	47 9 3
81	55	0.0	3	40 6 5 4
82	68	0.0	3	55 9 4
83	37	0.0	3	29 7 1
84	38	0.0	3	31 3 2 2
85	30	0.0	3	27 3
86	25	0.0	3	25
87	22	0.0	3	17 4 1
88	18	0.0	3	15 3
89	11	0.0	3	10 0 1
90	8	0.0	3	6 1 0 1
91	4	0.0	3	2 1 0 1
92	3	0.0	3	2 0 1
93	5	0.0	3	3 0 2
94	2	0.0	3	1 1
95	1	0.0	3	1
96	5	0.0	3	4 0 0 1
98	3	0.0	3	0 1 1 1
99	2	0.0	3	0 0 1 1
100	35	0.0	3	1 26 3 5
101	1666	0.0	3	1470 158 30 8


=== Second read: Adapter 2 ===

Sequence: AGATCGGAAGAGCGTCGTGTAGGGAAAGAGTGT; Type: regular 3'; Length: 33; Trimmed: 5454718 times

Minimum overlap: 3
No. of allowed errors:
1-9 bp: 0; 10-19 bp: 1; 20-29 bp: 2; 30-33 bp: 3

Bases preceding removed adapters:
  A: 17.7%
  C: 29.2%
  G: 34.4%
  T: 18.7%
  none/other: 0.0%

Overview of removed sequences
length	count	expect	max.err	error counts
3	1090696	818868.5	0	1090696
4	439643	204717.1	0	439643
5	301027	51179.3	0	301027
6	258362	12794.8	0	258362
7	236808	3198.7	0	236808
8	216193	799.7	0	216193
9	194070	199.9	0	191777 2293
10	181805	50.0	1	173945 7860
11	168335	12.5	1	161589 6746
12	161849	3.1	1	155916 5933
13	159393	0.8	1	152780 6613
14	161268	0.2	1	154643 6625
15	158353	0.0	1	149464 8889
16	152971	0.0	1	145158 7813
17	143637	0.0	1	136301 7336
18	127716	0.0	1	119902 7530 284
19	111944	0.0	1	105542 6113 289
20	97444	0.0	2	90906 5226 1312
21	85618	0.0	2	79518 5199 901
22	78611	0.0	2	72770 4969 872
23	74826	0.0	2	69353 4569 904
24	73665	0.0	2	68050 4787 828
25	72443	0.0	2	66821 4822 800
26	71239	0.0	2	65409 4807 1023
27	66180	0.0	2	60581 4511 1061 27
28	59655	0.0	2	54428 4091 1044 92
29	52089	0.0	2	47415 3923 695 56
30	43930	0.0	3	39485 3481 656 308
31	37563	0.0	3	33454 3208 606 295
32	33000	0.0	3	29500 2779 456 265
33	29186	0.0	3	26008 2509 419 250
34	27603	0.0	3	24698 2334 363 208
35	26580	0.0	3	23768 2273 343 196
36	26114	0.0	3	23315 2208 359 232
37	24917	0.0	3	22287 2083 355 192
38	23330	0.0	3	21014 1838 310 168
39	21188	0.0	3	18892 1814 304 178
40	18629	0.0	3	16568 1649 245 167
41	15903	0.0	3	14219 1297 224 163
42	13599	0.0	3	12052 1192 208 147
43	11609	0.0	3	10299 985 204 121
44	10000	0.0	3	8867 825 198 110
45	8893	0.0	3	7907 726 155 105
46	8084	0.0	3	7144 704 152 84
47	7953	0.0	3	7009 692 154 98
48	7838	0.0	3	6872 710 141 115
49	7504	0.0	3	6591 650 153 110
50	6827	0.0	3	5978 618 131 100
51	5751	0.0	3	5001 520 128 102
52	4970	0.0	3	4316 447 119 88
53	4129	0.0	3	3551 374 118 86
54	3253	0.0	3	2775 286 111 81
55	2865	0.0	3	2412 273 105 75
56	2586	0.0	3	2157 276 76 77
57	2399	0.0	3	2014 234 81 70
58	2418	0.0	3	2000 248 91 79
59	2469	0.0	3	2074 240 89 66
60	2177	0.0	3	1792 234 89 62
61	1854	0.0	3	1489 206 90 69
62	1516	0.0	3	1223 165 64 64
63	1239	0.0	3	924 152 82 81
64	1045	0.0	3	783 135 74 53
65	874	0.0	3	620 116 84 54
66	783	0.0	3	558 103 59 63
67	668	0.0	3	461 98 64 45
68	664	0.0	3	453 102 53 56
69	638	0.0	3	440 90 60 48
70	605	0.0	3	391 98 64 52
71	480	0.0	3	289 84 54 53
72	431	0.0	3	237 96 49 49
73	391	0.0	3	226 75 51 39
74	372	0.0	3	207 65 52 48
75	339	0.0	3	182 71 42 44
76	354	0.0	3	192 68 59 35
77	268	0.0	3	148 49 42 29
78	270	0.0	3	146 53 44 27
79	198	0.0	3	104 42 24 28
80	155	0.0	3	74 28 26 27
81	142	0.0	3	70 27 24 21
82	140	0.0	3	81 21 19 19
83	89	0.0	3	43 14 13 19
84	90	0.0	3	42 17 21 10
85	67	0.0	3	39 14 5 9
86	51	0.0	3	28 8 9 6
87	41	0.0	3	27 4 6 4
88	43	0.0	3	21 9 6 7
89	20	0.0	3	10 7 1 2
90	28	0.0	3	9 8 3 8
91	13	0.0	3	5 2 2 4
92	11	0.0	3	4 4 1 2
93	7	0.0	3	2 1 2 2
94	11	0.0	3	4 2 4 1
95	3	0.0	3	1 1 0 1
96	6	0.0	3	2 0 2 2
97	4	0.0	3	1 0 2 1
98	11	0.0	3	3 2 4 2
99	2	0.0	3	0 0 0 2
100	62	0.0	3	1 44 11 6
101	1626	0.0	3	1399 205 15 7
