This is cutadapt 3.5 with Python 3.6.8
Command line parameters: -o /home/lspencer/2022-redking-OA/trimmed/Tank_5_Crab_3.trimmed.R1.v1.fastq.gz -p /home/lspencer/2022-redking-OA/trimmed/Tank_5_Crab_3.trimmed.R2.v1.fastq.gz -a AGATCGGAAGAGCACACGTCTGAACTCCAGTCA -A AGATCGGAAGAGCGTCGTGTAGGGAAAGAGTGT -q 15,10 -m 50 --trim-n --cores=8 /share/nwfsc/ggoetz/red_king_crab/illumina/Tank_5_Crab_3_R1.fastq.gz /share/nwfsc/ggoetz/red_king_crab/illumina/Tank_5_Crab_3_R2.fastq.gz
Processing reads on 8 cores in paired-end mode ...
Finished in 471.83 s (8 us/read; 7.86 M reads/minute).

=== Summary ===

Total read pairs processed:         61,846,994
  Read 1 with adapter:               5,681,952 (9.2%)
  Read 2 with adapter:               5,407,233 (8.7%)

== Read fate breakdown ==
Pairs that were too short:              66,199 (0.1%)
Pairs written (passing filters):    61,780,795 (99.9%)

Total basepairs processed: 12,493,092,788 bp
  Read 1: 6,246,546,394 bp
  Read 2: 6,246,546,394 bp
Quality-trimmed:               6,839,163 bp (0.1%)
  Read 1:     1,002,098 bp
  Read 2:     5,837,065 bp
Total written (filtered):  12,340,219,316 bp (98.8%)
  Read 1: 6,172,000,861 bp
  Read 2: 6,168,218,455 bp

=== First read: Adapter 1 ===

Sequence: AGATCGGAAGAGCACACGTCTGAACTCCAGTCA; Type: regular 3'; Length: 33; Trimmed: 5681952 times

Minimum overlap: 3
No. of allowed errors:
1-9 bp: 0; 10-19 bp: 1; 20-29 bp: 2; 30-33 bp: 3

Bases preceding removed adapters:
  A: 27.8%
  C: 29.1%
  G: 32.6%
  T: 10.3%
  none/other: 0.1%

Overview of removed sequences
length	count	expect	max.err	error counts
3	1465410	966359.3	0	1465410
4	484637	241589.8	0	484637
5	287874	60397.5	0	287874
6	240598	15099.4	0	240598
7	221066	3774.8	0	221066
8	206725	943.7	0	206725
9	191205	235.9	0	188969 2236
10	179444	59.0	1	171321 8123
11	164144	14.7	1	157226 6918
12	153140	3.7	1	146565 6575
13	144479	0.9	1	138073 6406
14	138805	0.2	1	132358 6447
15	134681	0.1	1	127875 6806
16	130803	0.0	1	123864 6939
17	126364	0.0	1	119565 6799
18	118178	0.0	1	111303 6584 291
19	107510	0.0	1	100848 6373 289
20	96062	0.0	2	89431 5890 741
21	85080	0.0	2	78986 5427 667
22	77110	0.0	2	71190 5302 618
23	71062	0.0	2	65729 4682 651
24	67333	0.0	2	61787 4939 607
25	64955	0.0	2	59175 5091 689
26	62406	0.0	2	56712 5079 615
27	60329	0.0	2	54909 4710 649 61
28	56800	0.0	2	51422 4655 613 110
29	51909	0.0	2	46867 4243 601 198
30	46109	0.0	3	41518 3774 578 239
31	39904	0.0	3	35689 3535 520 160
32	35199	0.0	3	31371 3196 480 152
33	31356	0.0	3	27828 2962 430 136
34	28363	0.0	3	25307 2578 360 118
35	27296	0.0	3	24351 2520 325 100
36	26003	0.0	3	23145 2364 369 125
37	24573	0.0	3	21969 2133 329 142
38	23816	0.0	3	21176 2138 347 155
39	21713	0.0	3	19277 1999 300 137
40	19556	0.0	3	17429 1735 267 125
41	17482	0.0	3	15565 1576 246 95
42	15324	0.0	3	13550 1454 220 100
43	13630	0.0	3	12127 1237 188 78
44	12099	0.0	3	10759 1083 181 76
45	10404	0.0	3	9250 930 163 61
46	9613	0.0	3	8540 840 151 82
47	8938	0.0	3	7925 804 145 64
48	8625	0.0	3	7690 746 135 54
49	8252	0.0	3	7345 722 120 65
50	7542	0.0	3	6712 666 116 48
51	6577	0.0	3	5822 601 106 48
52	5723	0.0	3	5083 525 83 32
53	4954	0.0	3	4406 425 82 41
54	4120	0.0	3	3641 375 68 36
55	3530	0.0	3	3083 341 71 35
56	3019	0.0	3	2624 323 47 25
57	2708	0.0	3	2344 259 69 36
58	2663	0.0	3	2357 216 55 35
59	2616	0.0	3	2327 219 47 23
60	2348	0.0	3	2095 195 37 21
61	1964	0.0	3	1708 205 29 22
62	1654	0.0	3	1397 177 50 30
63	1265	0.0	3	1059 144 36 26
64	1023	0.0	3	871 107 24 21
65	861	0.0	3	727 83 25 26
66	713	0.0	3	580 73 33 27
67	624	0.0	3	497 80 31 16
68	539	0.0	3	421 67 34 17
69	504	0.0	3	381 74 25 24
70	408	0.0	3	327 56 15 10
71	327	0.0	3	248 47 21 11
72	309	0.0	3	210 49 34 16
73	226	0.0	3	152 30 24 20
74	254	0.0	3	167 50 16 21
75	206	0.0	3	138 38 17 13
76	174	0.0	3	127 22 13 12
77	151	0.0	3	105 22 11 13
78	123	0.0	3	90 19 6 8
79	106	0.0	3	81 11 8 6
80	110	0.0	3	90 11 4 5
81	81	0.0	3	67 9 3 2
82	70	0.0	3	55 9 4 2
83	60	0.0	3	52 7 0 1
84	52	0.0	3	49 3
85	50	0.0	3	43 4 1 2
86	44	0.0	3	38 6
87	30	0.0	3	25 5
88	19	0.0	3	18 1
89	16	0.0	3	15 1
90	13	0.0	3	12 1
91	9	0.0	3	8 1
92	19	0.0	3	17 2
93	2	0.0	3	2
94	2	0.0	3	0 0 1 1
95	3	0.0	3	1 1 0 1
96	3	0.0	3	1 0 2
97	3	0.0	3	2 0 0 1
98	4	0.0	3	2 2
99	4	0.0	3	2 0 0 2
100	98	0.0	3	5 17 73 3
101	7665	0.0	3	1646 5517 459 43


=== Second read: Adapter 2 ===

Sequence: AGATCGGAAGAGCGTCGTGTAGGGAAAGAGTGT; Type: regular 3'; Length: 33; Trimmed: 5407233 times

Minimum overlap: 3
No. of allowed errors:
1-9 bp: 0; 10-19 bp: 1; 20-29 bp: 2; 30-33 bp: 3

Bases preceding removed adapters:
  A: 22.1%
  C: 29.6%
  G: 29.4%
  T: 18.8%
  none/other: 0.1%

Overview of removed sequences
length	count	expect	max.err	error counts
3	1222365	966359.3	0	1222365
4	458678	241589.8	0	458678
5	276045	60397.5	0	276045
6	234836	15099.4	0	234836
7	220446	3774.8	0	220446
8	207581	943.7	0	207581
9	190990	235.9	0	189010 1980
10	179738	59.0	1	171894 7844
11	164200	14.7	1	157388 6812
12	153309	3.7	1	147295 6014
13	144418	0.9	1	138057 6361
14	139127	0.2	1	133128 5999
15	134262	0.1	1	126469 7793
16	130364	0.0	1	123424 6940
17	126047	0.0	1	119372 6675
18	116944	0.0	1	109703 6977 264
19	106796	0.0	1	100707 5794 295
20	95892	0.0	2	89220 5239 1433
21	84956	0.0	2	78863 5099 994
22	76904	0.0	2	71195 4782 927
23	71060	0.0	2	65695 4353 1012
24	67299	0.0	2	62220 4212 867
25	64842	0.0	2	59710 4311 821
26	62261	0.0	2	57377 3954 930
27	60148	0.0	2	55168 3930 1033 17
28	56560	0.0	2	51749 3760 951 100
29	51815	0.0	2	47276 3724 725 90
30	46239	0.0	3	41748 3279 793 419
31	39998	0.0	3	35113 3700 791 394
32	35335	0.0	3	31588 2897 517 333
33	31386	0.0	3	27996 2578 534 278
34	28531	0.0	3	25377 2438 436 280
35	27422	0.0	3	24470 2246 414 292
36	26097	0.0	3	23254 2188 408 247
37	24751	0.0	3	22126 1990 387 248
38	24042	0.0	3	21432 1964 394 252
39	22003	0.0	3	19665 1773 344 221
40	19849	0.0	3	17734 1586 314 215
41	17743	0.0	3	15801 1465 274 203
42	15647	0.0	3	13934 1227 263 223
43	13938	0.0	3	12371 1151 251 165
44	12417	0.0	3	11015 994 254 154
45	10815	0.0	3	9562 880 215 158
46	9956	0.0	3	8757 846 204 149
47	9280	0.0	3	8137 814 187 142
48	8978	0.0	3	7883 744 224 127
49	8619	0.0	3	7488 768 216 147
50	7886	0.0	3	6900 678 178 130
51	7003	0.0	3	6045 644 187 127
52	6154	0.0	3	5270 562 175 147
53	5384	0.0	3	4554 532 171 127
54	4509	0.0	3	3851 399 126 133
55	3908	0.0	3	3241 421 145 101
56	3393	0.0	3	2826 317 131 119
57	3104	0.0	3	2544 333 131 96
58	3023	0.0	3	2449 338 130 106
59	2976	0.0	3	2445 302 122 107
60	2701	0.0	3	2210 277 114 100
61	2363	0.0	3	1874 269 115 105
62	2020	0.0	3	1558 249 115 98
63	1654	0.0	3	1228 211 115 100
64	1383	0.0	3	1015 183 113 72
65	1218	0.0	3	875 172 79 92
66	1075	0.0	3	736 153 101 85
67	973	0.0	3	625 157 114 77
68	896	0.0	3	558 155 92 91
69	872	0.0	3	535 160 90 87
70	776	0.0	3	462 124 96 94
71	673	0.0	3	398 127 73 75
72	643	0.0	3	364 121 87 71
73	531	0.0	3	281 108 71 71
74	538	0.0	3	294 92 85 67
75	500	0.0	3	249 107 76 68
76	426	0.0	3	212 104 56 54
77	376	0.0	3	202 67 59 48
78	331	0.0	3	163 65 54 49
79	279	0.0	3	136 62 43 38
80	257	0.0	3	128 59 33 37
81	176	0.0	3	80 40 31 25
82	152	0.0	3	75 23 29 25
83	129	0.0	3	73 19 21 16
84	118	0.0	3	57 25 14 22
85	93	0.0	3	53 17 10 13
86	88	0.0	3	43 14 21 10
87	66	0.0	3	34 12 13 7
88	39	0.0	3	19 7 6 7
89	41	0.0	3	18 11 7 5
90	30	0.0	3	15 6 6 3
91	24	0.0	3	11 2 9 2
92	30	0.0	3	15 5 6 4
93	4	0.0	3	1 0 1 2
94	4	0.0	3	1 2 0 1
95	9	0.0	3	3 2 2 2
96	6	0.0	3	4 0 1 1
97	8	0.0	3	3 2 1 2
98	8	0.0	3	2 1 3 2
99	7	0.0	3	2 0 2 3
100	208	0.0	3	3 58 135 12
101	7239	0.0	3	1582 5344 273 40
