This is cutadapt 3.5 with Python 3.6.8
Command line parameters: -o /home/lspencer/2022-redking-OA/trimmed/Tank_11_Crab_2.trimmed.R1.v1.fastq.gz -p /home/lspencer/2022-redking-OA/trimmed/Tank_11_Crab_2.trimmed.R2.v1.fastq.gz -a AGATCGGAAGAGCACACGTCTGAACTCCAGTCA -A AGATCGGAAGAGCGTCGTGTAGGGAAAGAGTGT -q 15,10 -m 50 --trim-n --cores=8 /share/nwfsc/ggoetz/red_king_crab/illumina/Tank_11_Crab_2_R1.fastq.gz /share/nwfsc/ggoetz/red_king_crab/illumina/Tank_11_Crab_2_R2.fastq.gz
Processing reads on 8 cores in paired-end mode ...
Finished in 496.56 s (8 us/read; 7.75 M reads/minute).

=== Summary ===

Total read pairs processed:         64,142,291
  Read 1 with adapter:               4,854,062 (7.6%)
  Read 2 with adapter:               4,603,014 (7.2%)

== Read fate breakdown ==
Pairs that were too short:              54,611 (0.1%)
Pairs written (passing filters):    64,087,680 (99.9%)

Total basepairs processed: 12,956,742,782 bp
  Read 1: 6,478,371,391 bp
  Read 2: 6,478,371,391 bp
Quality-trimmed:               5,713,153 bp (0.0%)
  Read 1:     1,023,243 bp
  Read 2:     4,689,910 bp
Total written (filtered):  12,835,816,117 bp (99.1%)
  Read 1: 6,419,379,234 bp
  Read 2: 6,416,436,883 bp

=== First read: Adapter 1 ===

Sequence: AGATCGGAAGAGCACACGTCTGAACTCCAGTCA; Type: regular 3'; Length: 33; Trimmed: 4854062 times

Minimum overlap: 3
No. of allowed errors:
1-9 bp: 0; 10-19 bp: 1; 20-29 bp: 2; 30-33 bp: 3

Bases preceding removed adapters:
  A: 27.8%
  C: 28.5%
  G: 33.3%
  T: 10.2%
  none/other: 0.2%

Overview of removed sequences
length	count	expect	max.err	error counts
3	1464082	1002223.3	0	1464082
4	458343	250555.8	0	458343
5	255581	62639.0	0	255581
6	205701	15659.7	0	205701
7	181727	3914.9	0	181727
8	165860	978.7	0	165860
9	153450	244.7	0	151330 2120
10	140321	61.2	1	133986 6335
11	129083	15.3	1	123775 5308
12	118855	3.8	1	113888 4967
13	111586	1.0	1	106747 4839
14	108794	0.2	1	104001 4793
15	105930	0.1	1	100774 5156
16	102631	0.0	1	97422 5209
17	98153	0.0	1	93091 5062
18	91241	0.0	1	86426 4643 172
19	81158	0.0	1	76513 4444 201
20	72392	0.0	2	67531 4303 558
21	63621	0.0	2	59201 3918 502
22	57140	0.0	2	52989 3722 429
23	53160	0.0	2	49233 3459 468
24	50142	0.0	2	46217 3511 414
25	47696	0.0	2	43718 3542 436
26	47402	0.0	2	43340 3636 426
27	45438	0.0	2	41696 3254 452 36
28	42651	0.0	2	38978 3210 395 68
29	38443	0.0	2	34931 3009 394 109
30	34645	0.0	3	31331 2781 357 176
31	29324	0.0	3	26461 2431 309 123
32	25890	0.0	3	23138 2366 289 97
33	22897	0.0	3	20584 1991 227 95
34	21263	0.0	3	19133 1813 218 99
35	19632	0.0	3	17681 1638 210 103
36	18879	0.0	3	16851 1638 274 116
37	17930	0.0	3	16085 1503 222 120
38	17332	0.0	3	15559 1425 237 111
39	16057	0.0	3	14437 1317 196 107
40	14397	0.0	3	12908 1177 184 128
41	13033	0.0	3	11635 1134 172 92
42	11540	0.0	3	10328 982 139 91
43	10010	0.0	3	8948 835 154 73
44	8873	0.0	3	7889 784 135 65
45	7692	0.0	3	6902 634 98 58
46	6791	0.0	3	6094 540 89 68
47	6247	0.0	3	5601 525 69 52
48	5950	0.0	3	5348 478 79 45
49	5773	0.0	3	5162 498 73 40
50	5294	0.0	3	4751 421 72 50
51	4738	0.0	3	4229 373 87 49
52	4072	0.0	3	3580 387 69 36
53	3531	0.0	3	3117 306 60 48
54	2970	0.0	3	2643 239 53 35
55	2385	0.0	3	2076 236 40 33
56	2090	0.0	3	1842 180 47 21
57	1888	0.0	3	1644 181 36 27
58	1816	0.0	3	1571 168 49 28
59	1851	0.0	3	1618 176 32 25
60	1586	0.0	3	1383 138 38 27
61	1434	0.0	3	1242 127 41 24
62	1205	0.0	3	1034 112 34 25
63	945	0.0	3	793 88 33 31
64	742	0.0	3	616 79 32 15
65	614	0.0	3	496 64 25 29
66	544	0.0	3	442 58 19 25
67	504	0.0	3	391 76 20 17
68	435	0.0	3	347 57 17 14
69	402	0.0	3	314 59 13 16
70	367	0.0	3	273 51 26 17
71	290	0.0	3	223 30 18 19
72	278	0.0	3	198 29 29 22
73	238	0.0	3	157 39 21 21
74	210	0.0	3	149 30 21 10
75	167	0.0	3	114 22 19 12
76	146	0.0	3	99 26 12 9
77	140	0.0	3	86 36 11 7
78	122	0.0	3	80 28 6 8
79	100	0.0	3	73 15 7 5
80	101	0.0	3	86 7 8
81	105	0.0	3	70 23 9 3
82	69	0.0	3	60 6 2 1
83	61	0.0	3	48 10 2 1
84	61	0.0	3	52 8 1
85	40	0.0	3	32 4 3 1
86	48	0.0	3	44 2 1 1
87	40	0.0	3	33 6 1
88	36	0.0	3	27 9
89	29	0.0	3	26 2 1
90	17	0.0	3	13 2 2
91	16	0.0	3	14 2
92	22	0.0	3	17 5
93	4	0.0	3	4
95	3	0.0	3	0 2 1
96	1	0.0	3	1
97	1	0.0	3	1
98	2	0.0	3	1 0 0 1
99	9	0.0	3	7 0 0 2
100	91	0.0	3	0 36 49 6
101	7466	0.0	3	2605 4443 362 56


=== Second read: Adapter 2 ===

Sequence: AGATCGGAAGAGCGTCGTGTAGGGAAAGAGTGT; Type: regular 3'; Length: 33; Trimmed: 4603014 times

Minimum overlap: 3
No. of allowed errors:
1-9 bp: 0; 10-19 bp: 1; 20-29 bp: 2; 30-33 bp: 3

Bases preceding removed adapters:
  A: 21.4%
  C: 28.7%
  G: 30.5%
  T: 19.1%
  none/other: 0.2%

Overview of removed sequences
length	count	expect	max.err	error counts
3	1240800	1002223.3	0	1240800
4	432685	250555.8	0	432685
5	241373	62639.0	0	241373
6	197177	15659.7	0	197177
7	180918	3914.9	0	180918
8	166017	978.7	0	166017
9	153268	244.7	0	151040 2228
10	140917	61.2	1	133498 7419
11	129507	15.3	1	123386 6121
12	119222	3.8	1	113913 5309
13	111695	1.0	1	106022 5673
14	109139	0.2	1	103627 5512
15	105738	0.1	1	98922 6816
16	102425	0.0	1	96125 6300
17	97903	0.0	1	91691 6212
18	90496	0.0	1	84038 6013 445
19	80796	0.0	1	75195 5343 258
20	72427	0.0	2	66360 4863 1204
21	63706	0.0	2	58224 4541 941
22	57379	0.0	2	52365 4185 829
23	53400	0.0	2	48782 3730 888
24	50286	0.0	2	45686 3859 741
25	47793	0.0	2	43247 3769 777
26	47478	0.0	2	42866 3710 902
27	45533	0.0	2	41056 3603 856 18
28	42607	0.0	2	38413 3321 796 77
29	38523	0.0	2	34551 3211 667 94
30	35013	0.0	3	31071 2890 680 372
31	29598	0.0	3	25591 3024 615 368
32	26267	0.0	3	22970 2533 486 278
33	23149	0.0	3	20382 2113 415 239
34	21561	0.0	3	18868 2011 410 272
35	19862	0.0	3	17351 1835 394 282
36	19206	0.0	3	16781 1763 383 279
37	18320	0.0	3	16046 1659 340 275
38	17656	0.0	3	15343 1661 370 282
39	16417	0.0	3	14408 1465 349 195
40	14822	0.0	3	12930 1354 326 212
41	13480	0.0	3	11752 1233 297 198
42	11943	0.0	3	10379 1089 254 221
43	10514	0.0	3	9049 996 265 204
44	9282	0.0	3	7969 886 231 196
45	8178	0.0	3	6970 818 213 177
46	7279	0.0	3	6237 650 216 176
47	6688	0.0	3	5680 675 177 156
48	6490	0.0	3	5481 619 206 184
49	6258	0.0	3	5223 675 198 162
50	5788	0.0	3	4849 583 210 146
51	5179	0.0	3	4315 536 192 136
52	4539	0.0	3	3798 439 168 134
53	3959	0.0	3	3258 424 154 123
54	3453	0.0	3	2776 378 159 140
55	2848	0.0	3	2228 360 123 137
56	2575	0.0	3	1999 303 141 132
57	2355	0.0	3	1822 283 118 132
58	2261	0.0	3	1746 262 110 143
59	2330	0.0	3	1779 296 141 114
60	2053	0.0	3	1545 270 122 116
61	1890	0.0	3	1418 232 126 114
62	1730	0.0	3	1217 254 132 127
63	1437	0.0	3	1001 193 123 120
64	1218	0.0	3	794 207 108 109
65	1055	0.0	3	681 178 98 98
66	969	0.0	3	623 157 97 92
67	862	0.0	3	549 133 105 75
68	842	0.0	3	519 131 89 103
69	805	0.0	3	485 138 93 89
70	768	0.0	3	443 157 75 93
71	649	0.0	3	377 101 83 88
72	626	0.0	3	331 152 76 67
73	587	0.0	3	302 143 76 66
74	571	0.0	3	277 130 78 86
75	466	0.0	3	233 109 59 65
76	443	0.0	3	220 109 66 48
77	401	0.0	3	199 81 54 67
78	359	0.0	3	180 71 52 56
79	301	0.0	3	156 54 35 56
80	279	0.0	3	141 48 43 47
81	220	0.0	3	83 55 35 47
82	164	0.0	3	76 35 20 33
83	141	0.0	3	71 22 23 25
84	135	0.0	3	74 19 19 23
85	108	0.0	3	51 15 21 21
86	95	0.0	3	50 19 12 14
87	81	0.0	3	39 11 12 19
88	65	0.0	3	30 11 14 10
89	58	0.0	3	27 14 4 13
90	39	0.0	3	17 8 7 7
91	26	0.0	3	15 6 0 5
92	39	0.0	3	18 11 3 7
93	11	0.0	3	4 3 1 3
94	5	0.0	3	2 1 1 1
95	10	0.0	3	2 1 1 6
96	6	0.0	3	2 2 0 2
97	8	0.0	3	1 1 2 4
98	9	0.0	3	3 1 1 4
99	10	0.0	3	1 1 2 6
100	214	0.0	3	2 80 114 18
101	6781	0.0	3	2441 4014 296 30
