This is cutadapt 3.5 with Python 3.6.8
Command line parameters: -o /home/lspencer/2022-redking-OA/trimmed/Tank_1_Crab_2.trimmed.R1.v2.fastq.gz -p /home/lspencer/2022-redking-OA/trimmed/Tank_1_Crab_2.trimmed.R2.v2.fastq.gz -a AGATCGGAAGAGCACACGTCTGAACTCCAGTCA -A AGATCGGAAGAGCGTCGTGTAGGGAAAGAGTGT -q 20,15 -m 50 --trim-n --cores=8 /share/nwfsc/ggoetz/red_king_crab/illumina/Tank_1_Crab_2_R1.fastq.gz /share/nwfsc/ggoetz/red_king_crab/illumina/Tank_1_Crab_2_R2.fastq.gz
Processing reads on 8 cores in paired-end mode ...
Finished in 362.40 s (8 us/read; 7.83 M reads/minute).

=== Summary ===

Total read pairs processed:         47,310,025
  Read 1 with adapter:               4,495,105 (9.5%)
  Read 2 with adapter:               4,318,613 (9.1%)

== Read fate breakdown ==
Pairs that were too short:              66,575 (0.1%)
Pairs written (passing filters):    47,243,450 (99.9%)

Total basepairs processed: 9,556,625,050 bp
  Read 1: 4,778,312,525 bp
  Read 2: 4,778,312,525 bp
Quality-trimmed:              15,939,404 bp (0.2%)
  Read 1:     3,976,294 bp
  Read 2:    11,963,110 bp
Total written (filtered):  9,427,768,781 bp (98.7%)
  Read 1: 4,716,427,102 bp
  Read 2: 4,711,341,679 bp

=== First read: Adapter 1 ===

Sequence: AGATCGGAAGAGCACACGTCTGAACTCCAGTCA; Type: regular 3'; Length: 33; Trimmed: 4495105 times

Minimum overlap: 3
No. of allowed errors:
1-9 bp: 0; 10-19 bp: 1; 20-29 bp: 2; 30-33 bp: 3

Bases preceding removed adapters:
  A: 27.8%
  C: 34.2%
  G: 29.7%
  T: 8.3%
  none/other: 0.0%

Overview of removed sequences
length	count	expect	max.err	error counts
3	1117781	739219.1	0	1117781
4	383630	184804.8	0	383630
5	257941	46201.2	0	257941
6	214887	11550.3	0	214887
7	192365	2887.6	0	192365
8	167188	721.9	0	167188
9	154995	180.5	0	153522 1473
10	143447	45.1	1	137683 5764
11	128209	11.3	1	123432 4777
12	123626	2.8	1	119043 4583
13	124246	0.7	1	119299 4947
14	120112	0.2	1	115536 4576
15	121744	0.0	1	116105 5639
16	112042	0.0	1	106898 5144
17	106966	0.0	1	101630 5336
18	96930	0.0	1	91967 4884 79
19	81827	0.0	1	77750 3945 132
20	72005	0.0	2	67462 4003 540
21	62727	0.0	2	58892 3462 373
22	57747	0.0	2	53870 3526 351
23	54285	0.0	2	50555 3387 343
24	53411	0.0	2	49380 3614 417
25	53118	0.0	2	48898 3712 508
26	49826	0.0	2	46060 3449 317
27	46827	0.0	2	43031 3372 392 32
28	42910	0.0	2	39059 3320 472 59
29	36643	0.0	2	33363 2885 351 44
30	31655	0.0	3	28773 2511 270 101
31	26035	0.0	3	23614 2118 232 71
32	23294	0.0	3	20925 2040 235 94
33	20402	0.0	3	18352 1802 184 64
34	19403	0.0	3	17303 1788 223 89
35	18303	0.0	3	16504 1454 267 78
36	18029	0.0	3	16314 1404 246 65
37	17366	0.0	3	15657 1328 287 94
38	16466	0.0	3	14797 1330 259 80
39	14898	0.0	3	13421 1165 218 94
40	12667	0.0	3	11456 1005 151 55
41	11335	0.0	3	10139 938 174 84
42	9318	0.0	3	8383 785 106 44
43	7949	0.0	3	7110 674 110 55
44	6993	0.0	3	6253 586 114 40
45	6037	0.0	3	5420 496 83 38
46	5612	0.0	3	5020 472 89 31
47	5545	0.0	3	4997 422 97 29
48	5386	0.0	3	4826 432 92 36
49	4989	0.0	3	4440 435 84 30
50	4705	0.0	3	4193 419 69 24
51	5059	0.0	3	4535 397 87 40
52	2381	0.0	3	2125 198 36 22
53	2447	0.0	3	2177 214 33 23
54	2271	0.0	3	2044 175 36 16
55	1810	0.0	3	1589 159 40 22
56	1621	0.0	3	1428 150 25 18
57	1538	0.0	3	1373 112 37 16
58	1525	0.0	3	1356 127 26 16
59	1559	0.0	3	1368 144 28 19
60	1353	0.0	3	1203 102 24 24
61	1061	0.0	3	944 78 23 16
62	944	0.0	3	794 102 19 29
63	822	0.0	3	697 75 27 23
64	474	0.0	3	403 48 13 10
65	498	0.0	3	389 50 36 23
66	361	0.0	3	302 40 10 9
67	344	0.0	3	288 35 12 9
68	344	0.0	3	258 47 19 20
69	258	0.0	3	212 24 14 8
70	229	0.0	3	181 28 7 13
71	229	0.0	3	165 29 21 14
72	178	0.0	3	134 22 9 13
73	152	0.0	3	109 20 14 9
74	165	0.0	3	112 24 19 10
75	121	0.0	3	81 22 12 6
76	127	0.0	3	91 16 12 8
77	241	0.0	3	189 30 10 12
78	114	0.0	3	91 16 5 2
79	119	0.0	3	102 13 2 2
80	148	0.0	3	118 21 7 2
81	335	0.0	3	251 64 15 5
82	61	0.0	3	48 8 4 1
83	64	0.0	3	50 12 1 1
84	41	0.0	3	28 13
85	73	0.0	3	64 6 3
86	71	0.0	3	58 10 2 1
87	74	0.0	3	64 8 1 1
88	65	0.0	3	58 6 1
89	78	0.0	3	69 8 1
90	38	0.0	3	34 3 1
91	57	0.0	3	49 7 1
92	56	0.0	3	51 2 3
93	52	0.0	3	46 4 1 1
94	53	0.0	3	39 11 3
95	54	0.0	3	46 7 1
96	62	0.0	3	54 7 1
97	113	0.0	3	102 9 2
98	128	0.0	3	109 15 3 1
99	258	0.0	3	226 27 3 2
100	390	0.0	3	339 45 4 2
101	667	0.0	3	596 63 8


=== Second read: Adapter 2 ===

Sequence: AGATCGGAAGAGCGTCGTGTAGGGAAAGAGTGT; Type: regular 3'; Length: 33; Trimmed: 4318613 times

Minimum overlap: 3
No. of allowed errors:
1-9 bp: 0; 10-19 bp: 1; 20-29 bp: 2; 30-33 bp: 3

Bases preceding removed adapters:
  A: 17.9%
  C: 28.7%
  G: 34.2%
  T: 19.2%
  none/other: 0.1%

Overview of removed sequences
length	count	expect	max.err	error counts
3	954556	739219.1	0	954556
4	368154	184804.8	0	368154
5	244476	46201.2	0	244476
6	208806	11550.3	0	208806
7	192278	2887.6	0	192278
8	168646	721.9	0	168646
9	156472	180.5	0	154719 1753
10	142981	45.1	1	136702 6279
11	130919	11.3	1	125773 5146
12	126140	2.8	1	121437 4703
13	121955	0.7	1	117379 4576
14	138179	0.2	1	132347 5832
15	106814	0.0	1	102067 4747
16	112878	0.0	1	107326 5552
17	122705	0.0	1	116466 6239
18	79091	0.0	1	75153 3735 203
19	89563	0.0	1	84374 5030 159
20	65988	0.0	2	61919 3482 587
21	62138	0.0	2	57905 3561 672
22	57360	0.0	2	53032 3666 662
23	55152	0.0	2	50962 3520 670
24	54010	0.0	2	49743 3597 670
25	51202	0.0	2	47409 3294 499
26	50945	0.0	2	46744 3444 757
27	47829	0.0	2	43509 3465 837 18
28	42120	0.0	2	38484 2888 703 45
29	36773	0.0	2	33359 2880 511 23
30	35800	0.0	3	32133 2693 639 335
31	22415	0.0	3	20303 1704 288 120
32	23586	0.0	3	20889 2054 395 248
33	20696	0.0	3	18576 1729 276 115
34	19294	0.0	3	17209 1629 267 189
35	19041	0.0	3	16986 1584 304 167
36	18096	0.0	3	16273 1323 218 282
37	17304	0.0	3	15488 1268 253 295
38	16821	0.0	3	14927 1257 280 357
39	14898	0.0	3	13232 1115 228 323
40	12861	0.0	3	11493 908 212 248
41	11221	0.0	3	10019 824 171 207
42	10233	0.0	3	8846 900 210 277
43	7796	0.0	3	6969 583 118 126
44	7440	0.0	3	6442 612 176 210
45	6208	0.0	3	5482 471 106 149
46	5999	0.0	3	5210 498 148 143
47	5864	0.0	3	5114 436 125 189
48	5632	0.0	3	4890 435 142 165
49	5264	0.0	3	4626 400 125 113
50	4934	0.0	3	4225 425 133 151
51	4217	0.0	3	3681 334 91 111
52	3481	0.0	3	2951 303 104 123
53	3045	0.0	3	2554 282 97 112
54	2929	0.0	3	2383 270 116 160
55	1799	0.0	3	1550 145 52 52
56	1945	0.0	3	1539 189 95 122
57	2144	0.0	3	1638 232 119 155
58	1698	0.0	3	1406 148 75 69
59	1676	0.0	3	1399 141 70 66
60	1773	0.0	3	1376 173 109 115
61	1229	0.0	3	983 130 51 65
62	1114	0.0	3	881 108 58 67
63	1315	0.0	3	883 164 122 146
64	754	0.0	3	525 87 66 76
65	700	0.0	3	475 101 66 58
66	603	0.0	3	433 58 57 55
67	623	0.0	3	413 93 50 67
68	608	0.0	3	364 99 74 71
69	507	0.0	3	321 73 58 55
70	412	0.0	3	276 49 57 30
71	451	0.0	3	251 86 62 52
72	407	0.0	3	245 72 43 47
73	381	0.0	3	209 70 53 49
74	331	0.0	3	175 61 44 51
75	343	0.0	3	182 66 47 48
76	347	0.0	3	186 60 49 52
77	285	0.0	3	160 55 33 37
78	252	0.0	3	133 40 36 43
79	198	0.0	3	99 32 32 35
80	301	0.0	3	147 52 58 44
81	515	0.0	3	240 104 82 89
82	117	0.0	3	72 11 13 21
83	111	0.0	3	71 7 12 21
84	104	0.0	3	52 19 12 21
85	80	0.0	3	45 11 11 13
86	64	0.0	3	37 9 5 13
87	71	0.0	3	43 14 10 4
88	54	0.0	3	37 13 1 3
89	41	0.0	3	34 3 1 3
90	50	0.0	3	35 8 4 3
91	46	0.0	3	33 7 2 4
92	38	0.0	3	30 4 1 3
93	48	0.0	3	40 7 0 1
94	52	0.0	3	46 4 0 2
95	55	0.0	3	45 8 1 1
96	68	0.0	3	54 9 5
97	99	0.0	3	79 16 3 1
98	128	0.0	3	95 22 5 6
99	268	0.0	3	213 41 8 6
100	461	0.0	3	366 76 8 11
101	742	0.0	3	659 72 7 4
