This is cutadapt 3.5 with Python 3.6.8
Command line parameters: -o /home/lspencer/2022-redking-OA/trimmed/Tank_2_Crab_2.trimmed.R1.v2.fastq.gz -p /home/lspencer/2022-redking-OA/trimmed/Tank_2_Crab_2.trimmed.R2.v2.fastq.gz -a AGATCGGAAGAGCACACGTCTGAACTCCAGTCA -A AGATCGGAAGAGCGTCGTGTAGGGAAAGAGTGT -q 20,15 -m 50 --trim-n --cores=8 /share/nwfsc/ggoetz/red_king_crab/illumina/Tank_2_Crab_2_R1.fastq.gz /share/nwfsc/ggoetz/red_king_crab/illumina/Tank_2_Crab_2_R2.fastq.gz
Processing reads on 8 cores in paired-end mode ...
Finished in 494.79 s (8 us/read; 7.89 M reads/minute).

=== Summary ===

Total read pairs processed:         65,101,447
  Read 1 with adapter:               7,964,385 (12.2%)
  Read 2 with adapter:               7,643,418 (11.7%)

== Read fate breakdown ==
Pairs that were too short:             105,371 (0.2%)
Pairs written (passing filters):    64,996,076 (99.8%)

Total basepairs processed: 13,150,492,294 bp
  Read 1: 6,575,246,147 bp
  Read 2: 6,575,246,147 bp
Quality-trimmed:              20,249,517 bp (0.2%)
  Read 1:     5,411,387 bp
  Read 2:    14,838,130 bp
Total written (filtered):  12,913,222,273 bp (98.2%)
  Read 1: 6,459,142,509 bp
  Read 2: 6,454,079,764 bp

=== First read: Adapter 1 ===

Sequence: AGATCGGAAGAGCACACGTCTGAACTCCAGTCA; Type: regular 3'; Length: 33; Trimmed: 7964385 times

Minimum overlap: 3
No. of allowed errors:
1-9 bp: 0; 10-19 bp: 1; 20-29 bp: 2; 30-33 bp: 3

Bases preceding removed adapters:
  A: 27.0%
  C: 35.0%
  G: 30.1%
  T: 7.8%
  none/other: 0.1%

Overview of removed sequences
length	count	expect	max.err	error counts
3	1636720	1017210.1	0	1636720
4	593083	254302.5	0	593083
5	434831	63575.6	0	434831
6	373817	15893.9	0	373817
7	340647	3973.5	0	340647
8	301812	993.4	0	301812
9	279863	248.3	0	277624 2239
10	262359	62.1	1	252491 9868
11	237285	15.5	1	228883 8402
12	232385	3.9	1	224414 7971
13	234086	1.0	1	225149 8937
14	229800	0.2	1	221214 8586
15	233129	0.1	1	222903 10226
16	221026	0.0	1	211282 9744
17	211185	0.0	1	200942 10243
18	190984	0.0	1	181736 9094 154
19	162997	0.0	1	154963 7811 223
20	144942	0.0	2	136276 7761 905
21	127617	0.0	2	119836 6961 820
22	118482	0.0	2	110956 6843 683
23	110160	0.0	2	102895 6605 660
24	112211	0.0	2	104176 7222 813
25	110849	0.0	2	102480 7434 935
26	105024	0.0	2	97393 6988 643
27	99355	0.0	2	91905 6688 710 52
28	92462	0.0	2	84870 6590 855 147
29	78353	0.0	2	71926 5615 712 100
30	68596	0.0	3	62635 5195 558 208
31	55785	0.0	3	50963 4265 455 102
32	51124	0.0	3	46428 4056 467 173
33	43997	0.0	3	39982 3512 382 121
34	43041	0.0	3	38899 3504 460 178
35	39380	0.0	3	35972 3008 300 100
36	39352	0.0	3	35573 3178 443 158
37	38824	0.0	3	35243 3100 344 137
38	35891	0.0	3	32553 2899 315 124
39	32933	0.0	3	29945 2545 323 120
40	28328	0.0	3	25825 2186 233 84
41	24766	0.0	3	22387 2019 250 110
42	20296	0.0	3	18518 1526 177 75
43	17792	0.0	3	16122 1431 167 72
44	14851	0.0	3	13424 1213 146 68
45	13163	0.0	3	12012 966 121 64
46	12040	0.0	3	10905 950 125 60
47	11762	0.0	3	10696 893 125 48
48	11466	0.0	3	10409 899 117 41
49	11075	0.0	3	10138 806 79 52
50	10088	0.0	3	9148 806 88 46
51	10930	0.0	3	9972 825 89 44
52	5119	0.0	3	4635 406 58 20
53	5010	0.0	3	4570 361 59 20
54	4388	0.0	3	4035 303 37 13
55	3800	0.0	3	3432 281 54 33
56	3421	0.0	3	3079 274 48 20
57	3255	0.0	3	2938 279 25 13
58	3263	0.0	3	2935 258 46 24
59	3488	0.0	3	3192 232 40 24
60	3103	0.0	3	2799 251 36 17
61	2501	0.0	3	2229 207 41 24
62	2033	0.0	3	1802 152 46 33
63	1669	0.0	3	1464 159 34 12
64	964	0.0	3	854 82 17 11
65	1017	0.0	3	871 99 30 17
66	727	0.0	3	654 48 12 13
67	759	0.0	3	665 63 20 11
68	727	0.0	3	612 74 25 16
69	608	0.0	3	532 51 13 12
70	537	0.0	3	454 50 17 16
71	412	0.0	3	327 42 26 17
72	297	0.0	3	240 40 12 5
73	268	0.0	3	213 26 12 17
74	210	0.0	3	156 25 10 19
75	139	0.0	3	102 22 12 3
76	119	0.0	3	86 16 9 8
77	111	0.0	3	83 20 6 2
78	121	0.0	3	92 21 5 3
79	85	0.0	3	68 7 7 3
80	89	0.0	3	72 11 5 1
81	82	0.0	3	61 14 4 3
82	59	0.0	3	54 2 2 1
83	55	0.0	3	42 9 2 2
84	66	0.0	3	52 10 2 2
85	103	0.0	3	80 20 1 2
86	111	0.0	3	96 13 1 1
87	136	0.0	3	122 11 3
88	132	0.0	3	111 20 1
89	129	0.0	3	110 19
90	135	0.0	3	118 15 1 1
91	113	0.0	3	96 14 1 2
92	116	0.0	3	103 12 1
93	132	0.0	3	117 13 2
94	99	0.0	3	84 9 5 1
95	109	0.0	3	94 15
96	154	0.0	3	137 12 2 3
97	196	0.0	3	176 18 1 1
98	285	0.0	3	236 41 6 2
99	643	0.0	3	545 86 10 2
100	849	0.0	3	741 102 6
101	1497	0.0	3	1324 152 16 5


=== Second read: Adapter 2 ===

Sequence: AGATCGGAAGAGCGTCGTGTAGGGAAAGAGTGT; Type: regular 3'; Length: 33; Trimmed: 7643418 times

Minimum overlap: 3
No. of allowed errors:
1-9 bp: 0; 10-19 bp: 1; 20-29 bp: 2; 30-33 bp: 3

Bases preceding removed adapters:
  A: 16.9%
  C: 29.9%
  G: 34.3%
  T: 18.9%
  none/other: 0.1%

Overview of removed sequences
length	count	expect	max.err	error counts
3	1356550	1017210.1	0	1356550
4	566753	254302.5	0	566753
5	412004	63575.6	0	412004
6	363092	15893.9	0	363092
7	340267	3973.5	0	340267
8	304550	993.4	0	304550
9	281123	248.3	0	278850 2273
10	263163	62.1	1	252694 10469
11	239273	15.5	1	230596 8677
12	239667	3.9	1	230839 8828
13	227288	1.0	1	218728 8560
14	265618	0.2	1	254464 11154
15	203673	0.1	1	194613 9060
16	221613	0.0	1	210691 10922
17	245812	0.0	1	233214 12598
18	152262	0.0	1	144596 7299 367
19	178169	0.0	1	168032 9857 280
20	132305	0.0	2	124217 7021 1067
21	125367	0.0	2	116848 7321 1198
22	117372	0.0	2	108828 7304 1240
23	112022	0.0	2	103670 7073 1279
24	113546	0.0	2	104904 7464 1178
25	105953	0.0	2	98126 6820 1007
26	107022	0.0	2	98286 7227 1509
27	101052	0.0	2	92036 7376 1616 24
28	90331	0.0	2	82799 6025 1405 102
29	78427	0.0	2	71270 6068 1047 42
30	76958	0.0	3	68953 6118 1227 660
31	47549	0.0	3	43152 3627 546 224
32	50894	0.0	3	45427 4288 737 442
33	44701	0.0	3	40210 3752 517 222
34	42473	0.0	3	37691 3710 674 398
35	39392	0.0	3	35517 3210 430 235
36	39461	0.0	3	35307 3310 570 274
37	39171	0.0	3	34917 3271 582 401
38	35850	0.0	3	32206 2912 506 226
39	33436	0.0	3	29981 2689 512 254
40	27802	0.0	3	24966 2301 353 182
41	24398	0.0	3	21656 2110 420 212
42	22461	0.0	3	19871 1926 442 222
43	16151	0.0	3	14505 1311 239 96
44	15376	0.0	3	13583 1336 288 169
45	12967	0.0	3	11522 1115 216 114
46	12299	0.0	3	10875 1088 200 136
47	12031	0.0	3	10646 1008 246 131
48	11786	0.0	3	10300 1094 224 168
49	11221	0.0	3	9968 960 174 119
50	10213	0.0	3	8973 927 195 118
51	8382	0.0	3	7469 682 136 95
52	7224	0.0	3	6472 550 112 90
53	6017	0.0	3	5280 514 142 81
54	5330	0.0	3	4539 535 144 112
55	3598	0.0	3	3165 304 68 61
56	3804	0.0	3	3200 354 135 115
57	4036	0.0	3	3364 412 134 126
58	3284	0.0	3	2835 311 73 65
59	3519	0.0	3	3070 311 81 57
60	3615	0.0	3	2999 392 124 100
61	2685	0.0	3	2251 279 82 73
62	2227	0.0	3	1892 207 64 64
63	2251	0.0	3	1667 293 156 135
64	1242	0.0	3	956 148 65 73
65	1299	0.0	3	983 150 94 72
66	988	0.0	3	740 129 56 63
67	976	0.0	3	722 124 62 68
68	1041	0.0	3	758 145 72 66
69	925	0.0	3	661 136 73 55
70	787	0.0	3	571 100 61 55
71	630	0.0	3	418 91 67 54
72	571	0.0	3	377 103 52 39
73	495	0.0	3	295 92 64 44
74	393	0.0	3	228 88 43 34
75	381	0.0	3	221 73 48 39
76	348	0.0	3	179 73 58 38
77	262	0.0	3	148 41 36 37
78	296	0.0	3	167 56 38 35
79	229	0.0	3	120 55 27 27
80	247	0.0	3	137 54 32 24
81	160	0.0	3	101 26 15 18
82	138	0.0	3	86 25 18 9
83	111	0.0	3	60 18 21 12
84	98	0.0	3	62 17 8 11
85	123	0.0	3	81 19 10 13
86	86	0.0	3	46 22 9 9
87	81	0.0	3	51 15 6 9
88	80	0.0	3	49 13 11 7
89	73	0.0	3	54 13 3 3
90	99	0.0	3	76 14 4 5
91	98	0.0	3	79 14 1 4
92	90	0.0	3	69 11 6 4
93	98	0.0	3	81 13 2 2
94	111	0.0	3	93 13 4 1
95	121	0.0	3	93 15 7 6
96	152	0.0	3	129 19 2 2
97	211	0.0	3	180 28 2 1
98	315	0.0	3	252 53 5 5
99	649	0.0	3	544 90 9 6
100	972	0.0	3	791 154 21 6
101	1606	0.0	3	1366 208 21 11
