This is cutadapt 3.5 with Python 3.6.8
Command line parameters: -o /home/lspencer/2022-redking-OA/trimmed/Tank_9_Crab_2.trimmed.R1.v1.fastq.gz -p /home/lspencer/2022-redking-OA/trimmed/Tank_9_Crab_2.trimmed.R2.v1.fastq.gz -a AGATCGGAAGAGCACACGTCTGAACTCCAGTCA -A AGATCGGAAGAGCGTCGTGTAGGGAAAGAGTGT -q 15,10 -m 50 --trim-n --cores=8 /share/nwfsc/ggoetz/red_king_crab/illumina/Tank_9_Crab_2_R1.fastq.gz /share/nwfsc/ggoetz/red_king_crab/illumina/Tank_9_Crab_2_R2.fastq.gz
Processing reads on 8 cores in paired-end mode ...
Finished in 393.79 s (8 us/read; 7.82 M reads/minute).

=== Summary ===

Total read pairs processed:         51,318,612
  Read 1 with adapter:               4,354,413 (8.5%)
  Read 2 with adapter:               4,108,902 (8.0%)

== Read fate breakdown ==
Pairs that were too short:              38,703 (0.1%)
Pairs written (passing filters):    51,279,909 (99.9%)

Total basepairs processed: 10,366,359,624 bp
  Read 1: 5,183,179,812 bp
  Read 2: 5,183,179,812 bp
Quality-trimmed:               4,554,698 bp (0.0%)
  Read 1:       853,974 bp
  Read 2:     3,700,724 bp
Total written (filtered):  10,257,615,255 bp (99.0%)
  Read 1: 5,129,747,229 bp
  Read 2: 5,127,868,026 bp

=== First read: Adapter 1 ===

Sequence: AGATCGGAAGAGCACACGTCTGAACTCCAGTCA; Type: regular 3'; Length: 33; Trimmed: 4354413 times

Minimum overlap: 3
No. of allowed errors:
1-9 bp: 0; 10-19 bp: 1; 20-29 bp: 2; 30-33 bp: 3

Bases preceding removed adapters:
  A: 27.8%
  C: 28.3%
  G: 33.0%
  T: 10.8%
  none/other: 0.0%

Overview of removed sequences
length	count	expect	max.err	error counts
3	1206117	801853.3	0	1206117
4	391011	200463.3	0	391011
5	227735	50115.8	0	227735
6	187068	12529.0	0	187068
7	171401	3132.2	0	171401
8	157796	783.1	0	157796
9	146599	195.8	0	144841 1758
10	136376	48.9	1	130341 6035
11	125118	12.2	1	119991 5127
12	115407	3.1	1	110552 4855
13	109246	0.8	1	104533 4713
14	104192	0.2	1	99267 4925
15	100739	0.0	1	95844 4895
16	97837	0.0	1	92892 4945
17	94056	0.0	1	89147 4909
18	87095	0.0	1	82491 4431 173
19	78495	0.0	1	73907 4410 178
20	70857	0.0	2	66281 4036 540
21	62382	0.0	2	58035 3798 549
22	56174	0.0	2	52102 3640 432
23	51720	0.0	2	47839 3368 513
24	48990	0.0	2	45224 3336 430
25	46778	0.0	2	43017 3327 434
26	44954	0.0	2	41231 3312 411
27	42791	0.0	2	39168 3141 439 43
28	39700	0.0	2	36226 3029 397 48
29	36129	0.0	2	32717 2921 365 126
30	31869	0.0	3	28725 2631 320 193
31	28123	0.0	3	25383 2284 341 115
32	24660	0.0	3	22167 2145 252 96
33	21652	0.0	3	19444 1862 244 102
34	19588	0.0	3	17603 1692 189 104
35	18479	0.0	3	16658 1504 238 79
36	17333	0.0	3	15534 1411 237 151
37	16631	0.0	3	14921 1315 228 167
38	15513	0.0	3	13910 1229 218 156
39	14004	0.0	3	12556 1099 189 160
40	12669	0.0	3	11330 1022 177 140
41	11009	0.0	3	9847 889 158 115
42	9683	0.0	3	8650 784 144 105
43	8435	0.0	3	7613 643 98 81
44	7216	0.0	3	6474 574 95 73
45	6464	0.0	3	5744 555 95 70
46	5653	0.0	3	5053 444 90 66
47	5318	0.0	3	4770 419 75 54
48	4959	0.0	3	4419 412 68 60
49	4702	0.0	3	4218 368 56 60
50	4201	0.0	3	3748 328 70 55
51	3727	0.0	3	3331 299 54 43
52	3115	0.0	3	2750 263 60 42
53	2698	0.0	3	2408 204 50 36
54	2303	0.0	3	2022 210 41 30
55	1847	0.0	3	1635 149 32 31
56	1578	0.0	3	1366 148 34 30
57	1513	0.0	3	1329 108 47 29
58	1386	0.0	3	1202 119 33 32
59	1284	0.0	3	1109 117 36 22
60	1155	0.0	3	997 104 31 23
61	970	0.0	3	825 88 34 23
62	793	0.0	3	662 74 30 27
63	618	0.0	3	511 65 26 16
64	556	0.0	3	442 63 26 25
65	428	0.0	3	336 53 26 13
66	437	0.0	3	348 46 23 20
67	354	0.0	3	270 49 19 16
68	336	0.0	3	249 46 22 19
69	305	0.0	3	226 43 16 20
70	263	0.0	3	198 24 21 20
71	235	0.0	3	158 31 29 17
72	213	0.0	3	146 26 26 15
73	191	0.0	3	135 29 20 7
74	189	0.0	3	124 27 24 14
75	158	0.0	3	103 32 14 9
76	160	0.0	3	112 25 11 12
77	147	0.0	3	100 24 16 7
78	117	0.0	3	89 9 9 10
79	115	0.0	3	89 14 9 3
80	87	0.0	3	59 12 7 9
81	69	0.0	3	52 11 5 1
82	74	0.0	3	64 6 1 3
83	75	0.0	3	63 7 4 1
84	60	0.0	3	51 5 3 1
85	33	0.0	3	29 4
86	25	0.0	3	20 5
87	31	0.0	3	29 2
88	26	0.0	3	25 1
89	15	0.0	3	12 2 0 1
90	15	0.0	3	15
91	5	0.0	3	5
92	11	0.0	3	11
93	1	0.0	3	1
94	1	0.0	3	1
95	6	0.0	3	4 0 1 1
96	1	0.0	3	0 0 1
98	3	0.0	3	2 0 0 1
99	2	0.0	3	0 1 1
100	17	0.0	3	0 6 10 1
101	1741	0.0	3	783 863 79 16


=== Second read: Adapter 2 ===

Sequence: AGATCGGAAGAGCGTCGTGTAGGGAAAGAGTGT; Type: regular 3'; Length: 33; Trimmed: 4108902 times

Minimum overlap: 3
No. of allowed errors:
1-9 bp: 0; 10-19 bp: 1; 20-29 bp: 2; 30-33 bp: 3

Bases preceding removed adapters:
  A: 22.3%
  C: 28.9%
  G: 29.9%
  T: 18.9%
  none/other: 0.0%

Overview of removed sequences
length	count	expect	max.err	error counts
3	996553	801853.3	0	996553
4	369581	200463.3	0	369581
5	216379	50115.8	0	216379
6	181188	12529.0	0	181188
7	169767	3132.2	0	169767
8	157329	783.1	0	157329
9	145404	195.8	0	143606 1798
10	136195	48.9	1	129464 6731
11	124822	12.2	1	118929 5893
12	115209	3.1	1	109963 5246
13	108985	0.8	1	103495 5490
14	103973	0.2	1	98629 5344
15	100082	0.0	1	93481 6601
16	97021	0.0	1	90895 6126
17	93393	0.0	1	87325 6068
18	85768	0.0	1	79726 5620 422
19	77468	0.0	1	72186 5062 220
20	70375	0.0	2	64672 4479 1224
21	61871	0.0	2	56693 4289 889
22	55857	0.0	2	51101 3913 843
23	51464	0.0	2	47081 3590 793
24	48683	0.0	2	44330 3619 734
25	46660	0.0	2	42482 3448 730
26	44623	0.0	2	40454 3347 822
27	42428	0.0	2	38394 3171 852 11
28	39308	0.0	2	35445 2960 833 70
29	35902	0.0	2	32196 3008 623 75
30	31896	0.0	3	28336 2640 563 357
31	28122	0.0	3	24782 2482 552 306
32	24750	0.0	3	21712 2298 467 273
33	21701	0.0	3	19130 1946 405 220
34	19672	0.0	3	17290 1829 338 215
35	18624	0.0	3	16369 1674 328 253
36	17429	0.0	3	15302 1606 292 229
37	16777	0.0	3	14785 1480 274 238
38	15633	0.0	3	13665 1475 297 196
39	14249	0.0	3	12521 1279 254 195
40	12844	0.0	3	11291 1131 262 160
41	11254	0.0	3	9831 1043 209 171
42	9931	0.0	3	8635 934 208 154
43	8777	0.0	3	7592 836 188 161
44	7533	0.0	3	6531 697 165 140
45	6858	0.0	3	5864 678 168 148
46	6076	0.0	3	5144 635 174 123
47	5631	0.0	3	4787 568 142 134
48	5347	0.0	3	4563 485 152 147
49	5052	0.0	3	4253 523 153 123
50	4574	0.0	3	3837 468 151 118
51	4070	0.0	3	3421 419 132 98
52	3522	0.0	3	2890 386 128 118
53	3040	0.0	3	2504 319 120 97
54	2704	0.0	3	2187 289 115 113
55	2222	0.0	3	1739 276 115 92
56	1935	0.0	3	1492 237 101 105
57	1909	0.0	3	1460 244 115 90
58	1780	0.0	3	1339 229 108 104
59	1657	0.0	3	1274 187 105 91
60	1521	0.0	3	1136 211 100 74
61	1369	0.0	3	980 200 100 89
62	1222	0.0	3	818 195 116 93
63	1013	0.0	3	675 154 109 75
64	928	0.0	3	616 140 91 81
65	810	0.0	3	506 146 89 69
66	782	0.0	3	472 154 95 61
67	701	0.0	3	429 132 78 62
68	712	0.0	3	409 134 94 75
69	635	0.0	3	365 136 61 73
70	625	0.0	3	350 120 75 80
71	542	0.0	3	293 115 70 64
72	533	0.0	3	287 100 81 65
73	481	0.0	3	256 104 69 52
74	463	0.0	3	268 94 48 53
75	412	0.0	3	221 80 62 49
76	413	0.0	3	234 75 59 45
77	390	0.0	3	194 82 56 58
78	306	0.0	3	143 65 51 47
79	242	0.0	3	143 40 28 31
80	214	0.0	3	107 42 35 30
81	167	0.0	3	89 31 23 24
82	175	0.0	3	87 34 29 25
83	150	0.0	3	73 31 27 19
84	136	0.0	3	75 19 20 22
85	102	0.0	3	49 23 17 13
86	66	0.0	3	37 10 9 10
87	72	0.0	3	32 16 15 9
88	55	0.0	3	30 10 7 8
89	44	0.0	3	19 12 4 9
90	24	0.0	3	16 2 3 3
91	11	0.0	3	5 3 2 1
92	15	0.0	3	10 2 0 3
93	3	0.0	3	1 0 1 1
94	2	0.0	3	1 0 0 1
95	11	0.0	3	6 0 2 3
96	6	0.0	3	0 2 1 3
97	3	0.0	3	1 1 0 1
98	8	0.0	3	1 0 2 5
99	6	0.0	3	0 2 3 1
100	47	0.0	3	0 19 24 4
101	1628	0.0	3	744 805 70 9
