This is cutadapt 3.5 with Python 3.6.8
Command line parameters: -o /home/lspencer/2022-redking-OA/trimmed/Tank_4_Crab_2.trimmed.R1.v1.fastq.gz -p /home/lspencer/2022-redking-OA/trimmed/Tank_4_Crab_2.trimmed.R2.v1.fastq.gz -a AGATCGGAAGAGCACACGTCTGAACTCCAGTCA -A AGATCGGAAGAGCGTCGTGTAGGGAAAGAGTGT -q 15,10 -m 50 --trim-n --cores=8 /share/nwfsc/ggoetz/red_king_crab/illumina/Tank_4_Crab_2_R1.fastq.gz /share/nwfsc/ggoetz/red_king_crab/illumina/Tank_4_Crab_2_R2.fastq.gz
Processing reads on 8 cores in paired-end mode ...
Finished in 477.49 s (8 us/read; 7.90 M reads/minute).

=== Summary ===

Total read pairs processed:         62,863,023
  Read 1 with adapter:               5,442,965 (8.7%)
  Read 2 with adapter:               5,171,560 (8.2%)

== Read fate breakdown ==
Pairs that were too short:              53,947 (0.1%)
Pairs written (passing filters):    62,809,076 (99.9%)

Total basepairs processed: 12,698,330,646 bp
  Read 1: 6,349,165,323 bp
  Read 2: 6,349,165,323 bp
Quality-trimmed:               5,718,151 bp (0.0%)
  Read 1:     1,200,577 bp
  Read 2:     4,517,574 bp
Total written (filtered):  12,558,289,361 bp (98.9%)
  Read 1: 6,280,347,527 bp
  Read 2: 6,277,941,834 bp

=== First read: Adapter 1 ===

Sequence: AGATCGGAAGAGCACACGTCTGAACTCCAGTCA; Type: regular 3'; Length: 33; Trimmed: 5442965 times

Minimum overlap: 3
No. of allowed errors:
1-9 bp: 0; 10-19 bp: 1; 20-29 bp: 2; 30-33 bp: 3

Bases preceding removed adapters:
  A: 27.9%
  C: 28.0%
  G: 33.3%
  T: 10.7%
  none/other: 0.1%

Overview of removed sequences
length	count	expect	max.err	error counts
3	1478438	982234.7	0	1478438
4	477614	245558.7	0	477614
5	277205	61389.7	0	277205
6	230455	15347.4	0	230455
7	212460	3836.9	0	212460
8	197590	959.2	0	197590
9	182431	239.8	0	180235 2196
10	171297	60.0	1	163282 8015
11	154877	15.0	1	148353 6524
12	143728	3.7	1	137698 6030
13	135077	0.9	1	128985 6092
14	130504	0.2	1	124574 5930
15	126377	0.1	1	120048 6329
16	122925	0.0	1	116498 6427
17	119220	0.0	1	112880 6340
18	111785	0.0	1	105459 6085 241
19	100838	0.0	1	94760 5817 261
20	90740	0.0	2	84517 5538 685
21	79604	0.0	2	73892 4990 722
22	71054	0.0	2	65523 4951 580
23	65224	0.0	2	60076 4547 601
24	61452	0.0	2	56400 4461 591
25	59049	0.0	2	53833 4612 604
26	57392	0.0	2	52140 4738 514
27	55420	0.0	2	50492 4274 604 50
28	52117	0.0	2	47102 4324 577 114
29	47600	0.0	2	43019 3927 504 150
30	42393	0.0	3	38131 3575 446 241
31	36674	0.0	3	32776 3268 468 162
32	32262	0.0	3	28792 2935 383 152
33	28608	0.0	3	25355 2741 369 143
34	26070	0.0	3	23279 2356 290 145
35	24023	0.0	3	21436 2146 302 139
36	23070	0.0	3	20555 2003 299 213
37	21828	0.0	3	19388 1850 308 282
38	20937	0.0	3	18504 1914 293 226
39	19104	0.0	3	16972 1639 290 203
40	17121	0.0	3	15288 1415 226 192
41	15345	0.0	3	13620 1325 222 178
42	13590	0.0	3	12114 1141 187 148
43	11720	0.0	3	10485 940 178 117
44	10315	0.0	3	9208 872 126 109
45	9038	0.0	3	7976 814 134 114
46	7929	0.0	3	6984 719 122 104
47	7293	0.0	3	6458 633 114 88
48	7056	0.0	3	6257 622 108 69
49	6475	0.0	3	5704 578 103 90
50	6127	0.0	3	5435 531 97 64
51	5433	0.0	3	4776 492 97 68
52	4511	0.0	3	3977 387 82 65
53	3959	0.0	3	3504 334 60 61
54	3229	0.0	3	2858 261 61 49
55	2737	0.0	3	2403 253 44 37
56	2345	0.0	3	2023 224 51 47
57	2104	0.0	3	1824 195 49 36
58	1900	0.0	3	1648 151 49 52
59	1881	0.0	3	1631 169 46 35
60	1739	0.0	3	1467 175 53 44
61	1455	0.0	3	1241 150 33 31
62	1119	0.0	3	943 107 34 35
63	951	0.0	3	776 109 35 31
64	778	0.0	3	636 76 42 24
65	601	0.0	3	485 62 26 28
66	531	0.0	3	431 56 21 23
67	453	0.0	3	364 50 23 16
68	428	0.0	3	338 48 26 16
69	385	0.0	3	295 44 24 22
70	335	0.0	3	249 48 16 22
71	301	0.0	3	214 43 23 21
72	283	0.0	3	197 37 30 19
73	210	0.0	3	139 40 24 7
74	225	0.0	3	153 30 18 24
75	188	0.0	3	129 28 18 13
76	179	0.0	3	117 32 21 9
77	139	0.0	3	104 16 10 9
78	156	0.0	3	106 20 20 10
79	126	0.0	3	97 18 8 3
80	75	0.0	3	59 8 3 5
81	79	0.0	3	61 12 1 5
82	67	0.0	3	47 15 3 2
83	48	0.0	3	38 5 2 3
84	59	0.0	3	48 10 1
85	43	0.0	3	36 6 0 1
86	27	0.0	3	24 2 0 1
87	29	0.0	3	25 3 1
88	25	0.0	3	20 2 3
89	22	0.0	3	20 2
90	17	0.0	3	15 2
91	13	0.0	3	12 0 1
92	22	0.0	3	18 4
94	3	0.0	3	2 0 1
95	1	0.0	3	0 0 1
96	3	0.0	3	3
97	3	0.0	3	1 1 0 1
98	4	0.0	3	1 2 0 1
99	6	0.0	3	4 2
100	59	0.0	3	8 15 30 6
101	4228	0.0	3	1426 2519 249 34


=== Second read: Adapter 2 ===

Sequence: AGATCGGAAGAGCGTCGTGTAGGGAAAGAGTGT; Type: regular 3'; Length: 33; Trimmed: 5171560 times

Minimum overlap: 3
No. of allowed errors:
1-9 bp: 0; 10-19 bp: 1; 20-29 bp: 2; 30-33 bp: 3

Bases preceding removed adapters:
  A: 22.0%
  C: 29.0%
  G: 29.6%
  T: 19.4%
  none/other: 0.1%

Overview of removed sequences
length	count	expect	max.err	error counts
3	1234180	982234.7	0	1234180
4	451364	245558.7	0	451364
5	266821	61389.7	0	266821
6	225216	15347.4	0	225216
7	211781	3836.9	0	211781
8	197444	959.2	0	197444
9	181933	239.8	0	180014 1919
10	171555	60.0	1	163362 8193
11	154918	15.0	1	148195 6723
12	143890	3.7	1	137870 6020
13	134900	0.9	1	128725 6175
14	130545	0.2	1	124506 6039
15	125999	0.1	1	118572 7427
16	122374	0.0	1	115600 6774
17	118739	0.0	1	112300 6439
18	110737	0.0	1	103898 6514 325
19	100254	0.0	1	94142 5771 341
20	90471	0.0	2	83847 5263 1361
21	79405	0.0	2	73337 5054 1014
22	71002	0.0	2	65505 4562 935
23	65243	0.0	2	60091 4150 1002
24	61437	0.0	2	56385 4191 861
25	59017	0.0	2	54046 4175 796
26	57305	0.0	2	52362 3969 974
27	55339	0.0	2	50527 3799 1002 11
28	51887	0.0	2	47159 3659 979 90
29	47535	0.0	2	43141 3615 703 76
30	42691	0.0	3	38320 3216 739 416
31	36801	0.0	3	32415 3322 661 403
32	32468	0.0	3	28831 2782 556 299
33	28811	0.0	3	25442 2555 535 279
34	26274	0.0	3	23301 2300 426 247
35	24300	0.0	3	21479 1829 593 399
36	23317	0.0	3	20697 1699 559 362
37	22092	0.0	3	19533 1645 569 345
38	21188	0.0	3	18745 1563 558 322
39	19499	0.0	3	17151 1448 582 318
40	17473	0.0	3	15462 1315 419 277
41	15688	0.0	3	13838 1171 439 240
42	14007	0.0	3	12282 1080 388 257
43	12149	0.0	3	10671 960 300 218
44	10719	0.0	3	9395 832 294 198
45	9482	0.0	3	8227 747 284 224
46	8388	0.0	3	7243 687 264 194
47	7749	0.0	3	6671 636 258 184
48	7539	0.0	3	6531 569 240 199
49	6942	0.0	3	5943 546 227 226
50	6611	0.0	3	5651 570 222 168
51	5880	0.0	3	5068 432 190 190
52	4997	0.0	3	4190 416 199 192
53	4417	0.0	3	3693 366 192 166
54	3679	0.0	3	3066 304 173 136
55	3194	0.0	3	2610 274 167 143
56	2819	0.0	3	2236 269 150 164
57	2595	0.0	3	2027 262 144 162
58	2376	0.0	3	1839 230 148 159
59	2373	0.0	3	1860 231 136 146
60	2176	0.0	3	1685 215 127 149
61	1924	0.0	3	1449 185 132 158
62	1609	0.0	3	1158 195 105 151
63	1383	0.0	3	1003 149 114 117
64	1215	0.0	3	800 166 128 121
65	1092	0.0	3	721 129 108 134
66	977	0.0	3	619 123 106 129
67	900	0.0	3	549 143 94 114
68	859	0.0	3	492 138 109 120
69	821	0.0	3	483 110 96 132
70	734	0.0	3	411 114 111 98
71	698	0.0	3	418 89 87 104
72	653	0.0	3	367 95 72 119
73	581	0.0	3	326 88 76 91
74	630	0.0	3	342 86 93 109
75	519	0.0	3	264 81 83 91
76	491	0.0	3	274 65 64 88
77	392	0.0	3	210 59 61 62
78	392	0.0	3	212 62 52 66
79	322	0.0	3	179 45 45 53
80	250	0.0	3	113 39 45 53
81	188	0.0	3	102 35 26 25
82	157	0.0	3	81 22 25 29
83	125	0.0	3	64 19 15 27
84	137	0.0	3	73 18 21 25
85	111	0.0	3	64 12 14 21
86	83	0.0	3	35 15 10 23
87	70	0.0	3	38 11 11 10
88	57	0.0	3	32 10 8 7
89	58	0.0	3	28 12 7 11
90	35	0.0	3	17 4 7 7
91	23	0.0	3	12 3 3 5
92	30	0.0	3	18 9 1 2
93	4	0.0	3	2 0 0 2
94	6	0.0	3	2 3 0 1
95	6	0.0	3	2 1 1 2
96	8	0.0	3	5 0 1 2
97	7	0.0	3	5 0 1 1
98	5	0.0	3	2 0 2 1
99	3	0.0	3	0 1 1 1
100	115	0.0	3	4 39 60 12
101	3905	0.0	3	1383 2325 142 55
