This is cutadapt 3.5 with Python 3.6.8
Command line parameters: -o /home/lspencer/2022-redking-OA/trimmed/Tank_7_Crab_3.trimmed.R1.v1.fastq.gz -p /home/lspencer/2022-redking-OA/trimmed/Tank_7_Crab_3.trimmed.R2.v1.fastq.gz -a AGATCGGAAGAGCACACGTCTGAACTCCAGTCA -A AGATCGGAAGAGCGTCGTGTAGGGAAAGAGTGT -q 15,10 -m 50 --trim-n --cores=8 /share/nwfsc/ggoetz/red_king_crab/illumina/Tank_7_Crab_3_R1.fastq.gz /share/nwfsc/ggoetz/red_king_crab/illumina/Tank_7_Crab_3_R2.fastq.gz
Processing reads on 8 cores in paired-end mode ...
Finished in 417.34 s (8 us/read; 7.96 M reads/minute).

=== Summary ===

Total read pairs processed:         55,366,621
  Read 1 with adapter:               4,982,227 (9.0%)
  Read 2 with adapter:               4,761,543 (8.6%)

== Read fate breakdown ==
Pairs that were too short:              45,347 (0.1%)
Pairs written (passing filters):    55,321,274 (99.9%)

Total basepairs processed: 11,184,057,442 bp
  Read 1: 5,592,028,721 bp
  Read 2: 5,592,028,721 bp
Quality-trimmed:               4,504,183 bp (0.0%)
  Read 1:       920,518 bp
  Read 2:     3,583,665 bp
Total written (filtered):  11,056,486,005 bp (98.9%)
  Read 1: 5,529,236,638 bp
  Read 2: 5,527,249,367 bp

=== First read: Adapter 1 ===

Sequence: AGATCGGAAGAGCACACGTCTGAACTCCAGTCA; Type: regular 3'; Length: 33; Trimmed: 4982227 times

Minimum overlap: 3
No. of allowed errors:
1-9 bp: 0; 10-19 bp: 1; 20-29 bp: 2; 30-33 bp: 3

Bases preceding removed adapters:
  A: 27.4%
  C: 29.0%
  G: 33.4%
  T: 10.1%
  none/other: 0.0%

Overview of removed sequences
length	count	expect	max.err	error counts
3	1282866	865103.5	0	1282866
4	443002	216275.9	0	443002
5	262104	54069.0	0	262104
6	218157	13517.2	0	218157
7	198355	3379.3	0	198355
8	183572	844.8	0	183572
9	170839	211.2	0	169013 1826
10	160206	52.8	1	153549 6657
11	148883	13.2	1	142904 5979
12	138630	3.3	1	133408 5222
13	130763	0.8	1	125412 5351
14	124448	0.2	1	119097 5351
15	119783	0.1	1	114027 5756
16	116025	0.0	1	110062 5963
17	110918	0.0	1	105410 5508
18	102058	0.0	1	96723 5130 205
19	92825	0.0	1	87593 5028 204
20	83303	0.0	2	78092 4685 526
21	74650	0.0	2	69388 4676 586
22	67319	0.0	2	62508 4292 519
23	62703	0.0	2	58110 4061 532
24	58559	0.0	2	54039 4087 433
25	55799	0.0	2	51149 4151 499
26	53479	0.0	2	48914 4141 424
27	51046	0.0	2	46689 3835 478 44
28	47351	0.0	2	43250 3561 458 82
29	42610	0.0	2	38679 3301 465 165
30	38138	0.0	3	34547 3022 391 178
31	33108	0.0	3	29829 2757 389 133
32	29411	0.0	3	26429 2542 335 105
33	26190	0.0	3	23513 2309 283 85
34	23651	0.0	3	21304 2000 262 85
35	22387	0.0	3	20082 1872 338 95
36	20808	0.0	3	18682 1731 287 108
37	19540	0.0	3	17504 1627 292 117
38	18672	0.0	3	16642 1587 331 112
39	16807	0.0	3	15139 1314 237 117
40	15095	0.0	3	13552 1190 245 108
41	13164	0.0	3	11782 1086 230 66
42	11392	0.0	3	10236 911 165 80
43	10184	0.0	3	9136 836 152 60
44	8632	0.0	3	7675 744 147 66
45	7981	0.0	3	7212 619 108 42
46	7111	0.0	3	6387 554 119 51
47	6541	0.0	3	5850 528 114 49
48	6021	0.0	3	5379 498 99 45
49	5846	0.0	3	5261 463 84 38
50	5222	0.0	3	4665 424 95 38
51	4435	0.0	3	3958 352 101 24
52	3844	0.0	3	3427 299 85 33
53	3430	0.0	3	3055 276 52 47
54	2811	0.0	3	2498 231 46 36
55	2392	0.0	3	2108 200 59 25
56	2078	0.0	3	1811 192 45 30
57	1848	0.0	3	1618 168 30 32
58	1728	0.0	3	1517 151 36 24
59	1683	0.0	3	1496 131 37 19
60	1529	0.0	3	1310 148 40 31
61	1243	0.0	3	1084 116 28 15
62	1082	0.0	3	939 101 24 18
63	832	0.0	3	710 80 24 18
64	649	0.0	3	536 73 18 22
65	525	0.0	3	435 52 25 13
66	497	0.0	3	386 53 32 26
67	441	0.0	3	353 48 15 25
68	389	0.0	3	306 52 20 11
69	356	0.0	3	270 42 25 19
70	316	0.0	3	236 48 16 16
71	262	0.0	3	190 46 11 15
72	207	0.0	3	154 25 17 11
73	174	0.0	3	124 28 12 10
74	187	0.0	3	125 33 13 16
75	122	0.0	3	86 20 6 10
76	129	0.0	3	82 25 12 10
77	109	0.0	3	75 17 10 7
78	110	0.0	3	64 23 14 9
79	90	0.0	3	74 11 2 3
80	67	0.0	3	55 8 2 2
81	99	0.0	3	83 12 4
82	62	0.0	3	50 8 2 2
83	44	0.0	3	39 2 0 3
84	47	0.0	3	40 6 1
85	31	0.0	3	26 5
86	31	0.0	3	28 3
87	27	0.0	3	24 3
88	22	0.0	3	20 1 1
89	20	0.0	3	14 6
90	18	0.0	3	16 1 1
91	7	0.0	3	7
92	6	0.0	3	5 0 0 1
93	4	0.0	3	4
94	1	0.0	3	0 0 0 1
97	1	0.0	3	1
98	1	0.0	3	0 0 0 1
99	2	0.0	3	0 0 1 1
100	24	0.0	3	1 9 10 4
101	2061	0.0	3	1080 874 94 13


=== Second read: Adapter 2 ===

Sequence: AGATCGGAAGAGCGTCGTGTAGGGAAAGAGTGT; Type: regular 3'; Length: 33; Trimmed: 4761543 times

Minimum overlap: 3
No. of allowed errors:
1-9 bp: 0; 10-19 bp: 1; 20-29 bp: 2; 30-33 bp: 3

Bases preceding removed adapters:
  A: 21.3%
  C: 29.1%
  G: 31.2%
  T: 18.4%
  none/other: 0.0%

Overview of removed sequences
length	count	expect	max.err	error counts
3	1091209	865103.5	0	1091209
4	415804	216275.9	0	415804
5	249672	54069.0	0	249672
6	210966	13517.2	0	210966
7	197322	3379.3	0	197322
8	183688	844.8	0	183688
9	170798	211.2	0	168308 2490
10	160339	52.8	1	153214 7125
11	148812	13.2	1	142739 6073
12	138779	3.3	1	132954 5825
13	130727	0.8	1	124402 6325
14	124713	0.2	1	118718 5995
15	119670	0.1	1	112665 7005
16	115782	0.0	1	109184 6598
17	110851	0.0	1	104517 6334
18	101620	0.0	1	94981 6167 472
19	92613	0.0	1	86849 5479 285
20	83397	0.0	2	77191 5135 1071
21	74707	0.0	2	69027 4898 782
22	67436	0.0	2	62281 4451 704
23	62827	0.0	2	57934 4183 710
24	58770	0.0	2	54021 4076 673
25	55912	0.0	2	51300 3974 638
26	53570	0.0	2	49052 3797 721
27	51178	0.0	2	46679 3700 791 8
28	47356	0.0	2	42984 3466 840 66
29	42703	0.0	2	38660 3371 613 59
30	38484	0.0	3	34540 3055 581 308
31	33348	0.0	3	29752 2766 527 303
32	29691	0.0	3	26541 2523 426 201
33	26448	0.0	3	23544 2313 382 209
34	23925	0.0	3	21251 2155 336 183
35	22656	0.0	3	20120 1982 366 188
36	21116	0.0	3	18784 1818 321 193
37	19870	0.0	3	17675 1719 279 197
38	19004	0.0	3	16818 1707 301 178
39	17170	0.0	3	15301 1488 247 134
40	15509	0.0	3	13760 1341 250 158
41	13533	0.0	3	11980 1164 244 145
42	11788	0.0	3	10465 972 214 137
43	10613	0.0	3	9331 935 214 133
44	9003	0.0	3	7844 849 178 132
45	8390	0.0	3	7379 725 177 109
46	7507	0.0	3	6519 717 176 95
47	6969	0.0	3	6096 633 144 96
48	6459	0.0	3	5585 610 146 118
49	6272	0.0	3	5421 604 153 94
50	5628	0.0	3	4839 552 136 101
51	4862	0.0	3	4150 483 135 94
52	4261	0.0	3	3587 456 116 102
53	3833	0.0	3	3238 374 121 100
54	3233	0.0	3	2682 334 127 90
55	2779	0.0	3	2272 318 109 80
56	2499	0.0	3	2012 282 117 88
57	2224	0.0	3	1845 229 83 67
58	2175	0.0	3	1689 279 116 91
59	2095	0.0	3	1688 235 96 76
60	1906	0.0	3	1513 219 103 71
61	1685	0.0	3	1285 228 101 71
62	1492	0.0	3	1143 198 81 70
63	1202	0.0	3	893 174 74 61
64	1045	0.0	3	744 144 75 82
65	906	0.0	3	614 134 89 69
66	908	0.0	3	587 144 95 82
67	798	0.0	3	515 127 84 72
68	768	0.0	3	501 127 77 63
69	712	0.0	3	455 124 66 67
70	644	0.0	3	431 102 62 49
71	596	0.0	3	345 106 79 66
72	551	0.0	3	314 97 64 76
73	486	0.0	3	283 96 56 51
74	481	0.0	3	290 97 49 45
75	376	0.0	3	206 75 52 43
76	400	0.0	3	217 84 46 53
77	346	0.0	3	186 75 52 33
78	316	0.0	3	173 52 46 45
79	273	0.0	3	145 49 41 38
80	160	0.0	3	102 21 16 21
81	215	0.0	3	119 25 33 38
82	164	0.0	3	76 37 23 28
83	107	0.0	3	50 24 18 15
84	108	0.0	3	58 28 12 10
85	90	0.0	3	38 24 18 10
86	76	0.0	3	40 17 8 11
87	61	0.0	3	36 14 6 5
88	55	0.0	3	34 7 5 9
89	37	0.0	3	18 7 7 5
90	45	0.0	3	26 8 6 5
91	16	0.0	3	6 4 4 2
92	13	0.0	3	6 2 4 1
93	7	0.0	3	3 2 0 2
94	9	0.0	3	3 0 1 5
95	4	0.0	3	1 1 1 1
96	3	0.0	3	1 1 0 1
97	6	0.0	3	0 1 1 4
98	6	0.0	3	1 1 1 3
99	5	0.0	3	0 0 0 5
100	63	0.0	3	2 35 22 4
101	1837	0.0	3	1022 739 62 14
