This is cutadapt 3.5 with Python 3.6.8
Command line parameters: -o /home/lspencer/2022-redking-OA/trimmed/Tank_18_Crab_3.trimmed.R1.v2.fastq.gz -p /home/lspencer/2022-redking-OA/trimmed/Tank_18_Crab_3.trimmed.R2.v2.fastq.gz -a AGATCGGAAGAGCACACGTCTGAACTCCAGTCA -A AGATCGGAAGAGCGTCGTGTAGGGAAAGAGTGT -q 20,15 -m 50 --trim-n --cores=8 /share/nwfsc/ggoetz/red_king_crab/illumina/Tank_18_Crab_3_R1.fastq.gz /share/nwfsc/ggoetz/red_king_crab/illumina/Tank_18_Crab_3_R2.fastq.gz
Processing reads on 8 cores in paired-end mode ...
Finished in 556.79 s (8 us/read; 7.90 M reads/minute).

=== Summary ===

Total read pairs processed:         73,269,300
  Read 1 with adapter:               5,982,392 (8.2%)
  Read 2 with adapter:               5,644,952 (7.7%)

== Read fate breakdown ==
Pairs that were too short:             117,376 (0.2%)
Pairs written (passing filters):    73,151,924 (99.8%)

Total basepairs processed: 14,800,398,600 bp
  Read 1: 7,400,199,300 bp
  Read 2: 7,400,199,300 bp
Quality-trimmed:              26,419,927 bp (0.2%)
  Read 1:     6,522,381 bp
  Read 2:    19,897,546 bp
Total written (filtered):  14,623,214,930 bp (98.8%)
  Read 1: 7,315,550,724 bp
  Read 2: 7,307,664,206 bp

=== First read: Adapter 1 ===

Sequence: AGATCGGAAGAGCACACGTCTGAACTCCAGTCA; Type: regular 3'; Length: 33; Trimmed: 5982392 times

Minimum overlap: 3
No. of allowed errors:
1-9 bp: 0; 10-19 bp: 1; 20-29 bp: 2; 30-33 bp: 3

Bases preceding removed adapters:
  A: 28.9%
  C: 27.4%
  G: 33.0%
  T: 10.7%
  none/other: 0.0%

Overview of removed sequences
length	count	expect	max.err	error counts
3	1713321	1144832.8	0	1713321
4	545380	286208.2	0	545380
5	310830	71552.1	0	310830
6	252212	17888.0	0	252212
7	231117	4472.0	0	231117
8	207276	1118.0	0	207276
9	195193	279.5	0	192867 2326
10	181304	69.9	1	173772 7532
11	163157	17.5	1	156623 6534
12	154696	4.4	1	148674 6022
13	148565	1.1	1	142302 6263
14	140767	0.3	1	134896 5871
15	137215	0.1	1	130871 6344
16	130141	0.0	1	123752 6389
17	125557	0.0	1	118650 6907
18	115652	0.0	1	109546 5983 123
19	102567	0.0	1	97019 5296 252
20	92067	0.0	2	85889 5478 700
21	82625	0.0	2	77202 4855 568
22	74638	0.0	2	69272 4783 583
23	68891	0.0	2	63940 4422 529
24	66793	0.0	2	61290 4784 719
25	63190	0.0	2	57775 4779 636
26	59778	0.0	2	54852 4471 455
27	57045	0.0	2	52138 4334 558 15
28	54315	0.0	2	49154 4433 620 108
29	47804	0.0	2	43355 3871 506 72
30	43574	0.0	3	39138 3710 523 203
31	36861	0.0	3	33367 2968 403 123
32	33529	0.0	3	29970 2967 449 143
33	29528	0.0	3	26338 2721 355 114
34	27528	0.0	3	24647 2430 326 125
35	25794	0.0	3	22957 2368 324 145
36	25016	0.0	3	22127 2304 381 204
37	23170	0.0	3	20685 1991 337 157
38	22384	0.0	3	19861 2031 317 175
39	20474	0.0	3	18258 1778 298 140
40	17961	0.0	3	16105 1529 222 105
41	16252	0.0	3	14465 1447 225 115
42	14181	0.0	3	12667 1241 182 91
43	12600	0.0	3	11168 1152 179 101
44	11158	0.0	3	9945 970 160 83
45	9894	0.0	3	8842 816 152 84
46	8948	0.0	3	7966 760 149 73
47	8226	0.0	3	7327 676 148 75
48	8046	0.0	3	7137 741 99 69
49	7763	0.0	3	6890 663 143 67
50	7032	0.0	3	6204 648 117 63
51	8135	0.0	3	7283 676 99 77
52	3717	0.0	3	3272 342 62 41
53	4014	0.0	3	3488 396 85 45
54	3640	0.0	3	3215 327 64 34
55	3202	0.0	3	2798 285 77 42
56	2805	0.0	3	2426 282 59 38
57	2633	0.0	3	2292 245 55 41
58	2597	0.0	3	2270 235 53 39
59	2541	0.0	3	2222 233 54 32
60	2183	0.0	3	1915 187 54 27
61	1866	0.0	3	1606 178 51 31
62	1709	0.0	3	1416 197 43 53
63	1458	0.0	3	1210 168 48 32
64	911	0.0	3	768 90 28 25
65	926	0.0	3	743 101 47 35
66	697	0.0	3	562 85 29 21
67	659	0.0	3	529 86 24 20
68	700	0.0	3	542 89 40 29
69	506	0.0	3	416 55 14 21
70	506	0.0	3	391 64 30 21
71	439	0.0	3	307 61 42 29
72	324	0.0	3	241 46 17 20
73	334	0.0	3	236 53 27 18
74	315	0.0	3	223 43 29 20
75	183	0.0	3	122 29 18 14
76	224	0.0	3	157 34 16 17
77	184	0.0	3	122 33 18 11
78	161	0.0	3	112 29 12 8
79	138	0.0	3	97 21 12 8
80	124	0.0	3	96 23 3 2
81	134	0.0	3	102 19 10 3
82	99	0.0	3	84 10 2 3
83	73	0.0	3	52 15 5 1
84	91	0.0	3	67 18 1 5
85	82	0.0	3	59 20 2 1
86	81	0.0	3	51 29 1
87	77	0.0	3	52 20 5
88	71	0.0	3	45 21 4 1
89	60	0.0	3	41 17 2
90	52	0.0	3	25 22 5
91	52	0.0	3	30 17 4 1
92	42	0.0	3	25 17
93	43	0.0	3	28 13 1 1
94	44	0.0	3	23 21
95	40	0.0	3	19 18 2 1
96	56	0.0	3	32 24
97	70	0.0	3	34 32 3 1
98	119	0.0	3	57 53 7 2
99	258	0.0	3	129 103 22 4
100	347	0.0	3	163 158 19 7
101	655	0.0	3	318 270 61 6


=== Second read: Adapter 2 ===

Sequence: AGATCGGAAGAGCGTCGTGTAGGGAAAGAGTGT; Type: regular 3'; Length: 33; Trimmed: 5644952 times

Minimum overlap: 3
No. of allowed errors:
1-9 bp: 0; 10-19 bp: 1; 20-29 bp: 2; 30-33 bp: 3

Bases preceding removed adapters:
  A: 22.6%
  C: 28.0%
  G: 30.9%
  T: 18.4%
  none/other: 0.0%

Overview of removed sequences
length	count	expect	max.err	error counts
3	1402306	1144832.8	0	1402306
4	511852	286208.2	0	511852
5	294871	71552.1	0	294871
6	245851	17888.0	0	245851
7	228506	4472.0	0	228506
8	209081	1118.0	0	209081
9	196323	279.5	0	194123 2200
10	180107	69.9	1	171963 8144
11	164655	17.5	1	157942 6713
12	157533	4.4	1	151278 6255
13	146299	1.1	1	140331 5968
14	151555	0.3	1	145148 6407
15	129239	0.1	1	123324 5915
16	129839	0.0	1	123519 6320
17	138577	0.0	1	131541 7036
18	100157	0.0	1	95256 4580 321
19	108010	0.0	1	101880 5921 209
20	88570	0.0	2	82759 4772 1039
21	80905	0.0	2	75555 4519 831
22	74244	0.0	2	68812 4518 914
23	70322	0.0	2	65043 4251 1028
24	67385	0.0	2	62127 4356 902
25	60834	0.0	2	56515 3679 640
26	61097	0.0	2	56359 3849 889
27	58377	0.0	2	53419 3973 971 14
28	53737	0.0	2	49267 3450 947 73
29	47453	0.0	2	43397 3406 630 20
30	49553	0.0	3	44420 3603 933 597
31	31883	0.0	3	28886 2304 437 256
32	33453	0.0	3	29816 2614 588 435
33	30515	0.0	3	27171 2568 475 301
34	28897	0.0	3	25539 2477 526 355
35	25654	0.0	3	22867 2131 399 257
36	25036	0.0	3	22343 2062 360 271
37	23505	0.0	3	20930 1899 396 280
38	23408	0.0	3	20612 1998 456 342
39	20299	0.0	3	18142 1663 304 190
40	18693	0.0	3	16718 1456 334 185
41	16315	0.0	3	14532 1304 294 185
42	15242	0.0	3	13319 1350 311 262
43	12860	0.0	3	11460 1028 237 135
44	11790	0.0	3	10221 1055 317 197
45	10632	0.0	3	9199 922 291 220
46	9661	0.0	3	8305 897 269 190
47	8881	0.0	3	7587 779 291 224
48	8519	0.0	3	7344 757 238 180
49	8430	0.0	3	7261 776 213 180
50	7431	0.0	3	6425 651 208 147
51	6643	0.0	3	5731 615 176 121
52	5633	0.0	3	4871 510 135 117
53	5136	0.0	3	4300 507 186 143
54	4911	0.0	3	3946 530 233 202
55	3282	0.0	3	2799 302 104 77
56	3467	0.0	3	2752 394 169 152
57	3802	0.0	3	2848 521 225 208
58	3012	0.0	3	2422 339 132 119
59	2820	0.0	3	2298 319 95 108
60	3141	0.0	3	2316 415 191 219
61	2278	0.0	3	1801 258 124 95
62	2099	0.0	3	1678 228 99 94
63	2450	0.0	3	1618 388 223 221
64	1520	0.0	3	1077 200 131 112
65	1380	0.0	3	986 189 119 86
66	1166	0.0	3	804 159 105 98
67	1184	0.0	3	780 186 127 91
68	1253	0.0	3	817 205 115 116
69	1054	0.0	3	650 178 125 101
70	1022	0.0	3	621 180 115 106
71	916	0.0	3	553 166 94 103
72	793	0.0	3	477 147 93 76
73	798	0.0	3	453 155 112 78
74	741	0.0	3	429 152 75 85
75	653	0.0	3	362 137 83 71
76	605	0.0	3	360 105 79 61
77	533	0.0	3	289 123 50 71
78	473	0.0	3	259 106 52 56
79	381	0.0	3	203 74 59 45
80	365	0.0	3	226 69 37 33
81	249	0.0	3	154 37 26 32
82	194	0.0	3	118 33 22 21
83	174	0.0	3	104 30 15 25
84	145	0.0	3	83 26 18 18
85	134	0.0	3	62 33 23 16
86	99	0.0	3	45 22 21 11
87	104	0.0	3	42 31 19 12
88	70	0.0	3	31 18 13 8
89	90	0.0	3	33 29 15 13
90	58	0.0	3	25 20 7 6
91	62	0.0	3	28 24 6 4
92	48	0.0	3	20 22 2 4
93	45	0.0	3	18 20 2 5
94	41	0.0	3	20 21
95	53	0.0	3	32 17 1 3
96	53	0.0	3	32 14 5 2
97	82	0.0	3	37 34 8 3
98	154	0.0	3	82 56 12 4
99	233	0.0	3	120 98 11 4
100	381	0.0	3	180 178 18 5
101	630	0.0	3	326 269 28 7
