This is cutadapt 3.5 with Python 3.6.8
Command line parameters: -o /home/lspencer/2022-redking-OA/trimmed/Tank_11_Crab_3.trimmed.R1.v1.fastq.gz -p /home/lspencer/2022-redking-OA/trimmed/Tank_11_Crab_3.trimmed.R2.v1.fastq.gz -a AGATCGGAAGAGCACACGTCTGAACTCCAGTCA -A AGATCGGAAGAGCGTCGTGTAGGGAAAGAGTGT -q 15,10 -m 50 --trim-n --cores=8 /share/nwfsc/ggoetz/red_king_crab/illumina/Tank_11_Crab_3_R1.fastq.gz /share/nwfsc/ggoetz/red_king_crab/illumina/Tank_11_Crab_3_R2.fastq.gz
Processing reads on 8 cores in paired-end mode ...
Finished in 636.71 s (8 us/read; 7.87 M reads/minute).

=== Summary ===

Total read pairs processed:         83,542,559
  Read 1 with adapter:               6,303,560 (7.5%)
  Read 2 with adapter:               5,973,138 (7.1%)

== Read fate breakdown ==
Pairs that were too short:              68,136 (0.1%)
Pairs written (passing filters):    83,474,423 (99.9%)

Total basepairs processed: 16,875,596,918 bp
  Read 1: 8,437,798,459 bp
  Read 2: 8,437,798,459 bp
Quality-trimmed:               7,374,065 bp (0.0%)
  Read 1:     1,330,989 bp
  Read 2:     6,043,076 bp
Total written (filtered):  16,718,718,879 bp (99.1%)
  Read 1: 8,361,268,608 bp
  Read 2: 8,357,450,271 bp

=== First read: Adapter 1 ===

Sequence: AGATCGGAAGAGCACACGTCTGAACTCCAGTCA; Type: regular 3'; Length: 33; Trimmed: 6303560 times

Minimum overlap: 3
No. of allowed errors:
1-9 bp: 0; 10-19 bp: 1; 20-29 bp: 2; 30-33 bp: 3

Bases preceding removed adapters:
  A: 28.3%
  C: 27.5%
  G: 33.2%
  T: 10.9%
  none/other: 0.1%

Overview of removed sequences
length	count	expect	max.err	error counts
3	1885858	1305352.5	0	1885858
4	593600	326338.1	0	593600
5	328042	81584.5	0	328042
6	262217	20396.1	0	262217
7	236795	5099.0	0	236795
8	217905	1274.8	0	217905
9	199883	318.7	0	197521 2362
10	186435	79.7	1	178213 8222
11	170547	19.9	1	163762 6785
12	158754	5.0	1	152800 5954
13	149007	1.2	1	143339 5668
14	144265	0.3	1	138391 5874
15	138161	0.1	1	132244 5917
16	133750	0.0	1	127720 6030
17	127758	0.0	1	121878 5880
18	118303	0.0	1	112589 5477 237
19	106363	0.0	1	100950 5191 222
20	95302	0.0	2	89590 5040 672
21	83661	0.0	2	78386 4645 630
22	76664	0.0	2	71604 4497 563
23	70695	0.0	2	65938 4158 599
24	66490	0.0	2	61754 4211 525
25	63875	0.0	2	58990 4355 530
26	61825	0.0	2	56874 4412 539
27	58545	0.0	2	54047 3913 543 42
28	54087	0.0	2	49676 3853 483 75
29	49679	0.0	2	45498 3469 538 174
30	43641	0.0	3	39793 3199 422 227
31	38318	0.0	3	34748 2980 418 172
32	33395	0.0	3	30263 2642 362 128
33	29980	0.0	3	27077 2460 317 126
34	27223	0.0	3	24728 2058 320 117
35	26186	0.0	3	23666 2003 360 157
36	24565	0.0	3	22156 1925 347 137
37	23578	0.0	3	21309 1760 361 148
38	22456	0.0	3	20292 1658 343 163
39	20430	0.0	3	18476 1498 303 153
40	18232	0.0	3	16502 1324 260 146
41	16159	0.0	3	14560 1192 278 129
42	14060	0.0	3	12712 1045 204 99
43	12451	0.0	3	11231 947 168 105
44	10967	0.0	3	9913 793 171 90
45	9722	0.0	3	8717 772 154 79
46	9000	0.0	3	8117 661 142 80
47	8285	0.0	3	7466 601 140 78
48	8003	0.0	3	7221 562 131 89
49	7399	0.0	3	6646 549 125 79
50	6859	0.0	3	6152 519 115 73
51	6009	0.0	3	5332 494 125 58
52	5149	0.0	3	4606 392 95 56
53	4475	0.0	3	3993 344 86 52
54	3832	0.0	3	3362 341 76 53
55	3301	0.0	3	2901 289 61 50
56	2962	0.0	3	2635 221 67 39
57	2582	0.0	3	2269 221 47 45
58	2616	0.0	3	2284 222 63 47
59	2444	0.0	3	2158 187 60 39
60	2226	0.0	3	1943 198 54 31
61	1870	0.0	3	1625 156 47 42
62	1579	0.0	3	1368 121 50 40
63	1301	0.0	3	1083 138 48 32
64	1121	0.0	3	930 113 36 42
65	884	0.0	3	749 66 41 28
66	838	0.0	3	677 82 40 39
67	724	0.0	3	591 70 29 34
68	638	0.0	3	514 70 29 25
69	557	0.0	3	438 57 35 27
70	528	0.0	3	396 66 35 31
71	400	0.0	3	310 42 28 20
72	385	0.0	3	287 56 14 28
73	296	0.0	3	209 44 17 26
74	298	0.0	3	203 52 21 22
75	238	0.0	3	166 30 23 19
76	215	0.0	3	143 36 20 16
77	214	0.0	3	154 31 17 12
78	195	0.0	3	130 36 19 10
79	144	0.0	3	119 16 6 3
80	127	0.0	3	95 15 10 7
81	351	0.0	3	254 71 10 16
82	102	0.0	3	81 13 5 3
83	87	0.0	3	69 11 5 2
84	57	0.0	3	46 9 1 1
85	49	0.0	3	41 6 2
86	41	0.0	3	34 4 2 1
87	49	0.0	3	47 1 1
88	29	0.0	3	28 0 1
89	47	0.0	3	44 2 0 1
90	13	0.0	3	10 2 1
91	11	0.0	3	10 1
92	18	0.0	3	14 4
93	5	0.0	3	5
94	3	0.0	3	1 1 0 1
95	7	0.0	3	3 1 2 1
96	1	0.0	3	1
97	1	0.0	3	1
98	2	0.0	3	2
99	8	0.0	3	3 1 1 3
100	58	0.0	3	1 26 28 3
101	5098	0.0	3	2315 2513 212 58


=== Second read: Adapter 2 ===

Sequence: AGATCGGAAGAGCGTCGTGTAGGGAAAGAGTGT; Type: regular 3'; Length: 33; Trimmed: 5973138 times

Minimum overlap: 3
No. of allowed errors:
1-9 bp: 0; 10-19 bp: 1; 20-29 bp: 2; 30-33 bp: 3

Bases preceding removed adapters:
  A: 22.3%
  C: 28.0%
  G: 31.3%
  T: 18.3%
  none/other: 0.1%

Overview of removed sequences
length	count	expect	max.err	error counts
3	1579767	1305352.5	0	1579767
4	563948	326338.1	0	563948
5	311813	81584.5	0	311813
6	254777	20396.1	0	254777
7	236355	5099.0	0	236355
8	218544	1274.8	0	218544
9	199525	318.7	0	197119 2406
10	186911	79.7	1	178172 8739
11	170727	19.9	1	163750 6977
12	159173	5.0	1	152739 6434
13	149261	1.2	1	142621 6640
14	144711	0.3	1	138304 6407
15	138064	0.1	1	130281 7783
16	133498	0.0	1	126377 7121
17	127657	0.0	1	120786 6871
18	117578	0.0	1	110307 6888 383
19	105956	0.0	1	99518 6112 326
20	95461	0.0	2	88493 5450 1518
21	83819	0.0	2	77600 5149 1070
22	76904	0.0	2	71030 4862 1012
23	71039	0.0	2	65600 4374 1065
24	66722	0.0	2	61537 4292 893
25	64108	0.0	2	58868 4404 836
26	61951	0.0	2	56812 4150 989
27	58706	0.0	2	53569 4054 1077 6
28	54150	0.0	2	49255 3705 1090 100
29	49871	0.0	2	45196 3803 773 99
30	44098	0.0	3	39590 3259 801 448
31	38630	0.0	3	34028 3360 766 476
32	33856	0.0	3	29977 2918 598 363
33	30384	0.0	3	26927 2626 518 313
34	27700	0.0	3	24447 2439 498 316
35	26600	0.0	3	23524 2280 464 332
36	25015	0.0	3	22165 2101 438 311
37	24034	0.0	3	21277 2039 435 283
38	22925	0.0	3	20195 2040 412 278
39	20955	0.0	3	18402 1878 382 293
40	18731	0.0	3	16527 1602 360 242
41	16724	0.0	3	14640 1501 322 261
42	14570	0.0	3	12755 1291 315 209
43	13079	0.0	3	11400 1157 314 208
44	11562	0.0	3	10028 1033 276 225
45	10376	0.0	3	8893 988 265 230
46	9577	0.0	3	8280 854 242 201
47	8897	0.0	3	7642 841 228 186
48	8607	0.0	3	7369 793 247 198
49	7986	0.0	3	6792 760 237 197
50	7466	0.0	3	6397 670 232 167
51	6661	0.0	3	5618 612 234 197
52	5728	0.0	3	4775 580 193 180
53	5116	0.0	3	4214 530 185 187
54	4413	0.0	3	3549 518 193 153
55	3882	0.0	3	3167 403 174 138
56	3540	0.0	3	2789 421 176 154
57	3211	0.0	3	2486 403 180 142
58	3183	0.0	3	2502 380 152 149
59	3030	0.0	3	2386 371 149 124
60	2820	0.0	3	2150 362 165 143
61	2471	0.0	3	1868 326 158 119
62	2193	0.0	3	1606 285 157 145
63	1898	0.0	3	1348 272 127 151
64	1739	0.0	3	1160 285 154 140
65	1444	0.0	3	984 196 146 118
66	1356	0.0	3	886 219 131 120
67	1261	0.0	3	800 212 129 120
68	1231	0.0	3	758 204 143 126
69	1069	0.0	3	694 160 114 101
70	1115	0.0	3	653 215 127 120
71	870	0.0	3	501 170 116 83
72	838	0.0	3	484 170 89 95
73	764	0.0	3	431 141 110 82
74	753	0.0	3	397 152 115 89
75	646	0.0	3	346 126 85 89
76	644	0.0	3	339 135 84 86
77	598	0.0	3	304 127 89 78
78	525	0.0	3	275 105 70 75
79	401	0.0	3	214 86 51 50
80	347	0.0	3	173 66 60 48
81	501	0.0	3	227 106 89 79
82	251	0.0	3	124 50 32 45
83	206	0.0	3	110 31 28 37
84	165	0.0	3	78 30 34 23
85	133	0.0	3	67 21 25 20
86	108	0.0	3	52 22 16 18
87	114	0.0	3	53 24 21 16
88	71	0.0	3	34 15 8 14
89	85	0.0	3	44 20 11 10
90	41	0.0	3	21 11 3 6
91	30	0.0	3	16 3 6 5
92	39	0.0	3	21 8 4 6
93	8	0.0	3	3 1 3 1
94	10	0.0	3	3 3 1 3
95	11	0.0	3	4 2 2 3
96	5	0.0	3	1 0 2 2
97	6	0.0	3	0 1 1 4
98	10	0.0	3	3 2 1 4
99	16	0.0	3	3 1 5 7
100	154	0.0	3	1 72 67 14
101	4659	0.0	3	2209 2288 147 15
