This is cutadapt 3.5 with Python 3.6.8
Command line parameters: -o /home/lspencer/2022-redking-OA/trimmed/Tank_4_Crab_2.trimmed.R1.v2.fastq.gz -p /home/lspencer/2022-redking-OA/trimmed/Tank_4_Crab_2.trimmed.R2.v2.fastq.gz -a AGATCGGAAGAGCACACGTCTGAACTCCAGTCA -A AGATCGGAAGAGCGTCGTGTAGGGAAAGAGTGT -q 20,15 -m 50 --trim-n --cores=8 /share/nwfsc/ggoetz/red_king_crab/illumina/Tank_4_Crab_2_R1.fastq.gz /share/nwfsc/ggoetz/red_king_crab/illumina/Tank_4_Crab_2_R2.fastq.gz
Processing reads on 8 cores in paired-end mode ...
Finished in 474.38 s (8 us/read; 7.95 M reads/minute).

=== Summary ===

Total read pairs processed:         62,863,023
  Read 1 with adapter:               5,421,924 (8.6%)
  Read 2 with adapter:               5,158,844 (8.2%)

== Read fate breakdown ==
Pairs that were too short:             104,110 (0.2%)
Pairs written (passing filters):    62,758,913 (99.8%)

Total basepairs processed: 12,698,330,646 bp
  Read 1: 6,349,165,323 bp
  Read 2: 6,349,165,323 bp
Quality-trimmed:              23,910,912 bp (0.2%)
  Read 1:     5,684,064 bp
  Read 2:    18,226,848 bp
Total written (filtered):  12,534,973,072 bp (98.7%)
  Read 1: 6,271,132,236 bp
  Read 2: 6,263,840,836 bp

=== First read: Adapter 1 ===

Sequence: AGATCGGAAGAGCACACGTCTGAACTCCAGTCA; Type: regular 3'; Length: 33; Trimmed: 5421924 times

Minimum overlap: 3
No. of allowed errors:
1-9 bp: 0; 10-19 bp: 1; 20-29 bp: 2; 30-33 bp: 3

Bases preceding removed adapters:
  A: 28.0%
  C: 28.1%
  G: 33.1%
  T: 10.8%
  none/other: 0.1%

Overview of removed sequences
length	count	expect	max.err	error counts
3	1468548	982234.7	0	1468548
4	471760	245558.7	0	471760
5	274363	61389.7	0	274363
6	230117	15347.4	0	230117
7	215211	3836.9	0	215211
8	195330	959.2	0	195330
9	184633	239.8	0	182471 2162
10	172128	60.0	1	164563 7565
11	152481	15.0	1	146409 6072
12	143637	3.7	1	138008 5629
13	135635	0.9	1	129762 5873
14	130093	0.2	1	124584 5509
15	125540	0.1	1	119542 5998
16	122525	0.0	1	116356 6169
17	119582	0.0	1	113207 6375
18	114846	0.0	1	108439 6262 145
19	97974	0.0	1	92599 5190 185
20	90676	0.0	2	84404 5584 688
21	78715	0.0	2	73461 4723 531
22	70727	0.0	2	65355 4815 557
23	64623	0.0	2	59705 4408 510
24	62185	0.0	2	57022 4541 622
25	59585	0.0	2	54316 4622 647
26	56789	0.0	2	51894 4485 410
27	54927	0.0	2	50189 4185 521 32
28	52533	0.0	2	47472 4373 589 99
29	47390	0.0	2	42912 3919 491 68
30	42304	0.0	3	38079 3594 435 196
31	36872	0.0	3	33086 3218 438 130
32	32332	0.0	3	28938 2893 359 142
33	27896	0.0	3	24864 2584 337 111
34	26375	0.0	3	23468 2416 319 172
35	23839	0.0	3	21340 2095 281 123
36	22884	0.0	3	20425 1969 281 209
37	21958	0.0	3	19451 1880 337 290
38	20928	0.0	3	18571 1885 266 206
39	18957	0.0	3	16850 1616 293 198
40	17171	0.0	3	15287 1429 249 206
41	15325	0.0	3	13644 1329 189 163
42	13476	0.0	3	12051 1097 181 147
43	11776	0.0	3	10514 957 184 121
44	10293	0.0	3	9189 875 119 110
45	8968	0.0	3	7915 815 140 98
46	7947	0.0	3	6995 719 124 109
47	7297	0.0	3	6481 629 104 83
48	7045	0.0	3	6236 619 108 82
49	6507	0.0	3	5747 567 113 80
50	6209	0.0	3	5442 593 98 76
51	7236	0.0	3	6446 583 111 96
52	3184	0.0	3	2787 288 65 44
53	3422	0.0	3	3036 289 52 45
54	3011	0.0	3	2706 227 46 32
55	2761	0.0	3	2396 267 50 48
56	2311	0.0	3	1995 214 55 47
57	2115	0.0	3	1824 203 51 37
58	1910	0.0	3	1660 161 45 44
59	1875	0.0	3	1640 168 43 24
60	1698	0.0	3	1443 159 53 43
61	1462	0.0	3	1245 148 34 35
62	1125	0.0	3	931 120 38 36
63	1084	0.0	3	900 118 37 29
64	635	0.0	3	531 55 29 20
65	626	0.0	3	503 63 31 29
66	478	0.0	3	397 48 18 15
67	426	0.0	3	354 45 14 13
68	447	0.0	3	344 49 31 23
69	321	0.0	3	258 34 12 17
70	327	0.0	3	240 47 19 21
71	307	0.0	3	213 48 30 16
72	260	0.0	3	196 26 20 18
73	235	0.0	3	151 47 21 16
74	231	0.0	3	157 37 23 14
75	154	0.0	3	111 23 9 11
76	170	0.0	3	118 22 18 12
77	134	0.0	3	99 16 8 11
78	147	0.0	3	110 20 16 1
79	121	0.0	3	98 14 7 2
80	72	0.0	3	54 9 3 6
81	66	0.0	3	51 11 1 3
82	61	0.0	3	45 12 3 1
83	59	0.0	3	42 13 2 2
84	101	0.0	3	59 39 2 1
85	117	0.0	3	60 53 4
86	116	0.0	3	46 61 7 2
87	109	0.0	3	38 65 5 1
88	124	0.0	3	49 63 10 2
89	140	0.0	3	60 71 7 2
90	106	0.0	3	43 57 5 1
91	104	0.0	3	37 56 11
92	104	0.0	3	48 49 7
93	119	0.0	3	39 74 5 1
94	99	0.0	3	38 54 6 1
95	104	0.0	3	37 61 6
96	127	0.0	3	49 70 5 3
97	157	0.0	3	53 90 9 5
98	277	0.0	3	91 164 21 1
99	530	0.0	3	173 312 39 6
100	763	0.0	3	260 447 49 7
101	1344	0.0	3	473 772 89 10


=== Second read: Adapter 2 ===

Sequence: AGATCGGAAGAGCGTCGTGTAGGGAAAGAGTGT; Type: regular 3'; Length: 33; Trimmed: 5158844 times

Minimum overlap: 3
No. of allowed errors:
1-9 bp: 0; 10-19 bp: 1; 20-29 bp: 2; 30-33 bp: 3

Bases preceding removed adapters:
  A: 22.1%
  C: 29.1%
  G: 29.4%
  T: 19.4%
  none/other: 0.1%

Overview of removed sequences
length	count	expect	max.err	error counts
3	1228829	982234.7	0	1228829
4	447861	245558.7	0	447861
5	263904	61389.7	0	263904
6	225080	15347.4	0	225080
7	213898	3836.9	0	213898
8	195189	959.2	0	195189
9	185125	239.8	0	183267 1858
10	170740	60.0	1	162991 7749
11	153191	15.0	1	146799 6392
12	146404	3.7	1	140392 6012
13	133257	0.9	1	127749 5508
14	141127	0.2	1	134750 6377
15	117441	0.1	1	111749 5692
16	120529	0.0	1	114195 6334
17	132252	0.0	1	125175 7077
18	97636	0.0	1	92527 4768 341
19	105066	0.0	1	98688 6168 210
20	86091	0.0	2	80122 4962 1007
21	77924	0.0	2	72394 4681 849
22	70583	0.0	2	65260 4424 899
23	65494	0.0	2	60277 4238 979
24	62670	0.0	2	57502 4284 884
25	57408	0.0	2	52914 3873 621
26	57310	0.0	2	52441 3927 942
27	56091	0.0	2	51049 3940 1089 13
28	52340	0.0	2	47781 3610 866 83
29	46358	0.0	2	42183 3502 642 31
30	54095	0.0	3	48631 4001 915 548
31	25409	0.0	3	22827 1955 391 236
32	35761	0.0	3	31578 3121 661 401
33	25468	0.0	3	22842 2097 358 171
34	27468	0.0	3	24223 2440 491 314
35	23362	0.0	3	20779 1764 509 310
36	22613	0.0	3	20224 1591 502 296
37	22007	0.0	3	19507 1620 543 337
38	23174	0.0	3	20297 1713 684 480
39	17825	0.0	3	15768 1343 500 214
40	17224	0.0	3	15326 1282 388 228
41	15625	0.0	3	13791 1153 429 252
42	14394	0.0	3	12582 1121 422 269
43	11661	0.0	3	10384 899 226 152
44	10769	0.0	3	9358 857 320 234
45	9413	0.0	3	8209 730 268 206
46	8485	0.0	3	7318 700 265 202
47	7747	0.0	3	6623 634 274 216
48	7450	0.0	3	6478 546 220 206
49	7076	0.0	3	6051 579 241 205
50	6462	0.0	3	5547 538 218 159
51	5863	0.0	3	5080 447 171 165
52	4767	0.0	3	4088 372 168 139
53	4391	0.0	3	3683 357 186 165
54	4061	0.0	3	3271 354 230 206
55	2808	0.0	3	2398 226 106 78
56	2878	0.0	3	2249 282 146 201
57	3026	0.0	3	2236 341 211 238
58	2192	0.0	3	1752 189 127 124
59	2147	0.0	3	1766 186 96 99
60	2342	0.0	3	1718 254 162 208
61	1791	0.0	3	1414 176 99 102
62	1492	0.0	3	1120 167 101 104
63	1822	0.0	3	1179 218 195 230
64	1098	0.0	3	728 153 101 116
65	1051	0.0	3	724 108 97 122
66	819	0.0	3	545 114 79 81
67	881	0.0	3	542 128 99 112
68	874	0.0	3	508 146 109 111
69	753	0.0	3	470 83 82 118
70	680	0.0	3	380 109 98 93
71	670	0.0	3	413 90 81 86
72	632	0.0	3	365 86 72 109
73	603	0.0	3	326 92 86 99
74	593	0.0	3	332 82 87 92
75	526	0.0	3	264 83 79 100
76	466	0.0	3	271 60 60 75
77	406	0.0	3	211 63 71 61
78	394	0.0	3	221 68 45 60
79	316	0.0	3	176 44 49 47
80	264	0.0	3	158 38 36 32
81	176	0.0	3	100 33 22 21
82	141	0.0	3	71 34 12 24
83	156	0.0	3	91 32 12 21
84	139	0.0	3	58 36 18 27
85	140	0.0	3	76 30 12 22
86	83	0.0	3	27 30 16 10
87	92	0.0	3	39 31 8 14
88	98	0.0	3	49 34 7 8
89	94	0.0	3	33 41 10 10
90	93	0.0	3	30 48 9 6
91	80	0.0	3	34 39 2 5
92	84	0.0	3	31 47 4 2
93	89	0.0	3	33 46 6 4
94	101	0.0	3	35 57 5 4
95	104	0.0	3	36 63 3 2
96	128	0.0	3	38 77 7 6
97	164	0.0	3	67 82 12 3
98	250	0.0	3	70 156 17 7
99	532	0.0	3	182 312 32 6
100	770	0.0	3	276 434 45 15
101	1438	0.0	3	521 841 55 21
