This is cutadapt 3.5 with Python 3.6.8
Command line parameters: -o /home/lspencer/2022-redking-OA/trimmed/Tank_9_Crab_3.trimmed.R1.v1.fastq.gz -p /home/lspencer/2022-redking-OA/trimmed/Tank_9_Crab_3.trimmed.R2.v1.fastq.gz -a AGATCGGAAGAGCACACGTCTGAACTCCAGTCA -A AGATCGGAAGAGCGTCGTGTAGGGAAAGAGTGT -q 15,10 -m 50 --trim-n --cores=8 /share/nwfsc/ggoetz/red_king_crab/illumina/Tank_9_Crab_3_R1.fastq.gz /share/nwfsc/ggoetz/red_king_crab/illumina/Tank_9_Crab_3_R2.fastq.gz
Processing reads on 8 cores in paired-end mode ...
Finished in 568.13 s (8 us/read; 7.84 M reads/minute).

=== Summary ===

Total read pairs processed:         74,198,266
  Read 1 with adapter:               5,954,712 (8.0%)
  Read 2 with adapter:               5,627,389 (7.6%)

== Read fate breakdown ==
Pairs that were too short:              57,189 (0.1%)
Pairs written (passing filters):    74,141,077 (99.9%)

Total basepairs processed: 14,988,049,732 bp
  Read 1: 7,494,024,866 bp
  Read 2: 7,494,024,866 bp
Quality-trimmed:               6,638,965 bp (0.0%)
  Read 1:     1,204,126 bp
  Read 2:     5,434,839 bp
Total written (filtered):  14,839,663,128 bp (99.0%)
  Read 1: 7,421,496,452 bp
  Read 2: 7,418,166,676 bp

=== First read: Adapter 1 ===

Sequence: AGATCGGAAGAGCACACGTCTGAACTCCAGTCA; Type: regular 3'; Length: 33; Trimmed: 5954712 times

Minimum overlap: 3
No. of allowed errors:
1-9 bp: 0; 10-19 bp: 1; 20-29 bp: 2; 30-33 bp: 3

Bases preceding removed adapters:
  A: 27.9%
  C: 28.5%
  G: 32.7%
  T: 10.8%
  none/other: 0.0%

Overview of removed sequences
length	count	expect	max.err	error counts
3	1704856	1159347.9	0	1704856
4	548277	289837.0	0	548277
5	314114	72459.2	0	314114
6	253229	18114.8	0	253229
7	229263	4528.7	0	229263
8	212199	1132.2	0	212199
9	196688	283.0	0	194395 2293
10	183071	70.8	1	175245 7826
11	166822	17.7	1	160287 6535
12	155145	4.4	1	149289 5856
13	145437	1.1	1	139658 5779
14	140056	0.3	1	134297 5759
15	134383	0.1	1	128330 6053
16	131263	0.0	1	125181 6082
17	124179	0.0	1	118239 5940
18	115319	0.0	1	109463 5624 232
19	103770	0.0	1	98309 5256 205
20	93811	0.0	2	87966 5180 665
21	82949	0.0	2	77417 4860 672
22	74301	0.0	2	69270 4512 519
23	68259	0.0	2	63628 4100 531
24	64593	0.0	2	59909 4206 478
25	61436	0.0	2	56647 4239 550
26	59368	0.0	2	54715 4140 513
27	56459	0.0	2	51985 3906 520 48
28	53346	0.0	2	48911 3880 465 90
29	47653	0.0	2	43467 3553 514 119
30	42677	0.0	3	38904 3162 402 209
31	36655	0.0	3	33301 2863 368 123
32	32325	0.0	3	29222 2673 305 125
33	28879	0.0	3	26130 2361 276 112
34	26323	0.0	3	23866 2110 249 98
35	24775	0.0	3	22443 1885 333 114
36	23518	0.0	3	21267 1792 325 134
37	22302	0.0	3	20148 1645 327 182
38	20984	0.0	3	18832 1647 348 157
39	19090	0.0	3	17228 1435 279 148
40	16882	0.0	3	15298 1237 226 121
41	15238	0.0	3	13729 1175 261 73
42	13341	0.0	3	12068 963 206 104
43	11701	0.0	3	10531 925 167 78
44	10292	0.0	3	9277 762 172 81
45	9141	0.0	3	8195 734 150 62
46	8285	0.0	3	7398 667 138 82
47	7426	0.0	3	6677 574 120 55
48	7072	0.0	3	6340 534 135 63
49	6625	0.0	3	5937 538 95 55
50	6134	0.0	3	5476 485 113 60
51	5465	0.0	3	4935 387 87 56
52	4610	0.0	3	4082 393 78 57
53	3962	0.0	3	3539 315 63 45
54	3417	0.0	3	3021 277 73 46
55	2928	0.0	3	2582 237 69 40
56	2516	0.0	3	2249 170 56 41
57	2348	0.0	3	2074 183 51 40
58	2160	0.0	3	1901 174 54 31
59	2049	0.0	3	1794 185 45 25
60	1908	0.0	3	1654 161 45 48
61	1561	0.0	3	1341 130 51 39
62	1238	0.0	3	1028 132 39 39
63	1067	0.0	3	902 88 40 37
64	873	0.0	3	709 98 43 23
65	708	0.0	3	571 74 32 31
66	659	0.0	3	509 84 42 24
67	603	0.0	3	478 66 32 27
68	553	0.0	3	428 72 26 27
69	478	0.0	3	366 63 27 22
70	439	0.0	3	317 65 33 24
71	361	0.0	3	249 59 27 26
72	287	0.0	3	188 50 32 17
73	275	0.0	3	181 32 37 25
74	243	0.0	3	162 38 21 22
75	210	0.0	3	138 28 20 24
76	213	0.0	3	135 36 24 18
77	191	0.0	3	127 34 18 12
78	169	0.0	3	128 14 15 12
79	132	0.0	3	109 15 3 5
80	128	0.0	3	88 23 11 6
81	126	0.0	3	95 25 3 3
82	88	0.0	3	74 8 4 2
83	68	0.0	3	51 13 3 1
84	63	0.0	3	51 8 3 1
85	45	0.0	3	38 4 2 1
86	51	0.0	3	42 7 1 1
87	37	0.0	3	33 3 0 1
88	31	0.0	3	29 1 1
89	19	0.0	3	17 1 1
90	11	0.0	3	10 1
91	6	0.0	3	5 0 1
92	15	0.0	3	15
93	2	0.0	3	1 0 1
94	1	0.0	3	1
95	4	0.0	3	2 0 1 1
96	2	0.0	3	1 0 1
97	5	0.0	3	1 2 1 1
98	3	0.0	3	1 0 1 1
99	6	0.0	3	2 0 1 3
100	34	0.0	3	2 16 11 5
101	2433	0.0	3	1042 1253 122 16


=== Second read: Adapter 2 ===

Sequence: AGATCGGAAGAGCGTCGTGTAGGGAAAGAGTGT; Type: regular 3'; Length: 33; Trimmed: 5627389 times

Minimum overlap: 3
No. of allowed errors:
1-9 bp: 0; 10-19 bp: 1; 20-29 bp: 2; 30-33 bp: 3

Bases preceding removed adapters:
  A: 21.7%
  C: 28.7%
  G: 30.3%
  T: 19.2%
  none/other: 0.0%

Overview of removed sequences
length	count	expect	max.err	error counts
3	1409030	1159347.9	0	1409030
4	517978	289837.0	0	517978
5	295789	72459.2	0	295789
6	246297	18114.8	0	246297
7	228597	4528.7	0	228597
8	212760	1132.2	0	212760
9	196117	283.0	0	193964 2153
10	183433	70.8	1	175131 8302
11	166808	17.7	1	159853 6955
12	155329	4.4	1	149100 6229
13	145328	1.1	1	138945 6383
14	140288	0.3	1	134058 6230
15	134094	0.1	1	126649 7445
16	130822	0.0	1	123900 6922
17	123878	0.0	1	117367 6511
18	114698	0.0	1	108308 6055 335
19	103335	0.0	1	97342 5678 315
20	93847	0.0	2	87460 5126 1261
21	82920	0.0	2	77010 4897 1013
22	74369	0.0	2	68912 4535 922
23	68525	0.0	2	63484 4013 1028
24	64780	0.0	2	59827 4114 839
25	61676	0.0	2	56690 4112 874
26	59514	0.0	2	54815 3787 912
27	56581	0.0	2	51773 3853 939 16
28	53419	0.0	2	48828 3528 965 98
29	47818	0.0	2	43558 3430 744 86
30	43059	0.0	3	38847 3070 700 442
31	37022	0.0	3	32726 3188 692 416
32	32754	0.0	3	29101 2717 549 387
33	29164	0.0	3	25884 2464 490 326
34	26692	0.0	3	23675 2270 441 306
35	25179	0.0	3	22325 1816 637 401
36	23874	0.0	3	21166 1737 563 408
37	22713	0.0	3	20147 1596 554 416
38	21359	0.0	3	18893 1493 612 361
39	19558	0.0	3	17287 1402 540 329
40	17377	0.0	3	15348 1226 499 304
41	15727	0.0	3	13879 1125 436 287
42	13812	0.0	3	12087 1015 406 304
43	12232	0.0	3	10711 897 365 259
44	10823	0.0	3	9480 756 309 278
45	9650	0.0	3	8383 720 304 243
46	8886	0.0	3	7635 699 300 252
47	7964	0.0	3	6868 607 253 236
48	7673	0.0	3	6537 628 259 249
49	7219	0.0	3	6172 537 271 239
50	6675	0.0	3	5693 530 245 207
51	6106	0.0	3	5107 523 234 242
52	5190	0.0	3	4335 427 196 232
53	4501	0.0	3	3749 353 195 204
54	4020	0.0	3	3218 374 187 241
55	3450	0.0	3	2773 312 180 185
56	3125	0.0	3	2462 278 183 202
57	2856	0.0	3	2281 257 148 170
58	2701	0.0	3	2102 267 166 166
59	2577	0.0	3	1999 260 154 164
60	2489	0.0	3	1894 240 174 181
61	2100	0.0	3	1572 228 156 144
62	1821	0.0	3	1286 208 145 182
63	1608	0.0	3	1147 184 128 149
64	1444	0.0	3	944 169 156 175
65	1237	0.0	3	787 162 118 170
66	1187	0.0	3	771 139 122 155
67	1069	0.0	3	681 140 114 134
68	1026	0.0	3	631 147 122 126
69	937	0.0	3	564 133 98 142
70	934	0.0	3	546 119 117 152
71	848	0.0	3	456 132 121 139
72	761	0.0	3	373 120 133 135
73	709	0.0	3	372 105 120 112
74	685	0.0	3	381 93 104 107
75	617	0.0	3	316 87 107 107
76	591	0.0	3	338 87 80 86
77	496	0.0	3	267 66 70 93
78	466	0.0	3	250 70 53 93
79	336	0.0	3	176 51 46 63
80	344	0.0	3	178 56 54 56
81	236	0.0	3	107 39 49 41
82	231	0.0	3	117 28 35 51
83	166	0.0	3	91 22 20 33
84	160	0.0	3	74 27 27 32
85	127	0.0	3	57 16 17 37
86	103	0.0	3	53 16 16 18
87	75	0.0	3	44 9 7 15
88	70	0.0	3	35 9 12 14
89	51	0.0	3	25 8 3 15
90	35	0.0	3	10 7 7 11
91	16	0.0	3	6 3 0 7
92	25	0.0	3	12 6 1 6
93	6	0.0	3	2 1 2 1
94	4	0.0	3	0 2 2
95	7	0.0	3	4 1 0 2
96	7	0.0	3	2 0 2 3
97	11	0.0	3	4 1 3 3
98	7	0.0	3	1 1 0 5
99	7	0.0	3	2 1 0 4
100	91	0.0	3	3 45 33 10
101	2281	0.0	3	968 1194 86 33
