This is cutadapt 3.5 with Python 3.6.8
Command line parameters: -o /home/lspencer/2022-redking-OA/trimmed/Tank_16_Crab_2.trimmed.R1.v1.fastq.gz -p /home/lspencer/2022-redking-OA/trimmed/Tank_16_Crab_2.trimmed.R2.v1.fastq.gz -a AGATCGGAAGAGCACACGTCTGAACTCCAGTCA -A AGATCGGAAGAGCGTCGTGTAGGGAAAGAGTGT -q 15,10 -m 50 --trim-n --cores=8 /share/nwfsc/ggoetz/red_king_crab/illumina/Tank_16_Crab_2_R1.fastq.gz /share/nwfsc/ggoetz/red_king_crab/illumina/Tank_16_Crab_2_R2.fastq.gz
Processing reads on 8 cores in paired-end mode ...
Finished in 431.78 s (8 us/read; 7.80 M reads/minute).

=== Summary ===

Total read pairs processed:         56,099,717
  Read 1 with adapter:               4,077,888 (7.3%)
  Read 2 with adapter:               3,860,862 (6.9%)

== Read fate breakdown ==
Pairs that were too short:              46,191 (0.1%)
Pairs written (passing filters):    56,053,526 (99.9%)

Total basepairs processed: 11,332,142,834 bp
  Read 1: 5,666,071,417 bp
  Read 2: 5,666,071,417 bp
Quality-trimmed:               5,187,848 bp (0.0%)
  Read 1:       937,118 bp
  Read 2:     4,250,730 bp
Total written (filtered):  11,230,378,403 bp (99.1%)
  Read 1: 5,616,575,113 bp
  Read 2: 5,613,803,290 bp

=== First read: Adapter 1 ===

Sequence: AGATCGGAAGAGCACACGTCTGAACTCCAGTCA; Type: regular 3'; Length: 33; Trimmed: 4077888 times

Minimum overlap: 3
No. of allowed errors:
1-9 bp: 0; 10-19 bp: 1; 20-29 bp: 2; 30-33 bp: 3

Bases preceding removed adapters:
  A: 28.4%
  C: 28.0%
  G: 32.5%
  T: 11.0%
  none/other: 0.1%

Overview of removed sequences
length	count	expect	max.err	error counts
3	1274049	876558.1	0	1274049
4	387733	219139.5	0	387733
5	208151	54784.9	0	208151
6	163621	13696.2	0	163621
7	146694	3424.1	0	146694
8	134833	856.0	0	134833
9	123199	214.0	0	121090 2109
10	115448	53.5	1	109481 5967
11	105684	13.4	1	100460 5224
12	98351	3.3	1	93430 4921
13	93477	0.8	1	88708 4769
14	90074	0.2	1	85311 4763
15	87484	0.1	1	82050 5434
16	84287	0.0	1	78850 5437
17	80544	0.0	1	75075 5469
18	74694	0.0	1	69348 4999 347
19	67025	0.0	1	61830 4829 366
20	60208	0.0	2	55207 4394 607
21	53730	0.0	2	49008 4116 606
22	48239	0.0	2	43861 3870 508
23	44838	0.0	2	40597 3644 597
24	42655	0.0	2	38291 3783 581
25	41070	0.0	2	36429 4035 606
26	39816	0.0	2	35274 4006 536
27	38094	0.0	2	33741 3706 604 43
28	35594	0.0	2	31356 3603 564 71
29	31931	0.0	2	28013 3037 718 163
30	28675	0.0	3	24416 3368 660 231
31	24794	0.0	3	20887 3080 646 181
32	22223	0.0	3	18692 2817 572 142
33	19895	0.0	3	16644 2600 528 123
34	18083	0.0	3	15205 2312 452 114
35	17066	0.0	3	14406 2070 451 139
36	16404	0.0	3	13813 2014 445 132
37	15673	0.0	3	13253 1818 486 116
38	14944	0.0	3	12546 1855 424 119
39	13573	0.0	3	11354 1668 424 127
40	12255	0.0	3	10315 1489 354 97
41	10785	0.0	3	9124 1242 322 97
42	9544	0.0	3	7947 1242 278 77
43	8183	0.0	3	6885 972 238 88
44	7132	0.0	3	5951 895 211 75
45	6506	0.0	3	5438 821 180 67
46	6064	0.0	3	5085 732 182 65
47	5195	0.0	3	4343 631 163 58
48	5223	0.0	3	4332 686 149 56
49	4827	0.0	3	4083 556 135 53
50	4593	0.0	3	3814 568 149 62
51	3999	0.0	3	3362 478 109 50
52	3546	0.0	3	2969 415 115 47
53	2905	0.0	3	2356 400 106 43
54	2453	0.0	3	2025 303 92 33
55	2081	0.0	3	1703 279 59 40
56	1891	0.0	3	1554 241 68 28
57	1605	0.0	3	1317 199 60 29
58	1581	0.0	3	1263 211 74 33
59	1530	0.0	3	1231 206 54 39
60	1433	0.0	3	1136 202 57 38
61	1214	0.0	3	983 149 58 24
62	999	0.0	3	810 117 52 20
63	788	0.0	3	595 119 47 27
64	643	0.0	3	492 85 37 29
65	584	0.0	3	431 94 35 24
66	543	0.0	3	392 88 30 33
67	434	0.0	3	303 74 34 23
68	346	0.0	3	238 69 17 22
69	380	0.0	3	255 71 33 21
70	329	0.0	3	230 52 27 20
71	286	0.0	3	195 44 25 22
72	221	0.0	3	136 34 35 16
73	211	0.0	3	138 40 17 16
74	215	0.0	3	137 37 25 16
75	190	0.0	3	118 27 26 19
76	167	0.0	3	104 28 18 17
77	163	0.0	3	103 28 18 14
78	155	0.0	3	106 29 12 8
79	106	0.0	3	72 17 13 4
80	114	0.0	3	78 22 10 4
81	79	0.0	3	55 11 6 7
82	69	0.0	3	47 14 7 1
83	73	0.0	3	58 7 6 2
84	71	0.0	3	60 9 2
85	44	0.0	3	36 7 1
86	46	0.0	3	38 5 2 1
87	27	0.0	3	22 3 1 1
88	31	0.0	3	26 4 0 1
89	35	0.0	3	26 6 2 1
90	19	0.0	3	15 1 2 1
91	8	0.0	3	7 1
92	14	0.0	3	13 1
93	1	0.0	3	1
94	2	0.0	3	1 1
95	1	0.0	3	1
96	1	0.0	3	0 0 1
97	1	0.0	3	1
98	2	0.0	3	2
99	8	0.0	3	6 1 1
100	42	0.0	3	0 15 23 4
101	3042	0.0	3	1025 1727 254 36


=== Second read: Adapter 2 ===

Sequence: AGATCGGAAGAGCGTCGTGTAGGGAAAGAGTGT; Type: regular 3'; Length: 33; Trimmed: 3860862 times

Minimum overlap: 3
No. of allowed errors:
1-9 bp: 0; 10-19 bp: 1; 20-29 bp: 2; 30-33 bp: 3

Bases preceding removed adapters:
  A: 22.3%
  C: 28.2%
  G: 29.9%
  T: 19.5%
  none/other: 0.1%

Overview of removed sequences
length	count	expect	max.err	error counts
3	1069720	876558.1	0	1069720
4	367532	219139.5	0	367532
5	196220	54784.9	0	196220
6	158529	13696.2	0	158529
7	145994	3424.1	0	145994
8	135133	856.0	0	135133
9	122848	214.0	0	121260 1588
10	115852	53.5	1	109967 5885
11	105872	13.4	1	101126 4746
12	98697	3.3	1	94383 4314
13	93822	0.8	1	89202 4620
14	90492	0.2	1	86166 4326
15	87650	0.1	1	82121 5529
16	84372	0.0	1	79535 4837
17	80698	0.0	1	76048 4650
18	74381	0.0	1	69582 4543 256
19	66860	0.0	1	62567 4099 194
20	60416	0.0	2	55720 3694 1002
21	53882	0.0	2	49670 3463 749
22	48569	0.0	2	44555 3316 698
23	45159	0.0	2	41408 3010 741
24	42966	0.0	2	39335 3019 612
25	41222	0.0	2	37775 2884 563
26	40042	0.0	2	36515 2868 659
27	38281	0.0	2	34688 2877 706 10
28	35674	0.0	2	32307 2574 727 66
29	32086	0.0	2	28902 2595 519 70
30	29065	0.0	3	25916 2334 524 291
31	25166	0.0	3	21947 2396 544 279
32	22622	0.0	3	19983 1990 401 248
33	20225	0.0	3	17790 1831 382 222
34	18457	0.0	3	16201 1696 324 236
35	17387	0.0	3	15166 1637 345 239
36	16731	0.0	3	14652 1554 321 204
37	16031	0.0	3	14111 1426 292 202
38	15336	0.0	3	13450 1363 303 220
39	13984	0.0	3	12242 1281 262 199
40	12691	0.0	3	11143 1100 252 196
41	11275	0.0	3	9772 1013 265 225
42	10031	0.0	3	8711 930 201 189
43	8712	0.0	3	7487 842 225 158
44	7661	0.0	3	6500 770 219 172
45	7030	0.0	3	5978 678 215 159
46	6547	0.0	3	5538 669 183 157
47	5667	0.0	3	4776 570 167 154
48	5655	0.0	3	4779 596 156 124
49	5285	0.0	3	4462 524 163 136
50	5052	0.0	3	4238 522 151 141
51	4491	0.0	3	3722 452 159 158
52	4017	0.0	3	3305 418 171 123
53	3372	0.0	3	2710 391 148 123
54	2936	0.0	3	2320 357 127 132
55	2523	0.0	3	1974 310 122 117
56	2338	0.0	3	1786 290 129 133
57	2068	0.0	3	1537 304 125 102
58	2003	0.0	3	1515 260 131 97
59	2002	0.0	3	1519 235 122 126
60	1901	0.0	3	1429 243 116 113
61	1700	0.0	3	1204 246 125 125
62	1452	0.0	3	986 243 120 103
63	1243	0.0	3	817 210 119 97
64	1087	0.0	3	702 169 110 106
65	1024	0.0	3	649 166 111 98
66	959	0.0	3	603 156 109 91
67	819	0.0	3	510 133 86 90
68	763	0.0	3	412 157 107 87
69	813	0.0	3	478 158 90 87
70	739	0.0	3	410 137 104 88
71	651	0.0	3	364 120 79 88
72	613	0.0	3	295 134 97 87
73	591	0.0	3	292 131 81 87
74	598	0.0	3	309 114 77 98
75	517	0.0	3	270 105 64 78
76	483	0.0	3	232 105 85 61
77	444	0.0	3	235 85 63 61
78	387	0.0	3	198 80 60 49
79	297	0.0	3	146 59 51 41
80	269	0.0	3	134 54 37 44
81	172	0.0	3	82 39 28 23
82	181	0.0	3	95 25 24 37
83	152	0.0	3	81 35 14 22
84	157	0.0	3	86 19 28 24
85	105	0.0	3	49 24 15 17
86	93	0.0	3	39 21 16 17
87	63	0.0	3	25 12 11 15
88	83	0.0	3	41 18 12 12
89	54	0.0	3	28 9 10 7
90	42	0.0	3	22 7 10 3
91	26	0.0	3	11 5 1 9
92	26	0.0	3	12 5 5 4
93	14	0.0	3	3 6 4 1
94	4	0.0	3	1 1 2
95	6	0.0	3	1 3 1 1
96	1	0.0	3	0 1
97	4	0.0	3	1 0 1 2
98	13	0.0	3	2 3 3 5
99	14	0.0	3	3 1 2 8
100	85	0.0	3	1 33 42 9
101	2888	0.0	3	1020 1720 128 20
