This is cutadapt 3.5 with Python 3.6.8
Command line parameters: -o /home/lspencer/2022-redking-OA/trimmed/Tank_7_Crab_1.trimmed.R1.v1.fastq.gz -p /home/lspencer/2022-redking-OA/trimmed/Tank_7_Crab_1.trimmed.R2.v1.fastq.gz -a AGATCGGAAGAGCACACGTCTGAACTCCAGTCA -A AGATCGGAAGAGCGTCGTGTAGGGAAAGAGTGT -q 15,10 -m 50 --trim-n --cores=8 /share/nwfsc/ggoetz/red_king_crab/illumina/Tank_7_Crab_1_R1.fastq.gz /share/nwfsc/ggoetz/red_king_crab/illumina/Tank_7_Crab_1_R2.fastq.gz
Processing reads on 8 cores in paired-end mode ...
Finished in 398.36 s (8 us/read; 7.88 M reads/minute).

=== Summary ===

Total read pairs processed:         52,344,314
  Read 1 with adapter:               5,297,314 (10.1%)
  Read 2 with adapter:               5,079,809 (9.7%)

== Read fate breakdown ==
Pairs that were too short:              59,903 (0.1%)
Pairs written (passing filters):    52,284,411 (99.9%)

Total basepairs processed: 10,573,551,428 bp
  Read 1: 5,286,775,714 bp
  Read 2: 5,286,775,714 bp
Quality-trimmed:               4,432,890 bp (0.0%)
  Read 1:       815,042 bp
  Read 2:     3,617,848 bp
Total written (filtered):  10,427,602,023 bp (98.6%)
  Read 1: 5,214,765,799 bp
  Read 2: 5,212,836,224 bp

=== First read: Adapter 1 ===

Sequence: AGATCGGAAGAGCACACGTCTGAACTCCAGTCA; Type: regular 3'; Length: 33; Trimmed: 5297314 times

Minimum overlap: 3
No. of allowed errors:
1-9 bp: 0; 10-19 bp: 1; 20-29 bp: 2; 30-33 bp: 3

Bases preceding removed adapters:
  A: 27.2%
  C: 28.9%
  G: 33.9%
  T: 10.0%
  none/other: 0.1%

Overview of removed sequences
length	count	expect	max.err	error counts
3	1241694	817879.9	0	1241694
4	430894	204470.0	0	430894
5	267786	51117.5	0	267786
6	227378	12779.4	0	227378
7	208528	3194.8	0	208528
8	194643	798.7	0	194643
9	180733	199.7	0	178778 1955
10	170930	49.9	1	164098 6832
11	158262	12.5	1	152214 6048
12	148218	3.1	1	142650 5568
13	140597	0.8	1	134893 5704
14	136075	0.2	1	130328 5747
15	131670	0.0	1	125613 6057
16	128290	0.0	1	122192 6098
17	122791	0.0	1	116895 5896
18	115004	0.0	1	109147 5632 225
19	104699	0.0	1	99042 5382 275
20	94382	0.0	2	88385 5311 686
21	84953	0.0	2	79392 4939 622
22	76481	0.0	2	71262 4696 523
23	71392	0.0	2	66361 4429 602
24	67890	0.0	2	62671 4691 528
25	64577	0.0	2	59463 4546 568
26	63177	0.0	2	57862 4799 516
27	60400	0.0	2	55700 4165 493 42
28	56152	0.0	2	51381 4149 527 95
29	51397	0.0	2	46828 3870 505 194
30	46224	0.0	3	42051 3527 444 202
31	40089	0.0	3	36212 3282 447 148
32	35339	0.0	3	31917 2968 338 116
33	31875	0.0	3	28692 2710 348 125
34	29682	0.0	3	26707 2574 303 98
35	27879	0.0	3	25147 2240 371 121
36	26424	0.0	3	23793 2068 414 149
37	25034	0.0	3	22562 1916 387 169
38	23917	0.0	3	21524 1863 361 169
39	21994	0.0	3	19718 1803 318 155
40	19626	0.0	3	17678 1522 295 131
41	17751	0.0	3	16070 1342 264 75
42	15479	0.0	3	13993 1196 208 82
43	13783	0.0	3	12419 1105 189 70
44	12171	0.0	3	11020 938 146 67
45	10843	0.0	3	9799 835 141 68
46	9776	0.0	3	8801 782 148 45
47	9432	0.0	3	8533 713 125 61
48	8587	0.0	3	7764 660 109 54
49	8373	0.0	3	7596 621 116 40
50	7570	0.0	3	6784 616 115 55
51	6634	0.0	3	5935 536 110 53
52	5691	0.0	3	5090 463 89 49
53	5018	0.0	3	4500 398 79 41
54	4185	0.0	3	3728 364 55 38
55	3436	0.0	3	3084 263 58 31
56	3100	0.0	3	2771 252 47 30
57	2963	0.0	3	2647 233 49 34
58	2826	0.0	3	2526 224 55 21
59	2629	0.0	3	2375 188 46 20
60	2448	0.0	3	2173 195 57 23
61	1920	0.0	3	1692 167 34 27
62	1610	0.0	3	1447 108 32 23
63	1196	0.0	3	1052 91 32 21
64	994	0.0	3	860 87 24 23
65	810	0.0	3	672 96 19 23
66	713	0.0	3	605 74 18 16
67	562	0.0	3	474 51 21 16
68	589	0.0	3	492 61 26 10
69	468	0.0	3	391 40 19 18
70	390	0.0	3	299 47 24 20
71	316	0.0	3	241 36 22 17
72	230	0.0	3	185 19 12 14
73	203	0.0	3	144 31 10 18
74	166	0.0	3	109 30 14 13
75	142	0.0	3	101 23 9 9
76	141	0.0	3	88 34 8 11
77	117	0.0	3	73 19 16 9
78	119	0.0	3	90 11 10 8
79	85	0.0	3	56 15 5 9
80	75	0.0	3	53 13 7 2
81	103	0.0	3	81 16 6
82	67	0.0	3	54 10 2 1
83	50	0.0	3	45 3 1 1
84	36	0.0	3	32 3 0 1
85	26	0.0	3	24 2
86	31	0.0	3	27 3 1
87	26	0.0	3	22 3 0 1
88	21	0.0	3	19 2
89	17	0.0	3	15 2
90	7	0.0	3	5 2
91	7	0.0	3	6 0 1
92	13	0.0	3	11 2
93	5	0.0	3	5
94	1	0.0	3	1
96	1	0.0	3	0 1
97	3	0.0	3	3
99	5	0.0	3	3 1 0 1
100	66	0.0	3	2 30 31 3
101	6212	0.0	3	1964 3924 295 29


=== Second read: Adapter 2 ===

Sequence: AGATCGGAAGAGCGTCGTGTAGGGAAAGAGTGT; Type: regular 3'; Length: 33; Trimmed: 5079809 times

Minimum overlap: 3
No. of allowed errors:
1-9 bp: 0; 10-19 bp: 1; 20-29 bp: 2; 30-33 bp: 3

Bases preceding removed adapters:
  A: 21.1%
  C: 29.4%
  G: 31.1%
  T: 18.2%
  none/other: 0.1%

Overview of removed sequences
length	count	expect	max.err	error counts
3	1059774	817879.9	0	1059774
4	411629	204470.0	0	411629
5	256097	51117.5	0	256097
6	221027	12779.4	0	221027
7	207114	3194.8	0	207114
8	194643	798.7	0	194643
9	180130	199.7	0	177914 2216
10	171196	49.9	1	163621 7575
11	158305	12.5	1	151715 6590
12	148155	3.1	1	142081 6074
13	140363	0.8	1	133778 6585
14	136084	0.2	1	129720 6364
15	131139	0.0	1	123310 7829
16	127716	0.0	1	120561 7155
17	122251	0.0	1	115247 7004
18	113924	0.0	1	106481 6980 463
19	103972	0.0	1	97471 6239 262
20	93922	0.0	2	87016 5527 1379
21	84642	0.0	2	78222 5448 972
22	76290	0.0	2	70381 4966 943
23	71189	0.0	2	65627 4554 1008
24	67692	0.0	2	62155 4667 870
25	64308	0.0	2	58907 4604 797
26	62971	0.0	2	57455 4561 955
27	60071	0.0	2	54839 4261 959 12
28	55772	0.0	2	50748 3887 1047 90
29	51083	0.0	2	46251 4042 713 77
30	46149	0.0	3	41414 3657 711 367
31	39999	0.0	3	35106 3850 700 343
32	35377	0.0	3	31603 3021 485 268
33	31851	0.0	3	28142 2963 492 254
34	29640	0.0	3	26504 2471 406 259
35	27892	0.0	3	24837 2455 365 235
36	26459	0.0	3	23582 2222 395 260
37	25119	0.0	3	22344 2165 401 209
38	23948	0.0	3	21242 2101 365 240
39	22113	0.0	3	19654 1923 324 212
40	19781	0.0	3	17606 1716 282 177
41	17964	0.0	3	16043 1517 257 147
42	15617	0.0	3	13894 1302 255 166
43	13967	0.0	3	12412 1168 229 158
44	12404	0.0	3	10984 1060 236 124
45	11094	0.0	3	9759 990 197 148
46	9996	0.0	3	8798 885 183 130
47	9653	0.0	3	8461 902 158 132
48	8875	0.0	3	7784 780 187 124
49	8637	0.0	3	7609 749 148 131
50	7814	0.0	3	6867 692 141 114
51	6905	0.0	3	6005 640 145 115
52	5921	0.0	3	5103 572 138 108
53	5258	0.0	3	4528 523 117 90
54	4445	0.0	3	3837 417 109 82
55	3708	0.0	3	3156 364 101 87
56	3366	0.0	3	2832 345 99 90
57	3253	0.0	3	2724 337 109 83
58	3105	0.0	3	2583 331 113 78
59	2891	0.0	3	2411 300 95 85
60	2726	0.0	3	2317 243 88 78
61	2201	0.0	3	1813 246 76 66
62	1898	0.0	3	1514 210 101 73
63	1453	0.0	3	1144 178 73 58
64	1263	0.0	3	958 154 82 69
65	1104	0.0	3	791 159 83 71
66	979	0.0	3	710 134 75 60
67	863	0.0	3	597 139 72 55
68	868	0.0	3	596 122 66 84
69	744	0.0	3	501 108 71 64
70	624	0.0	3	417 92 58 57
71	543	0.0	3	327 98 66 52
72	484	0.0	3	295 85 48 56
73	450	0.0	3	260 86 58 46
74	407	0.0	3	215 85 52 55
75	349	0.0	3	188 65 40 56
76	335	0.0	3	175 54 51 55
77	304	0.0	3	164 69 38 33
78	275	0.0	3	133 68 31 43
79	188	0.0	3	101 42 18 27
80	182	0.0	3	90 31 30 31
81	161	0.0	3	82 29 28 22
82	140	0.0	3	69 31 17 23
83	101	0.0	3	51 14 19 17
84	88	0.0	3	47 21 8 12
85	65	0.0	3	32 9 15 9
86	54	0.0	3	28 11 6 9
87	43	0.0	3	20 9 8 6
88	43	0.0	3	19 14 6 4
89	35	0.0	3	17 7 8 3
90	12	0.0	3	5 3 3 1
91	14	0.0	3	7 1 3 3
92	20	0.0	3	13 3 3 1
93	11	0.0	3	4 3 2 2
94	6	0.0	3	1 2 1 2
95	2	0.0	3	0 0 1 1
96	3	0.0	3	2 0 1
97	3	0.0	3	1 0 0 2
98	6	0.0	3	1 1 2 2
99	5	0.0	3	1 1 1 2
100	161	0.0	3	3 57 95 6
101	5936	0.0	3	1846 3780 284 26
