This is cutadapt 3.5 with Python 3.6.8
Command line parameters: -o /home/lspencer/2022-redking-OA/trimmed/Tank_18_Crab_3.trimmed.R1.v1.fastq.gz -p /home/lspencer/2022-redking-OA/trimmed/Tank_18_Crab_3.trimmed.R2.v1.fastq.gz -a AGATCGGAAGAGCACACGTCTGAACTCCAGTCA -A AGATCGGAAGAGCGTCGTGTAGGGAAAGAGTGT -q 15,10 -m 50 --trim-n --cores=8 /share/nwfsc/ggoetz/red_king_crab/illumina/Tank_18_Crab_3_R1.fastq.gz /share/nwfsc/ggoetz/red_king_crab/illumina/Tank_18_Crab_3_R2.fastq.gz
Processing reads on 8 cores in paired-end mode ...
Finished in 556.18 s (8 us/read; 7.90 M reads/minute).

=== Summary ===

Total read pairs processed:         73,269,300
  Read 1 with adapter:               6,010,670 (8.2%)
  Read 2 with adapter:               5,661,968 (7.7%)

== Read fate breakdown ==
Pairs that were too short:              64,386 (0.1%)
Pairs written (passing filters):    73,204,914 (99.9%)

Total basepairs processed: 14,800,398,600 bp
  Read 1: 7,400,199,300 bp
  Read 2: 7,400,199,300 bp
Quality-trimmed:               6,095,040 bp (0.0%)
  Read 1:     1,223,153 bp
  Read 2:     4,871,887 bp
Total written (filtered):  14,648,946,789 bp (99.0%)
  Read 1: 7,325,822,651 bp
  Read 2: 7,323,124,138 bp

=== First read: Adapter 1 ===

Sequence: AGATCGGAAGAGCACACGTCTGAACTCCAGTCA; Type: regular 3'; Length: 33; Trimmed: 6010670 times

Minimum overlap: 3
No. of allowed errors:
1-9 bp: 0; 10-19 bp: 1; 20-29 bp: 2; 30-33 bp: 3

Bases preceding removed adapters:
  A: 28.8%
  C: 27.4%
  G: 33.2%
  T: 10.6%
  none/other: 0.0%

Overview of removed sequences
length	count	expect	max.err	error counts
3	1728292	1144832.8	0	1728292
4	553406	286208.2	0	553406
5	313473	71552.1	0	313473
6	252781	17888.0	0	252781
7	227504	4472.0	0	227504
8	210287	1118.0	0	210287
9	192799	279.5	0	190450 2349
10	180343	69.9	1	172429 7914
11	165643	17.5	1	158542 7101
12	154948	4.4	1	148497 6451
13	147371	1.1	1	140958 6413
14	141665	0.3	1	135292 6373
15	136968	0.1	1	130283 6685
16	131958	0.0	1	125136 6822
17	124972	0.0	1	118153 6819
18	114272	0.0	1	108088 5963 221
19	104068	0.0	1	97924 5835 309
20	92576	0.0	2	86390 5472 714
21	82645	0.0	2	76915 5018 712
22	74441	0.0	2	69022 4813 606
23	69899	0.0	2	64580 4635 684
24	65762	0.0	2	60431 4673 658
25	62469	0.0	2	57101 4759 609
26	61063	0.0	2	55629 4837 597
27	57586	0.0	2	52484 4427 643 32
28	53700	0.0	2	48676 4335 575 114
29	48253	0.0	2	43631 3906 542 174
30	43071	0.0	3	38649 3647 530 245
31	37590	0.0	3	33736 3154 495 205
32	33308	0.0	3	29718 2985 447 158
33	30223	0.0	3	26793 2859 421 150
34	27536	0.0	3	24657 2442 321 116
35	25828	0.0	3	22992 2360 334 142
36	24631	0.0	3	21893 2231 348 159
37	23464	0.0	3	20913 2038 341 172
38	22209	0.0	3	19745 1999 307 158
39	20439	0.0	3	18247 1773 276 143
40	18209	0.0	3	16236 1574 262 137
41	16139	0.0	3	14373 1440 217 109
42	14304	0.0	3	12739 1254 208 103
43	12636	0.0	3	11183 1164 176 113
44	11198	0.0	3	9958 979 168 93
45	9921	0.0	3	8857 831 146 87
46	8978	0.0	3	7980 770 160 68
47	8185	0.0	3	7314 656 134 81
48	8034	0.0	3	7129 736 112 57
49	7699	0.0	3	6850 661 127 61
50	6908	0.0	3	6158 561 121 68
51	6134	0.0	3	5380 606 82 66
52	5339	0.0	3	4750 454 76 59
53	4508	0.0	3	3953 436 72 47
54	3885	0.0	3	3363 373 96 53
55	3188	0.0	3	2825 277 57 29
56	2832	0.0	3	2439 283 73 37
57	2629	0.0	3	2296 246 53 34
58	2616	0.0	3	2273 240 60 43
59	2513	0.0	3	2198 229 49 37
60	2252	0.0	3	1938 206 71 37
61	1869	0.0	3	1619 172 51 27
62	1692	0.0	3	1428 179 42 43
63	1280	0.0	3	1063 153 38 26
64	1097	0.0	3	911 117 39 30
65	836	0.0	3	699 80 26 31
66	780	0.0	3	608 106 42 24
67	692	0.0	3	539 98 30 25
68	677	0.0	3	528 78 43 28
69	559	0.0	3	434 70 24 31
70	548	0.0	3	408 73 36 31
71	423	0.0	3	301 65 33 24
72	351	0.0	3	264 45 22 20
73	329	0.0	3	227 52 25 25
74	311	0.0	3	218 41 28 24
75	208	0.0	3	130 38 23 17
76	244	0.0	3	169 36 21 18
77	193	0.0	3	122 37 21 13
78	175	0.0	3	117 29 17 12
79	141	0.0	3	95 21 15 10
80	124	0.0	3	96 21 4 3
81	151	0.0	3	115 26 6 4
82	103	0.0	3	85 10 5 3
83	67	0.0	3	50 12 4 1
84	63	0.0	3	50 9 2 2
85	55	0.0	3	43 10 1 1
86	46	0.0	3	34 10 2
87	33	0.0	3	31 2
88	30	0.0	3	25 3 1 1
89	24	0.0	3	23 1
90	13	0.0	3	12 1
91	9	0.0	3	6 2 0 1
92	5	0.0	3	4 1
93	1	0.0	3	0 1
95	1	0.0	3	0 0 0 1
96	2	0.0	3	1 1
98	2	0.0	3	2
99	4	0.0	3	1 1 1 1
100	28	0.0	3	3 9 13 3
101	1954	0.0	3	976 833 124 21


=== Second read: Adapter 2 ===

Sequence: AGATCGGAAGAGCGTCGTGTAGGGAAAGAGTGT; Type: regular 3'; Length: 33; Trimmed: 5661968 times

Minimum overlap: 3
No. of allowed errors:
1-9 bp: 0; 10-19 bp: 1; 20-29 bp: 2; 30-33 bp: 3

Bases preceding removed adapters:
  A: 22.6%
  C: 28.0%
  G: 31.1%
  T: 18.4%
  none/other: 0.0%

Overview of removed sequences
length	count	expect	max.err	error counts
3	1410542	1144832.8	0	1410542
4	516888	286208.2	0	516888
5	297658	71552.1	0	297658
6	246012	17888.0	0	246012
7	226959	4472.0	0	226959
8	211201	1118.0	0	211201
9	192679	279.5	0	190468 2211
10	181102	69.9	1	172575 8527
11	165922	17.5	1	158903 7019
12	155244	4.4	1	149005 6239
13	147465	1.1	1	140953 6512
14	141969	0.3	1	135721 6248
15	136886	0.1	1	129535 7351
16	131706	0.0	1	124868 6838
17	124787	0.0	1	118382 6405
18	113586	0.0	1	106884 6388 314
19	103676	0.0	1	97620 5719 337
20	92540	0.0	2	86197 4985 1358
21	82686	0.0	2	76741 4908 1037
22	74495	0.0	2	68951 4612 932
23	70135	0.0	2	64866 4250 1019
24	65980	0.0	2	60945 4204 831
25	62543	0.0	2	57696 3996 851
26	61067	0.0	2	56270 3871 926
27	57642	0.0	2	52857 3862 907 16
28	53659	0.0	2	49028 3534 1022 75
29	48385	0.0	2	44040 3536 725 84
30	43478	0.0	3	39145 3130 749 454
31	37886	0.0	3	33797 2985 696 408
32	33644	0.0	3	30064 2665 538 377
33	30647	0.0	3	27204 2603 506 334
34	27927	0.0	3	24771 2336 498 322
35	26236	0.0	3	23272 2197 442 325
36	25001	0.0	3	22289 2091 358 263
37	23839	0.0	3	21228 1947 389 275
38	22674	0.0	3	20169 1846 391 268
39	20901	0.0	3	18523 1741 374 263
40	18789	0.0	3	16672 1518 365 234
41	16680	0.0	3	14741 1388 327 224
42	14940	0.0	3	13146 1244 309 241
43	13242	0.0	3	11629 1131 279 203
44	11807	0.0	3	10307 1037 287 176
45	10592	0.0	3	9170 946 292 184
46	9587	0.0	3	8256 878 270 183
47	8800	0.0	3	7589 749 263 199
48	8650	0.0	3	7424 780 264 182
49	8324	0.0	3	7139 779 219 187
50	7533	0.0	3	6486 658 205 184
51	6759	0.0	3	5775 638 194 152
52	5914	0.0	3	5000 557 202 155
53	5125	0.0	3	4292 511 190 132
54	4473	0.0	3	3707 429 178 159
55	3782	0.0	3	3057 430 161 134
56	3383	0.0	3	2732 370 149 132
57	3278	0.0	3	2580 388 154 156
58	3252	0.0	3	2535 403 160 154
59	3106	0.0	3	2454 369 143 140
60	2861	0.0	3	2210 362 148 141
61	2487	0.0	3	1874 321 151 141
62	2256	0.0	3	1736 268 119 133
63	1869	0.0	3	1354 259 139 117
64	1662	0.0	3	1189 229 127 117
65	1437	0.0	3	981 187 130 139
66	1352	0.0	3	900 206 128 118
67	1249	0.0	3	813 204 134 98
68	1231	0.0	3	800 188 127 116
69	1087	0.0	3	669 198 126 94
70	1108	0.0	3	640 201 134 133
71	939	0.0	3	563 175 105 96
72	839	0.0	3	479 150 110 100
73	800	0.0	3	465 150 110 75
74	750	0.0	3	430 156 81 83
75	686	0.0	3	369 146 94 77
76	641	0.0	3	361 116 82 82
77	552	0.0	3	289 128 61 74
78	498	0.0	3	256 115 61 66
79	364	0.0	3	202 61 56 45
80	318	0.0	3	176 56 40 46
81	279	0.0	3	151 47 42 39
82	216	0.0	3	118 41 32 25
83	152	0.0	3	82 24 20 26
84	163	0.0	3	95 29 17 22
85	140	0.0	3	65 31 20 24
86	110	0.0	3	58 17 21 14
87	107	0.0	3	47 26 24 10
88	71	0.0	3	31 16 15 9
89	77	0.0	3	32 16 15 14
90	36	0.0	3	17 5 6 8
91	23	0.0	3	10 5 5 3
92	19	0.0	3	10 3 2 4
93	9	0.0	3	1 2 2 4
94	6	0.0	3	1 1 1 3
95	9	0.0	3	3 2 1 3
96	8	0.0	3	2 2 4
97	7	0.0	3	0 3 2 2
98	12	0.0	3	4 1 1 6
99	10	0.0	3	1 0 6 3
100	71	0.0	3	2 38 24 7
101	1794	0.0	3	949 782 54 9
