This is cutadapt 3.5 with Python 3.6.8
Command line parameters: -o /home/lspencer/2022-redking-OA/trimmed/Tank_9_Crab_1.trimmed.R1.v2.fastq.gz -p /home/lspencer/2022-redking-OA/trimmed/Tank_9_Crab_1.trimmed.R2.v2.fastq.gz -a AGATCGGAAGAGCACACGTCTGAACTCCAGTCA -A AGATCGGAAGAGCGTCGTGTAGGGAAAGAGTGT -q 20,15 -m 50 --trim-n --cores=8 /share/nwfsc/ggoetz/red_king_crab/illumina/Tank_9_Crab_1_R1.fastq.gz /share/nwfsc/ggoetz/red_king_crab/illumina/Tank_9_Crab_1_R2.fastq.gz
Processing reads on 8 cores in paired-end mode ...
Finished in 615.18 s (8 us/read; 7.89 M reads/minute).

=== Summary ===

Total read pairs processed:         80,860,974
  Read 1 with adapter:               6,613,182 (8.2%)
  Read 2 with adapter:               6,265,115 (7.7%)

== Read fate breakdown ==
Pairs that were too short:             138,730 (0.2%)
Pairs written (passing filters):    80,722,244 (99.8%)

Total basepairs processed: 16,333,916,748 bp
  Read 1: 8,166,958,374 bp
  Read 2: 8,166,958,374 bp
Quality-trimmed:              30,842,775 bp (0.2%)
  Read 1:     7,076,314 bp
  Read 2:    23,766,461 bp
Total written (filtered):  16,135,368,900 bp (98.8%)
  Read 1: 8,072,384,616 bp
  Read 2: 8,062,984,284 bp

=== First read: Adapter 1 ===

Sequence: AGATCGGAAGAGCACACGTCTGAACTCCAGTCA; Type: regular 3'; Length: 33; Trimmed: 6613182 times

Minimum overlap: 3
No. of allowed errors:
1-9 bp: 0; 10-19 bp: 1; 20-29 bp: 2; 30-33 bp: 3

Bases preceding removed adapters:
  A: 27.8%
  C: 28.4%
  G: 33.1%
  T: 10.6%
  none/other: 0.1%

Overview of removed sequences
length	count	expect	max.err	error counts
3	1875543	1263452.7	0	1875543
4	597612	315863.2	0	597612
5	339626	78965.8	0	339626
6	278016	19741.4	0	278016
7	256872	4935.4	0	256872
8	231156	1233.8	0	231156
9	219040	308.5	0	216287 2753
10	203436	77.1	1	194963 8473
11	183520	19.3	1	176421 7099
12	171746	4.8	1	165280 6466
13	163946	1.2	1	157553 6393
14	155549	0.3	1	149569 5980
15	150619	0.1	1	143897 6722
16	145531	0.0	1	138951 6580
17	139124	0.0	1	132359 6765
18	132221	0.0	1	125480 6578 163
19	114661	0.0	1	108840 5626 195
20	104388	0.0	2	97829 5773 786
21	93702	0.0	2	87769 5329 604
22	83966	0.0	2	78277 5096 593
23	77133	0.0	2	71858 4735 540
24	74642	0.0	2	69015 4957 670
25	71127	0.0	2	65580 4886 661
26	67253	0.0	2	62213 4620 420
27	63559	0.0	2	58606 4389 536 28
28	60888	0.0	2	55605 4564 650 69
29	54369	0.0	2	49835 3921 530 83
30	49313	0.0	3	44731 3858 511 213
31	41828	0.0	3	38001 3310 395 122
32	37233	0.0	3	33521 3125 425 162
33	32856	0.0	3	29661 2727 350 118
34	30215	0.0	3	27221 2524 336 134
35	29092	0.0	3	26054 2505 387 146
36	27300	0.0	3	24672 2182 309 137
37	25080	0.0	3	22649 2002 304 125
38	24277	0.0	3	21748 2048 310 171
39	22461	0.0	3	20131 1804 323 203
40	19746	0.0	3	17808 1571 238 129
41	17482	0.0	3	15693 1452 224 113
42	15409	0.0	3	13839 1241 211 118
43	13469	0.0	3	12067 1157 147 98
44	11889	0.0	3	10659 971 163 96
45	10480	0.0	3	9361 897 127 95
46	9490	0.0	3	8504 794 126 66
47	8730	0.0	3	7869 671 116 74
48	8467	0.0	3	7599 670 127 71
49	7637	0.0	3	6857 603 125 52
50	7238	0.0	3	6387 681 100 70
51	8135	0.0	3	7420 562 98 55
52	3824	0.0	3	3369 336 68 51
53	4030	0.0	3	3569 334 73 54
54	3574	0.0	3	3197 295 51 31
55	3369	0.0	3	2965 272 72 60
56	2757	0.0	3	2417 251 57 32
57	2474	0.0	3	2185 225 38 26
58	2373	0.0	3	2027 249 58 39
59	2334	0.0	3	2050 207 45 32
60	2007	0.0	3	1728 193 50 36
61	1712	0.0	3	1500 139 42 31
62	1405	0.0	3	1164 146 51 44
63	1340	0.0	3	1135 126 50 29
64	851	0.0	3	710 93 23 25
65	844	0.0	3	672 98 37 37
66	582	0.0	3	471 71 22 18
67	593	0.0	3	464 70 36 23
68	553	0.0	3	419 64 42 28
69	449	0.0	3	354 53 25 17
70	420	0.0	3	320 53 21 26
71	397	0.0	3	300 41 29 27
72	279	0.0	3	192 54 17 16
73	287	0.0	3	200 38 23 26
74	317	0.0	3	218 54 21 24
75	174	0.0	3	125 25 13 11
76	174	0.0	3	109 37 17 11
77	202	0.0	3	143 39 9 11
78	158	0.0	3	114 26 13 5
79	139	0.0	3	104 18 13 4
80	122	0.0	3	94 19 7 2
81	126	0.0	3	90 27 4 5
82	92	0.0	3	75 12 5
83	89	0.0	3	66 19 3 1
84	167	0.0	3	71 87 8 1
85	188	0.0	3	81 97 6 4
86	192	0.0	3	73 99 19 1
87	193	0.0	3	77 100 12 4
88	220	0.0	3	87 118 13 2
89	224	0.0	3	71 139 14
90	222	0.0	3	76 140 5 1
91	201	0.0	3	61 132 7 1
92	185	0.0	3	59 115 9 2
93	187	0.0	3	52 125 8 2
94	200	0.0	3	63 122 15
95	181	0.0	3	52 116 12 1
96	228	0.0	3	67 153 6 2
97	313	0.0	3	99 194 17 3
98	514	0.0	3	121 353 30 10
99	952	0.0	3	293 592 60 7
100	1305	0.0	3	319 879 93 14
101	2391	0.0	3	637 1593 133 28


=== Second read: Adapter 2 ===

Sequence: AGATCGGAAGAGCGTCGTGTAGGGAAAGAGTGT; Type: regular 3'; Length: 33; Trimmed: 6265115 times

Minimum overlap: 3
No. of allowed errors:
1-9 bp: 0; 10-19 bp: 1; 20-29 bp: 2; 30-33 bp: 3

Bases preceding removed adapters:
  A: 21.9%
  C: 29.0%
  G: 29.9%
  T: 19.1%
  none/other: 0.1%

Overview of removed sequences
length	count	expect	max.err	error counts
3	1557248	1263452.7	0	1557248
4	566756	315863.2	0	566756
5	321571	78965.8	0	321571
6	270168	19741.4	0	270168
7	255131	4935.4	0	255131
8	232489	1233.8	0	232489
9	219364	308.5	0	216678 2686
10	202695	77.1	1	193383 9312
11	184304	19.3	1	176769 7535
12	175595	4.8	1	168426 7169
13	160108	1.2	1	153598 6510
14	171291	0.3	1	163409 7882
15	138635	0.1	1	131987 6648
16	144158	0.0	1	136761 7397
17	154319	0.0	1	145921 8398
18	113640	0.0	1	107829 5394 417
19	122124	0.0	1	114766 7161 197
20	99680	0.0	2	92930 5638 1112
21	92233	0.0	2	85742 5530 961
22	84158	0.0	2	77849 5340 969
23	78633	0.0	2	72564 5005 1064
24	75633	0.0	2	69652 4924 1057
25	68608	0.0	2	63462 4450 696
26	68131	0.0	2	62548 4591 992
27	65013	0.0	2	59298 4540 1152 23
28	60637	0.0	2	55422 4097 1032 86
29	53465	0.0	2	48565 4195 671 34
30	64351	0.0	3	58139 4555 1064 593
31	27821	0.0	3	25024 2165 390 242
32	39933	0.0	3	35231 3494 773 435
33	32130	0.0	3	28691 2781 440 218
34	30192	0.0	3	26779 2640 482 291
35	28296	0.0	3	25355 2328 375 238
36	27525	0.0	3	24356 2420 422 327
37	28935	0.0	3	25327 2616 604 388
38	22620	0.0	3	20165 1941 322 192
39	22525	0.0	3	19939 1972 378 236
40	20054	0.0	3	17867 1683 285 219
41	18021	0.0	3	15932 1567 318 204
42	16700	0.0	3	14530 1529 386 255
43	13075	0.0	3	11603 1164 194 114
44	12665	0.0	3	10988 1140 288 249
45	10938	0.0	3	9541 956 241 200
46	10123	0.0	3	8806 914 235 168
47	9531	0.0	3	8064 912 305 250
48	8945	0.0	3	7710 830 230 175
49	8243	0.0	3	7111 754 210 168
50	7559	0.0	3	6475 730 206 148
51	6600	0.0	3	5657 621 190 132
52	5778	0.0	3	4969 547 141 121
53	5132	0.0	3	4242 556 186 148
54	4908	0.0	3	3871 618 236 183
55	3376	0.0	3	2883 316 92 85
56	3427	0.0	3	2668 402 194 163
57	3553	0.0	3	2641 450 247 215
58	2760	0.0	3	2223 287 139 111
59	2594	0.0	3	2111 300 98 85
60	2835	0.0	3	2109 360 173 193
61	2053	0.0	3	1596 238 128 91
62	1785	0.0	3	1374 198 107 106
63	2321	0.0	3	1470 391 247 213
64	1361	0.0	3	933 217 112 99
65	1316	0.0	3	862 210 133 111
66	1029	0.0	3	664 164 105 96
67	1067	0.0	3	640 202 135 90
68	1061	0.0	3	625 189 135 112
69	973	0.0	3	582 189 107 95
70	887	0.0	3	516 170 105 96
71	807	0.0	3	477 133 95 102
72	731	0.0	3	381 157 101 92
73	735	0.0	3	393 158 95 89
74	676	0.0	3	385 137 79 75
75	583	0.0	3	308 111 96 68
76	563	0.0	3	275 112 91 85
77	590	0.0	3	294 136 82 78
78	461	0.0	3	244 91 69 57
79	397	0.0	3	204 74 77 42
80	396	0.0	3	217 92 44 43
81	296	0.0	3	139 90 32 35
82	213	0.0	3	112 56 23 22
83	176	0.0	3	64 60 27 25
84	217	0.0	3	87 73 35 22
85	158	0.0	3	60 64 17 17
86	137	0.0	3	47 64 12 14
87	147	0.0	3	41 78 17 11
88	175	0.0	3	82 70 18 5
89	154	0.0	3	64 69 13 8
90	148	0.0	3	46 85 11 6
91	146	0.0	3	46 89 7 4
92	179	0.0	3	55 107 14 3
93	150	0.0	3	40 98 9 3
94	149	0.0	3	48 88 10 3
95	156	0.0	3	51 96 4 5
96	251	0.0	3	74 157 17 3
97	335	0.0	3	91 211 28 5
98	438	0.0	3	125 272 32 9
99	958	0.0	3	240 628 78 12
100	1423	0.0	3	392 927 91 13
101	2385	0.0	3	687 1576 102 20
