This is cutadapt 3.5 with Python 3.6.8
Command line parameters: -o /home/lspencer/2022-redking-OA/trimmed/Tank_1_Crab_3.trimmed.R1.v2.fastq.gz -p /home/lspencer/2022-redking-OA/trimmed/Tank_1_Crab_3.trimmed.R2.v2.fastq.gz -a AGATCGGAAGAGCACACGTCTGAACTCCAGTCA -A AGATCGGAAGAGCGTCGTGTAGGGAAAGAGTGT -q 20,15 -m 50 --trim-n --cores=8 /share/nwfsc/ggoetz/red_king_crab/illumina/Tank_1_Crab_3_R1.fastq.gz /share/nwfsc/ggoetz/red_king_crab/illumina/Tank_1_Crab_3_R2.fastq.gz
Processing reads on 8 cores in paired-end mode ...
Finished in 398.57 s (8 us/read; 7.89 M reads/minute).

=== Summary ===

Total read pairs processed:         52,407,583
  Read 1 with adapter:               5,588,611 (10.7%)
  Read 2 with adapter:               5,440,199 (10.4%)

== Read fate breakdown ==
Pairs that were too short:              76,482 (0.1%)
Pairs written (passing filters):    52,331,101 (99.9%)

Total basepairs processed: 10,586,331,766 bp
  Read 1: 5,293,165,883 bp
  Read 2: 5,293,165,883 bp
Quality-trimmed:              17,422,504 bp (0.2%)
  Read 1:     4,243,139 bp
  Read 2:    13,179,365 bp
Total written (filtered):  10,420,783,805 bp (98.4%)
  Read 1: 5,213,318,213 bp
  Read 2: 5,207,465,592 bp

=== First read: Adapter 1 ===

Sequence: AGATCGGAAGAGCACACGTCTGAACTCCAGTCA; Type: regular 3'; Length: 33; Trimmed: 5588611 times

Minimum overlap: 3
No. of allowed errors:
1-9 bp: 0; 10-19 bp: 1; 20-29 bp: 2; 30-33 bp: 3

Bases preceding removed adapters:
  A: 27.5%
  C: 35.3%
  G: 29.2%
  T: 7.9%
  none/other: 0.0%

Overview of removed sequences
length	count	expect	max.err	error counts
3	1216065	818868.5	0	1216065
4	448672	204717.1	0	448672
5	312430	51179.3	0	312430
6	264784	12794.8	0	264784
7	240956	3198.7	0	240956
8	212107	799.7	0	212107
9	195041	199.9	0	192755 2286
10	181833	50.0	1	174195 7638
11	164193	12.5	1	157905 6288
12	161672	3.1	1	155496 6176
13	163012	0.8	1	156286 6726
14	156792	0.2	1	150363 6429
15	159647	0.0	1	152378 7269
16	149862	0.0	1	142586 7276
17	144043	0.0	1	136486 7557
18	129355	0.0	1	122608 6596 151
19	110479	0.0	1	104590 5695 194
20	96965	0.0	2	90917 5399 649
21	85461	0.0	2	79906 5023 532
22	79125	0.0	2	73796 4866 463
23	73638	0.0	2	68737 4448 453
24	74385	0.0	2	68783 5017 585
25	73484	0.0	2	67551 5250 683
26	69942	0.0	2	64569 4951 422
27	65640	0.0	2	60398 4722 503 17
28	60797	0.0	2	55498 4637 601 61
29	51488	0.0	2	46932 4004 500 52
30	43865	0.0	3	39911 3430 372 152
31	37287	0.0	3	33903 2959 335 90
32	33253	0.0	3	29996 2797 344 116
33	28429	0.0	3	25662 2429 246 92
34	27880	0.0	3	25011 2405 331 133
35	26577	0.0	3	23969 2134 353 121
36	25610	0.0	3	23139 2053 315 103
37	24801	0.0	3	22201 2086 377 137
38	23590	0.0	3	21300 1854 324 112
39	20388	0.0	3	18517 1575 228 68
40	18405	0.0	3	16584 1472 259 90
41	16164	0.0	3	14566 1281 238 79
42	12972	0.0	3	11747 1020 157 48
43	11389	0.0	3	10176 1007 157 49
44	9724	0.0	3	8808 735 126 55
45	8635	0.0	3	7795 681 110 49
46	7831	0.0	3	7063 628 104 36
47	7670	0.0	3	6914 606 103 47
48	7644	0.0	3	6903 602 94 45
49	7303	0.0	3	6533 644 87 39
50	6619	0.0	3	5911 595 77 36
51	7240	0.0	3	6581 506 109 44
52	3411	0.0	3	3022 299 60 30
53	3392	0.0	3	3032 277 55 28
54	2813	0.0	3	2514 235 44 20
55	2595	0.0	3	2265 244 58 28
56	2333	0.0	3	2094 183 35 21
57	2144	0.0	3	1908 188 34 14
58	2132	0.0	3	1910 169 32 21
59	2196	0.0	3	1971 174 40 11
60	1903	0.0	3	1701 155 28 19
61	1551	0.0	3	1353 142 39 17
62	1288	0.0	3	1119 120 31 18
63	1040	0.0	3	902 92 28 18
64	633	0.0	3	552 53 16 12
65	653	0.0	3	512 91 29 21
66	463	0.0	3	396 36 19 12
67	412	0.0	3	355 38 8 11
68	446	0.0	3	376 43 16 11
69	361	0.0	3	305 38 8 10
70	324	0.0	3	269 36 16 3
71	253	0.0	3	186 42 16 9
72	184	0.0	3	149 19 6 10
73	179	0.0	3	128 27 12 12
74	187	0.0	3	122 38 13 14
75	106	0.0	3	74 19 9 4
76	123	0.0	3	89 11 12 11
77	96	0.0	3	62 18 9 7
78	103	0.0	3	76 13 7 7
79	66	0.0	3	49 11 4 2
80	58	0.0	3	47 8 3
81	57	0.0	3	38 9 5 5
82	67	0.0	3	57 7 2 1
83	43	0.0	3	32 6 4 1
84	47	0.0	3	40 7
85	61	0.0	3	54 5 1 1
86	60	0.0	3	53 6 1
87	61	0.0	3	56 5
88	48	0.0	3	40 6 1 1
89	51	0.0	3	45 2 2 2
90	52	0.0	3	45 4 2 1
91	54	0.0	3	46 6 1 1
92	42	0.0	3	35 4 3
93	44	0.0	3	37 6 1
94	41	0.0	3	39 2
95	33	0.0	3	27 5 1
96	45	0.0	3	39 5 1
97	90	0.0	3	71 11 3 5
98	102	0.0	3	84 14 3 1
99	234	0.0	3	204 25 4 1
100	296	0.0	3	249 37 7 3
101	494	0.0	3	437 48 8 1


=== Second read: Adapter 2 ===

Sequence: AGATCGGAAGAGCGTCGTGTAGGGAAAGAGTGT; Type: regular 3'; Length: 33; Trimmed: 5440199 times

Minimum overlap: 3
No. of allowed errors:
1-9 bp: 0; 10-19 bp: 1; 20-29 bp: 2; 30-33 bp: 3

Bases preceding removed adapters:
  A: 17.8%
  C: 29.2%
  G: 34.3%
  T: 18.7%
  none/other: 0.0%

Overview of removed sequences
length	count	expect	max.err	error counts
3	1086851	818868.5	0	1086851
4	431757	204717.1	0	431757
5	298144	51179.3	0	298144
6	258213	12794.8	0	258213
7	239188	3198.7	0	239188
8	214062	799.7	0	214062
9	196425	199.9	0	194205 2220
10	182292	50.0	1	174662 7630
11	166445	12.5	1	160079 6366
12	165425	3.1	1	159351 6074
13	156887	0.8	1	150978 5909
14	181476	0.2	1	174039 7437
15	140555	0.0	1	134272 6283
16	150991	0.0	1	143508 7483
17	165087	0.0	1	156794 8293
18	106185	0.0	1	100973 4949 263
19	119428	0.0	1	112533 6691 204
20	90071	0.0	2	84653 4662 756
21	84303	0.0	2	78562 4887 854
22	78322	0.0	2	72591 4896 835
23	75019	0.0	2	69497 4614 908
24	75363	0.0	2	69591 4920 852
25	70549	0.0	2	65433 4481 635
26	71321	0.0	2	65480 4784 1057
27	66726	0.0	2	60941 4627 1132 26
28	59970	0.0	2	54904 4038 938 90
29	51116	0.0	2	46635 3834 623 24
30	51362	0.0	3	46098 4007 838 419
31	30146	0.0	3	27288 2347 360 151
32	34873	0.0	3	30980 2994 524 375
33	27605	0.0	3	24921 2212 319 153
34	27273	0.0	3	24373 2334 366 200
35	27220	0.0	3	24282 2342 399 197
36	26479	0.0	3	23625 2245 379 230
37	23915	0.0	3	21549 1938 283 145
38	23252	0.0	3	20934 1846 288 184
39	21456	0.0	3	19141 1850 292 173
40	18027	0.0	3	16123 1555 208 141
41	15844	0.0	3	14191 1292 207 154
42	15014	0.0	3	13233 1336 263 182
43	10172	0.0	3	9135 812 152 73
44	10288	0.0	3	9036 872 233 147
45	8617	0.0	3	7710 694 127 86
46	8100	0.0	3	7184 686 147 83
47	8016	0.0	3	7019 716 173 108
48	7876	0.0	3	6872 729 159 116
49	7507	0.0	3	6630 652 131 94
50	6775	0.0	3	5918 612 139 106
51	5647	0.0	3	4978 485 111 73
52	4826	0.0	3	4250 405 97 74
53	4119	0.0	3	3547 377 108 87
54	3585	0.0	3	3000 333 146 106
55	2492	0.0	3	2183 212 58 39
56	2624	0.0	3	2156 287 84 97
57	2794	0.0	3	2251 296 143 104
58	2215	0.0	3	1853 233 77 52
59	2308	0.0	3	1986 211 67 44
60	2367	0.0	3	1882 279 108 98
61	1701	0.0	3	1429 166 58 48
62	1439	0.0	3	1184 148 57 50
63	1618	0.0	3	1107 241 133 137
64	909	0.0	3	681 111 71 46
65	868	0.0	3	629 114 76 49
66	677	0.0	3	500 88 45 44
67	626	0.0	3	460 75 58 33
68	700	0.0	3	463 104 70 63
69	599	0.0	3	424 91 41 43
70	555	0.0	3	374 79 49 53
71	463	0.0	3	286 85 38 54
72	416	0.0	3	231 93 56 36
73	401	0.0	3	229 75 55 42
74	358	0.0	3	210 60 45 43
75	321	0.0	3	178 67 41 35
76	354	0.0	3	193 69 61 31
77	262	0.0	3	147 48 35 32
78	265	0.0	3	146 49 41 29
79	185	0.0	3	103 35 23 24
80	192	0.0	3	108 36 28 20
81	121	0.0	3	73 20 18 10
82	123	0.0	3	80 15 11 17
83	100	0.0	3	54 15 15 16
84	74	0.0	3	36 16 13 9
85	58	0.0	3	43 6 3 6
86	47	0.0	3	27 8 6 6
87	48	0.0	3	29 7 6 6
88	53	0.0	3	33 13 4 3
89	42	0.0	3	27 8 3 4
90	47	0.0	3	28 11 3 5
91	39	0.0	3	28 7 1 3
92	34	0.0	3	27 4 1 2
93	47	0.0	3	39 5 1 2
94	45	0.0	3	38 3 4
95	29	0.0	3	19 7 2 1
96	47	0.0	3	38 6 1 2
97	70	0.0	3	58 8 3 1
98	124	0.0	3	89 28 4 3
99	238	0.0	3	179 50 6 3
100	364	0.0	3	298 52 9 5
101	575	0.0	3	494 69 7 5
