This is cutadapt 3.5 with Python 3.6.8
Command line parameters: -o /home/lspencer/2022-redking-OA/trimmed/Tank_20_Crab_1.trimmed.R1.v2.fastq.gz -p /home/lspencer/2022-redking-OA/trimmed/Tank_20_Crab_1.trimmed.R2.v2.fastq.gz -a AGATCGGAAGAGCACACGTCTGAACTCCAGTCA -A AGATCGGAAGAGCGTCGTGTAGGGAAAGAGTGT -q 20,15 -m 50 --trim-n --cores=8 /share/nwfsc/ggoetz/red_king_crab/illumina/Tank_20_Crab_1_R1.fastq.gz /share/nwfsc/ggoetz/red_king_crab/illumina/Tank_20_Crab_1_R2.fastq.gz
Processing reads on 8 cores in paired-end mode ...
Finished in 462.08 s (8 us/read; 7.86 M reads/minute).

=== Summary ===

Total read pairs processed:         60,497,602
  Read 1 with adapter:               5,184,320 (8.6%)
  Read 2 with adapter:               4,946,113 (8.2%)

== Read fate breakdown ==
Pairs that were too short:             101,757 (0.2%)
Pairs written (passing filters):    60,395,845 (99.8%)

Total basepairs processed: 12,220,515,604 bp
  Read 1: 6,110,257,802 bp
  Read 2: 6,110,257,802 bp
Quality-trimmed:              22,131,662 bp (0.2%)
  Read 1:     5,567,349 bp
  Read 2:    16,564,313 bp
Total written (filtered):  12,064,088,125 bp (98.7%)
  Read 1: 6,035,397,669 bp
  Read 2: 6,028,690,456 bp

=== First read: Adapter 1 ===

Sequence: AGATCGGAAGAGCACACGTCTGAACTCCAGTCA; Type: regular 3'; Length: 33; Trimmed: 5184320 times

Minimum overlap: 3
No. of allowed errors:
1-9 bp: 0; 10-19 bp: 1; 20-29 bp: 2; 30-33 bp: 3

Bases preceding removed adapters:
  A: 27.3%
  C: 28.1%
  G: 34.0%
  T: 10.5%
  none/other: 0.1%

Overview of removed sequences
length	count	expect	max.err	error counts
3	1409124	945275.0	0	1409124
4	454552	236318.8	0	454552
5	267190	59079.7	0	267190
6	221837	14769.9	0	221837
7	202531	3692.5	0	202531
8	180898	923.1	0	180898
9	172261	230.8	0	170228 2033
10	158683	57.7	1	152037 6646
11	144165	14.4	1	138398 5767
12	137939	3.6	1	132738 5201
13	132002	0.9	1	126458 5544
14	126976	0.2	1	121637 5339
15	122945	0.1	1	116952 5993
16	117817	0.0	1	111996 5821
17	113442	0.0	1	107029 6413
18	105994	0.0	1	100076 5824 94
19	90420	0.0	1	85323 4914 183
20	82881	0.0	2	77149 5096 636
21	73294	0.0	2	68301 4466 527
22	67105	0.0	2	62046 4557 502
23	62368	0.0	2	57726 4160 482
24	61093	0.0	2	55982 4525 586
25	58025	0.0	2	52826 4582 617
26	54562	0.0	2	49867 4290 405
27	53134	0.0	2	48367 4236 506 25
28	50036	0.0	2	45175 4168 605 88
29	44139	0.0	2	39916 3658 509 56
30	38914	0.0	3	34880 3415 458 161
31	33620	0.0	3	30168 2981 390 81
32	30586	0.0	3	27335 2792 337 122
33	26507	0.0	3	23625 2483 300 99
34	24971	0.0	3	22133 2384 333 121
35	23214	0.0	3	20560 2152 356 146
36	22921	0.0	3	20286 2081 384 170
37	21326	0.0	3	19031 1776 385 134
38	20470	0.0	3	18190 1810 324 146
39	18325	0.0	3	16227 1666 315 117
40	16193	0.0	3	14352 1433 273 135
41	14670	0.0	3	12932 1314 284 140
42	12649	0.0	3	11267 1092 201 89
43	11122	0.0	3	9825 1043 177 77
44	9926	0.0	3	8789 866 191 80
45	8728	0.0	3	7757 750 149 72
46	8160	0.0	3	7170 758 158 74
47	7608	0.0	3	6730 686 129 63
48	7357	0.0	3	6506 655 142 54
49	6954	0.0	3	6141 622 128 63
50	6272	0.0	3	5428 643 139 62
51	7234	0.0	3	6517 523 116 78
52	3278	0.0	3	2829 341 68 40
53	3633	0.0	3	3172 353 70 38
54	3205	0.0	3	2850 286 44 25
55	2898	0.0	3	2494 274 73 57
56	2641	0.0	3	2316 233 54 38
57	2426	0.0	3	2111 230 52 33
58	2346	0.0	3	2014 227 71 34
59	2226	0.0	3	1925 220 50 31
60	2036	0.0	3	1754 216 41 25
61	1654	0.0	3	1429 143 54 28
62	1398	0.0	3	1157 150 40 51
63	1304	0.0	3	1087 139 44 34
64	779	0.0	3	632 94 28 25
65	899	0.0	3	718 97 54 30
66	657	0.0	3	535 76 27 19
67	608	0.0	3	501 67 22 18
68	625	0.0	3	482 80 34 29
69	505	0.0	3	428 55 12 10
70	460	0.0	3	369 42 28 21
71	377	0.0	3	272 60 24 21
72	306	0.0	3	235 41 18 12
73	255	0.0	3	182 41 19 13
74	262	0.0	3	179 42 19 22
75	201	0.0	3	141 26 15 19
76	176	0.0	3	130 19 11 16
77	189	0.0	3	136 28 13 12
78	122	0.0	3	93 15 6 8
79	111	0.0	3	83 16 4 8
80	104	0.0	3	78 18 4 4
81	72	0.0	3	57 12 2 1
82	86	0.0	3	69 15 1 1
83	66	0.0	3	52 13 1
84	106	0.0	3	62 39 4 1
85	115	0.0	3	66 40 7 2
86	126	0.0	3	56 58 10 2
87	108	0.0	3	50 56 2
88	123	0.0	3	62 53 7 1
89	144	0.0	3	75 62 4 3
90	115	0.0	3	57 57 1
91	94	0.0	3	49 39 6
92	110	0.0	3	56 51 2 1
93	127	0.0	3	55 62 10
94	141	0.0	3	67 67 6 1
95	111	0.0	3	42 60 9
96	127	0.0	3	55 68 3 1
97	210	0.0	3	84 113 12 1
98	327	0.0	3	106 197 22 2
99	627	0.0	3	253 329 40 5
100	902	0.0	3	367 468 57 10
101	1662	0.0	3	668 908 77 9


=== Second read: Adapter 2 ===

Sequence: AGATCGGAAGAGCGTCGTGTAGGGAAAGAGTGT; Type: regular 3'; Length: 33; Trimmed: 4946113 times

Minimum overlap: 3
No. of allowed errors:
1-9 bp: 0; 10-19 bp: 1; 20-29 bp: 2; 30-33 bp: 3

Bases preceding removed adapters:
  A: 21.8%
  C: 28.1%
  G: 31.4%
  T: 18.7%
  none/other: 0.1%

Overview of removed sequences
length	count	expect	max.err	error counts
3	1179409	945275.0	0	1179409
4	440108	236318.8	0	440108
5	254148	59079.7	0	254148
6	216953	14769.9	0	216953
7	201377	3692.5	0	201377
8	181457	923.1	0	181457
9	171987	230.8	0	170218 1769
10	158984	57.7	1	151732 7252
11	144170	14.4	1	138296 5874
12	141071	3.6	1	135502 5569
13	129169	0.9	1	123707 5462
14	138527	0.2	1	132403 6124
15	113905	0.1	1	108532 5373
16	117555	0.0	1	111411 6144
17	121458	0.0	1	114799 6659
18	94756	0.0	1	89808 4559 389
19	92459	0.0	1	87089 5181 189
20	83388	0.0	2	77553 4827 1008
21	72794	0.0	2	67619 4399 776
22	67290	0.0	2	62406 4086 798
23	63676	0.0	2	58643 4188 845
24	62224	0.0	2	57196 4236 792
25	55819	0.0	2	51604 3654 561
26	55839	0.0	2	51320 3747 772
27	54110	0.0	2	49225 3872 998 15
28	49811	0.0	2	45456 3418 850 87
29	43230	0.0	2	39155 3461 577 37
30	49650	0.0	3	44712 3591 858 489
31	23974	0.0	3	21374 1962 419 219
32	33881	0.0	3	29877 3004 623 377
33	23985	0.0	3	21495 2033 299 158
34	26552	0.0	3	23343 2422 485 302
35	22342	0.0	3	19943 1681 430 288
36	23562	0.0	3	20639 1779 672 472
37	21222	0.0	3	18970 1525 458 269
38	21109	0.0	3	18653 1629 523 304
39	18478	0.0	3	16421 1360 436 261
40	16609	0.0	3	14648 1171 452 338
41	14747	0.0	3	13095 1088 360 204
42	13360	0.0	3	11617 1062 388 293
43	11423	0.0	3	10052 856 319 196
44	10291	0.0	3	8981 796 312 202
45	9342	0.0	3	8024 768 304 246
46	8712	0.0	3	7573 659 263 217
47	8123	0.0	3	6990 656 244 233
48	7782	0.0	3	6703 616 232 231
49	7512	0.0	3	6422 622 267 201
50	6545	0.0	3	5600 526 210 209
51	5796	0.0	3	4952 445 225 174
52	5034	0.0	3	4262 448 185 139
53	4580	0.0	3	3841 369 194 176
54	4236	0.0	3	3439 366 205 226
55	2963	0.0	3	2518 256 94 95
56	3200	0.0	3	2533 307 177 183
57	3409	0.0	3	2624 346 205 234
58	2570	0.0	3	2095 246 121 108
59	2433	0.0	3	2015 211 107 100
60	2743	0.0	3	2065 290 172 216
61	1992	0.0	3	1571 192 121 108
62	1719	0.0	3	1324 194 99 102
63	2133	0.0	3	1365 259 239 270
64	1252	0.0	3	891 134 105 122
65	1235	0.0	3	857 151 96 131
66	1054	0.0	3	721 116 100 117
67	1045	0.0	3	682 130 106 127
68	1074	0.0	3	699 134 110 131
69	957	0.0	3	611 123 94 129
70	841	0.0	3	538 108 89 106
71	721	0.0	3	448 87 77 109
72	676	0.0	3	391 94 84 107
73	619	0.0	3	349 90 87 93
74	618	0.0	3	328 102 81 107
75	551	0.0	3	290 79 76 106
76	539	0.0	3	298 93 69 79
77	465	0.0	3	252 68 64 81
78	348	0.0	3	192 56 44 56
79	305	0.0	3	170 41 53 41
80	275	0.0	3	161 42 31 41
81	217	0.0	3	134 32 26 25
82	197	0.0	3	108 48 20 21
83	159	0.0	3	76 37 22 24
84	146	0.0	3	69 35 14 28
85	161	0.0	3	72 50 14 25
86	104	0.0	3	47 27 13 17
87	111	0.0	3	48 34 17 12
88	104	0.0	3	50 36 9 9
89	102	0.0	3	40 42 8 12
90	130	0.0	3	56 58 3 13
91	108	0.0	3	52 49 4 3
92	116	0.0	3	53 47 11 5
93	115	0.0	3	46 61 7 1
94	110	0.0	3	47 56 4 3
95	117	0.0	3	41 62 7 7
96	154	0.0	3	55 86 11 2
97	217	0.0	3	92 115 8 2
98	298	0.0	3	115 165 15 3
99	652	0.0	3	247 360 36 9
100	951	0.0	3	337 542 60 12
101	1586	0.0	3	711 783 65 27
