This is cutadapt 3.5 with Python 3.6.8
Command line parameters: -o /home/lspencer/2022-redking-OA/trimmed/Tank_20_Crab_2.trimmed.R1.v1.fastq.gz -p /home/lspencer/2022-redking-OA/trimmed/Tank_20_Crab_2.trimmed.R2.v1.fastq.gz -a AGATCGGAAGAGCACACGTCTGAACTCCAGTCA -A AGATCGGAAGAGCGTCGTGTAGGGAAAGAGTGT -q 15,10 -m 50 --trim-n --cores=8 /share/nwfsc/ggoetz/red_king_crab/illumina/Tank_20_Crab_2_R1.fastq.gz /share/nwfsc/ggoetz/red_king_crab/illumina/Tank_20_Crab_2_R2.fastq.gz
Processing reads on 8 cores in paired-end mode ...
Finished in 605.81 s (8 us/read; 7.83 M reads/minute).

=== Summary ===

Total read pairs processed:         79,098,771
  Read 1 with adapter:               6,027,351 (7.6%)
  Read 2 with adapter:               5,727,807 (7.2%)

== Read fate breakdown ==
Pairs that were too short:              67,587 (0.1%)
Pairs written (passing filters):    79,031,184 (99.9%)

Total basepairs processed: 15,977,951,742 bp
  Read 1: 7,988,975,871 bp
  Read 2: 7,988,975,871 bp
Quality-trimmed:               8,620,616 bp (0.1%)
  Read 1:     1,227,697 bp
  Read 2:     7,392,919 bp
Total written (filtered):  15,826,013,824 bp (99.0%)
  Read 1: 7,915,737,851 bp
  Read 2: 7,910,275,973 bp

=== First read: Adapter 1 ===

Sequence: AGATCGGAAGAGCACACGTCTGAACTCCAGTCA; Type: regular 3'; Length: 33; Trimmed: 6027351 times

Minimum overlap: 3
No. of allowed errors:
1-9 bp: 0; 10-19 bp: 1; 20-29 bp: 2; 30-33 bp: 3

Bases preceding removed adapters:
  A: 27.9%
  C: 27.9%
  G: 33.1%
  T: 11.0%
  none/other: 0.1%

Overview of removed sequences
length	count	expect	max.err	error counts
3	1812331	1235918.3	0	1812331
4	566268	308979.6	0	566268
5	315183	77244.9	0	315183
6	250869	19311.2	0	250869
7	223170	4827.8	0	223170
8	205853	1207.0	0	205853
9	189283	301.7	0	186949 2334
10	176603	75.4	1	168607 7996
11	162482	18.9	1	155966 6516
12	152874	4.7	1	146562 6312
13	143736	1.2	1	137605 6131
14	138833	0.3	1	132601 6232
15	133664	0.1	1	127102 6562
16	128268	0.0	1	121702 6566
17	121122	0.0	1	114781 6341
18	111681	0.0	1	105470 5929 282
19	100036	0.0	1	94229 5560 247
20	90016	0.0	2	83905 5423 688
21	79820	0.0	2	74211 4933 676
22	72510	0.0	2	67208 4723 579
23	66977	0.0	2	61957 4429 591
24	63805	0.0	2	58623 4709 473
25	60836	0.0	2	55474 4724 638
26	59170	0.0	2	54037 4564 569
27	55714	0.0	2	50908 4202 578 26
28	51672	0.0	2	46877 4180 512 103
29	46719	0.0	2	42258 3724 560 177
30	40935	0.0	3	36705 3511 487 232
31	35910	0.0	3	32187 3123 474 126
32	31973	0.0	3	28542 2904 397 130
33	28417	0.0	3	25300 2638 359 120
34	26135	0.0	3	23352 2348 329 106
35	24947	0.0	3	22220 2189 403 135
36	23688	0.0	3	21048 2114 371 155
37	22501	0.0	3	20059 1903 385 154
38	21169	0.0	3	18802 1862 366 139
39	19476	0.0	3	17364 1658 316 138
40	17549	0.0	3	15679 1432 303 135
41	15283	0.0	3	13636 1273 267 107
42	13564	0.0	3	12096 1121 237 110
43	11999	0.0	3	10714 1018 188 79
44	10570	0.0	3	9400 894 193 83
45	9475	0.0	3	8431 825 142 77
46	8635	0.0	3	7608 778 174 75
47	8135	0.0	3	7226 674 165 70
48	7821	0.0	3	6891 702 167 61
49	7253	0.0	3	6411 630 146 66
50	6748	0.0	3	5979 584 119 66
51	5917	0.0	3	5224 534 108 51
52	5257	0.0	3	4583 500 109 65
53	4543	0.0	3	3952 450 97 44
54	3829	0.0	3	3355 348 85 41
55	3376	0.0	3	2947 309 75 45
56	2816	0.0	3	2451 244 69 52
57	2685	0.0	3	2307 251 66 61
58	2601	0.0	3	2256 253 59 33
59	2484	0.0	3	2169 204 61 50
60	2263	0.0	3	1968 204 54 37
61	1892	0.0	3	1586 216 50 40
62	1584	0.0	3	1334 176 37 37
63	1409	0.0	3	1180 133 47 49
64	1132	0.0	3	942 113 49 28
65	919	0.0	3	748 110 39 22
66	850	0.0	3	663 111 48 28
67	746	0.0	3	580 91 45 30
68	700	0.0	3	525 102 38 35
69	579	0.0	3	447 78 31 23
70	517	0.0	3	383 67 37 30
71	494	0.0	3	388 59 25 22
72	375	0.0	3	268 63 25 19
73	310	0.0	3	241 33 19 17
74	297	0.0	3	207 40 19 31
75	247	0.0	3	169 46 14 18
76	242	0.0	3	155 41 25 21
77	185	0.0	3	113 33 14 25
78	197	0.0	3	139 36 10 12
79	155	0.0	3	106 32 7 10
80	129	0.0	3	98 18 9 4
81	123	0.0	3	98 18 4 3
82	109	0.0	3	86 19 1 3
83	78	0.0	3	60 11 2 5
84	76	0.0	3	66 3 6 1
85	41	0.0	3	40 1
86	49	0.0	3	45 4
87	36	0.0	3	29 6 1
88	32	0.0	3	22 8 2
89	38	0.0	3	35 3
90	17	0.0	3	14 2 1
91	14	0.0	3	12 2
92	16	0.0	3	14 1 1
93	5	0.0	3	3 0 2
94	2	0.0	3	1 1
95	1	0.0	3	1
97	2	0.0	3	1 0 0 1
98	4	0.0	3	3 1
99	5	0.0	3	1 0 2 2
100	78	0.0	3	1 36 33 8
101	6217	0.0	3	2462 3434 272 49


=== Second read: Adapter 2 ===

Sequence: AGATCGGAAGAGCGTCGTGTAGGGAAAGAGTGT; Type: regular 3'; Length: 33; Trimmed: 5727807 times

Minimum overlap: 3
No. of allowed errors:
1-9 bp: 0; 10-19 bp: 1; 20-29 bp: 2; 30-33 bp: 3

Bases preceding removed adapters:
  A: 22.3%
  C: 27.9%
  G: 30.9%
  T: 18.8%
  none/other: 0.1%

Overview of removed sequences
length	count	expect	max.err	error counts
3	1531376	1235918.3	0	1531376
4	543566	308979.6	0	543566
5	297425	77244.9	0	297425
6	243190	19311.2	0	243190
7	222510	4827.8	0	222510
8	206567	1207.0	0	206567
9	188849	301.7	0	186664 2185
10	177464	75.4	1	168612 8852
11	163000	18.9	1	155923 7077
12	153313	4.7	1	146849 6464
13	144116	1.2	1	137386 6730
14	139302	0.3	1	132812 6490
15	133638	0.1	1	125820 7818
16	128170	0.0	1	120940 7230
17	121194	0.0	1	114573 6621
18	111132	0.0	1	103870 6882 380
19	99680	0.0	1	93389 6006 285
20	90133	0.0	2	83368 5314 1451
21	80046	0.0	2	73884 5061 1101
22	72788	0.0	2	67096 4727 965
23	67363	0.0	2	61916 4450 997
24	64064	0.0	2	59045 4239 780
25	61199	0.0	2	55973 4346 880
26	59401	0.0	2	54217 4175 1009
27	55890	0.0	2	50930 3957 986 17
28	51800	0.0	2	47027 3707 988 78
29	46824	0.0	2	42249 3733 766 76
30	41421	0.0	3	37033 3243 715 430
31	36379	0.0	3	31972 3181 793 433
32	32507	0.0	3	28842 2793 510 362
33	28869	0.0	3	25410 2623 527 309
34	26549	0.0	3	23438 2357 468 286
35	25412	0.0	3	22496 2131 453 332
36	24128	0.0	3	21289 2090 438 311
37	23026	0.0	3	20279 2021 408 318
38	21610	0.0	3	19088 1830 413 279
39	20043	0.0	3	17557 1789 428 269
40	18100	0.0	3	15953 1547 348 252
41	15819	0.0	3	13821 1455 282 261
42	14029	0.0	3	12239 1270 299 221
43	12656	0.0	3	10949 1157 313 237
44	11134	0.0	3	9555 1072 267 240
45	10102	0.0	3	8693 916 281 212
46	9300	0.0	3	8027 806 264 203
47	8667	0.0	3	7398 855 231 183
48	8359	0.0	3	7164 767 240 188
49	7835	0.0	3	6664 747 239 185
50	7351	0.0	3	6262 681 207 201
51	6550	0.0	3	5483 648 234 185
52	5835	0.0	3	4856 584 209 186
53	5144	0.0	3	4245 561 173 165
54	4400	0.0	3	3578 489 172 161
55	3948	0.0	3	3213 404 188 143
56	3373	0.0	3	2693 384 163 133
57	3212	0.0	3	2565 361 148 138
58	3131	0.0	3	2461 389 143 138
59	3034	0.0	3	2376 360 160 138
60	2840	0.0	3	2195 348 171 126
61	2471	0.0	3	1880 324 136 131
62	2110	0.0	3	1577 273 143 117
63	1934	0.0	3	1427 246 132 129
64	1676	0.0	3	1159 229 143 145
65	1423	0.0	3	970 216 114 123
66	1347	0.0	3	881 220 133 113
67	1238	0.0	3	800 200 132 106
68	1187	0.0	3	791 172 127 97
69	1036	0.0	3	654 159 119 104
70	999	0.0	3	594 182 117 106
71	947	0.0	3	594 143 114 96
72	837	0.0	3	485 139 112 101
73	787	0.0	3	434 150 95 108
74	758	0.0	3	411 162 95 90
75	611	0.0	3	339 122 67 83
76	604	0.0	3	326 132 72 74
77	531	0.0	3	284 106 69 72
78	476	0.0	3	256 92 73 55
79	367	0.0	3	191 77 57 42
80	308	0.0	3	150 56 51 51
81	266	0.0	3	133 48 40 45
82	205	0.0	3	131 23 22 29
83	177	0.0	3	83 35 27 32
84	158	0.0	3	87 25 23 23
85	127	0.0	3	61 32 13 21
86	112	0.0	3	67 14 17 14
87	72	0.0	3	40 10 10 12
88	76	0.0	3	42 10 13 11
89	78	0.0	3	38 12 13 15
90	37	0.0	3	18 6 6 7
91	26	0.0	3	15 6 1 4
92	26	0.0	3	16 5 1 4
93	8	0.0	3	2 2 1 3
94	4	0.0	3	1 2 0 1
95	5	0.0	3	2 0 2 1
96	4	0.0	3	0 2 0 2
97	3	0.0	3	0 1 0 2
98	13	0.0	3	3 2 2 6
99	8	0.0	3	1 0 2 5
100	170	0.0	3	0 74 90 6
101	5822	0.0	3	2380 3213 208 21
