This is cutadapt 3.5 with Python 3.6.8
Command line parameters: -o /home/lspencer/2022-redking-OA/trimmed/Tank_9_Crab_1.trimmed.R1.v1.fastq.gz -p /home/lspencer/2022-redking-OA/trimmed/Tank_9_Crab_1.trimmed.R2.v1.fastq.gz -a AGATCGGAAGAGCACACGTCTGAACTCCAGTCA -A AGATCGGAAGAGCGTCGTGTAGGGAAAGAGTGT -q 15,10 -m 50 --trim-n --cores=8 /share/nwfsc/ggoetz/red_king_crab/illumina/Tank_9_Crab_1_R1.fastq.gz /share/nwfsc/ggoetz/red_king_crab/illumina/Tank_9_Crab_1_R2.fastq.gz
Processing reads on 8 cores in paired-end mode ...
Finished in 617.90 s (8 us/read; 7.85 M reads/minute).

=== Summary ===

Total read pairs processed:         80,860,974
  Read 1 with adapter:               6,643,354 (8.2%)
  Read 2 with adapter:               6,285,084 (7.8%)

== Read fate breakdown ==
Pairs that were too short:              68,618 (0.1%)
Pairs written (passing filters):    80,792,356 (99.9%)

Total basepairs processed: 16,333,916,748 bp
  Read 1: 8,166,958,374 bp
  Read 2: 8,166,958,374 bp
Quality-trimmed:               7,296,173 bp (0.0%)
  Read 1:     1,348,440 bp
  Read 2:     5,947,733 bp
Total written (filtered):  16,166,046,955 bp (99.0%)
  Read 1: 8,084,765,006 bp
  Read 2: 8,081,281,949 bp

=== First read: Adapter 1 ===

Sequence: AGATCGGAAGAGCACACGTCTGAACTCCAGTCA; Type: regular 3'; Length: 33; Trimmed: 6643354 times

Minimum overlap: 3
No. of allowed errors:
1-9 bp: 0; 10-19 bp: 1; 20-29 bp: 2; 30-33 bp: 3

Bases preceding removed adapters:
  A: 27.7%
  C: 28.4%
  G: 33.2%
  T: 10.6%
  none/other: 0.1%

Overview of removed sequences
length	count	expect	max.err	error counts
3	1892524	1263452.7	0	1892524
4	604798	315863.2	0	604798
5	342581	78965.8	0	342581
6	278649	19741.4	0	278649
7	253436	4935.4	0	253436
8	234054	1233.8	0	234054
9	216338	308.5	0	213532 2806
10	202324	77.1	1	193399 8925
11	186358	19.3	1	178649 7709
12	171999	4.8	1	165055 6944
13	162537	1.2	1	155974 6563
14	156866	0.3	1	150267 6599
15	150786	0.1	1	143774 7012
16	146773	0.0	1	139773 7000
17	138755	0.0	1	132007 6748
18	129858	0.0	1	123157 6431 270
19	116745	0.0	1	110192 6303 250
20	104897	0.0	2	98325 5759 813
21	94150	0.0	2	87835 5564 751
22	84300	0.0	2	78442 5231 627
23	78004	0.0	2	72411 4895 698
24	73682	0.0	2	68229 4838 615
25	70460	0.0	2	64953 4880 627
26	67987	0.0	2	62554 4879 554
27	64215	0.0	2	59037 4481 646 51
28	60281	0.0	2	55084 4485 622 90
29	54685	0.0	2	50007 3932 563 183
30	49121	0.0	3	44524 3808 524 265
31	42244	0.0	3	38110 3448 492 194
32	37360	0.0	3	33567 3173 455 165
33	33342	0.0	3	29944 2874 388 136
34	30131	0.0	3	27178 2513 318 122
35	28683	0.0	3	25797 2401 353 132
36	27073	0.0	3	24400 2188 338 147
37	25709	0.0	3	23141 2087 333 148
38	24345	0.0	3	21790 2066 323 166
39	22212	0.0	3	20013 1753 287 159
40	20007	0.0	3	17974 1619 260 154
41	17634	0.0	3	15806 1472 245 111
42	15323	0.0	3	13780 1232 203 108
43	13431	0.0	3	12012 1157 154 108
44	11926	0.0	3	10694 972 158 102
45	10437	0.0	3	9324 903 126 84
46	9532	0.0	3	8533 795 128 76
47	8791	0.0	3	7902 679 127 83
48	8427	0.0	3	7566 666 123 72
49	7611	0.0	3	6838 592 126 55
50	7094	0.0	3	6335 610 82 67
51	6057	0.0	3	5427 494 89 47
52	5424	0.0	3	4842 450 83 49
53	4576	0.0	3	4080 367 79 50
54	3846	0.0	3	3392 335 63 56
55	3346	0.0	3	2982 262 58 44
56	2786	0.0	3	2424 255 62 45
57	2471	0.0	3	2164 225 48 34
58	2397	0.0	3	2067 243 53 34
59	2336	0.0	3	2029 221 47 39
60	2062	0.0	3	1766 202 58 36
61	1670	0.0	3	1468 135 45 22
62	1381	0.0	3	1174 126 38 43
63	1174	0.0	3	986 116 44 28
64	1043	0.0	3	853 120 35 35
65	786	0.0	3	637 79 37 33
66	661	0.0	3	519 85 28 29
67	613	0.0	3	462 88 32 31
68	554	0.0	3	430 61 40 23
69	499	0.0	3	372 62 42 23
70	450	0.0	3	340 58 22 30
71	397	0.0	3	300 46 26 25
72	286	0.0	3	195 51 26 14
73	287	0.0	3	197 44 23 23
74	301	0.0	3	209 49 19 24
75	217	0.0	3	147 31 20 19
76	196	0.0	3	114 37 26 19
77	216	0.0	3	137 49 13 17
78	167	0.0	3	124 23 15 5
79	137	0.0	3	97 22 12 6
80	129	0.0	3	100 21 6 2
81	135	0.0	3	93 30 5 7
82	97	0.0	3	82 8 6 1
83	63	0.0	3	55 6 2
84	79	0.0	3	67 11 0 1
85	42	0.0	3	37 5
86	38	0.0	3	33 4 1
87	31	0.0	3	26 4 1
88	47	0.0	3	40 5 1 1
89	36	0.0	3	35 1
90	27	0.0	3	24 3
91	13	0.0	3	10 3
92	26	0.0	3	23 1 2
93	1	0.0	3	1
94	5	0.0	3	4 1
96	2	0.0	3	0 2
97	4	0.0	3	3 0 1
98	3	0.0	3	2 0 0 1
99	6	0.0	3	3 0 0 3
100	84	0.0	3	0 20 59 5
101	7675	0.0	3	2077 5117 406 75


=== Second read: Adapter 2 ===

Sequence: AGATCGGAAGAGCGTCGTGTAGGGAAAGAGTGT; Type: regular 3'; Length: 33; Trimmed: 6285084 times

Minimum overlap: 3
No. of allowed errors:
1-9 bp: 0; 10-19 bp: 1; 20-29 bp: 2; 30-33 bp: 3

Bases preceding removed adapters:
  A: 21.8%
  C: 28.9%
  G: 30.0%
  T: 19.1%
  none/other: 0.1%

Overview of removed sequences
length	count	expect	max.err	error counts
3	1566924	1263452.7	0	1566924
4	572458	315863.2	0	572458
5	325231	78965.8	0	325231
6	270130	19741.4	0	270130
7	252477	4935.4	0	252477
8	235172	1233.8	0	235172
9	215834	308.5	0	213081 2753
10	203033	77.1	1	193252 9781
11	186652	19.3	1	178628 8024
12	172320	4.8	1	165190 7130
13	162640	1.2	1	155247 7393
14	157029	0.3	1	149667 7362
15	150399	0.1	1	141672 8727
16	146407	0.0	1	138437 7970
17	138502	0.0	1	130885 7617
18	129113	0.0	1	121297 7393 423
19	116306	0.0	1	109245 6735 326
20	104939	0.0	2	97365 6029 1545
21	94240	0.0	2	87065 5990 1185
22	84491	0.0	2	78061 5406 1024
23	78282	0.0	2	72308 4947 1027
24	73815	0.0	2	68100 4768 947
25	70689	0.0	2	64952 4834 903
26	68087	0.0	2	62427 4614 1046
27	64298	0.0	2	58844 4372 1065 17
28	60181	0.0	2	54764 4172 1133 112
29	54787	0.0	2	49571 4336 773 107
30	49527	0.0	3	44664 3594 807 462
31	42618	0.0	3	37476 3962 770 410
32	37788	0.0	3	33567 3232 635 354
33	33617	0.0	3	29759 3053 521 284
34	30504	0.0	3	26990 2686 520 308
35	29109	0.0	3	25890 2466 464 289
36	27496	0.0	3	24345 2401 447 303
37	26113	0.0	3	23211 2257 400 245
38	24873	0.0	3	21922 2213 437 301
39	22755	0.0	3	20048 1994 425 288
40	20541	0.0	3	18154 1786 346 255
41	18146	0.0	3	16013 1579 337 217
42	15820	0.0	3	13883 1431 297 209
43	13975	0.0	3	12216 1306 267 186
44	12472	0.0	3	10929 1074 281 188
45	11023	0.0	3	9604 996 232 191
46	10168	0.0	3	8801 906 271 190
47	9436	0.0	3	8063 889 249 235
48	9017	0.0	3	7781 836 242 158
49	8168	0.0	3	6995 763 217 193
50	7697	0.0	3	6562 751 218 166
51	6631	0.0	3	5640 638 204 149
52	6061	0.0	3	5100 602 199 160
53	5156	0.0	3	4250 561 192 153
54	4420	0.0	3	3600 507 166 147
55	3905	0.0	3	3163 432 175 135
56	3345	0.0	3	2644 389 161 151
57	2972	0.0	3	2355 337 156 124
58	2990	0.0	3	2330 339 168 153
59	2920	0.0	3	2278 350 163 129
60	2612	0.0	3	2014 310 138 150
61	2192	0.0	3	1663 275 124 130
62	1950	0.0	3	1440 226 155 129
63	1723	0.0	3	1192 252 142 137
64	1578	0.0	3	1085 254 130 109
65	1344	0.0	3	863 234 147 100
66	1202	0.0	3	733 205 141 123
67	1122	0.0	3	676 211 128 107
68	1041	0.0	3	610 189 133 109
69	981	0.0	3	573 186 117 105
70	988	0.0	3	546 191 131 120
71	866	0.0	3	495 164 110 97
72	765	0.0	3	381 158 112 114
73	730	0.0	3	390 161 98 81
74	698	0.0	3	393 141 89 75
75	599	0.0	3	308 117 94 80
76	559	0.0	3	283 107 93 76
77	573	0.0	3	293 121 81 78
78	467	0.0	3	230 95 80 62
79	396	0.0	3	200 81 61 54
80	307	0.0	3	160 57 41 49
81	282	0.0	3	125 62 47 48
82	246	0.0	3	110 54 41 41
83	160	0.0	3	75 34 25 26
84	170	0.0	3	80 30 26 34
85	125	0.0	3	55 26 26 18
86	82	0.0	3	46 13 11 12
87	83	0.0	3	38 18 13 14
88	84	0.0	3	45 22 10 7
89	73	0.0	3	45 8 10 10
90	52	0.0	3	29 8 8 7
91	22	0.0	3	12 6 1 3
92	32	0.0	3	17 9 3 3
93	5	0.0	3	3 0 0 2
94	6	0.0	3	2 2 1 1
95	6	0.0	3	0 1 1 4
96	4	0.0	3	1 1 1 1
97	5	0.0	3	1 1 0 3
98	13	0.0	3	2 5 3 3
99	10	0.0	3	0 2 2 6
100	208	0.0	3	0 59 128 21
101	7024	0.0	3	2002 4676 304 42
