This is cutadapt 3.5 with Python 3.6.8
Command line parameters: -o /home/lspencer/2022-redking-OA/trimmed/Tank_18_Crab_2.trimmed.R1.v2.fastq.gz -p /home/lspencer/2022-redking-OA/trimmed/Tank_18_Crab_2.trimmed.R2.v2.fastq.gz -a AGATCGGAAGAGCACACGTCTGAACTCCAGTCA -A AGATCGGAAGAGCGTCGTGTAGGGAAAGAGTGT -q 20,15 -m 50 --trim-n --cores=8 /share/nwfsc/ggoetz/red_king_crab/illumina/Tank_18_Crab_2_R1.fastq.gz /share/nwfsc/ggoetz/red_king_crab/illumina/Tank_18_Crab_2_R2.fastq.gz
Processing reads on 8 cores in paired-end mode ...
Finished in 260.54 s (8 us/read; 7.86 M reads/minute).

=== Summary ===

Total read pairs processed:         34,136,612
  Read 1 with adapter:               3,246,619 (9.5%)
  Read 2 with adapter:               3,127,046 (9.2%)

== Read fate breakdown ==
Pairs that were too short:              46,811 (0.1%)
Pairs written (passing filters):    34,089,801 (99.9%)

Total basepairs processed: 6,895,595,624 bp
  Read 1: 3,447,797,812 bp
  Read 2: 3,447,797,812 bp
Quality-trimmed:              12,185,944 bp (0.2%)
  Read 1:     2,954,195 bp
  Read 2:     9,231,749 bp
Total written (filtered):  6,800,886,582 bp (98.6%)
  Read 1: 3,402,377,141 bp
  Read 2: 3,398,509,441 bp

=== First read: Adapter 1 ===

Sequence: AGATCGGAAGAGCACACGTCTGAACTCCAGTCA; Type: regular 3'; Length: 33; Trimmed: 3246619 times

Minimum overlap: 3
No. of allowed errors:
1-9 bp: 0; 10-19 bp: 1; 20-29 bp: 2; 30-33 bp: 3

Bases preceding removed adapters:
  A: 26.1%
  C: 29.8%
  G: 33.9%
  T: 10.1%
  none/other: 0.0%

Overview of removed sequences
length	count	expect	max.err	error counts
3	797847	533384.6	0	797847
4	274152	133346.1	0	274152
5	171310	33336.5	0	171310
6	144455	8334.1	0	144455
7	133829	2083.5	0	133829
8	122121	520.9	0	122121
9	115465	130.2	0	114276 1189
10	108773	32.6	1	104495 4278
11	98375	8.1	1	94789 3586
12	94714	2.0	1	91256 3458
13	91067	0.5	1	87569 3498
14	85502	0.1	1	82074 3428
15	83091	0.0	1	79411 3680
16	78213	0.0	1	74559 3654
17	76238	0.0	1	72454 3784
18	71090	0.0	1	67286 3725 79
19	61586	0.0	1	58390 3118 78
20	56151	0.0	2	52359 3382 410
21	50913	0.0	2	47637 2974 302
22	46029	0.0	2	42884 2841 304
23	42898	0.0	2	39863 2762 273
24	41124	0.0	2	37926 2865 333
25	38739	0.0	2	35541 2835 363
26	36287	0.0	2	33472 2580 235
27	34190	0.0	2	31378 2533 266 13
28	32265	0.0	2	29409 2462 342 52
29	28196	0.0	2	25578 2280 299 39
30	25671	0.0	3	23256 2084 229 102
31	21753	0.0	3	19688 1815 202 48
32	19462	0.0	3	17466 1676 237 83
33	17098	0.0	3	15534 1335 153 76
34	15447	0.0	3	13941 1298 158 50
35	14615	0.0	3	13222 1171 156 66
36	13725	0.0	3	12291 1196 160 78
37	12472	0.0	3	11179 1082 138 73
38	11913	0.0	3	10689 1001 152 71
39	10362	0.0	3	9335 854 115 58
40	9298	0.0	3	8331 794 109 64
41	7931	0.0	3	7151 656 85 39
42	7045	0.0	3	6330 595 81 39
43	6005	0.0	3	5392 505 72 36
44	5178	0.0	3	4661 418 71 28
45	4324	0.0	3	3887 361 50 26
46	3811	0.0	3	3433 320 38 20
47	3422	0.0	3	3077 271 47 27
48	3166	0.0	3	2852 247 41 26
49	2770	0.0	3	2443 255 47 25
50	2371	0.0	3	2102 218 35 16
51	2794	0.0	3	2491 225 55 23
52	1247	0.0	3	1112 99 20 16
53	1184	0.0	3	1052 92 23 17
54	999	0.0	3	873 95 16 15
55	927	0.0	3	779 100 29 19
56	716	0.0	3	600 84 18 14
57	633	0.0	3	541 67 15 10
58	560	0.0	3	468 60 23 9
59	545	0.0	3	458 56 17 14
60	483	0.0	3	393 57 20 13
61	360	0.0	3	288 43 15 14
62	335	0.0	3	270 21 24 20
63	308	0.0	3	242 33 17 16
64	198	0.0	3	160 18 8 12
65	233	0.0	3	159 42 14 18
66	145	0.0	3	111 23 4 7
67	148	0.0	3	110 21 10 7
68	168	0.0	3	123 23 11 11
69	133	0.0	3	107 12 8 6
70	124	0.0	3	93 12 8 11
71	131	0.0	3	100 16 7 8
72	116	0.0	3	76 21 12 7
73	110	0.0	3	75 15 10 10
74	102	0.0	3	64 18 13 7
75	64	0.0	3	46 9 3 6
76	66	0.0	3	42 14 5 5
77	84	0.0	3	51 15 13 5
78	70	0.0	3	57 10 3
79	59	0.0	3	42 7 5 5
80	45	0.0	3	34 8 2 1
81	50	0.0	3	41 6 2 1
82	44	0.0	3	37 6 1
83	28	0.0	3	24 4
84	38	0.0	3	25 11 2
85	33	0.0	3	22 10 0 1
86	31	0.0	3	17 11 3
87	28	0.0	3	14 10 3 1
88	39	0.0	3	28 11
89	34	0.0	3	17 16 1
90	33	0.0	3	19 12 2
91	26	0.0	3	14 12
92	28	0.0	3	17 9 2
93	30	0.0	3	13 14 1 2
94	23	0.0	3	11 11 0 1
95	21	0.0	3	9 9 2 1
96	20	0.0	3	9 9 1 1
97	26	0.0	3	8 17 1
98	58	0.0	3	24 29 5
99	108	0.0	3	54 49 4 1
100	145	0.0	3	74 61 7 3
101	230	0.0	3	105 103 19 3


=== Second read: Adapter 2 ===

Sequence: AGATCGGAAGAGCGTCGTGTAGGGAAAGAGTGT; Type: regular 3'; Length: 33; Trimmed: 3127046 times

Minimum overlap: 3
No. of allowed errors:
1-9 bp: 0; 10-19 bp: 1; 20-29 bp: 2; 30-33 bp: 3

Bases preceding removed adapters:
  A: 21.0%
  C: 28.7%
  G: 31.4%
  T: 18.8%
  none/other: 0.0%

Overview of removed sequences
length	count	expect	max.err	error counts
3	679186	533384.6	0	679186
4	265795	133346.1	0	265795
5	164650	33336.5	0	164650
6	140968	8334.1	0	140968
7	132534	2083.5	0	132534
8	122967	520.9	0	122967
9	116117	130.2	0	115141 976
10	107547	32.6	1	103275 4272
11	99298	8.1	1	95510 3788
12	96177	2.0	1	92437 3740
13	89361	0.5	1	85761 3600
14	90306	0.1	1	86323 3983
15	79756	0.0	1	76093 3663
16	78902	0.0	1	75147 3755
17	76102	0.0	1	72261 3841
18	69460	0.0	1	65846 3315 299
19	63131	0.0	1	59704 3304 123
20	56518	0.0	2	52782 3141 595
21	50537	0.0	2	47201 2916 420
22	46269	0.0	2	42924 2880 465
23	43739	0.0	2	40482 2744 513
24	41095	0.0	2	38021 2642 432
25	37707	0.0	2	34984 2366 357
26	36901	0.0	2	33945 2475 481
27	35296	0.0	2	32319 2376 592 9
28	31669	0.0	2	29000 2119 507 43
29	28518	0.0	2	25969 2169 362 18
30	27925	0.0	3	25153 2094 434 244
31	20036	0.0	3	18167 1492 265 112
32	19955	0.0	3	17758 1682 304 211
33	17470	0.0	3	15651 1471 207 141
34	15577	0.0	3	13934 1306 218 119
35	14937	0.0	3	13339 1224 230 144
36	14108	0.0	3	12625 1128 196 159
37	12716	0.0	3	11379 995 180 162
38	12068	0.0	3	10736 965 189 178
39	10772	0.0	3	9629 880 135 128
40	9639	0.0	3	8486 832 165 156
41	8087	0.0	3	7202 652 132 101
42	7725	0.0	3	6775 646 174 130
43	5856	0.0	3	5218 492 91 55
44	5560	0.0	3	4824 477 129 130
45	4756	0.0	3	4136 381 144 95
46	4215	0.0	3	3637 386 103 89
47	3792	0.0	3	3225 338 112 117
48	3524	0.0	3	3013 314 115 82
49	3093	0.0	3	2609 293 103 88
50	2657	0.0	3	2200 295 91 71
51	2347	0.0	3	1992 226 72 57
52	2005	0.0	3	1685 195 70 55
53	1665	0.0	3	1355 164 68 78
54	1581	0.0	3	1188 193 116 84
55	1022	0.0	3	840 110 38 34
56	1074	0.0	3	773 149 73 79
57	1129	0.0	3	783 168 94 84
58	787	0.0	3	594 88 53 52
59	734	0.0	3	539 94 53 48
60	851	0.0	3	595 117 71 68
61	574	0.0	3	390 85 52 47
62	577	0.0	3	394 89 52 42
63	790	0.0	3	458 143 102 87
64	448	0.0	3	276 79 53 40
65	410	0.0	3	264 63 51 32
66	350	0.0	3	205 61 33 51
67	416	0.0	3	235 95 42 44
68	423	0.0	3	235 86 60 42
69	385	0.0	3	223 63 53 46
70	389	0.0	3	214 72 51 52
71	355	0.0	3	218 64 36 37
72	325	0.0	3	177 62 49 37
73	305	0.0	3	183 59 35 28
74	344	0.0	3	193 69 45 37
75	267	0.0	3	142 58 30 37
76	264	0.0	3	147 44 42 31
77	261	0.0	3	136 62 32 31
78	221	0.0	3	119 40 28 34
79	194	0.0	3	117 35 25 17
80	171	0.0	3	102 28 25 16
81	140	0.0	3	81 19 16 24
82	100	0.0	3	56 18 16 10
83	75	0.0	3	37 17 14 7
84	80	0.0	3	43 16 9 12
85	50	0.0	3	20 7 12 11
86	57	0.0	3	33 10 7 7
87	33	0.0	3	18 7 4 4
88	33	0.0	3	18 10 4 1
89	37	0.0	3	22 9 3 3
90	30	0.0	3	19 7 3 1
91	35	0.0	3	14 16 2 3
92	31	0.0	3	12 15 0 4
93	27	0.0	3	12 10 1 4
94	25	0.0	3	10 10 2 3
95	14	0.0	3	9 3 0 2
96	29	0.0	3	13 14 0 2
97	37	0.0	3	13 17 4 3
98	52	0.0	3	23 20 6 3
99	120	0.0	3	60 52 5 3
100	144	0.0	3	58 72 9 5
101	259	0.0	3	121 121 14 3
