This is cutadapt 3.5 with Python 3.6.8
Command line parameters: -o /home/lspencer/2022-redking-OA/trimmed/Tank_4_Crab_1.trimmed.R1.v2.fastq.gz -p /home/lspencer/2022-redking-OA/trimmed/Tank_4_Crab_1.trimmed.R2.v2.fastq.gz -a AGATCGGAAGAGCACACGTCTGAACTCCAGTCA -A AGATCGGAAGAGCGTCGTGTAGGGAAAGAGTGT -q 20,15 -m 50 --trim-n --cores=8 /share/nwfsc/ggoetz/red_king_crab/illumina/Tank_4_Crab_1_R1.fastq.gz /share/nwfsc/ggoetz/red_king_crab/illumina/Tank_4_Crab_1_R2.fastq.gz
Processing reads on 8 cores in paired-end mode ...
Finished in 477.87 s (8 us/read; 7.85 M reads/minute).

=== Summary ===

Total read pairs processed:         62,528,198
  Read 1 with adapter:               5,811,520 (9.3%)
  Read 2 with adapter:               5,501,487 (8.8%)

== Read fate breakdown ==
Pairs that were too short:             105,056 (0.2%)
Pairs written (passing filters):    62,423,142 (99.8%)

Total basepairs processed: 12,630,695,996 bp
  Read 1: 6,315,347,998 bp
  Read 2: 6,315,347,998 bp
Quality-trimmed:              23,420,769 bp (0.2%)
  Read 1:     5,542,972 bp
  Read 2:    17,877,797 bp
Total written (filtered):  12,456,983,455 bp (98.6%)
  Read 1: 6,231,968,885 bp
  Read 2: 6,225,014,570 bp

=== First read: Adapter 1 ===

Sequence: AGATCGGAAGAGCACACGTCTGAACTCCAGTCA; Type: regular 3'; Length: 33; Trimmed: 5811520 times

Minimum overlap: 3
No. of allowed errors:
1-9 bp: 0; 10-19 bp: 1; 20-29 bp: 2; 30-33 bp: 3

Bases preceding removed adapters:
  A: 27.3%
  C: 28.0%
  G: 34.3%
  T: 10.3%
  none/other: 0.1%

Overview of removed sequences
length	count	expect	max.err	error counts
3	1503170	977003.1	0	1503170
4	490058	244250.8	0	490058
5	294157	61062.7	0	294157
6	250184	15265.7	0	250184
7	237094	3816.4	0	237094
8	214048	954.1	0	214048
9	204512	238.5	0	202321 2191
10	189182	59.6	1	181500 7682
11	168290	14.9	1	162052 6238
12	158364	3.7	1	152591 5773
13	150356	0.9	1	144414 5942
14	143462	0.2	1	137773 5689
15	141298	0.1	1	134985 6313
16	135466	0.0	1	129201 6265
17	133714	0.0	1	126845 6869
18	125027	0.0	1	118678 6212 137
19	110623	0.0	1	104841 5583 199
20	99675	0.0	2	93294 5744 637
21	87941	0.0	2	82252 5128 561
22	78953	0.0	2	73730 4713 510
23	71223	0.0	2	66368 4408 447
24	69092	0.0	2	63627 4886 579
25	65970	0.0	2	60790 4580 600
26	63036	0.0	2	58075 4557 404
27	60113	0.0	2	55329 4298 464 22
28	58000	0.0	2	52896 4449 572 83
29	51361	0.0	2	46864 3925 517 55
30	46500	0.0	3	42275 3624 440 161
31	40076	0.0	3	36423 3176 390 87
32	34875	0.0	3	31436 2964 352 123
33	30209	0.0	3	27194 2610 301 104
34	28609	0.0	3	25550 2579 339 141
35	24907	0.0	3	22500 2084 235 88
36	23760	0.0	3	21301 2031 311 117
37	22974	0.0	3	20653 1910 305 106
38	22678	0.0	3	20166 2078 312 122
39	20315	0.0	3	18286 1644 247 138
40	18733	0.0	3	16893 1513 222 105
41	16155	0.0	3	14531 1366 163 95
42	14232	0.0	3	12727 1230 173 102
43	12425	0.0	3	11167 1034 141 83
44	10717	0.0	3	9641 899 121 56
45	9313	0.0	3	8385 777 97 54
46	8329	0.0	3	7447 726 106 50
47	7476	0.0	3	6677 654 92 53
48	7064	0.0	3	6287 630 95 52
49	6671	0.0	3	6011 543 78 39
50	6265	0.0	3	5559 575 81 50
51	6902	0.0	3	6228 535 85 54
52	3488	0.0	3	3103 299 49 37
53	3394	0.0	3	3039 271 58 26
54	3061	0.0	3	2713 284 41 23
55	2739	0.0	3	2370 264 72 33
56	2239	0.0	3	1951 206 52 30
57	2008	0.0	3	1769 165 44 30
58	1819	0.0	3	1599 166 32 22
59	1838	0.0	3	1600 172 44 22
60	1678	0.0	3	1469 145 33 31
61	1478	0.0	3	1258 151 38 31
62	1244	0.0	3	1097 91 34 22
63	1014	0.0	3	848 109 36 21
64	608	0.0	3	509 61 25 13
65	618	0.0	3	497 65 33 23
66	480	0.0	3	398 54 15 13
67	445	0.0	3	359 47 20 19
68	486	0.0	3	375 58 30 23
69	332	0.0	3	271 41 11 9
70	302	0.0	3	222 37 24 19
71	286	0.0	3	208 47 16 15
72	217	0.0	3	145 48 14 10
73	219	0.0	3	159 35 13 12
74	211	0.0	3	149 38 12 12
75	151	0.0	3	110 17 14 10
76	140	0.0	3	103 16 10 11
77	195	0.0	3	148 31 9 7
78	140	0.0	3	106 26 5 3
79	127	0.0	3	86 29 6 6
80	114	0.0	3	82 21 10 1
81	323	0.0	3	189 108 20 6
82	79	0.0	3	63 13 2 1
83	76	0.0	3	62 12 0 2
84	117	0.0	3	72 42 2 1
85	170	0.0	3	90 69 9 2
86	168	0.0	3	76 82 9 1
87	149	0.0	3	64 80 5
88	195	0.0	3	94 95 5 1
89	170	0.0	3	90 75 5
90	149	0.0	3	73 70 5 1
91	151	0.0	3	78 66 7
92	137	0.0	3	63 66 8
93	143	0.0	3	61 74 8
94	150	0.0	3	64 81 5
95	147	0.0	3	69 67 8 3
96	173	0.0	3	73 82 15 3
97	253	0.0	3	107 134 12
98	373	0.0	3	145 209 19
99	801	0.0	3	376 387 34 4
100	1075	0.0	3	465 548 55 7
101	1896	0.0	3	843 962 86 5


=== Second read: Adapter 2 ===

Sequence: AGATCGGAAGAGCGTCGTGTAGGGAAAGAGTGT; Type: regular 3'; Length: 33; Trimmed: 5501487 times

Minimum overlap: 3
No. of allowed errors:
1-9 bp: 0; 10-19 bp: 1; 20-29 bp: 2; 30-33 bp: 3

Bases preceding removed adapters:
  A: 21.6%
  C: 29.7%
  G: 29.5%
  T: 19.0%
  none/other: 0.1%

Overview of removed sequences
length	count	expect	max.err	error counts
3	1233763	977003.1	0	1233763
4	457477	244250.8	0	457477
5	280832	61062.7	0	280832
6	244794	15265.7	0	244794
7	233989	3816.4	0	233989
8	213878	954.1	0	213878
9	204202	238.5	0	202400 1802
10	186709	59.6	1	178376 8333
11	169792	14.9	1	162463 7329
12	161518	3.7	1	154559 6959
13	147203	0.9	1	140475 6728
14	158822	0.2	1	151000 7822
15	128273	0.1	1	121353 6920
16	134847	0.0	1	126912 7935
17	150199	0.0	1	141024 9175
18	104980	0.0	1	98825 5535 620
19	117688	0.0	1	109927 7539 222
20	94092	0.0	2	87002 6004 1086
21	86021	0.0	2	79124 5856 1041
22	78408	0.0	2	71908 5449 1051
23	72446	0.0	2	66165 5200 1081
24	69382	0.0	2	63318 5049 1015
25	63385	0.0	2	58018 4662 705
26	63640	0.0	2	57796 4768 1076
27	61253	0.0	2	55264 4729 1243 17
28	56782	0.0	2	51519 4158 1016 89
29	50905	0.0	2	45795 4321 755 34
30	54849	0.0	3	48587 4692 1053 517
31	32157	0.0	3	28805 2638 460 254
32	36411	0.0	3	32093 3295 632 391
33	29542	0.0	3	26211 2693 423 215
34	28242	0.0	3	24867 2614 479 282
35	25103	0.0	3	22182 2267 398 256
36	24671	0.0	3	21839 2191 368 273
37	22978	0.0	3	20317 2116 321 224
38	22250	0.0	3	19655 2056 319 220
39	22332	0.0	3	19501 2143 422 266
40	17672	0.0	3	15635 1613 267 157
41	16572	0.0	3	14541 1581 277 173
42	14905	0.0	3	12970 1440 295 200
43	12480	0.0	3	11004 1128 211 137
44	11197	0.0	3	9688 1092 256 161
45	9681	0.0	3	8430 888 198 165
46	8906	0.0	3	7739 771 226 170
47	7877	0.0	3	6751 794 171 161
48	7469	0.0	3	6415 707 205 142
49	7260	0.0	3	6224 728 175 133
50	6587	0.0	3	5569 712 164 142
51	5702	0.0	3	4924 515 145 118
52	4987	0.0	3	4267 486 131 103
53	4345	0.0	3	3619 458 153 115
54	4040	0.0	3	3260 463 185 132
55	2789	0.0	3	2356 289 75 69
56	2761	0.0	3	2155 347 138 121
57	2897	0.0	3	2138 386 196 177
58	2123	0.0	3	1754 211 84 74
59	2106	0.0	3	1737 216 83 70
60	2296	0.0	3	1711 314 145 126
61	1825	0.0	3	1422 234 85 84
62	1630	0.0	3	1237 222 93 78
63	1738	0.0	3	1099 306 181 152
64	1017	0.0	3	691 133 93 100
65	1002	0.0	3	655 178 90 79
66	836	0.0	3	545 133 83 75
67	832	0.0	3	527 151 82 72
68	913	0.0	3	569 161 86 97
69	750	0.0	3	469 133 76 72
70	682	0.0	3	383 135 80 84
71	702	0.0	3	391 147 76 88
72	606	0.0	3	333 130 73 70
73	565	0.0	3	295 117 72 81
74	569	0.0	3	308 133 66 62
75	482	0.0	3	264 97 63 58
76	470	0.0	3	235 96 76 63
77	412	0.0	3	227 86 60 39
78	368	0.0	3	206 69 55 38
79	299	0.0	3	134 85 43 37
80	366	0.0	3	200 81 54 31
81	395	0.0	3	158 122 63 52
82	167	0.0	3	86 51 16 14
83	160	0.0	3	81 48 15 16
84	145	0.0	3	65 41 17 22
85	148	0.0	3	67 43 23 15
86	119	0.0	3	58 33 15 13
87	116	0.0	3	44 41 19 12
88	105	0.0	3	49 36 12 8
89	123	0.0	3	48 54 11 10
90	114	0.0	3	51 46 11 6
91	115	0.0	3	50 56 5 4
92	127	0.0	3	56 59 8 4
93	138	0.0	3	52 69 14 3
94	128	0.0	3	38 74 11 5
95	155	0.0	3	70 78 5 2
96	163	0.0	3	65 76 17 5
97	259	0.0	3	123 123 10 3
98	384	0.0	3	169 185 27 3
99	786	0.0	3	340 390 46 10
100	1165	0.0	3	472 610 72 11
101	1944	0.0	3	872 989 73 10
