This is cutadapt 3.5 with Python 3.6.8
Command line parameters: -o /home/lspencer/2022-redking-OA/trimmed/Tank_9_Crab_4.trimmed.R1.v1.fastq.gz -p /home/lspencer/2022-redking-OA/trimmed/Tank_9_Crab_4.trimmed.R2.v1.fastq.gz -a AGATCGGAAGAGCACACGTCTGAACTCCAGTCA -A AGATCGGAAGAGCGTCGTGTAGGGAAAGAGTGT -q 15,10 -m 50 --trim-n --cores=8 /share/nwfsc/ggoetz/red_king_crab/illumina/Tank_9_Crab_4_R1.fastq.gz /share/nwfsc/ggoetz/red_king_crab/illumina/Tank_9_Crab_4_R2.fastq.gz
Processing reads on 8 cores in paired-end mode ...
Finished in 428.57 s (8 us/read; 7.87 M reads/minute).

=== Summary ===

Total read pairs processed:         56,248,864
  Read 1 with adapter:               5,066,648 (9.0%)
  Read 2 with adapter:               4,839,811 (8.6%)

== Read fate breakdown ==
Pairs that were too short:              41,563 (0.1%)
Pairs written (passing filters):    56,207,301 (99.9%)

Total basepairs processed: 11,362,270,528 bp
  Read 1: 5,681,135,264 bp
  Read 2: 5,681,135,264 bp
Quality-trimmed:               4,664,574 bp (0.0%)
  Read 1:       884,053 bp
  Read 2:     3,780,521 bp
Total written (filtered):  11,234,357,008 bp (98.9%)
  Read 1: 5,618,276,833 bp
  Read 2: 5,616,080,175 bp

=== First read: Adapter 1 ===

Sequence: AGATCGGAAGAGCACACGTCTGAACTCCAGTCA; Type: regular 3'; Length: 33; Trimmed: 5066648 times

Minimum overlap: 3
No. of allowed errors:
1-9 bp: 0; 10-19 bp: 1; 20-29 bp: 2; 30-33 bp: 3

Bases preceding removed adapters:
  A: 28.6%
  C: 29.7%
  G: 32.2%
  T: 9.5%
  none/other: 0.0%

Overview of removed sequences
length	count	expect	max.err	error counts
3	1322405	878888.5	0	1322405
4	440868	219722.1	0	440868
5	278710	54930.5	0	278710
6	234310	13732.6	0	234310
7	213135	3433.2	0	213135
8	192140	858.3	0	192140
9	172658	214.6	0	170770 1888
10	157454	53.6	1	150298 7156
11	141353	13.4	1	135470 5883
12	130652	3.4	1	125156 5496
13	124904	0.8	1	119388 5516
14	123856	0.2	1	118148 5708
15	124336	0.1	1	118071 6265
16	122243	0.0	1	115734 6509
17	117558	0.0	1	111168 6390
18	107826	0.0	1	101488 6080 258
19	93997	0.0	1	88139 5602 256
20	81104	0.0	2	75451 5062 591
21	70324	0.0	2	65062 4637 625
22	62171	0.0	2	57450 4246 475
23	57901	0.0	2	53430 3901 570
24	56345	0.0	2	51651 4213 481
25	55744	0.0	2	50773 4433 538
26	55350	0.0	2	50168 4616 566
27	53523	0.0	2	48583 4326 572 42
28	49753	0.0	2	44956 4199 524 74
29	44529	0.0	2	39900 3932 545 152
30	37960	0.0	3	33846 3483 446 185
31	32149	0.0	3	28588 2954 454 153
32	27643	0.0	3	24416 2777 335 115
33	24559	0.0	3	21708 2439 295 117
34	22579	0.0	3	20007 2190 296 86
35	21314	0.0	3	18839 2104 281 90
36	20966	0.0	3	18512 2079 269 106
37	20401	0.0	3	18005 1972 298 126
38	19988	0.0	3	17728 1919 234 107
39	18055	0.0	3	15980 1734 238 103
40	16265	0.0	3	14417 1546 225 77
41	13850	0.0	3	12275 1317 178 80
42	11702	0.0	3	10335 1145 134 88
43	10159	0.0	3	8954 1013 141 51
44	8828	0.0	3	7837 810 130 51
45	7499	0.0	3	6597 746 113 43
46	6854	0.0	3	6029 668 105 52
47	6469	0.0	3	5719 601 112 37
48	6462	0.0	3	5669 666 97 30
49	6230	0.0	3	5514 590 80 46
50	5744	0.0	3	5075 567 66 36
51	4867	0.0	3	4271 482 80 34
52	4005	0.0	3	3556 355 60 34
53	3368	0.0	3	2956 336 51 25
54	2650	0.0	3	2330 247 47 26
55	2150	0.0	3	1868 217 39 26
56	1857	0.0	3	1617 178 33 29
57	1768	0.0	3	1530 181 33 24
58	1848	0.0	3	1617 186 30 15
59	1746	0.0	3	1501 181 43 21
60	1586	0.0	3	1350 170 50 16
61	1217	0.0	3	1031 132 34 20
62	956	0.0	3	783 117 30 26
63	870	0.0	3	687 112 43 28
64	614	0.0	3	495 67 21 31
65	441	0.0	3	350 60 13 18
66	472	0.0	3	370 67 24 11
67	367	0.0	3	284 45 22 16
68	372	0.0	3	289 48 20 15
69	355	0.0	3	266 49 25 15
70	302	0.0	3	223 35 22 22
71	223	0.0	3	150 43 16 14
72	227	0.0	3	142 44 22 19
73	166	0.0	3	120 20 16 10
74	164	0.0	3	102 29 24 9
75	134	0.0	3	88 21 15 10
76	151	0.0	3	110 19 12 10
77	145	0.0	3	102 25 10 8
78	116	0.0	3	77 24 6 9
79	80	0.0	3	55 12 5 8
80	79	0.0	3	64 9 4 2
81	59	0.0	3	44 12 2 1
82	49	0.0	3	39 7 3
83	49	0.0	3	41 5 2 1
84	55	0.0	3	44 8 2 1
85	26	0.0	3	25 1
86	23	0.0	3	21 1 1
87	29	0.0	3	26 1 1 1
88	17	0.0	3	16 1
89	18	0.0	3	11 4 1 2
90	10	0.0	3	10
91	3	0.0	3	2 0 0 1
92	5	0.0	3	5
93	4	0.0	3	1 1 2
94	2	0.0	3	0 1 0 1
95	2	0.0	3	2
96	2	0.0	3	1 0 1
97	1	0.0	3	0 0 0 1
98	2	0.0	3	0 0 0 2
99	3	0.0	3	3
100	36	0.0	3	4 23 5 4
101	2132	0.0	3	1846 256 20 10


=== Second read: Adapter 2 ===

Sequence: AGATCGGAAGAGCGTCGTGTAGGGAAAGAGTGT; Type: regular 3'; Length: 33; Trimmed: 4839811 times

Minimum overlap: 3
No. of allowed errors:
1-9 bp: 0; 10-19 bp: 1; 20-29 bp: 2; 30-33 bp: 3

Bases preceding removed adapters:
  A: 21.1%
  C: 27.8%
  G: 31.3%
  T: 19.8%
  none/other: 0.0%

Overview of removed sequences
length	count	expect	max.err	error counts
3	1113777	878888.5	0	1113777
4	425501	219722.1	0	425501
5	268044	54930.5	0	268044
6	228490	13732.6	0	228490
7	213254	3433.2	0	213254
8	192729	858.3	0	192729
9	172884	214.6	0	171187 1697
10	158029	53.6	1	150967 7062
11	141815	13.4	1	136035 5780
12	130893	3.4	1	125843 5050
13	125058	0.8	1	119871 5187
14	124076	0.2	1	118697 5379
15	124207	0.1	1	116940 7267
16	122089	0.0	1	115525 6564
17	117309	0.0	1	111208 6101
18	107031	0.0	1	100429 6354 248
19	93477	0.0	1	88031 5231 215
20	80939	0.0	2	75198 4471 1270
21	70154	0.0	2	64910 4324 920
22	62142	0.0	2	57579 3853 710
23	57826	0.0	2	53359 3634 833
24	56282	0.0	2	51929 3664 689
25	55773	0.0	2	51340 3699 734
26	55243	0.0	2	50755 3597 891
27	53401	0.0	2	48892 3597 905 7
28	49607	0.0	2	45228 3382 937 60
29	44411	0.0	2	40334 3358 655 64
30	38097	0.0	3	34254 2876 621 346
31	32204	0.0	3	28386 2964 555 299
32	27800	0.0	3	24656 2451 438 255
33	24716	0.0	3	21946 2172 398 200
34	22718	0.0	3	20190 1969 358 201
35	21530	0.0	3	19069 1844 360 257
36	21125	0.0	3	18817 1736 352 220
37	20619	0.0	3	18458 1627 334 200
38	20263	0.0	3	17971 1730 337 225
39	18302	0.0	3	16267 1520 306 209
40	16494	0.0	3	14700 1330 270 194
41	14191	0.0	3	12534 1189 266 202
42	11940	0.0	3	10536 1050 200 154
43	10435	0.0	3	9230 869 203 133
44	9083	0.0	3	7975 781 208 119
45	7846	0.0	3	6857 695 193 101
46	7183	0.0	3	6219 656 181 127
47	6806	0.0	3	5931 586 161 128
48	6795	0.0	3	5907 585 169 134
49	6550	0.0	3	5751 527 154 118
50	6079	0.0	3	5233 591 147 108
51	5205	0.0	3	4528 427 128 122
52	4345	0.0	3	3697 407 141 100
53	3681	0.0	3	3096 355 128 102
54	2974	0.0	3	2503 281 97 93
55	2506	0.0	3	2040 251 109 106
56	2159	0.0	3	1748 225 103 83
57	2108	0.0	3	1660 233 102 113
58	2169	0.0	3	1765 207 108 89
59	2080	0.0	3	1651 226 108 95
60	1899	0.0	3	1533 206 77 83
61	1585	0.0	3	1187 209 92 97
62	1286	0.0	3	965 156 86 79
63	1170	0.0	3	838 154 97 81
64	949	0.0	3	624 147 90 88
65	750	0.0	3	466 132 75 77
66	788	0.0	3	520 132 69 67
67	658	0.0	3	408 110 75 65
68	678	0.0	3	407 115 82 74
69	646	0.0	3	388 111 77 70
70	567	0.0	3	332 95 80 60
71	479	0.0	3	271 81 55 72
72	475	0.0	3	244 89 83 59
73	419	0.0	3	202 88 60 69
74	414	0.0	3	214 97 42 61
75	382	0.0	3	190 77 48 67
76	353	0.0	3	182 58 69 44
77	331	0.0	3	181 57 45 48
78	260	0.0	3	131 55 25 49
79	207	0.0	3	106 38 29 34
80	166	0.0	3	92 29 26 19
81	125	0.0	3	66 29 14 16
82	104	0.0	3	56 14 13 21
83	100	0.0	3	61 16 7 16
84	99	0.0	3	62 12 11 14
85	64	0.0	3	30 13 7 14
86	58	0.0	3	25 12 15 6
87	52	0.0	3	32 6 6 8
88	44	0.0	3	19 11 3 11
89	33	0.0	3	18 5 5 5
90	22	0.0	3	11 3 2 6
91	8	0.0	3	2 0 4 2
92	11	0.0	3	6 2 1 2
93	5	0.0	3	1 2 0 2
94	4	0.0	3	0 1 2 1
95	7	0.0	3	1 0 3 3
96	8	0.0	3	0 1 3 4
97	4	0.0	3	1 0 1 2
98	3	0.0	3	0 0 0 3
99	5	0.0	3	1 0 1 3
100	64	0.0	3	2 51 8 3
101	2085	0.0	3	1815 236 25 9
