This is cutadapt 3.5 with Python 3.6.8
Command line parameters: -o /home/lspencer/2022-redking-OA/trimmed/Tank_2_Crab_3.trimmed.R1.v2.fastq.gz -p /home/lspencer/2022-redking-OA/trimmed/Tank_2_Crab_3.trimmed.R2.v2.fastq.gz -a AGATCGGAAGAGCACACGTCTGAACTCCAGTCA -A AGATCGGAAGAGCGTCGTGTAGGGAAAGAGTGT -q 20,15 -m 50 --trim-n --cores=8 /share/nwfsc/ggoetz/red_king_crab/illumina/Tank_2_Crab_3_R1.fastq.gz /share/nwfsc/ggoetz/red_king_crab/illumina/Tank_2_Crab_3_R2.fastq.gz
Processing reads on 8 cores in paired-end mode ...
Finished in 374.85 s (8 us/read; 7.91 M reads/minute).

=== Summary ===

Total read pairs processed:         49,422,262
  Read 1 with adapter:               6,574,747 (13.3%)
  Read 2 with adapter:               6,375,567 (12.9%)

== Read fate breakdown ==
Pairs that were too short:             114,250 (0.2%)
Pairs written (passing filters):    49,308,012 (99.8%)

Total basepairs processed: 9,983,296,924 bp
  Read 1: 4,991,648,462 bp
  Read 2: 4,991,648,462 bp
Quality-trimmed:              17,051,791 bp (0.2%)
  Read 1:     4,389,176 bp
  Read 2:    12,662,615 bp
Total written (filtered):  9,773,628,253 bp (97.9%)
  Read 1: 4,889,038,801 bp
  Read 2: 4,884,589,452 bp

=== First read: Adapter 1 ===

Sequence: AGATCGGAAGAGCACACGTCTGAACTCCAGTCA; Type: regular 3'; Length: 33; Trimmed: 6574747 times

Minimum overlap: 3
No. of allowed errors:
1-9 bp: 0; 10-19 bp: 1; 20-29 bp: 2; 30-33 bp: 3

Bases preceding removed adapters:
  A: 25.8%
  C: 34.6%
  G: 31.1%
  T: 8.2%
  none/other: 0.2%

Overview of removed sequences
length	count	expect	max.err	error counts
3	1230286	772222.8	0	1230286
4	463418	193055.7	0	463418
5	338644	48263.9	0	338644
6	298565	12066.0	0	298565
7	278948	3016.5	0	278948
8	247884	754.1	0	247884
9	231400	188.5	0	229652 1748
10	218032	47.1	1	209933 8099
11	198040	11.8	1	191035 7005
12	192401	2.9	1	185727 6674
13	195772	0.7	1	188195 7577
14	191059	0.2	1	184307 6752
15	194337	0.0	1	185597 8740
16	184197	0.0	1	176074 8123
17	178062	0.0	1	169391 8671
18	161746	0.0	1	153799 7801 146
19	140020	0.0	1	133272 6548 200
20	124482	0.0	2	116936 6748 798
21	111197	0.0	2	104459 6007 731
22	103069	0.0	2	96525 5967 577
23	95980	0.0	2	89939 5489 552
24	97509	0.0	2	90414 6361 734
25	96435	0.0	2	88923 6619 893
26	93285	0.0	2	86443 6284 558
27	88300	0.0	2	81571 6006 685 38
28	82549	0.0	2	75421 6126 877 125
29	70249	0.0	2	64373 5212 573 91
30	62325	0.0	3	56743 4849 519 214
31	52857	0.0	3	48078 4189 466 124
32	47318	0.0	3	42949 3758 455 156
33	40650	0.0	3	36871 3305 367 107
34	38729	0.0	3	35015 3250 346 118
35	39405	0.0	3	35405 3373 434 193
36	35691	0.0	3	32425 2863 303 100
37	35634	0.0	3	32154 2971 378 131
38	35041	0.0	3	31550 2923 416 152
39	30386	0.0	3	27618 2370 297 101
40	28298	0.0	3	25563 2325 282 128
41	24388	0.0	3	22140 1969 215 64
42	20703	0.0	3	18734 1660 233 76
43	17703	0.0	3	16093 1381 166 63
44	15313	0.0	3	13934 1183 126 70
45	13021	0.0	3	11783 1054 131 53
46	11758	0.0	3	10634 955 116 53
47	11275	0.0	3	10155 959 109 52
48	11533	0.0	3	10458 910 101 64
49	11084	0.0	3	10038 909 94 43
50	10392	0.0	3	9379 903 82 28
51	11429	0.0	3	10473 804 108 44
52	5049	0.0	3	4576 388 55 30
53	5357	0.0	3	4861 415 57 24
54	4609	0.0	3	4167 378 45 19
55	4054	0.0	3	3637 325 56 36
56	3613	0.0	3	3249 282 53 29
57	3245	0.0	3	2895 287 37 26
58	3451	0.0	3	3115 284 36 16
59	3290	0.0	3	2998 240 34 18
60	3136	0.0	3	2831 242 31 32
61	2510	0.0	3	2233 212 42 23
62	2038	0.0	3	1778 199 32 29
63	1789	0.0	3	1600 136 36 17
64	1130	0.0	3	1001 97 16 16
65	1049	0.0	3	883 116 25 25
66	717	0.0	3	619 70 18 10
67	761	0.0	3	649 84 16 12
68	752	0.0	3	632 66 31 23
69	646	0.0	3	565 58 12 11
70	666	0.0	3	524 88 34 20
71	412	0.0	3	325 55 16 16
72	342	0.0	3	275 40 10 17
73	272	0.0	3	216 37 11 8
74	206	0.0	3	156 28 12 10
75	151	0.0	3	109 23 14 5
76	134	0.0	3	94 17 14 9
77	429	0.0	3	335 65 20 9
78	193	0.0	3	150 31 6 6
79	210	0.0	3	173 22 9 6
80	244	0.0	3	194 32 14 4
81	996	0.0	3	740 185 52 19
82	104	0.0	3	86 12 4 2
83	152	0.0	3	92 49 6 5
84	128	0.0	3	109 15 3 1
85	180	0.0	3	154 16 6 4
86	254	0.0	3	215 33 4 2
87	290	0.0	3	250 31 5 4
88	323	0.0	3	289 29 3 2
89	315	0.0	3	277 34 4
90	290	0.0	3	254 31 4 1
91	301	0.0	3	260 41
92	290	0.0	3	258 29 1 2
93	307	0.0	3	276 29 1 1
94	294	0.0	3	264 27 2 1
95	273	0.0	3	245 25 2 1
96	342	0.0	3	313 26 1 2
97	446	0.0	3	384 55 4 3
98	733	0.0	3	628 96 9
99	1596	0.0	3	1395 180 18 3
100	2107	0.0	3	1819 253 32 3
101	3772	0.0	3	3302 427 30 13


=== Second read: Adapter 2 ===

Sequence: AGATCGGAAGAGCGTCGTGTAGGGAAAGAGTGT; Type: regular 3'; Length: 33; Trimmed: 6375567 times

Minimum overlap: 3
No. of allowed errors:
1-9 bp: 0; 10-19 bp: 1; 20-29 bp: 2; 30-33 bp: 3

Bases preceding removed adapters:
  A: 17.0%
  C: 30.1%
  G: 33.6%
  T: 19.1%
  none/other: 0.2%

Overview of removed sequences
length	count	expect	max.err	error counts
3	1041319	772222.8	0	1041319
4	448304	193055.7	0	448304
5	328031	48263.9	0	328031
6	295493	12066.0	0	295493
7	277749	3016.5	0	277749
8	251123	754.1	0	251123
9	233602	188.5	0	231767 1835
10	218535	47.1	1	209780 8755
11	200923	11.8	1	193442 7481
12	198250	2.9	1	191039 7211
13	190963	0.7	1	183851 7112
14	219284	0.2	1	210183 9101
15	171958	0.0	1	164211 7747
16	185254	0.0	1	176139 9115
17	200145	0.0	1	189945 10200
18	136969	0.0	1	130296 6342 331
19	148591	0.0	1	140230 8155 206
20	118107	0.0	2	110947 6164 996
21	109458	0.0	2	101769 6513 1176
22	102073	0.0	2	94410 6496 1167
23	97506	0.0	2	90028 6334 1144
24	98096	0.0	2	90628 6487 981
25	92910	0.0	2	85891 6092 927
26	94670	0.0	2	86854 6337 1479
27	89947	0.0	2	81751 6575 1597 24
28	80756	0.0	2	73727 5607 1325 97
29	70099	0.0	2	63378 5676 1000 45
30	70408	0.0	3	63034 5562 1161 651
31	44526	0.0	3	40227 3530 541 228
32	47446	0.0	3	42153 4131 727 435
33	40981	0.0	3	36748 3569 492 172
34	38705	0.0	3	34539 3393 493 280
35	38890	0.0	3	34644 3417 556 273
36	36528	0.0	3	32598 3191 481 258
37	35271	0.0	3	31514 3130 400 227
38	34923	0.0	3	30943 3168 516 296
39	29957	0.0	3	26847 2593 360 157
40	28002	0.0	3	24913 2492 360 237
41	24146	0.0	3	21705 2057 276 108
42	21031	0.0	3	18618 1911 303 199
43	17452	0.0	3	15697 1458 204 93
44	15364	0.0	3	13583 1365 267 149
45	13119	0.0	3	11619 1175 203 122
46	11993	0.0	3	10609 1047 219 118
47	11382	0.0	3	9963 1085 208 126
48	11701	0.0	3	10339 982 241 139
49	11262	0.0	3	9952 1006 203 101
50	10355	0.0	3	9146 944 168 97
51	8629	0.0	3	7613 781 123 112
52	7327	0.0	3	6485 655 126 61
53	6242	0.0	3	5488 563 109 82
54	5470	0.0	3	4681 513 153 123
55	3889	0.0	3	3436 350 58 45
56	3905	0.0	3	3300 410 117 78
57	3980	0.0	3	3282 423 143 132
58	3469	0.0	3	3006 325 82 56
59	3311	0.0	3	2917 289 63 42
60	3590	0.0	3	3020 362 113 95
61	2660	0.0	3	2249 273 83 55
62	2229	0.0	3	1853 238 81 57
63	2186	0.0	3	1696 268 124 98
64	1409	0.0	3	1148 147 61 53
65	1233	0.0	3	962 150 63 58
66	960	0.0	3	730 132 54 44
67	986	0.0	3	743 139 55 49
68	1018	0.0	3	723 151 81 63
69	905	0.0	3	663 126 54 62
70	897	0.0	3	625 141 67 64
71	639	0.0	3	431 93 62 53
72	562	0.0	3	372 93 43 54
73	483	0.0	3	298 93 44 48
74	438	0.0	3	266 74 43 55
75	359	0.0	3	203 73 46 37
76	334	0.0	3	175 66 53 40
77	257	0.0	3	136 66 28 27
78	308	0.0	3	173 49 40 46
79	291	0.0	3	112 69 65 45
80	462	0.0	3	187 121 86 68
81	1192	0.0	3	458 327 243 164
82	183	0.0	3	116 31 14 22
83	211	0.0	3	139 33 19 20
84	181	0.0	3	127 30 11 13
85	177	0.0	3	113 34 14 16
86	137	0.0	3	97 24 8 8
87	170	0.0	3	121 31 7 11
88	198	0.0	3	161 28 4 5
89	173	0.0	3	139 25 6 3
90	234	0.0	3	191 31 5 7
91	206	0.0	3	170 27 6 3
92	205	0.0	3	169 29 5 2
93	246	0.0	3	200 34 6 6
94	293	0.0	3	243 41 7 2
95	265	0.0	3	221 39 4 1
96	424	0.0	3	350 62 9 3
97	529	0.0	3	416 96 11 6
98	770	0.0	3	641 112 12 5
99	1542	0.0	3	1254 254 24 10
100	2289	0.0	3	1869 359 46 15
101	3957	0.0	3	3375 504 51 27
