This is cutadapt 3.5 with Python 3.6.8
Command line parameters: -o /home/lspencer/2022-redking-OA/trimmed/Tank_4_Crab_1.trimmed.R1.v1.fastq.gz -p /home/lspencer/2022-redking-OA/trimmed/Tank_4_Crab_1.trimmed.R2.v1.fastq.gz -a AGATCGGAAGAGCACACGTCTGAACTCCAGTCA -A AGATCGGAAGAGCGTCGTGTAGGGAAAGAGTGT -q 15,10 -m 50 --trim-n --cores=8 /share/nwfsc/ggoetz/red_king_crab/illumina/Tank_4_Crab_1_R1.fastq.gz /share/nwfsc/ggoetz/red_king_crab/illumina/Tank_4_Crab_1_R2.fastq.gz
Processing reads on 8 cores in paired-end mode ...
Finished in 479.08 s (8 us/read; 7.83 M reads/minute).

=== Summary ===

Total read pairs processed:         62,528,198
  Read 1 with adapter:               5,831,754 (9.3%)
  Read 2 with adapter:               5,510,823 (8.8%)

== Read fate breakdown ==
Pairs that were too short:              55,433 (0.1%)
Pairs written (passing filters):    62,472,765 (99.9%)

Total basepairs processed: 12,630,695,996 bp
  Read 1: 6,315,347,998 bp
  Read 2: 6,315,347,998 bp
Quality-trimmed:               5,586,537 bp (0.0%)
  Read 1:     1,053,714 bp
  Read 2:     4,532,823 bp
Total written (filtered):  12,479,866,705 bp (98.8%)
  Read 1: 6,241,126,702 bp
  Read 2: 6,238,740,003 bp

=== First read: Adapter 1 ===

Sequence: AGATCGGAAGAGCACACGTCTGAACTCCAGTCA; Type: regular 3'; Length: 33; Trimmed: 5831754 times

Minimum overlap: 3
No. of allowed errors:
1-9 bp: 0; 10-19 bp: 1; 20-29 bp: 2; 30-33 bp: 3

Bases preceding removed adapters:
  A: 27.3%
  C: 27.9%
  G: 34.4%
  T: 10.3%
  none/other: 0.1%

Overview of removed sequences
length	count	expect	max.err	error counts
3	1513207	977003.1	0	1513207
4	495009	244250.8	0	495009
5	295970	61062.7	0	295970
6	251239	15265.7	0	251239
7	233755	3816.4	0	233755
8	216953	954.1	0	216953
9	201972	238.5	0	199736 2236
10	188380	59.6	1	180232 8148
11	170904	14.9	1	164134 6770
12	158559	3.7	1	152359 6200
13	149025	0.9	1	142863 6162
14	144565	0.2	1	138360 6205
15	141032	0.1	1	134438 6594
16	137200	0.0	1	130474 6726
17	132971	0.0	1	126231 6740
18	123814	0.0	1	117335 6219 260
19	111945	0.0	1	105583 6129 233
20	100522	0.0	2	94067 5779 676
21	87938	0.0	2	82016 5247 675
22	78894	0.0	2	73507 4839 548
23	72226	0.0	2	67064 4579 583
24	68126	0.0	2	62790 4811 525
25	65431	0.0	2	60200 4656 575
26	63917	0.0	2	58621 4794 502
27	60674	0.0	2	55707 4367 562 38
28	57310	0.0	2	52353 4309 554 94
29	51856	0.0	2	47164 3982 560 150
30	46192	0.0	3	41922 3584 457 229
31	40537	0.0	3	36615 3311 468 143
32	34724	0.0	3	31247 2990 359 128
33	30796	0.0	3	27599 2746 336 115
34	27533	0.0	3	24714 2437 271 111
35	25753	0.0	3	23104 2230 299 120
36	24096	0.0	3	21600 2062 323 111
37	23093	0.0	3	20755 1914 312 112
38	22277	0.0	3	19834 2031 299 113
39	20403	0.0	3	18402 1639 238 124
40	18785	0.0	3	16871 1550 239 125
41	16367	0.0	3	14681 1402 182 102
42	14203	0.0	3	12716 1215 173 99
43	12469	0.0	3	11214 1038 139 78
44	10772	0.0	3	9649 930 117 76
45	9307	0.0	3	8380 764 107 56
46	8363	0.0	3	7479 730 103 51
47	7462	0.0	3	6669 639 94 60
48	7053	0.0	3	6274 633 98 48
49	6673	0.0	3	6032 535 70 36
50	6175	0.0	3	5513 535 80 47
51	5281	0.0	3	4731 448 68 34
52	4698	0.0	3	4179 402 67 50
53	3837	0.0	3	3442 310 54 31
54	3250	0.0	3	2868 305 47 30
55	2733	0.0	3	2372 258 74 29
56	2259	0.0	3	1955 220 52 32
57	2020	0.0	3	1781 164 43 32
58	1840	0.0	3	1605 167 42 26
59	1839	0.0	3	1589 174 43 33
60	1690	0.0	3	1475 148 43 24
61	1460	0.0	3	1243 149 40 28
62	1246	0.0	3	1114 83 24 25
63	896	0.0	3	746 99 28 23
64	729	0.0	3	610 71 37 11
65	596	0.0	3	483 61 31 21
66	517	0.0	3	418 59 21 19
67	455	0.0	3	361 55 21 18
68	490	0.0	3	382 59 24 25
69	403	0.0	3	303 54 31 15
70	298	0.0	3	225 37 18 18
71	296	0.0	3	218 47 16 15
72	233	0.0	3	152 50 18 13
73	209	0.0	3	151 34 12 12
74	206	0.0	3	139 35 20 12
75	169	0.0	3	122 20 11 16
76	159	0.0	3	109 24 11 15
77	141	0.0	3	100 22 7 12
78	130	0.0	3	98 23 6 3
79	104	0.0	3	70 23 7 4
80	92	0.0	3	70 12 7 3
81	454	0.0	3	280 138 29 7
82	79	0.0	3	64 12 1 2
83	63	0.0	3	52 7 1 3
84	78	0.0	3	66 12
85	49	0.0	3	43 6
86	36	0.0	3	28 7 1
87	29	0.0	3	22 7
88	34	0.0	3	26 6 1 1
89	30	0.0	3	29 0 1
90	15	0.0	3	14 1
91	17	0.0	3	14 2 0 1
92	15	0.0	3	14 1
93	1	0.0	3	1
94	2	0.0	3	2
95	3	0.0	3	3
96	2	0.0	3	1 0 0 1
97	7	0.0	3	4 2 0 1
98	1	0.0	3	1
99	19	0.0	3	17 0 1 1
100	69	0.0	3	14 28 25 2
101	6048	0.0	3	2622 3134 271 21


=== Second read: Adapter 2 ===

Sequence: AGATCGGAAGAGCGTCGTGTAGGGAAAGAGTGT; Type: regular 3'; Length: 33; Trimmed: 5510823 times

Minimum overlap: 3
No. of allowed errors:
1-9 bp: 0; 10-19 bp: 1; 20-29 bp: 2; 30-33 bp: 3

Bases preceding removed adapters:
  A: 21.6%
  C: 29.7%
  G: 29.6%
  T: 19.0%
  none/other: 0.1%

Overview of removed sequences
length	count	expect	max.err	error counts
3	1234985	977003.1	0	1234985
4	462218	244250.8	0	462218
5	283430	61062.7	0	283430
6	244884	15265.7	0	244884
7	232268	3816.4	0	232268
8	216147	954.1	0	216147
9	200474	238.5	0	198602 1872
10	188233	59.6	1	179256 8977
11	170856	14.9	1	163190 7666
12	158618	3.7	1	151664 6954
13	148941	0.9	1	141444 7497
14	144593	0.2	1	137297 7296
15	140442	0.1	1	131288 9154
16	136567	0.0	1	128195 8372
17	132441	0.0	1	124234 8207
18	122566	0.0	1	114036 7907 623
19	111129	0.0	1	103784 7001 344
20	100290	0.0	2	92208 6542 1540
21	87680	0.0	2	80228 6288 1164
22	78665	0.0	2	72145 5461 1059
23	72194	0.0	2	65950 5171 1073
24	67999	0.0	2	62042 4973 984
25	65208	0.0	2	59306 4993 909
26	63619	0.0	2	57746 4804 1069
27	60385	0.0	2	54667 4582 1120 16
28	56870	0.0	2	51285 4307 1173 105
29	51653	0.0	2	46385 4390 794 84
30	46427	0.0	3	41223 3972 841 391
31	40646	0.0	3	35778 3732 753 383
32	34813	0.0	3	30859 3097 546 311
33	30980	0.0	3	27277 2909 501 293
34	27726	0.0	3	24434 2558 465 269
35	25890	0.0	3	22778 2374 448 290
36	24318	0.0	3	21508 2159 376 275
37	23344	0.0	3	20607 2141 333 263
38	22555	0.0	3	19850 2099 364 242
39	20738	0.0	3	18248 1948 336 206
40	19165	0.0	3	16795 1824 331 215
41	16810	0.0	3	14655 1619 326 210
42	14573	0.0	3	12731 1371 280 191
43	12926	0.0	3	11272 1229 241 184
44	11205	0.0	3	9732 1075 240 158
45	9740	0.0	3	8456 920 202 162
46	8789	0.0	3	7659 749 213 168
47	7917	0.0	3	6794 788 186 149
48	7493	0.0	3	6463 687 191 152
49	7134	0.0	3	6118 726 163 127
50	6649	0.0	3	5605 731 174 139
51	5794	0.0	3	4969 539 160 126
52	5161	0.0	3	4356 519 149 137
53	4361	0.0	3	3618 464 165 114
54	3720	0.0	3	3060 397 151 112
55	3156	0.0	3	2571 358 123 104
56	2715	0.0	3	2143 332 129 111
57	2511	0.0	3	1946 311 129 125
58	2297	0.0	3	1825 249 125 98
59	2316	0.0	3	1845 258 104 109
60	2176	0.0	3	1656 295 119 106
61	1888	0.0	3	1444 247 112 85
62	1725	0.0	3	1285 237 107 96
63	1341	0.0	3	940 209 102 90
64	1189	0.0	3	782 184 114 109
65	1029	0.0	3	660 180 104 85
66	915	0.0	3	587 148 86 94
67	877	0.0	3	534 160 92 91
68	887	0.0	3	555 162 86 84
69	817	0.0	3	496 140 94 87
70	737	0.0	3	400 151 90 96
71	718	0.0	3	396 147 88 87
72	628	0.0	3	335 142 75 76
73	551	0.0	3	292 115 69 75
74	577	0.0	3	305 130 61 81
75	498	0.0	3	264 108 71 55
76	478	0.0	3	236 101 74 67
77	418	0.0	3	229 83 63 43
78	389	0.0	3	198 76 67 48
79	287	0.0	3	137 76 40 34
80	242	0.0	3	130 50 32 30
81	458	0.0	3	166 138 87 67
82	193	0.0	3	103 35 24 31
83	132	0.0	3	66 37 17 12
84	139	0.0	3	61 39 19 20
85	131	0.0	3	64 26 21 20
86	94	0.0	3	44 19 16 15
87	78	0.0	3	31 17 18 12
88	69	0.0	3	31 14 11 13
89	54	0.0	3	27 10 6 11
90	31	0.0	3	14 4 8 5
91	24	0.0	3	16 3 1 4
92	32	0.0	3	15 10 2 5
93	6	0.0	3	2 1 2 1
94	10	0.0	3	4 0 4 2
95	10	0.0	3	1 4 0 5
96	14	0.0	3	2 3 7 2
97	14	0.0	3	5 2 3 4
98	11	0.0	3	2 1 6 2
99	13	0.0	3	4 3 1 5
100	176	0.0	3	5 85 71 15
101	5543	0.0	3	2455 2841 227 20
