This is cutadapt 3.5 with Python 3.6.8
Command line parameters: -o /home/lspencer/2022-redking-OA/trimmed/Tank_20_Crab_1.trimmed.R1.v1.fastq.gz -p /home/lspencer/2022-redking-OA/trimmed/Tank_20_Crab_1.trimmed.R2.v1.fastq.gz -a AGATCGGAAGAGCACACGTCTGAACTCCAGTCA -A AGATCGGAAGAGCGTCGTGTAGGGAAAGAGTGT -q 15,10 -m 50 --trim-n --cores=8 /share/nwfsc/ggoetz/red_king_crab/illumina/Tank_20_Crab_1_R1.fastq.gz /share/nwfsc/ggoetz/red_king_crab/illumina/Tank_20_Crab_1_R2.fastq.gz
Processing reads on 8 cores in paired-end mode ...
Finished in 461.99 s (8 us/read; 7.86 M reads/minute).

=== Summary ===

Total read pairs processed:         60,497,602
  Read 1 with adapter:               5,204,332 (8.6%)
  Read 2 with adapter:               4,962,154 (8.2%)

== Read fate breakdown ==
Pairs that were too short:              58,931 (0.1%)
Pairs written (passing filters):    60,438,671 (99.9%)

Total basepairs processed: 12,220,515,604 bp
  Read 1: 6,110,257,802 bp
  Read 2: 6,110,257,802 bp
Quality-trimmed:               5,156,711 bp (0.0%)
  Read 1:     1,051,470 bp
  Read 2:     4,105,241 bp
Total written (filtered):  12,085,391,873 bp (98.9%)
  Read 1: 6,043,917,812 bp
  Read 2: 6,041,474,061 bp

=== First read: Adapter 1 ===

Sequence: AGATCGGAAGAGCACACGTCTGAACTCCAGTCA; Type: regular 3'; Length: 33; Trimmed: 5204332 times

Minimum overlap: 3
No. of allowed errors:
1-9 bp: 0; 10-19 bp: 1; 20-29 bp: 2; 30-33 bp: 3

Bases preceding removed adapters:
  A: 27.3%
  C: 28.0%
  G: 34.2%
  T: 10.5%
  none/other: 0.1%

Overview of removed sequences
length	count	expect	max.err	error counts
3	1417636	945275.0	0	1417636
4	461152	236318.8	0	461152
5	269491	59079.7	0	269491
6	222521	14769.9	0	222521
7	199943	3692.5	0	199943
8	183111	923.1	0	183111
9	169630	230.8	0	167560 2070
10	158647	57.7	1	151449 7198
11	145940	14.4	1	139873 6067
12	138212	3.6	1	132652 5560
13	130899	0.9	1	125202 5697
14	127605	0.2	1	121826 5779
15	122825	0.1	1	116590 6235
16	119249	0.0	1	112984 6265
17	113065	0.0	1	106676 6389
18	103768	0.0	1	97851 5734 183
19	92670	0.0	1	86948 5479 243
20	83007	0.0	2	77242 5097 668
21	73982	0.0	2	68610 4717 655
22	67238	0.0	2	62047 4631 560
23	63062	0.0	2	58188 4291 583
24	60430	0.0	2	55431 4433 566
25	57369	0.0	2	52233 4569 567
26	55594	0.0	2	50474 4595 525
27	53473	0.0	2	48548 4298 584 43
28	49567	0.0	2	44817 4099 556 95
29	44126	0.0	2	39874 3601 529 122
30	38762	0.0	3	34669 3412 461 220
31	34113	0.0	3	30359 3101 509 144
32	30325	0.0	3	27043 2807 358 117
33	27046	0.0	3	23974 2607 330 135
34	24881	0.0	3	22086 2372 328 95
35	23396	0.0	3	20752 2151 341 152
36	22700	0.0	3	20115 2066 367 152
37	21459	0.0	3	19105 1810 398 146
38	20352	0.0	3	18060 1800 338 154
39	18552	0.0	3	16403 1690 327 132
40	16236	0.0	3	14388 1450 275 123
41	14573	0.0	3	12867 1300 279 127
42	12758	0.0	3	11342 1106 210 100
43	11135	0.0	3	9828 1051 174 82
44	9936	0.0	3	8801 861 192 82
45	8730	0.0	3	7771 747 148 64
46	8166	0.0	3	7176 749 156 85
47	7600	0.0	3	6695 706 134 65
48	7382	0.0	3	6526 646 143 67
49	6894	0.0	3	6119 609 122 44
50	6181	0.0	3	5402 582 125 72
51	5342	0.0	3	4727 449 105 61
52	4743	0.0	3	4155 449 87 52
53	4133	0.0	3	3611 394 83 45
54	3446	0.0	3	3017 325 69 35
55	2848	0.0	3	2487 255 58 48
56	2653	0.0	3	2324 231 66 32
57	2467	0.0	3	2142 233 53 39
58	2329	0.0	3	2003 215 73 38
59	2210	0.0	3	1904 232 43 31
60	2081	0.0	3	1783 222 41 35
61	1654	0.0	3	1440 141 46 27
62	1376	0.0	3	1146 152 42 36
63	1140	0.0	3	955 123 29 33
64	944	0.0	3	760 106 43 35
65	831	0.0	3	682 87 34 28
66	729	0.0	3	581 91 36 21
67	642	0.0	3	511 66 38 27
68	634	0.0	3	486 94 29 25
69	570	0.0	3	454 59 30 27
70	463	0.0	3	374 44 29 16
71	367	0.0	3	267 58 23 19
72	338	0.0	3	251 47 25 15
73	260	0.0	3	173 45 23 19
74	230	0.0	3	159 34 18 19
75	223	0.0	3	157 30 17 19
76	207	0.0	3	141 30 16 20
77	196	0.0	3	136 27 14 19
78	136	0.0	3	97 21 7 11
79	117	0.0	3	87 15 7 8
80	107	0.0	3	78 16 6 7
81	85	0.0	3	64 14 3 4
82	86	0.0	3	68 15 2 1
83	59	0.0	3	50 8 0 1
84	52	0.0	3	44 6 1 1
85	42	0.0	3	37 4 1
86	40	0.0	3	34 4 1 1
87	26	0.0	3	22 3 1
88	17	0.0	3	13 3 1
89	37	0.0	3	32 3 0 2
90	24	0.0	3	20 4
91	14	0.0	3	12 1 1
92	19	0.0	3	16 1 1 1
94	1	0.0	3	1
95	1	0.0	3	1
97	2	0.0	3	1 0 1
98	2	0.0	3	2
99	1	0.0	3	1
100	49	0.0	3	2 22 21 4
101	4970	0.0	3	2002 2686 252 30


=== Second read: Adapter 2 ===

Sequence: AGATCGGAAGAGCGTCGTGTAGGGAAAGAGTGT; Type: regular 3'; Length: 33; Trimmed: 4962154 times

Minimum overlap: 3
No. of allowed errors:
1-9 bp: 0; 10-19 bp: 1; 20-29 bp: 2; 30-33 bp: 3

Bases preceding removed adapters:
  A: 21.7%
  C: 28.0%
  G: 31.6%
  T: 18.6%
  none/other: 0.1%

Overview of removed sequences
length	count	expect	max.err	error counts
3	1189035	945275.0	0	1189035
4	443045	236318.8	0	443045
5	256901	59079.7	0	256901
6	216900	14769.9	0	216900
7	199675	3692.5	0	199675
8	183326	923.1	0	183326
9	169267	230.8	0	167426 1841
10	159257	57.7	1	151643 7614
11	146010	14.4	1	139780 6230
12	138415	3.6	1	132849 5566
13	130940	0.9	1	124791 6149
14	127987	0.2	1	122189 5798
15	122756	0.1	1	115910 6846
16	118977	0.0	1	112408 6569
17	112904	0.0	1	106650 6254
18	103244	0.0	1	96953 5903 388
19	92430	0.0	1	86870 5269 291
20	83103	0.0	2	77313 4716 1074
21	74159	0.0	2	68475 4774 910
22	67502	0.0	2	62528 4194 780
23	63374	0.0	2	58412 4095 867
24	60719	0.0	2	55919 4102 698
25	57563	0.0	2	52839 3975 749
26	55716	0.0	2	51188 3737 791
27	53549	0.0	2	48852 3744 939 14
28	49474	0.0	2	44971 3470 947 86
29	44295	0.0	2	39995 3561 654 85
30	39103	0.0	3	35155 2907 672 369
31	34405	0.0	3	30125 3240 680 360
32	30675	0.0	3	27191 2693 504 287
33	27324	0.0	3	24128 2467 458 271
34	25221	0.0	3	22306 2284 385 246
35	23708	0.0	3	20995 1810 544 359
36	23042	0.0	3	20336 1732 590 384
37	21753	0.0	3	19352 1561 521 319
38	20762	0.0	3	18311 1596 517 338
39	18981	0.0	3	16739 1435 488 319
40	16659	0.0	3	14721 1186 429 323
41	14993	0.0	3	13178 1108 428 279
42	13224	0.0	3	11562 1038 356 268
43	11632	0.0	3	10125 885 361 261
44	10396	0.0	3	9060 817 321 198
45	9248	0.0	3	7988 740 300 220
46	8652	0.0	3	7518 658 272 204
47	8097	0.0	3	6995 648 234 220
48	7876	0.0	3	6796 636 229 215
49	7382	0.0	3	6301 603 266 212
50	6693	0.0	3	5695 547 218 233
51	5818	0.0	3	4938 449 235 196
52	5256	0.0	3	4357 487 215 197
53	4624	0.0	3	3851 383 201 189
54	3864	0.0	3	3247 312 163 142
55	3349	0.0	3	2715 306 144 184
56	3110	0.0	3	2524 280 140 166
57	2965	0.0	3	2361 284 162 158
58	2780	0.0	3	2226 270 139 145
59	2662	0.0	3	2136 254 134 138
60	2573	0.0	3	2005 253 165 150
61	2100	0.0	3	1616 212 124 148
62	1869	0.0	3	1376 225 137 131
63	1642	0.0	3	1162 179 138 163
64	1417	0.0	3	999 152 131 135
65	1325	0.0	3	868 177 113 167
66	1176	0.0	3	774 137 131 134
67	1067	0.0	3	684 138 96 149
68	1075	0.0	3	693 134 125 123
69	1005	0.0	3	628 125 114 138
70	898	0.0	3	558 124 84 132
71	761	0.0	3	470 91 88 112
72	712	0.0	3	397 98 98 119
73	621	0.0	3	346 87 89 99
74	610	0.0	3	328 96 81 105
75	529	0.0	3	280 77 71 101
76	553	0.0	3	300 93 67 93
77	481	0.0	3	251 77 64 89
78	371	0.0	3	194 52 61 64
79	308	0.0	3	165 48 47 48
80	270	0.0	3	133 42 39 56
81	174	0.0	3	105 19 23 27
82	196	0.0	3	103 27 30 36
83	138	0.0	3	74 14 22 28
84	119	0.0	3	65 12 20 22
85	113	0.0	3	55 16 15 27
86	93	0.0	3	46 16 14 17
87	77	0.0	3	37 10 11 19
88	56	0.0	3	24 8 13 11
89	58	0.0	3	38 6 4 10
90	46	0.0	3	23 5 3 15
91	26	0.0	3	16 3 3 4
92	26	0.0	3	17 2 4 3
93	1	0.0	3	0 0 0 1
94	5	0.0	3	1 0 1 3
95	7	0.0	3	2 0 1 4
96	3	0.0	3	1 1 1
97	3	0.0	3	2 0 0 1
98	4	0.0	3	1 2 0 1
99	6	0.0	3	1 1 1 3
100	129	0.0	3	0 51 70 8
101	4734	0.0	3	1951 2561 166 56
