This is cutadapt 3.5 with Python 3.6.8
Command line parameters: -o /home/lspencer/2022-redking-OA/trimmed/Tank_10_Crab_3.trimmed.R1.v1.fastq.gz -p /home/lspencer/2022-redking-OA/trimmed/Tank_10_Crab_3.trimmed.R2.v1.fastq.gz -a AGATCGGAAGAGCACACGTCTGAACTCCAGTCA -A AGATCGGAAGAGCGTCGTGTAGGGAAAGAGTGT -q 15,10 -m 50 --trim-n --cores=8 /share/nwfsc/ggoetz/red_king_crab/illumina/Tank_10_Crab_3_R1.fastq.gz /share/nwfsc/ggoetz/red_king_crab/illumina/Tank_10_Crab_3_R2.fastq.gz
Processing reads on 8 cores in paired-end mode ...
Finished in 532.01 s (8 us/read; 7.85 M reads/minute).

=== Summary ===

Total read pairs processed:         69,618,609
  Read 1 with adapter:               7,547,942 (10.8%)
  Read 2 with adapter:               7,212,883 (10.4%)

== Read fate breakdown ==
Pairs that were too short:              79,254 (0.1%)
Pairs written (passing filters):    69,539,355 (99.9%)

Total basepairs processed: 14,062,959,018 bp
  Read 1: 7,031,479,509 bp
  Read 2: 7,031,479,509 bp
Quality-trimmed:               5,971,053 bp (0.0%)
  Read 1:     1,099,686 bp
  Read 2:     4,871,367 bp
Total written (filtered):  13,856,190,311 bp (98.5%)
  Read 1: 6,929,319,378 bp
  Read 2: 6,926,870,933 bp

=== First read: Adapter 1 ===

Sequence: AGATCGGAAGAGCACACGTCTGAACTCCAGTCA; Type: regular 3'; Length: 33; Trimmed: 7547942 times

Minimum overlap: 3
No. of allowed errors:
1-9 bp: 0; 10-19 bp: 1; 20-29 bp: 2; 30-33 bp: 3

Bases preceding removed adapters:
  A: 26.5%
  C: 29.1%
  G: 34.7%
  T: 9.5%
  none/other: 0.2%

Overview of removed sequences
length	count	expect	max.err	error counts
3	1690818	1087790.8	0	1690818
4	597265	271947.7	0	597265
5	385418	67986.9	0	385418
6	331658	16996.7	0	331658
7	305263	4249.2	0	305263
8	284325	1062.3	0	284325
9	265919	265.6	0	262863 3056
10	250280	66.4	1	239784 10496
11	231262	16.6	1	221902 9360
12	218120	4.1	1	209328 8792
13	208603	1.0	1	199784 8819
14	202460	0.3	1	193408 9052
15	197195	0.1	1	187784 9411
16	192435	0.0	1	182763 9672
17	184912	0.0	1	175533 9379
18	171364	0.0	1	162328 8707 329
19	155867	0.0	1	147101 8418 348
20	139093	0.0	2	130059 8066 968
21	123343	0.0	2	114981 7385 977
22	111933	0.0	2	104041 7098 794
23	104054	0.0	2	96448 6752 854
24	99067	0.0	2	91381 6911 775
25	94459	0.0	2	86967 6692 800
26	92099	0.0	2	84571 6801 727
27	87752	0.0	2	80572 6254 846 80
28	81466	0.0	2	74628 5959 749 130
29	73517	0.0	2	67141 5458 711 207
30	65606	0.0	3	59403 5241 630 332
31	56486	0.0	3	51164 4498 597 227
32	49667	0.0	3	44759 4209 522 177
33	44325	0.0	3	39855 3821 466 183
34	40528	0.0	3	36751 3263 386 128
35	38097	0.0	3	34444 3097 395 161
36	35795	0.0	3	32191 3028 420 156
37	34275	0.0	3	30840 2849 409 177
38	31987	0.0	3	28820 2643 344 180
39	29180	0.0	3	26414 2334 305 127
40	26575	0.0	3	24117 2064 282 112
41	23405	0.0	3	21012 1981 290 122
42	20630	0.0	3	18586 1728 235 81
43	17897	0.0	3	16199 1421 192 85
44	15703	0.0	3	14221 1219 178 85
45	13639	0.0	3	12313 1093 166 67
46	12058	0.0	3	10809 1005 161 83
47	11073	0.0	3	9992 897 122 62
48	10567	0.0	3	9552 828 130 57
49	10230	0.0	3	9215 814 120 81
50	9227	0.0	3	8294 760 124 49
51	8077	0.0	3	7279 641 103 54
52	7079	0.0	3	6389 553 99 38
53	5921	0.0	3	5342 479 67 33
54	5009	0.0	3	4460 451 69 29
55	4289	0.0	3	3815 377 59 38
56	3516	0.0	3	3152 294 48 22
57	3222	0.0	3	2893 266 39 24
58	3097	0.0	3	2715 294 53 35
59	2818	0.0	3	2511 227 48 32
60	2528	0.0	3	2252 209 42 25
61	2128	0.0	3	1893 174 35 26
62	1736	0.0	3	1492 170 39 35
63	1415	0.0	3	1227 135 33 20
64	1125	0.0	3	962 104 27 32
65	887	0.0	3	732 101 34 20
66	768	0.0	3	640 87 24 17
67	672	0.0	3	554 71 27 20
68	564	0.0	3	462 65 23 14
69	510	0.0	3	399 64 23 24
70	453	0.0	3	350 58 26 19
71	361	0.0	3	268 55 20 18
72	326	0.0	3	248 43 19 16
73	243	0.0	3	182 35 17 9
74	236	0.0	3	174 31 15 16
75	175	0.0	3	120 32 11 12
76	198	0.0	3	141 29 15 13
77	147	0.0	3	109 15 12 11
78	157	0.0	3	112 23 12 10
79	114	0.0	3	88 17 6 3
80	103	0.0	3	83 11 6 3
81	113	0.0	3	84 18 8 3
82	95	0.0	3	83 10 1 1
83	49	0.0	3	43 5 1
84	55	0.0	3	46 7 2
85	40	0.0	3	33 7
86	32	0.0	3	27 4 1
87	37	0.0	3	27 9 1
88	41	0.0	3	31 8 2
89	46	0.0	3	39 7
90	14	0.0	3	12 1 0 1
91	18	0.0	3	16 1 0 1
92	27	0.0	3	23 3 0 1
95	1	0.0	3	1
97	2	0.0	3	1 0 0 1
98	4	0.0	3	2 0 0 2
99	11	0.0	3	6 0 1 4
100	134	0.0	3	7 39 81 7
101	12452	0.0	3	3737 8005 619 91


=== Second read: Adapter 2 ===

Sequence: AGATCGGAAGAGCGTCGTGTAGGGAAAGAGTGT; Type: regular 3'; Length: 33; Trimmed: 7212883 times

Minimum overlap: 3
No. of allowed errors:
1-9 bp: 0; 10-19 bp: 1; 20-29 bp: 2; 30-33 bp: 3

Bases preceding removed adapters:
  A: 20.9%
  C: 29.3%
  G: 31.5%
  T: 18.2%
  none/other: 0.1%

Overview of removed sequences
length	count	expect	max.err	error counts
3	1403806	1087790.8	0	1403806
4	567083	271947.7	0	567083
5	368972	67986.9	0	368972
6	323554	16996.7	0	323554
7	304321	4249.2	0	304321
8	284793	1062.3	0	284793
9	264979	265.6	0	262175 2804
10	250700	66.4	1	239461 11239
11	231153	16.6	1	221752 9401
12	218056	4.1	1	209167 8889
13	208309	1.0	1	198820 9489
14	202426	0.3	1	193216 9210
15	196514	0.1	1	185107 11407
16	191658	0.0	1	180935 10723
17	184325	0.0	1	174076 10249
18	169988	0.0	1	159190 10107 691
19	154855	0.0	1	145445 8904 506
20	138671	0.0	2	128671 8317 1683
21	122995	0.0	2	113693 7947 1355
22	111755	0.0	2	103144 7326 1285
23	103927	0.0	2	95915 6653 1359
24	98847	0.0	2	91125 6602 1120
25	94304	0.0	2	86479 6663 1162
26	91819	0.0	2	84122 6350 1347
27	87359	0.0	2	79716 6251 1371 21
28	80924	0.0	2	73601 5704 1496 123
29	73279	0.0	2	66340 5809 994 136
30	65639	0.0	3	59100 5046 946 547
31	56485	0.0	3	49721 5275 986 503
32	49781	0.0	3	44367 4316 721 377
33	44421	0.0	3	39569 3795 707 350
34	40596	0.0	3	36249 3459 577 311
35	38208	0.0	3	33953 3317 568 370
36	35918	0.0	3	31906 3152 536 324
37	34466	0.0	3	30751 2929 502 284
38	32188	0.0	3	28640 2793 452 303
39	29469	0.0	3	26321 2454 430 264
40	26888	0.0	3	23961 2297 384 246
41	23739	0.0	3	21015 2142 342 240
42	20937	0.0	3	18625 1801 293 218
43	18314	0.0	3	16187 1610 302 215
44	16131	0.0	3	14267 1385 264 215
45	14077	0.0	3	12463 1197 253 164
46	12478	0.0	3	10969 1078 267 164
47	11487	0.0	3	10061 1057 226 143
48	10985	0.0	3	9655 951 232 147
49	10601	0.0	3	9335 896 212 158
50	9655	0.0	3	8426 901 168 160
51	8552	0.0	3	7402 795 202 153
52	7554	0.0	3	6515 688 193 158
53	6356	0.0	3	5496 564 164 132
54	5466	0.0	3	4634 546 154 132
55	4765	0.0	3	4001 487 155 122
56	3886	0.0	3	3304 353 125 104
57	3666	0.0	3	3037 383 123 123
58	3513	0.0	3	2848 399 146 120
59	3216	0.0	3	2637 359 126 94
60	2958	0.0	3	2382 332 142 102
61	2570	0.0	3	2037 311 118 104
62	2176	0.0	3	1693 285 104 94
63	1866	0.0	3	1417 231 122 96
64	1529	0.0	3	1098 228 107 96
65	1310	0.0	3	915 196 104 95
66	1167	0.0	3	801 170 102 94
67	1070	0.0	3	701 171 90 108
68	977	0.0	3	630 153 87 107
69	934	0.0	3	585 149 95 105
70	856	0.0	3	544 135 90 87
71	765	0.0	3	441 153 84 87
72	719	0.0	3	395 134 91 99
73	635	0.0	3	352 118 93 72
74	581	0.0	3	331 105 78 67
75	473	0.0	3	224 99 85 65
76	477	0.0	3	261 92 59 65
77	431	0.0	3	240 85 51 55
78	378	0.0	3	197 74 59 48
79	309	0.0	3	155 59 38 57
80	244	0.0	3	128 39 34 43
81	229	0.0	3	117 50 30 32
82	192	0.0	3	104 30 28 30
83	117	0.0	3	53 22 23 19
84	151	0.0	3	70 24 34 23
85	103	0.0	3	49 19 14 21
86	80	0.0	3	40 17 13 10
87	74	0.0	3	34 18 13 9
88	79	0.0	3	47 14 7 11
89	82	0.0	3	47 17 10 8
90	35	0.0	3	13 9 6 7
91	29	0.0	3	18 4 3 4
92	43	0.0	3	26 8 3 6
93	7	0.0	3	1 2 0 4
94	6	0.0	3	1 1 0 4
95	9	0.0	3	2 1 3 3
96	11	0.0	3	2 1 4 4
97	4	0.0	3	1 1 1 1
98	11	0.0	3	5 0 2 4
99	14	0.0	3	3 1 3 7
100	300	0.0	3	8 107 164 21
101	10073	0.0	3	3539 6050 443 41
