This is cutadapt 3.5 with Python 3.6.8
Command line parameters: -o /home/lspencer/2022-redking-OA/trimmed/Tank_10_Crab_1.trimmed.R1.v1.fastq.gz -p /home/lspencer/2022-redking-OA/trimmed/Tank_10_Crab_1.trimmed.R2.v1.fastq.gz -a AGATCGGAAGAGCACACGTCTGAACTCCAGTCA -A AGATCGGAAGAGCGTCGTGTAGGGAAAGAGTGT -q 15,10 -m 50 --trim-n --cores=8 /share/nwfsc/ggoetz/red_king_crab/illumina/Tank_10_Crab_1_R1.fastq.gz /share/nwfsc/ggoetz/red_king_crab/illumina/Tank_10_Crab_1_R2.fastq.gz
Processing reads on 8 cores in paired-end mode ...
Finished in 565.58 s (8 us/read; 7.84 M reads/minute).

=== Summary ===

Total read pairs processed:         73,925,802
  Read 1 with adapter:               6,149,928 (8.3%)
  Read 2 with adapter:               5,828,774 (7.9%)

== Read fate breakdown ==
Pairs that were too short:              74,711 (0.1%)
Pairs written (passing filters):    73,851,091 (99.9%)

Total basepairs processed: 14,933,012,004 bp
  Read 1: 7,466,506,002 bp
  Read 2: 7,466,506,002 bp
Quality-trimmed:               7,400,651 bp (0.0%)
  Read 1:     1,168,999 bp
  Read 2:     6,231,652 bp
Total written (filtered):  14,773,335,224 bp (98.9%)
  Read 1: 7,388,617,866 bp
  Read 2: 7,384,717,358 bp

=== First read: Adapter 1 ===

Sequence: AGATCGGAAGAGCACACGTCTGAACTCCAGTCA; Type: regular 3'; Length: 33; Trimmed: 6149928 times

Minimum overlap: 3
No. of allowed errors:
1-9 bp: 0; 10-19 bp: 1; 20-29 bp: 2; 30-33 bp: 3

Bases preceding removed adapters:
  A: 27.7%
  C: 28.6%
  G: 33.0%
  T: 10.5%
  none/other: 0.2%

Overview of removed sequences
length	count	expect	max.err	error counts
3	1696874	1155090.7	0	1696874
4	544353	288772.7	0	544353
5	323667	72193.2	0	323667
6	264028	18048.3	0	264028
7	239260	4512.1	0	239260
8	221091	1128.0	0	221091
9	204090	282.0	0	201535 2555
10	189922	70.5	1	181126 8796
11	174253	17.6	1	166832 7421
12	160677	4.4	1	153807 6870
13	152187	1.1	1	145476 6711
14	146803	0.3	1	140041 6762
15	141415	0.1	1	134513 6902
16	137373	0.0	1	130306 7067
17	132102	0.0	1	124991 7111
18	122896	0.0	1	116114 6553 229
19	110371	0.0	1	103837 6256 278
20	98825	0.0	2	92363 5742 720
21	86612	0.0	2	80472 5423 717
22	77983	0.0	2	72059 5283 641
23	72900	0.0	2	67258 4936 706
24	68334	0.0	2	62938 4733 663
25	65350	0.0	2	59845 4884 621
26	64157	0.0	2	58694 4901 562
27	60936	0.0	2	55616 4623 648 49
28	56817	0.0	2	51589 4522 587 119
29	51598	0.0	2	46733 4149 544 172
30	46046	0.0	3	41632 3703 481 230
31	39864	0.0	3	35892 3322 442 208
32	35164	0.0	3	31460 3134 406 164
33	31012	0.0	3	27639 2839 411 123
34	28435	0.0	3	25501 2471 328 135
35	26563	0.0	3	23784 2334 324 121
36	24980	0.0	3	22291 2218 334 137
37	24365	0.0	3	21771 2115 316 163
38	22737	0.0	3	20218 2052 309 158
39	21085	0.0	3	18868 1802 284 131
40	18676	0.0	3	16680 1609 259 128
41	17041	0.0	3	15212 1480 237 112
42	14716	0.0	3	13180 1248 188 100
43	12951	0.0	3	11578 1092 174 107
44	11403	0.0	3	10173 1001 142 87
45	9902	0.0	3	8857 841 127 77
46	9092	0.0	3	8113 783 131 65
47	8269	0.0	3	7382 679 144 64
48	7982	0.0	3	7154 658 108 62
49	7531	0.0	3	6720 637 123 51
50	6921	0.0	3	6130 634 106 51
51	5975	0.0	3	5316 520 84 55
52	5301	0.0	3	4664 501 77 59
53	4453	0.0	3	3910 427 61 55
54	3738	0.0	3	3294 341 70 33
55	3117	0.0	3	2738 296 55 28
56	2763	0.0	3	2420 245 57 41
57	2604	0.0	3	2262 241 66 35
58	2308	0.0	3	2000 226 49 33
59	2216	0.0	3	1921 223 44 28
60	2114	0.0	3	1835 192 51 36
61	1688	0.0	3	1445 173 41 29
62	1434	0.0	3	1230 113 44 47
63	1149	0.0	3	979 119 23 28
64	898	0.0	3	732 104 37 25
65	767	0.0	3	623 82 31 31
66	704	0.0	3	563 78 31 32
67	622	0.0	3	485 75 38 24
68	581	0.0	3	441 72 39 29
69	473	0.0	3	367 54 27 25
70	418	0.0	3	315 50 33 20
71	337	0.0	3	241 58 24 14
72	328	0.0	3	223 57 35 13
73	289	0.0	3	201 44 23 21
74	287	0.0	3	195 46 30 16
75	240	0.0	3	166 36 22 16
76	226	0.0	3	150 37 20 19
77	218	0.0	3	147 39 14 18
78	180	0.0	3	123 33 12 12
79	159	0.0	3	116 26 12 5
80	141	0.0	3	107 22 4 8
81	1713	0.0	3	1352 254 74 33
82	158	0.0	3	126 27 2 3
83	143	0.0	3	111 22 8 2
84	125	0.0	3	106 17 1 1
85	81	0.0	3	63 12 5 1
86	126	0.0	3	110 15 1
87	80	0.0	3	69 7 3 1
88	54	0.0	3	48 6
89	84	0.0	3	76 8
90	26	0.0	3	24 2
91	46	0.0	3	44 1 1
92	26	0.0	3	23 2 0 1
93	8	0.0	3	6 1 0 1
94	1	0.0	3	0 1
95	2	0.0	3	1 0 1
96	5	0.0	3	4 0 0 1
97	8	0.0	3	5 1 1 1
98	2	0.0	3	2
99	23	0.0	3	18 2 2 1
100	141	0.0	3	23 87 26 5
101	11739	0.0	3	8108 3155 413 63


=== Second read: Adapter 2 ===

Sequence: AGATCGGAAGAGCGTCGTGTAGGGAAAGAGTGT; Type: regular 3'; Length: 33; Trimmed: 5828774 times

Minimum overlap: 3
No. of allowed errors:
1-9 bp: 0; 10-19 bp: 1; 20-29 bp: 2; 30-33 bp: 3

Bases preceding removed adapters:
  A: 21.9%
  C: 28.5%
  G: 30.4%
  T: 19.0%
  none/other: 0.2%

Overview of removed sequences
length	count	expect	max.err	error counts
3	1412714	1155090.7	0	1412714
4	518810	288772.7	0	518810
5	304445	72193.2	0	304445
6	256347	18048.3	0	256347
7	238665	4512.1	0	238665
8	221235	1128.0	0	221235
9	203269	282.0	0	201187 2082
10	190398	70.5	1	181166 9232
11	174383	17.6	1	166887 7496
12	160907	4.4	1	154159 6748
13	152127	1.1	1	144903 7224
14	147088	0.3	1	139871 7217
15	140724	0.1	1	131807 8917
16	136704	0.0	1	128469 8235
17	131428	0.0	1	123561 7867
18	121490	0.0	1	113349 7587 554
19	109375	0.0	1	102301 6766 308
20	98356	0.0	2	90548 6110 1698
21	86254	0.0	2	79021 5939 1294
22	77767	0.0	2	71113 5514 1140
23	72778	0.0	2	66461 5140 1177
24	68110	0.0	2	62161 4874 1075
25	65148	0.0	2	59392 4711 1045
26	63829	0.0	2	58014 4663 1152
27	60531	0.0	2	54722 4557 1239 13
28	56428	0.0	2	50890 4162 1276 100
29	51382	0.0	2	46171 4229 900 82
30	46204	0.0	3	41049 3691 932 532
31	39776	0.0	3	34627 3756 859 534
32	35274	0.0	3	31080 3096 664 434
33	31099	0.0	3	27312 2820 610 357
34	28614	0.0	3	25141 2557 576 340
35	26744	0.0	3	23385 2433 548 378
36	25294	0.0	3	22190 1994 497 613
37	24546	0.0	3	21599 1894 456 597
38	22970	0.0	3	20060 1827 458 625
39	21448	0.0	3	18754 1620 483 591
40	19062	0.0	3	16670 1471 417 504
41	17399	0.0	3	15221 1326 374 478
42	15074	0.0	3	13134 1179 325 436
43	13444	0.0	3	11638 1091 316 399
44	11990	0.0	3	10307 990 305 388
45	10492	0.0	3	8959 846 305 382
46	9652	0.0	3	8226 814 258 354
47	8777	0.0	3	7535 659 255 328
48	8524	0.0	3	7225 724 265 310
49	8032	0.0	3	6883 656 221 272
50	7524	0.0	3	6314 650 260 300
51	6572	0.0	3	5480 582 225 285
52	5865	0.0	3	4862 548 206 249
53	5079	0.0	3	4181 438 198 262
54	4341	0.0	3	3491 403 193 254
55	3696	0.0	3	2935 365 177 219
56	3328	0.0	3	2625 328 177 198
57	3220	0.0	3	2533 324 154 209
58	2857	0.0	3	2232 305 151 169
59	2806	0.0	3	2143 311 165 187
60	2703	0.0	3	2089 259 159 196
61	2295	0.0	3	1672 263 164 196
62	2040	0.0	3	1444 258 161 177
63	1765	0.0	3	1220 237 135 173
64	1508	0.0	3	987 202 148 171
65	1332	0.0	3	839 195 135 163
66	1265	0.0	3	790 164 155 156
67	1129	0.0	3	704 148 130 147
68	1110	0.0	3	660 143 140 167
69	1023	0.0	3	594 156 127 146
70	949	0.0	3	542 143 117 147
71	808	0.0	3	448 123 110 127
72	853	0.0	3	474 130 110 139
73	758	0.0	3	406 120 110 122
74	707	0.0	3	372 109 97 129
75	663	0.0	3	350 108 99 106
76	626	0.0	3	318 103 92 113
77	579	0.0	3	330 76 71 102
78	484	0.0	3	238 88 69 89
79	415	0.0	3	221 61 57 76
80	343	0.0	3	176 48 57 62
81	1976	0.0	3	1063 373 270 270
82	285	0.0	3	148 41 51 45
83	236	0.0	3	122 33 32 49
84	217	0.0	3	117 27 35 38
85	184	0.0	3	89 26 33 36
86	176	0.0	3	78 37 26 35
87	146	0.0	3	78 18 22 28
88	102	0.0	3	50 13 13 26
89	116	0.0	3	75 10 13 18
90	49	0.0	3	22 11 7 9
91	59	0.0	3	45 4 1 9
92	37	0.0	3	26 5 3 3
93	8	0.0	3	3 4 0 1
94	5	0.0	3	1 0 2 2
95	3	0.0	3	1 0 1 1
96	9	0.0	3	3 3 0 3
97	12	0.0	3	4 1 2 5
98	11	0.0	3	4 3 0 4
99	39	0.0	3	7 6 11 15
100	430	0.0	3	8 283 111 28
101	10924	0.0	3	7471 3048 262 143
