This is cutadapt 3.5 with Python 3.6.8
Command line parameters: -o /home/lspencer/2022-redking-OA/trimmed/Tank_15_Crab_2.trimmed.R1.v2.fastq.gz -p /home/lspencer/2022-redking-OA/trimmed/Tank_15_Crab_2.trimmed.R2.v2.fastq.gz -a AGATCGGAAGAGCACACGTCTGAACTCCAGTCA -A AGATCGGAAGAGCGTCGTGTAGGGAAAGAGTGT -q 20,15 -m 50 --trim-n --cores=8 /share/nwfsc/ggoetz/red_king_crab/illumina/Tank_15_Crab_2_R1.fastq.gz /share/nwfsc/ggoetz/red_king_crab/illumina/Tank_15_Crab_2_R2.fastq.gz
Processing reads on 8 cores in paired-end mode ...
Finished in 389.51 s (8 us/read; 7.95 M reads/minute).

=== Summary ===

Total read pairs processed:         51,615,699
  Read 1 with adapter:               4,361,294 (8.4%)
  Read 2 with adapter:               4,129,348 (8.0%)

== Read fate breakdown ==
Pairs that were too short:              92,672 (0.2%)
Pairs written (passing filters):    51,523,027 (99.8%)

Total basepairs processed: 10,426,371,198 bp
  Read 1: 5,213,185,599 bp
  Read 2: 5,213,185,599 bp
Quality-trimmed:              19,130,383 bp (0.2%)
  Read 1:     4,500,067 bp
  Read 2:    14,630,316 bp
Total written (filtered):  10,294,345,382 bp (98.7%)
  Read 1: 5,149,984,147 bp
  Read 2: 5,144,361,235 bp

=== First read: Adapter 1 ===

Sequence: AGATCGGAAGAGCACACGTCTGAACTCCAGTCA; Type: regular 3'; Length: 33; Trimmed: 4361294 times

Minimum overlap: 3
No. of allowed errors:
1-9 bp: 0; 10-19 bp: 1; 20-29 bp: 2; 30-33 bp: 3

Bases preceding removed adapters:
  A: 28.3%
  C: 28.0%
  G: 33.0%
  T: 10.6%
  none/other: 0.2%

Overview of removed sequences
length	count	expect	max.err	error counts
3	1201437	806495.3	0	1201437
4	385276	201623.8	0	385276
5	223812	50406.0	0	223812
6	185290	12601.5	0	185290
7	169549	3150.4	0	169549
8	152535	787.6	0	152535
9	144278	196.9	0	142593 1685
10	134009	49.2	1	128270 5739
11	120435	12.3	1	115702 4733
12	114191	3.1	1	109762 4429
13	109027	0.8	1	104469 4558
14	104608	0.2	1	100330 4278
15	101937	0.0	1	97238 4699
16	97653	0.0	1	92996 4657
17	94758	0.0	1	89586 5172
18	88437	0.0	1	83653 4664 120
19	77405	0.0	1	73175 4073 157
20	69967	0.0	2	65293 4183 491
21	61785	0.0	2	57687 3687 411
22	56557	0.0	2	52613 3543 401
23	51590	0.0	2	47822 3398 370
24	50352	0.0	2	46227 3651 474
25	48745	0.0	2	44517 3717 511
26	45385	0.0	2	41577 3444 364
27	43885	0.0	2	40078 3385 401 21
28	41796	0.0	2	37812 3483 441 60
29	36154	0.0	2	32641 3029 418 66
30	32840	0.0	3	29682 2679 352 127
31	27894	0.0	3	25239 2307 267 81
32	25239	0.0	3	22550 2293 289 107
33	21962	0.0	3	19678 1959 257 68
34	20677	0.0	3	18484 1851 237 105
35	19370	0.0	3	17281 1717 272 100
36	18546	0.0	3	16630 1522 255 139
37	18131	0.0	3	16127 1554 271 179
38	16759	0.0	3	14950 1397 239 173
39	15495	0.0	3	13843 1304 203 145
40	13927	0.0	3	12412 1165 204 146
41	12237	0.0	3	10906 1029 183 119
42	10966	0.0	3	9717 990 140 119
43	9291	0.0	3	8345 750 119 77
44	8080	0.0	3	7204 689 107 80
45	7176	0.0	3	6436 584 89 67
46	6725	0.0	3	5963 573 115 74
47	6411	0.0	3	5738 500 94 79
48	6139	0.0	3	5461 546 70 62
49	5706	0.0	3	5085 474 85 62
50	5242	0.0	3	4649 462 77 54
51	5944	0.0	3	5356 463 64 61
52	2642	0.0	3	2293 276 43 30
53	2912	0.0	3	2588 242 52 30
54	2640	0.0	3	2350 227 35 28
55	2464	0.0	3	2151 205 67 41
56	2055	0.0	3	1832 170 32 21
57	2016	0.0	3	1766 187 38 25
58	1842	0.0	3	1622 159 32 29
59	1747	0.0	3	1554 131 39 23
60	1629	0.0	3	1412 157 28 32
61	1323	0.0	3	1153 109 30 31
62	1083	0.0	3	920 106 29 28
63	974	0.0	3	816 109 26 23
64	578	0.0	3	495 58 15 10
65	671	0.0	3	557 70 31 13
66	446	0.0	3	371 50 9 16
67	476	0.0	3	390 56 16 14
68	444	0.0	3	334 68 22 20
69	351	0.0	3	295 34 12 10
70	320	0.0	3	241 49 15 15
71	269	0.0	3	203 33 17 16
72	202	0.0	3	153 27 10 12
73	163	0.0	3	126 17 9 11
74	187	0.0	3	124 30 20 13
75	128	0.0	3	98 17 7 6
76	138	0.0	3	98 21 10 9
77	104	0.0	3	68 15 7 14
78	99	0.0	3	76 13 6 4
79	80	0.0	3	57 18 2 3
80	77	0.0	3	56 13 2 6
81	90	0.0	3	71 11 5 3
82	58	0.0	3	46 8 1 3
83	63	0.0	3	29 26 8
84	126	0.0	3	30 87 8 1
85	145	0.0	3	63 75 7
86	162	0.0	3	59 98 5
87	158	0.0	3	48 100 8 2
88	162	0.0	3	61 91 8 2
89	193	0.0	3	59 125 9
90	186	0.0	3	57 116 11 2
91	165	0.0	3	47 104 13 1
92	165	0.0	3	28 130 7
93	191	0.0	3	63 110 16 2
94	167	0.0	3	47 105 12 3
95	159	0.0	3	47 103 9
96	215	0.0	3	60 141 11 3
97	309	0.0	3	85 197 27
98	483	0.0	3	113 344 23 3
99	918	0.0	3	259 597 55 7
100	1315	0.0	3	324 902 80 9
101	2194	0.0	3	571 1494 114 15


=== Second read: Adapter 2 ===

Sequence: AGATCGGAAGAGCGTCGTGTAGGGAAAGAGTGT; Type: regular 3'; Length: 33; Trimmed: 4129348 times

Minimum overlap: 3
No. of allowed errors:
1-9 bp: 0; 10-19 bp: 1; 20-29 bp: 2; 30-33 bp: 3

Bases preceding removed adapters:
  A: 22.0%
  C: 28.7%
  G: 30.3%
  T: 18.8%
  none/other: 0.2%

Overview of removed sequences
length	count	expect	max.err	error counts
3	988242	806495.3	0	988242
4	367655	201623.8	0	367655
5	212694	50406.0	0	212694
6	180085	12601.5	0	180085
7	167816	3150.4	0	167816
8	153371	787.6	0	153371
9	144752	196.9	0	143258 1494
10	132950	49.2	1	126881 6069
11	120793	12.3	1	115653 5140
12	116124	3.1	1	111172 4952
13	107218	0.8	1	102471 4747
14	113927	0.2	1	108567 5360
15	94580	0.0	1	89750 4830
16	97387	0.0	1	91863 5524
17	103761	0.0	1	97766 5995
18	77066	0.0	1	72727 3938 401
19	80434	0.0	1	75192 5082 160
20	68050	0.0	2	62978 4289 783
21	61374	0.0	2	56725 3990 659
22	56080	0.0	2	51502 3853 725
23	52572	0.0	2	48219 3641 712
24	50195	0.0	2	46070 3503 622
25	47077	0.0	2	43272 3307 498
26	46428	0.0	2	42233 3461 734
27	45125	0.0	2	40864 3403 841 17
28	40951	0.0	2	37316 2945 626 64
29	36216	0.0	2	32737 2940 512 27
30	37396	0.0	3	33312 3002 689 393
31	24020	0.0	3	21580 1922 355 163
32	25837	0.0	3	22801 2310 442 284
33	22539	0.0	3	20004 2068 300 167
34	20634	0.0	3	18173 1854 346 261
35	19180	0.0	3	17009 1677 309 185
36	19119	0.0	3	17045 1631 270 173
37	17872	0.0	3	15865 1494 293 220
38	17670	0.0	3	15499 1562 349 260
39	15472	0.0	3	13703 1367 259 143
40	14233	0.0	3	12544 1299 249 141
41	12411	0.0	3	10985 1084 194 148
42	11304	0.0	3	9884 1007 243 170
43	9443	0.0	3	8328 830 176 109
44	8407	0.0	3	7338 759 177 133
45	7682	0.0	3	6653 703 195 131
46	7139	0.0	3	6195 669 171 104
47	6750	0.0	3	5794 659 168 129
48	6445	0.0	3	5564 601 149 131
49	6191	0.0	3	5363 576 145 107
50	5453	0.0	3	4719 482 139 113
51	4729	0.0	3	4064 445 128 92
52	4076	0.0	3	3495 398 90 93
53	3667	0.0	3	3088 377 99 103
54	3493	0.0	3	2804 386 156 147
55	2517	0.0	3	2148 232 79 58
56	2471	0.0	3	1977 268 111 115
57	2712	0.0	3	2092 307 164 149
58	2068	0.0	3	1710 214 73 71
59	1918	0.0	3	1608 187 62 61
60	2189	0.0	3	1692 257 112 128
61	1579	0.0	3	1253 185 77 64
62	1373	0.0	3	1057 171 78 67
63	1520	0.0	3	1012 238 137 133
64	955	0.0	3	665 130 78 82
65	916	0.0	3	672 113 75 56
66	719	0.0	3	502 115 52 50
67	787	0.0	3	550 110 63 64
68	756	0.0	3	494 125 70 67
69	667	0.0	3	427 110 67 63
70	627	0.0	3	400 90 63 74
71	532	0.0	3	315 84 65 68
72	535	0.0	3	302 93 70 70
73	456	0.0	3	246 91 53 66
74	439	0.0	3	254 85 53 47
75	387	0.0	3	230 68 53 36
76	404	0.0	3	236 79 43 46
77	307	0.0	3	162 58 39 48
78	257	0.0	3	149 38 43 27
79	237	0.0	3	122 61 25 29
80	255	0.0	3	154 53 18 30
81	188	0.0	3	113 38 19 18
82	146	0.0	3	65 50 20 11
83	135	0.0	3	63 41 11 20
84	128	0.0	3	51 50 15 12
85	136	0.0	3	46 65 18 7
86	127	0.0	3	50 47 18 12
87	135	0.0	3	40 72 13 10
88	112	0.0	3	46 48 13 5
89	156	0.0	3	42 89 17 8
90	143	0.0	3	36 93 9 5
91	135	0.0	3	35 87 12 1
92	148	0.0	3	41 91 10 6
93	162	0.0	3	47 103 9 3
94	176	0.0	3	44 122 10
95	153	0.0	3	41 103 8 1
96	221	0.0	3	54 141 19 7
97	270	0.0	3	73 181 13 3
98	438	0.0	3	109 281 33 15
99	858	0.0	3	209 583 57 9
100	1356	0.0	3	310 933 100 13
101	2357	0.0	3	645 1594 105 13
