This is cutadapt 3.5 with Python 3.6.8
Command line parameters: -o /home/lspencer/2022-redking-OA/trimmed/Tank_20_Crab_2.trimmed.R1.v2.fastq.gz -p /home/lspencer/2022-redking-OA/trimmed/Tank_20_Crab_2.trimmed.R2.v2.fastq.gz -a AGATCGGAAGAGCACACGTCTGAACTCCAGTCA -A AGATCGGAAGAGCGTCGTGTAGGGAAAGAGTGT -q 20,15 -m 50 --trim-n --cores=8 /share/nwfsc/ggoetz/red_king_crab/illumina/Tank_20_Crab_2_R1.fastq.gz /share/nwfsc/ggoetz/red_king_crab/illumina/Tank_20_Crab_2_R2.fastq.gz
Processing reads on 8 cores in paired-end mode ...
Finished in 606.43 s (8 us/read; 7.83 M reads/minute).

=== Summary ===

Total read pairs processed:         79,098,771
  Read 1 with adapter:               5,997,936 (7.6%)
  Read 2 with adapter:               5,709,546 (7.2%)

== Read fate breakdown ==
Pairs that were too short:             129,151 (0.2%)
Pairs written (passing filters):    78,969,620 (99.8%)

Total basepairs processed: 15,977,951,742 bp
  Read 1: 7,988,975,871 bp
  Read 2: 7,988,975,871 bp
Quality-trimmed:              31,911,362 bp (0.2%)
  Read 1:     7,059,650 bp
  Read 2:    24,851,712 bp
Total written (filtered):  15,796,385,093 bp (98.9%)
  Read 1: 7,904,086,285 bp
  Read 2: 7,892,298,808 bp

=== First read: Adapter 1 ===

Sequence: AGATCGGAAGAGCACACGTCTGAACTCCAGTCA; Type: regular 3'; Length: 33; Trimmed: 5997936 times

Minimum overlap: 3
No. of allowed errors:
1-9 bp: 0; 10-19 bp: 1; 20-29 bp: 2; 30-33 bp: 3

Bases preceding removed adapters:
  A: 27.9%
  C: 28.0%
  G: 33.0%
  T: 11.0%
  none/other: 0.1%

Overview of removed sequences
length	count	expect	max.err	error counts
3	1794550	1235918.3	0	1794550
4	559705	308979.6	0	559705
5	312660	77244.9	0	312660
6	250331	19311.2	0	250331
7	226350	4827.8	0	226350
8	203272	1207.0	0	203272
9	191510	301.7	0	189223 2287
10	177495	75.4	1	169905 7590
11	160106	18.9	1	154012 6094
12	152456	4.7	1	146557 5899
13	145179	1.2	1	139118 6061
14	137714	0.3	1	132091 5623
15	134412	0.1	1	128002 6410
16	126277	0.0	1	120257 6020
17	121846	0.0	1	115422 6424
18	112254	0.0	1	106269 5840 145
19	99101	0.0	1	93721 5173 207
20	89315	0.0	2	83294 5332 689
21	80097	0.0	2	74657 4855 585
22	72305	0.0	2	67181 4598 526
23	66011	0.0	2	61334 4232 445
24	64738	0.0	2	59388 4790 560
25	61138	0.0	2	55767 4714 657
26	58665	0.0	2	53872 4341 452
27	55146	0.0	2	50518 4108 502 18
28	52518	0.0	2	47544 4312 565 97
29	46247	0.0	2	41980 3689 510 68
30	40970	0.0	3	36860 3497 466 147
31	35510	0.0	3	32029 3020 376 85
32	32282	0.0	3	28831 2915 397 139
33	27807	0.0	3	24905 2492 312 98
34	26477	0.0	3	23609 2396 353 119
35	24597	0.0	3	21975 2146 364 112
36	23957	0.0	3	21217 2175 390 175
37	22269	0.0	3	19924 1846 361 138
38	21523	0.0	3	19031 1905 406 181
39	19110	0.0	3	17097 1610 281 122
40	17603	0.0	3	15753 1427 305 118
41	15162	0.0	3	13519 1267 258 118
42	13451	0.0	3	12039 1104 220 88
43	11979	0.0	3	10698 1015 188 78
44	10563	0.0	3	9381 893 196 93
45	9477	0.0	3	8441 817 148 71
46	8614	0.0	3	7582 788 169 75
47	8181	0.0	3	7263 681 165 72
48	7806	0.0	3	6890 678 171 67
49	7266	0.0	3	6412 639 145 70
50	6896	0.0	3	6039 663 140 54
51	7791	0.0	3	6942 644 136 69
52	3805	0.0	3	3318 371 79 37
53	4024	0.0	3	3519 395 73 37
54	3578	0.0	3	3170 314 65 29
55	3406	0.0	3	2934 320 86 66
56	2797	0.0	3	2436 237 73 51
57	2668	0.0	3	2300 252 67 49
58	2562	0.0	3	2231 245 57 29
59	2512	0.0	3	2203 200 53 56
60	2223	0.0	3	1934 211 50 28
61	1895	0.0	3	1603 197 49 46
62	1630	0.0	3	1340 186 46 58
63	1558	0.0	3	1312 147 65 34
64	954	0.0	3	809 94 37 14
65	997	0.0	3	793 134 37 33
66	733	0.0	3	590 96 29 18
67	715	0.0	3	572 80 43 20
68	727	0.0	3	525 114 52 36
69	516	0.0	3	423 59 15 19
70	489	0.0	3	383 58 27 21
71	501	0.0	3	372 66 28 35
72	338	0.0	3	262 47 18 11
73	353	0.0	3	263 47 22 21
74	285	0.0	3	207 33 19 26
75	214	0.0	3	144 38 15 17
76	229	0.0	3	156 37 17 19
77	181	0.0	3	113 35 15 18
78	176	0.0	3	132 29 7 8
79	148	0.0	3	106 28 7 7
80	116	0.0	3	90 17 5 4
81	120	0.0	3	94 20 3 3
82	113	0.0	3	88 17 4 4
83	99	0.0	3	66 22 9 2
84	154	0.0	3	94 52 7 1
85	169	0.0	3	77 86 5 1
86	184	0.0	3	91 83 8 2
87	186	0.0	3	79 98 9
88	181	0.0	3	79 92 9 1
89	155	0.0	3	70 82 3
90	166	0.0	3	77 83 4 2
91	153	0.0	3	55 84 13 1
92	153	0.0	3	69 77 7
93	140	0.0	3	60 70 8 2
94	146	0.0	3	68 74 4
95	171	0.0	3	75 86 7 3
96	169	0.0	3	67 96 5 1
97	266	0.0	3	114 134 16 2
98	362	0.0	3	135 199 22 6
99	855	0.0	3	367 443 40 5
100	1128	0.0	3	435 622 53 18
101	1847	0.0	3	720 1025 88 14


=== Second read: Adapter 2 ===

Sequence: AGATCGGAAGAGCGTCGTGTAGGGAAAGAGTGT; Type: regular 3'; Length: 33; Trimmed: 5709546 times

Minimum overlap: 3
No. of allowed errors:
1-9 bp: 0; 10-19 bp: 1; 20-29 bp: 2; 30-33 bp: 3

Bases preceding removed adapters:
  A: 22.5%
  C: 28.0%
  G: 30.7%
  T: 18.8%
  none/other: 0.1%

Overview of removed sequences
length	count	expect	max.err	error counts
3	1526271	1235918.3	0	1526271
4	534543	308979.6	0	534543
5	293572	77244.9	0	293572
6	243431	19311.2	0	243431
7	225552	4827.8	0	225552
8	203731	1207.0	0	203731
9	191580	301.7	0	189468 2112
10	177176	75.4	1	168647 8529
11	161317	18.9	1	154547 6770
12	156045	4.7	1	149553 6492
13	142361	1.2	1	136367 5994
14	154021	0.3	1	146892 7129
15	121263	0.1	1	115385 5878
16	126034	0.0	1	119340 6694
17	138511	0.0	1	131075 7436
18	94156	0.0	1	89069 4699 388
19	106339	0.0	1	99651 6512 176
20	83665	0.0	2	77888 4799 978
21	78403	0.0	2	72846 4661 896
22	72584	0.0	2	66883 4732 969
23	67585	0.0	2	62116 4471 998
24	65292	0.0	2	59990 4418 884
25	59601	0.0	2	54919 4017 665
26	59508	0.0	2	54374 4131 1003
27	56619	0.0	2	51485 4062 1057 15
28	51784	0.0	2	47176 3628 905 75
29	46191	0.0	2	41755 3691 706 39
30	49264	0.0	3	43894 3870 967 533
31	28506	0.0	3	25588 2215 460 243
32	34489	0.0	3	30369 3036 657 427
33	26812	0.0	3	23934 2322 373 183
34	27131	0.0	3	23794 2421 563 353
35	25365	0.0	3	22477 2141 423 324
36	24307	0.0	3	21312 2172 487 336
37	22531	0.0	3	20003 1921 338 269
38	21345	0.0	3	19018 1766 348 213
39	19583	0.0	3	17305 1676 375 227
40	17962	0.0	3	15875 1521 326 240
41	15828	0.0	3	13793 1485 301 249
42	15280	0.0	3	13130 1452 389 309
43	11397	0.0	3	10100 942 209 146
44	11536	0.0	3	9751 1156 326 303
45	9832	0.0	3	8536 859 239 198
46	9248	0.0	3	8001 813 250 184
47	8779	0.0	3	7416 882 263 218
48	8280	0.0	3	7107 767 240 166
49	7916	0.0	3	6775 728 233 180
50	7328	0.0	3	6228 685 219 196
51	6403	0.0	3	5443 624 185 151
52	5530	0.0	3	4707 516 166 141
53	5139	0.0	3	4255 557 171 156
54	4907	0.0	3	3892 559 245 211
55	3386	0.0	3	2898 316 93 79
56	3467	0.0	3	2704 408 193 162
57	3776	0.0	3	2863 492 226 195
58	2877	0.0	3	2330 325 114 108
59	2720	0.0	3	2218 289 114 99
60	3079	0.0	3	2287 421 194 177
61	2290	0.0	3	1815 278 114 83
62	1969	0.0	3	1512 246 101 110
63	2553	0.0	3	1723 368 237 225
64	1418	0.0	3	988 187 124 119
65	1364	0.0	3	962 189 122 91
66	1203	0.0	3	822 189 105 87
67	1152	0.0	3	779 178 98 97
68	1267	0.0	3	805 202 133 127
69	999	0.0	3	637 152 109 101
70	879	0.0	3	559 142 102 76
71	939	0.0	3	579 146 121 93
72	819	0.0	3	490 139 91 99
73	792	0.0	3	435 156 103 98
74	710	0.0	3	400 161 80 69
75	598	0.0	3	340 111 66 81
76	574	0.0	3	329 112 68 65
77	535	0.0	3	278 106 74 77
78	459	0.0	3	258 94 59 48
79	377	0.0	3	190 84 63 40
80	351	0.0	3	194 67 43 47
81	280	0.0	3	176 55 24 25
82	233	0.0	3	127 53 31 22
83	209	0.0	3	92 64 22 31
84	175	0.0	3	84 56 20 15
85	159	0.0	3	80 53 10 16
86	132	0.0	3	59 46 17 10
87	121	0.0	3	53 46 9 13
88	147	0.0	3	68 47 18 14
89	158	0.0	3	54 70 21 13
90	121	0.0	3	44 63 8 6
91	137	0.0	3	58 73 2 4
92	144	0.0	3	64 70 7 3
93	131	0.0	3	55 67 7 2
94	142	0.0	3	58 78 5 1
95	119	0.0	3	51 62 5 1
96	197	0.0	3	65 109 16 7
97	233	0.0	3	104 114 14 1
98	351	0.0	3	138 179 26 8
99	830	0.0	3	316 457 54 3
100	1165	0.0	3	446 644 66 9
101	1976	0.0	3	849 1052 67 8
