This is cutadapt 3.5 with Python 3.6.8
Command line parameters: -o /home/lspencer/2022-redking-OA/trimmed/Tank_3_Crab_3.trimmed.R1.v1.fastq.gz -p /home/lspencer/2022-redking-OA/trimmed/Tank_3_Crab_3.trimmed.R2.v1.fastq.gz -a AGATCGGAAGAGCACACGTCTGAACTCCAGTCA -A AGATCGGAAGAGCGTCGTGTAGGGAAAGAGTGT -q 15,10 -m 50 --trim-n --cores=8 /share/nwfsc/ggoetz/red_king_crab/illumina/Tank_3_Crab_3_R1.fastq.gz /share/nwfsc/ggoetz/red_king_crab/illumina/Tank_3_Crab_3_R2.fastq.gz
Processing reads on 8 cores in paired-end mode ...
Finished in 497.48 s (8 us/read; 7.84 M reads/minute).

=== Summary ===

Total read pairs processed:         65,002,254
  Read 1 with adapter:               5,672,377 (8.7%)
  Read 2 with adapter:               5,350,631 (8.2%)

== Read fate breakdown ==
Pairs that were too short:              68,702 (0.1%)
Pairs written (passing filters):    64,933,552 (99.9%)

Total basepairs processed: 13,130,455,308 bp
  Read 1: 6,565,227,654 bp
  Read 2: 6,565,227,654 bp
Quality-trimmed:               6,521,400 bp (0.0%)
  Read 1:     1,023,703 bp
  Read 2:     5,497,697 bp
Total written (filtered):  12,981,655,474 bp (98.9%)
  Read 1: 6,492,599,671 bp
  Read 2: 6,489,055,803 bp

=== First read: Adapter 1 ===

Sequence: AGATCGGAAGAGCACACGTCTGAACTCCAGTCA; Type: regular 3'; Length: 33; Trimmed: 5672377 times

Minimum overlap: 3
No. of allowed errors:
1-9 bp: 0; 10-19 bp: 1; 20-29 bp: 2; 30-33 bp: 3

Bases preceding removed adapters:
  A: 28.0%
  C: 28.0%
  G: 33.3%
  T: 10.5%
  none/other: 0.1%

Overview of removed sequences
length	count	expect	max.err	error counts
3	1555174	1015660.2	0	1555174
4	498989	253915.1	0	498989
5	291662	63478.8	0	291662
6	239265	15869.7	0	239265
7	218758	3967.4	0	218758
8	204429	991.9	0	204429
9	188376	248.0	0	186164 2212
10	175042	62.0	1	167561 7481
11	159389	15.5	1	153166 6223
12	146927	3.9	1	141562 5365
13	138871	1.0	1	133203 5668
14	133706	0.2	1	128209 5497
15	129879	0.1	1	123880 5999
16	126465	0.0	1	120444 6021
17	121783	0.0	1	115814 5969
18	113715	0.0	1	107944 5599 172
19	102621	0.0	1	97092 5311 218
20	92685	0.0	2	86990 5039 656
21	81060	0.0	2	75780 4644 636
22	72591	0.0	2	67636 4467 488
23	67344	0.0	2	62580 4199 565
24	63776	0.0	2	59186 4121 469
25	59846	0.0	2	55097 4206 543
26	59769	0.0	2	55021 4265 483
27	56877	0.0	2	52382 3878 572 45
28	53003	0.0	2	48627 3813 477 86
29	49234	0.0	2	44861 3667 530 176
30	43307	0.0	3	39180 3461 441 225
31	37445	0.0	3	33863 3049 402 131
32	33062	0.0	3	29808 2720 410 124
33	30134	0.0	3	27043 2659 317 115
34	26930	0.0	3	24240 2279 304 107
35	25301	0.0	3	22799 2129 270 103
36	24067	0.0	3	21632 2039 291 105
37	22932	0.0	3	20658 1887 263 124
38	22524	0.0	3	20298 1833 268 125
39	20677	0.0	3	18606 1703 251 117
40	18705	0.0	3	16822 1559 232 92
41	16469	0.0	3	14846 1347 194 82
42	14710	0.0	3	13257 1188 169 96
43	12815	0.0	3	11560 1048 120 87
44	11498	0.0	3	10356 946 135 61
45	9958	0.0	3	8937 825 129 67
46	9190	0.0	3	8197 803 133 57
47	8653	0.0	3	7829 683 94 47
48	8313	0.0	3	7422 724 110 57
49	7800	0.0	3	7105 575 77 43
50	7555	0.0	3	6783 625 100 47
51	6430	0.0	3	5726 563 95 46
52	5796	0.0	3	5195 479 82 40
53	4932	0.0	3	4454 379 69 30
54	4152	0.0	3	3732 325 56 39
55	3542	0.0	3	3144 309 56 33
56	3018	0.0	3	2673 268 50 27
57	2774	0.0	3	2482 213 55 24
58	2699	0.0	3	2391 238 42 28
59	2678	0.0	3	2393 213 36 36
60	2386	0.0	3	2122 193 41 30
61	1977	0.0	3	1727 185 40 25
62	1634	0.0	3	1412 162 37 23
63	1380	0.0	3	1173 137 38 32
64	1084	0.0	3	923 106 32 23
65	886	0.0	3	742 92 32 20
66	772	0.0	3	635 88 26 23
67	626	0.0	3	516 75 19 16
68	610	0.0	3	479 74 30 27
69	563	0.0	3	440 69 33 21
70	470	0.0	3	361 67 24 18
71	380	0.0	3	288 54 27 11
72	318	0.0	3	242 40 20 16
73	234	0.0	3	168 36 17 13
74	250	0.0	3	179 39 24 8
75	196	0.0	3	131 31 18 16
76	176	0.0	3	113 32 17 14
77	155	0.0	3	107 22 16 10
78	126	0.0	3	91 21 7 7
79	136	0.0	3	98 23 13 2
80	98	0.0	3	90 5 2 1
81	92	0.0	3	67 16 3 6
82	66	0.0	3	55 7 4
83	50	0.0	3	45 3 2
84	56	0.0	3	50 3 2 1
85	36	0.0	3	28 8
86	36	0.0	3	29 6 1
87	31	0.0	3	24 4 1 2
88	31	0.0	3	29 1 1
89	30	0.0	3	26 4
90	15	0.0	3	13 2
91	21	0.0	3	19 2
92	22	0.0	3	19 1 2
93	4	0.0	3	2 0 1 1
94	2	0.0	3	2
96	4	0.0	3	2 1 1
97	1	0.0	3	0 0 1
98	3	0.0	3	2 0 0 1
99	4	0.0	3	0 0 0 4
100	89	0.0	3	3 30 49 7
101	8025	0.0	3	2875 4737 376 37


=== Second read: Adapter 2 ===

Sequence: AGATCGGAAGAGCGTCGTGTAGGGAAAGAGTGT; Type: regular 3'; Length: 33; Trimmed: 5350631 times

Minimum overlap: 3
No. of allowed errors:
1-9 bp: 0; 10-19 bp: 1; 20-29 bp: 2; 30-33 bp: 3

Bases preceding removed adapters:
  A: 21.6%
  C: 29.5%
  G: 29.9%
  T: 18.9%
  none/other: 0.1%

Overview of removed sequences
length	count	expect	max.err	error counts
3	1267447	1015660.2	0	1267447
4	466471	253915.1	0	466471
5	277276	63478.8	0	277276
6	232826	15869.7	0	232826
7	217895	3967.4	0	217895
8	204745	991.9	0	204745
9	187727	248.0	0	185664 2063
10	175387	62.0	1	167265 8122
11	159530	15.5	1	152797 6733
12	147199	3.9	1	141236 5963
13	138876	1.0	1	132735 6141
14	134015	0.2	1	128112 5903
15	129583	0.1	1	121885 7698
16	126087	0.0	1	119332 6755
17	121458	0.0	1	114842 6616
18	112806	0.0	1	105765 6707 334
19	102078	0.0	1	95975 5787 316
20	92614	0.0	2	85919 5253 1442
21	80955	0.0	2	74875 5063 1017
22	72673	0.0	2	67106 4653 914
23	67499	0.0	2	62178 4316 1005
24	63892	0.0	2	58867 4200 825
25	59895	0.0	2	54885 4154 856
26	59713	0.0	2	54646 4099 968
27	56867	0.0	2	51964 3963 915 25
28	52948	0.0	2	48204 3630 1020 94
29	49283	0.0	2	44771 3709 738 65
30	43641	0.0	3	39286 3219 731 405
31	37713	0.0	3	33150 3475 673 415
32	33375	0.0	3	29607 2904 528 336
33	30390	0.0	3	27083 2569 488 250
34	27323	0.0	3	24235 2358 451 279
35	25594	0.0	3	22778 2141 409 266
36	24337	0.0	3	21587 2142 334 274
37	23314	0.0	3	20731 1946 385 252
38	22896	0.0	3	20287 1947 381 281
39	21080	0.0	3	18719 1792 348 221
40	19053	0.0	3	16991 1579 276 207
41	16904	0.0	3	15015 1369 322 198
42	15128	0.0	3	13347 1309 264 208
43	13356	0.0	3	11650 1207 287 212
44	11999	0.0	3	10557 1023 237 182
45	10430	0.0	3	9065 916 259 190
46	9698	0.0	3	8440 851 217 190
47	9196	0.0	3	7887 920 205 184
48	8836	0.0	3	7653 791 233 159
49	8283	0.0	3	7189 750 203 141
50	8066	0.0	3	6960 732 204 170
51	6921	0.0	3	5967 628 177 149
52	6318	0.0	3	5367 623 185 143
53	5412	0.0	3	4617 508 163 124
54	4613	0.0	3	3885 435 181 112
55	4069	0.0	3	3346 449 143 131
56	3513	0.0	3	2880 353 150 130
57	3245	0.0	3	2655 336 145 109
58	3189	0.0	3	2545 380 143 121
59	3143	0.0	3	2510 389 131 113
60	2868	0.0	3	2312 317 135 104
61	2460	0.0	3	1959 271 123 107
62	2138	0.0	3	1659 249 130 100
63	1867	0.0	3	1399 231 124 113
64	1566	0.0	3	1134 210 125 97
65	1373	0.0	3	924 240 115 94
66	1223	0.0	3	832 178 111 102
67	1056	0.0	3	704 154 99 99
68	1025	0.0	3	676 155 119 75
69	1001	0.0	3	641 165 112 83
70	965	0.0	3	576 183 115 91
71	761	0.0	3	478 143 84 56
72	726	0.0	3	431 138 90 67
73	642	0.0	3	327 126 91 98
74	624	0.0	3	348 124 81 71
75	546	0.0	3	282 107 80 77
76	535	0.0	3	278 115 69 73
77	488	0.0	3	250 107 70 61
78	429	0.0	3	210 91 60 68
79	350	0.0	3	186 74 40 50
80	270	0.0	3	148 59 27 36
81	218	0.0	3	104 40 34 40
82	171	0.0	3	87 47 18 19
83	132	0.0	3	70 24 20 18
84	148	0.0	3	64 30 21 33
85	110	0.0	3	50 18 16 26
86	94	0.0	3	48 18 11 17
87	82	0.0	3	36 14 15 17
88	78	0.0	3	30 20 11 17
89	63	0.0	3	38 11 4 10
90	37	0.0	3	14 6 7 10
91	36	0.0	3	22 8 1 5
92	35	0.0	3	18 7 6 4
93	11	0.0	3	5 1 2 3
94	8	0.0	3	2 0 2 4
95	6	0.0	3	0 2 2 2
96	9	0.0	3	4 1 2 2
97	9	0.0	3	1 1 4 3
98	10	0.0	3	0 2 1 7
99	10	0.0	3	0 1 2 7
100	231	0.0	3	6 93 121 11
101	7440	0.0	3	2766 4365 279 30
