This is cutadapt 3.5 with Python 3.6.8
Command line parameters: -o /home/lspencer/2022-redking-OA/trimmed/Tank_7_Crab_1.trimmed.R1.v2.fastq.gz -p /home/lspencer/2022-redking-OA/trimmed/Tank_7_Crab_1.trimmed.R2.v2.fastq.gz -a AGATCGGAAGAGCACACGTCTGAACTCCAGTCA -A AGATCGGAAGAGCGTCGTGTAGGGAAAGAGTGT -q 20,15 -m 50 --trim-n --cores=8 /share/nwfsc/ggoetz/red_king_crab/illumina/Tank_7_Crab_1_R1.fastq.gz /share/nwfsc/ggoetz/red_king_crab/illumina/Tank_7_Crab_1_R2.fastq.gz
Processing reads on 8 cores in paired-end mode ...
Finished in 400.74 s (8 us/read; 7.84 M reads/minute).

=== Summary ===

Total read pairs processed:         52,344,314
  Read 1 with adapter:               5,278,301 (10.1%)
  Read 2 with adapter:               5,067,646 (9.7%)

== Read fate breakdown ==
Pairs that were too short:              93,981 (0.2%)
Pairs written (passing filters):    52,250,333 (99.8%)

Total basepairs processed: 10,573,551,428 bp
  Read 1: 5,286,775,714 bp
  Read 2: 5,286,775,714 bp
Quality-trimmed:              18,235,766 bp (0.2%)
  Read 1:     4,508,247 bp
  Read 2:    13,727,519 bp
Total written (filtered):  10,410,451,935 bp (98.5%)
  Read 1: 5,207,934,848 bp
  Read 2: 5,202,517,087 bp

=== First read: Adapter 1 ===

Sequence: AGATCGGAAGAGCACACGTCTGAACTCCAGTCA; Type: regular 3'; Length: 33; Trimmed: 5278301 times

Minimum overlap: 3
No. of allowed errors:
1-9 bp: 0; 10-19 bp: 1; 20-29 bp: 2; 30-33 bp: 3

Bases preceding removed adapters:
  A: 27.2%
  C: 28.9%
  G: 33.8%
  T: 10.0%
  none/other: 0.1%

Overview of removed sequences
length	count	expect	max.err	error counts
3	1232643	817879.9	0	1232643
4	425593	204470.0	0	425593
5	265643	51117.5	0	265643
6	226793	12779.4	0	226793
7	211476	3194.8	0	211476
8	192185	798.7	0	192185
9	183269	199.7	0	181377 1892
10	171686	49.9	1	165289 6397
11	155917	12.5	1	150355 5562
12	147747	3.1	1	142612 5135
13	142175	0.8	1	136523 5652
14	134808	0.2	1	129626 5182
15	132008	0.0	1	126131 5877
16	126712	0.0	1	121056 5656
17	123577	0.0	1	117558 6019
18	116231	0.0	1	110493 5609 129
19	103144	0.0	1	98016 4917 211
20	93959	0.0	2	87975 5329 655
21	84783	0.0	2	79524 4750 509
22	76349	0.0	2	71239 4603 507
23	70611	0.0	2	65888 4251 472
24	68681	0.0	2	63328 4787 566
25	65225	0.0	2	60065 4579 581
26	62118	0.0	2	57265 4473 380
27	60018	0.0	2	55463 4092 439 24
28	57110	0.0	2	52178 4276 567 89
29	50661	0.0	2	46339 3822 449 51
30	46757	0.0	3	42581 3621 410 145
31	39490	0.0	3	35925 3103 367 95
32	35586	0.0	3	32166 2968 327 125
33	31263	0.0	3	28311 2566 294 92
34	29879	0.0	3	26866 2596 311 106
35	27506	0.0	3	24831 2206 360 109
36	26558	0.0	3	23915 2064 413 166
37	24846	0.0	3	22370 1904 411 161
38	23902	0.0	3	21531 1866 350 155
39	22488	0.0	3	20163 1850 318 157
40	19131	0.0	3	17322 1442 256 111
41	17723	0.0	3	16039 1344 262 78
42	15521	0.0	3	14006 1225 210 80
43	13752	0.0	3	12402 1086 189 75
44	12174	0.0	3	11012 950 152 60
45	10809	0.0	3	9780 823 139 67
46	9774	0.0	3	8805 776 145 48
47	9410	0.0	3	8513 707 129 61
48	8622	0.0	3	7785 663 120 54
49	8432	0.0	3	7629 627 127 49
50	7635	0.0	3	6787 673 114 61
51	8706	0.0	3	7880 635 126 65
52	4107	0.0	3	3665 351 59 32
53	4469	0.0	3	4009 372 61 27
54	3922	0.0	3	3536 317 41 28
55	3447	0.0	3	3070 260 74 43
56	3092	0.0	3	2765 250 51 26
57	2943	0.0	3	2640 225 45 33
58	2813	0.0	3	2514 232 51 16
59	2687	0.0	3	2437 187 46 17
60	2370	0.0	3	2101 193 51 25
61	1908	0.0	3	1693 160 31 24
62	1618	0.0	3	1425 120 40 33
63	1318	0.0	3	1174 94 30 20
64	847	0.0	3	741 73 13 20
65	854	0.0	3	701 108 25 20
66	653	0.0	3	565 55 18 15
67	569	0.0	3	495 53 12 9
68	566	0.0	3	468 56 25 17
69	450	0.0	3	377 36 20 17
70	362	0.0	3	285 44 19 14
71	333	0.0	3	249 41 22 21
72	216	0.0	3	169 24 12 11
73	204	0.0	3	147 28 13 16
74	168	0.0	3	123 29 9 7
75	126	0.0	3	92 15 12 7
76	128	0.0	3	84 26 8 10
77	114	0.0	3	73 20 11 10
78	107	0.0	3	86 10 6 5
79	85	0.0	3	57 19 4 5
80	70	0.0	3	54 10 5 1
81	92	0.0	3	73 14 5
82	65	0.0	3	53 9 2 1
83	58	0.0	3	45 10 1 2
84	112	0.0	3	42 66 2 2
85	128	0.0	3	53 63 11 1
86	156	0.0	3	57 94 5
87	150	0.0	3	62 78 8 2
88	169	0.0	3	66 96 7
89	180	0.0	3	56 120 4
90	150	0.0	3	51 95 3 1
91	158	0.0	3	42 109 6 1
92	145	0.0	3	54 85 4 2
93	147	0.0	3	50 89 7 1
94	147	0.0	3	43 99 5
95	152	0.0	3	46 93 12 1
96	202	0.0	3	65 127 10
97	230	0.0	3	80 134 16
98	399	0.0	3	130 240 28 1
99	826	0.0	3	253 527 39 7
100	1132	0.0	3	366 696 65 5
101	1871	0.0	3	615 1152 94 10


=== Second read: Adapter 2 ===

Sequence: AGATCGGAAGAGCGTCGTGTAGGGAAAGAGTGT; Type: regular 3'; Length: 33; Trimmed: 5067646 times

Minimum overlap: 3
No. of allowed errors:
1-9 bp: 0; 10-19 bp: 1; 20-29 bp: 2; 30-33 bp: 3

Bases preceding removed adapters:
  A: 21.2%
  C: 29.4%
  G: 31.0%
  T: 18.2%
  none/other: 0.1%

Overview of removed sequences
length	count	expect	max.err	error counts
3	1055446	817879.9	0	1055446
4	407198	204470.0	0	407198
5	253139	51117.5	0	253139
6	221174	12779.4	0	221174
7	209601	3194.8	0	209601
8	192250	798.7	0	192250
9	182940	199.7	0	180806 2134
10	171066	49.9	1	163823 7243
11	155997	12.5	1	149787 6210
12	151600	3.1	1	145400 6200
13	138051	0.8	1	132310 5741
14	150305	0.2	1	143459 6846
15	119338	0.0	1	113487 5851
16	125531	0.0	1	118884 6647
17	139877	0.0	1	132130 7747
18	96573	0.0	1	91339 4774 460
19	111009	0.0	1	104200 6653 156
20	87518	0.0	2	81417 5121 980
21	82838	0.0	2	76970 5013 855
22	76019	0.0	2	70188 4894 937
23	71441	0.0	2	65826 4631 984
24	69393	0.0	2	63754 4778 861
25	62257	0.0	2	57373 4217 667
26	63008	0.0	2	57542 4556 910
27	60655	0.0	2	55227 4380 1034 14
28	56363	0.0	2	51452 3885 952 74
29	49795	0.0	2	45204 3928 624 39
30	59979	0.0	3	53971 4580 932 496
31	26204	0.0	3	23449 2192 360 203
32	41205	0.0	3	36742 3510 602 351
33	26041	0.0	3	23267 2303 331 140
34	30135	0.0	3	26881 2538 431 285
35	27344	0.0	3	24483 2349 316 196
36	26371	0.0	3	23450 2201 430 290
37	27029	0.0	3	23856 2417 464 292
38	22251	0.0	3	19922 1907 270 152
39	21515	0.0	3	19296 1817 267 135
40	19582	0.0	3	17501 1666 264 151
41	17989	0.0	3	16051 1539 261 138
42	16646	0.0	3	14685 1409 318 234
43	12911	0.0	3	11627 1034 160 90
44	12705	0.0	3	11126 1137 260 182
45	10809	0.0	3	9598 923 182 106
46	10000	0.0	3	8828 872 176 124
47	9738	0.0	3	8459 923 202 154
48	8816	0.0	3	7746 777 163 130
49	8693	0.0	3	7697 748 137 111
50	7722	0.0	3	6796 675 147 104
51	6873	0.0	3	5996 642 126 109
52	5730	0.0	3	5021 526 112 71
53	5232	0.0	3	4535 515 107 75
54	4765	0.0	3	4038 464 149 114
55	3351	0.0	3	2938 303 56 54
56	3405	0.0	3	2832 360 108 105
57	3637	0.0	3	2905 419 175 138
58	2918	0.0	3	2491 291 81 55
59	2710	0.0	3	2335 259 64 52
60	2882	0.0	3	2370 287 121 104
61	2085	0.0	3	1757 216 65 47
62	1805	0.0	3	1483 188 77 57
63	1827	0.0	3	1311 251 147 118
64	1128	0.0	3	860 135 70 63
65	1070	0.0	3	783 160 65 62
66	912	0.0	3	693 112 52 55
67	830	0.0	3	587 132 62 49
68	867	0.0	3	592 119 72 84
69	718	0.0	3	491 105 65 57
70	583	0.0	3	396 85 54 48
71	533	0.0	3	325 91 64 53
72	472	0.0	3	299 83 49 41
73	448	0.0	3	256 85 51 56
74	397	0.0	3	215 80 43 59
75	335	0.0	3	189 64 39 43
76	305	0.0	3	167 51 41 46
77	300	0.0	3	162 74 34 30
78	266	0.0	3	130 66 33 37
79	201	0.0	3	109 41 22 29
80	240	0.0	3	125 55 32 28
81	201	0.0	3	116 43 28 14
82	167	0.0	3	70 63 17 17
83	151	0.0	3	63 56 21 11
84	107	0.0	3	37 51 9 10
85	118	0.0	3	46 57 10 5
86	108	0.0	3	43 43 12 10
87	120	0.0	3	41 64 11 4
88	115	0.0	3	53 49 8 5
89	111	0.0	3	36 55 18 2
90	110	0.0	3	38 61 9 2
91	108	0.0	3	29 67 9 3
92	119	0.0	3	40 71 6 2
93	131	0.0	3	39 80 10 2
94	140	0.0	3	41 89 8 2
95	138	0.0	3	39 88 10 1
96	174	0.0	3	46 111 15 2
97	251	0.0	3	72 159 17 3
98	365	0.0	3	104 228 31 2
99	840	0.0	3	231 547 56 6
100	1278	0.0	3	393 779 99 7
101	1902	0.0	3	621 1186 82 13
