This is cutadapt 3.5 with Python 3.6.8
Command line parameters: -o /home/lspencer/2022-redking-OA/trimmed/Tank_1_Crab_2.trimmed.R1.v1.fastq.gz -p /home/lspencer/2022-redking-OA/trimmed/Tank_1_Crab_2.trimmed.R2.v1.fastq.gz -a AGATCGGAAGAGCACACGTCTGAACTCCAGTCA -A AGATCGGAAGAGCGTCGTGTAGGGAAAGAGTGT -q 15,10 -m 50 --trim-n --cores=8 /share/nwfsc/ggoetz/red_king_crab/illumina/Tank_1_Crab_2_R1.fastq.gz /share/nwfsc/ggoetz/red_king_crab/illumina/Tank_1_Crab_2_R2.fastq.gz
Processing reads on 8 cores in paired-end mode ...
Finished in 364.03 s (8 us/read; 7.80 M reads/minute).

=== Summary ===

Total read pairs processed:         47,310,025
  Read 1 with adapter:               4,515,451 (9.5%)
  Read 2 with adapter:               4,332,322 (9.2%)

== Read fate breakdown ==
Pairs that were too short:              36,989 (0.1%)
Pairs written (passing filters):    47,273,036 (99.9%)

Total basepairs processed: 9,556,625,050 bp
  Read 1: 4,778,312,525 bp
  Read 2: 4,778,312,525 bp
Quality-trimmed:               4,441,684 bp (0.0%)
  Read 1:       703,290 bp
  Read 2:     3,738,394 bp
Total written (filtered):  9,442,269,418 bp (98.8%)
  Read 1: 4,722,426,319 bp
  Read 2: 4,719,843,099 bp

=== First read: Adapter 1 ===

Sequence: AGATCGGAAGAGCACACGTCTGAACTCCAGTCA; Type: regular 3'; Length: 33; Trimmed: 4515451 times

Minimum overlap: 3
No. of allowed errors:
1-9 bp: 0; 10-19 bp: 1; 20-29 bp: 2; 30-33 bp: 3

Bases preceding removed adapters:
  A: 27.7%
  C: 34.1%
  G: 29.8%
  T: 8.3%
  none/other: 0.0%

Overview of removed sequences
length	count	expect	max.err	error counts
3	1129079	739219.1	0	1129079
4	388780	184804.8	0	388780
5	259594	46201.2	0	259594
6	215437	11550.3	0	215437
7	189353	2887.6	0	189353
8	169611	721.9	0	169611
9	153570	180.5	0	152067 1503
10	141972	45.1	1	135927 6045
11	130866	11.3	1	125620 5246
12	123643	2.8	1	118729 4914
13	122408	0.7	1	117440 4968
14	121597	0.2	1	116431 5166
15	120754	0.0	1	115021 5733
16	114300	0.0	1	108618 5682
17	106407	0.0	1	101106 5301
18	95602	0.0	1	90615 4825 162
19	83574	0.0	1	78943 4443 188
20	72091	0.0	2	67592 3995 504
21	63046	0.0	2	58956 3613 477
22	57372	0.0	2	53456 3543 373
23	55070	0.0	2	51061 3543 466
24	52987	0.0	2	49011 3574 402
25	52351	0.0	2	48179 3698 474
26	50812	0.0	2	46633 3760 419
27	47255	0.0	2	43328 3434 444 49
28	42280	0.0	2	38563 3227 419 71
29	37180	0.0	2	33704 2941 399 136
30	31367	0.0	3	28464 2451 306 146
31	26446	0.0	3	23797 2218 308 123
32	23005	0.0	3	20685 2025 222 73
33	20922	0.0	3	18663 1929 245 85
34	19097	0.0	3	17110 1725 184 78
35	18544	0.0	3	16708 1490 268 78
36	18176	0.0	3	16386 1428 273 89
37	17278	0.0	3	15563 1341 289 85
38	16564	0.0	3	14866 1339 272 87
39	14662	0.0	3	13260 1125 198 79
40	12933	0.0	3	11631 1057 169 76
41	11128	0.0	3	10008 901 155 64
42	9502	0.0	3	8495 820 132 55
43	8019	0.0	3	7171 676 113 59
44	7011	0.0	3	6267 591 111 42
45	6016	0.0	3	5411 492 82 31
46	5649	0.0	3	5050 473 93 33
47	5531	0.0	3	4982 427 89 33
48	5360	0.0	3	4800 427 95 38
49	4947	0.0	3	4407 430 81 29
50	4669	0.0	3	4188 387 68 26
51	3951	0.0	3	3513 352 60 26
52	3317	0.0	3	2950 268 69 30
53	2707	0.0	3	2411 230 33 33
54	2409	0.0	3	2131 199 48 31
55	1804	0.0	3	1619 143 28 14
56	1632	0.0	3	1426 154 39 13
57	1510	0.0	3	1354 113 26 17
58	1568	0.0	3	1380 127 39 22
59	1539	0.0	3	1349 147 23 20
60	1367	0.0	3	1206 108 30 23
61	1068	0.0	3	952 78 24 14
62	927	0.0	3	797 89 21 20
63	726	0.0	3	623 69 15 19
64	575	0.0	3	478 65 15 17
65	473	0.0	3	376 47 27 23
66	412	0.0	3	326 48 19 19
67	355	0.0	3	293 37 13 12
68	327	0.0	3	254 34 22 17
69	283	0.0	3	219 38 18 8
70	242	0.0	3	180 29 13 20
71	227	0.0	3	172 29 10 16
72	191	0.0	3	142 21 17 11
73	147	0.0	3	111 15 13 8
74	154	0.0	3	105 24 15 10
75	126	0.0	3	82 25 11 8
76	154	0.0	3	101 25 16 12
77	115	0.0	3	80 17 7 11
78	105	0.0	3	74 19 8 4
79	72	0.0	3	58 7 4 3
80	73	0.0	3	56 13 2 2
81	609	0.0	3	481 93 27 8
82	63	0.0	3	48 10 4 1
83	61	0.0	3	50 11
84	32	0.0	3	25 6 0 1
85	34	0.0	3	27 5 2
86	24	0.0	3	20 4
87	25	0.0	3	24 0 1
88	30	0.0	3	24 3 1 2
89	18	0.0	3	16 2
90	3	0.0	3	3
91	5	0.0	3	5
92	1	0.0	3	1
93	3	0.0	3	2 0 0 1
94	3	0.0	3	1 0 2
96	1	0.0	3	1
98	1	0.0	3	1
99	7	0.0	3	5 0 1 1
100	33	0.0	3	6 18 7 2
101	2125	0.0	3	1881 215 26 3


=== Second read: Adapter 2 ===

Sequence: AGATCGGAAGAGCGTCGTGTAGGGAAAGAGTGT; Type: regular 3'; Length: 33; Trimmed: 4332322 times

Minimum overlap: 3
No. of allowed errors:
1-9 bp: 0; 10-19 bp: 1; 20-29 bp: 2; 30-33 bp: 3

Bases preceding removed adapters:
  A: 17.8%
  C: 28.7%
  G: 34.3%
  T: 19.1%
  none/other: 0.1%

Overview of removed sequences
length	count	expect	max.err	error counts
3	958495	739219.1	0	958495
4	375384	184804.8	0	375384
5	246616	46201.2	0	246616
6	208961	11550.3	0	208961
7	190096	2887.6	0	190096
8	170642	721.9	0	170642
9	154641	180.5	0	152873 1768
10	143329	45.1	1	136747 6582
11	131892	11.3	1	126580 5312
12	124358	2.8	1	119641 4717
13	122908	0.7	1	118019 4889
14	122415	0.2	1	117080 5335
15	120902	0.0	1	114219 6683
16	114337	0.0	1	108559 5778
17	106519	0.0	1	101009 5510
18	95265	0.0	1	89404 5630 231
19	83425	0.0	1	78632 4569 224
20	72179	0.0	2	67061 4035 1083
21	63148	0.0	2	58622 3815 711
22	57521	0.0	2	53120 3728 673
23	55072	0.0	2	50854 3520 698
24	53038	0.0	2	48895 3525 618
25	52360	0.0	2	48227 3499 634
26	50907	0.0	2	46699 3439 769
27	47246	0.0	2	43136 3344 749 17
28	42261	0.0	2	38442 2973 789 57
29	37176	0.0	2	33675 2924 534 43
30	31537	0.0	3	28419 2363 492 263
31	26655	0.0	3	23686 2267 455 247
32	23159	0.0	3	20642 1962 350 205
33	21112	0.0	3	18783 1830 330 169
34	19291	0.0	3	17228 1633 260 170
35	18760	0.0	3	16782 1552 270 156
36	18321	0.0	3	16393 1353 259 316
37	17515	0.0	3	15648 1300 268 299
38	16706	0.0	3	14842 1247 268 349
39	14863	0.0	3	13174 1118 244 327
40	13155	0.0	3	11683 949 229 294
41	11339	0.0	3	10106 830 188 215
42	9776	0.0	3	8527 835 189 225
43	8298	0.0	3	7298 659 143 198
44	7301	0.0	3	6370 596 162 173
45	6313	0.0	3	5566 476 121 150
46	5959	0.0	3	5164 498 142 155
47	5852	0.0	3	5139 426 105 182
48	5638	0.0	3	4896 447 137 158
49	5231	0.0	3	4577 398 124 132
50	4978	0.0	3	4267 419 138 154
51	4262	0.0	3	3687 342 111 122
52	3628	0.0	3	3028 331 128 141
53	3036	0.0	3	2547 277 101 111
54	2693	0.0	3	2239 236 99 119
55	2084	0.0	3	1696 198 75 115
56	1882	0.0	3	1523 172 90 97
57	1816	0.0	3	1473 154 84 105
58	1850	0.0	3	1490 183 86 91
59	1855	0.0	3	1479 182 90 104
60	1643	0.0	3	1327 153 80 83
61	1335	0.0	3	1021 151 80 83
62	1213	0.0	3	920 129 74 90
63	988	0.0	3	735 97 61 95
64	860	0.0	3	606 98 76 80
65	734	0.0	3	483 108 67 76
66	661	0.0	3	448 79 68 66
67	655	0.0	3	432 96 63 64
68	594	0.0	3	365 90 68 71
69	533	0.0	3	332 78 66 57
70	477	0.0	3	291 65 70 51
71	439	0.0	3	250 82 58 49
72	453	0.0	3	255 83 56 59
73	377	0.0	3	206 73 58 40
74	344	0.0	3	174 62 41 67
75	342	0.0	3	183 69 46 44
76	330	0.0	3	176 55 54 45
77	300	0.0	3	165 64 30 41
78	252	0.0	3	134 37 46 35
79	185	0.0	3	92 31 22 40
80	189	0.0	3	97 32 30 30
81	642	0.0	3	256 125 129 132
82	131	0.0	3	76 18 18 19
83	101	0.0	3	57 7 14 23
84	96	0.0	3	40 15 14 27
85	81	0.0	3	40 9 14 18
86	64	0.0	3	31 15 5 13
87	60	0.0	3	31 12 10 7
88	45	0.0	3	29 7 3 6
89	33	0.0	3	17 9 3 4
90	19	0.0	3	7 6 2 4
91	13	0.0	3	7 1 2 3
92	6	0.0	3	1 2 0 3
93	4	0.0	3	2 1 0 1
94	5	0.0	3	2 1 0 2
95	1	0.0	3	0 0 0 1
96	4	0.0	3	1 0 3
97	1	0.0	3	0 0 1
98	5	0.0	3	0 0 2 3
99	10	0.0	3	3 1 4 2
100	75	0.0	3	4 57 7 7
101	2064	0.0	3	1797 224 23 20
