This is cutadapt 3.5 with Python 3.6.8
Command line parameters: -o /home/lspencer/2022-redking-OA/trimmed/Tank_3_Crab_1.trimmed.R1.v2.fastq.gz -p /home/lspencer/2022-redking-OA/trimmed/Tank_3_Crab_1.trimmed.R2.v2.fastq.gz -a AGATCGGAAGAGCACACGTCTGAACTCCAGTCA -A AGATCGGAAGAGCGTCGTGTAGGGAAAGAGTGT -q 20,15 -m 50 --trim-n --cores=8 /share/nwfsc/ggoetz/red_king_crab/illumina/Tank_3_Crab_1_R1.fastq.gz /share/nwfsc/ggoetz/red_king_crab/illumina/Tank_3_Crab_1_R2.fastq.gz
Processing reads on 8 cores in paired-end mode ...
Finished in 377.53 s (8 us/read; 7.90 M reads/minute).

=== Summary ===

Total read pairs processed:         49,719,815
  Read 1 with adapter:               6,629,077 (13.3%)
  Read 2 with adapter:               6,462,621 (13.0%)

== Read fate breakdown ==
Pairs that were too short:              91,639 (0.2%)
Pairs written (passing filters):    49,628,176 (99.8%)

Total basepairs processed: 10,043,402,630 bp
  Read 1: 5,021,701,315 bp
  Read 2: 5,021,701,315 bp
Quality-trimmed:              15,069,523 bp (0.2%)
  Read 1:     4,202,580 bp
  Read 2:    10,866,943 bp
Total written (filtered):  9,838,889,889 bp (98.0%)
  Read 1: 4,921,395,915 bp
  Read 2: 4,917,493,974 bp

=== First read: Adapter 1 ===

Sequence: AGATCGGAAGAGCACACGTCTGAACTCCAGTCA; Type: regular 3'; Length: 33; Trimmed: 6629077 times

Minimum overlap: 3
No. of allowed errors:
1-9 bp: 0; 10-19 bp: 1; 20-29 bp: 2; 30-33 bp: 3

Bases preceding removed adapters:
  A: 25.9%
  C: 35.9%
  G: 30.4%
  T: 7.6%
  none/other: 0.1%

Overview of removed sequences
length	count	expect	max.err	error counts
3	1213305	776872.1	0	1213305
4	470215	194218.0	0	470215
5	352222	48554.5	0	352222
6	310046	12138.6	0	310046
7	287254	3034.7	0	287254
8	255006	758.7	0	255006
9	237087	189.7	0	235207 1880
10	222668	47.4	1	214098 8570
11	200319	11.9	1	192789 7530
12	197045	3.0	1	189565 7480
13	200865	0.7	1	192711 8154
14	196522	0.2	1	188610 7912
15	200900	0.0	1	191354 9546
16	191115	0.0	1	182087 9028
17	184852	0.0	1	175115 9737
18	166647	0.0	1	158014 8449 184
19	143592	0.0	1	135952 7397 243
20	126380	0.0	2	118218 7264 898
21	112737	0.0	2	105278 6712 747
22	103898	0.0	2	96845 6396 657
23	97319	0.0	2	90790 5917 612
24	99636	0.0	2	91796 7042 798
25	98073	0.0	2	89969 7152 952
26	94075	0.0	2	86636 6878 561
27	88494	0.0	2	81164 6611 686 33
28	83810	0.0	2	76090 6744 861 115
29	70256	0.0	2	63943 5617 627 69
30	60763	0.0	3	55011 4969 565 218
31	51484	0.0	3	46480 4406 485 113
32	45559	0.0	3	41068 3870 455 166
33	39396	0.0	3	35398 3516 379 103
34	38728	0.0	3	34564 3607 418 139
35	35602	0.0	3	31951 3064 447 140
36	37551	0.0	3	33614 3145 617 175
37	32741	0.0	3	29526 2667 426 122
38	33434	0.0	3	29849 2897 496 192
39	28412	0.0	3	25695 2251 367 99
40	26140	0.0	3	23460 2215 343 122
41	22475	0.0	3	20077 1888 382 128
42	18212	0.0	3	16373 1542 229 68
43	16218	0.0	3	14590 1323 231 74
44	13885	0.0	3	12469 1167 173 76
45	12176	0.0	3	10941 1028 158 49
46	11163	0.0	3	9985 952 179 47
47	10643	0.0	3	9559 853 164 67
48	10414	0.0	3	9387 814 155 58
49	10150	0.0	3	9096 843 153 58
50	9128	0.0	3	8130 831 126 41
51	10075	0.0	3	9189 719 117 50
52	4656	0.0	3	4152 395 75 34
53	4852	0.0	3	4327 402 87 36
54	4007	0.0	3	3599 339 51 18
55	3655	0.0	3	3252 291 69 43
56	3027	0.0	3	2683 259 54 31
57	2921	0.0	3	2554 270 66 31
58	3001	0.0	3	2652 268 51 30
59	3138	0.0	3	2813 269 35 21
60	2732	0.0	3	2426 238 47 21
61	2294	0.0	3	2009 208 42 35
62	1924	0.0	3	1691 165 39 29
63	1625	0.0	3	1411 148 31 35
64	986	0.0	3	875 73 24 14
65	916	0.0	3	778 85 33 20
66	670	0.0	3	568 62 31 9
67	622	0.0	3	528 65 16 13
68	704	0.0	3	592 64 28 20
69	625	0.0	3	528 59 24 14
70	493	0.0	3	401 49 21 22
71	361	0.0	3	299 32 14 16
72	317	0.0	3	253 40 16 8
73	272	0.0	3	207 34 13 18
74	210	0.0	3	157 30 14 9
75	143	0.0	3	108 17 6 12
76	126	0.0	3	84 19 13 10
77	152	0.0	3	105 24 16 7
78	132	0.0	3	104 17 6 5
79	97	0.0	3	78 11 6 2
80	81	0.0	3	65 9 6 1
81	150	0.0	3	109 30 8 3
82	72	0.0	3	66 4 2
83	60	0.0	3	43 12 4 1
84	73	0.0	3	62 10 0 1
85	109	0.0	3	87 21 1
86	126	0.0	3	104 16 3 3
87	153	0.0	3	131 18 4
88	130	0.0	3	112 12 5 1
89	129	0.0	3	111 14 4
90	135	0.0	3	120 14 1
91	136	0.0	3	119 13 3 1
92	135	0.0	3	116 15 2 2
93	127	0.0	3	115 12
94	142	0.0	3	127 13 2
95	91	0.0	3	72 16 2 1
96	158	0.0	3	139 15 3 1
97	190	0.0	3	168 18 3 1
98	297	0.0	3	253 40 4
99	707	0.0	3	622 76 8 1
100	965	0.0	3	828 119 16 2
101	1566	0.0	3	1397 144 20 5


=== Second read: Adapter 2 ===

Sequence: AGATCGGAAGAGCGTCGTGTAGGGAAAGAGTGT; Type: regular 3'; Length: 33; Trimmed: 6462621 times

Minimum overlap: 3
No. of allowed errors:
1-9 bp: 0; 10-19 bp: 1; 20-29 bp: 2; 30-33 bp: 3

Bases preceding removed adapters:
  A: 16.8%
  C: 29.1%
  G: 35.6%
  T: 18.4%
  none/other: 0.1%

Overview of removed sequences
length	count	expect	max.err	error counts
3	1049025	776872.1	0	1049025
4	457313	194218.0	0	457313
5	339270	48554.5	0	339270
6	306003	12138.6	0	306003
7	285671	3034.7	0	285671
8	259191	758.7	0	259191
9	239445	189.7	0	237591 1854
10	222264	47.4	1	214168 8096
11	203316	11.9	1	196202 7114
12	203296	3.0	1	196056 7240
13	195291	0.7	1	188299 6992
14	222972	0.2	1	213792 9180
15	181135	0.0	1	173478 7657
16	192475	0.0	1	183423 9052
17	209357	0.0	1	198984 10373
18	140434	0.0	1	133864 6307 263
19	153410	0.0	1	144776 8360 274
20	119192	0.0	2	112050 6219 923
21	110640	0.0	2	103439 6183 1018
22	103831	0.0	2	96611 6179 1041
23	99173	0.0	2	92102 5903 1168
24	100944	0.0	2	93746 6208 990
25	94849	0.0	2	87910 6059 880
26	95544	0.0	2	88023 6233 1288
27	89871	0.0	2	81983 6308 1555 25
28	82283	0.0	2	75526 5324 1330 103
29	70214	0.0	2	63956 5393 830 35
30	71442	0.0	3	64424 5376 1076 566
31	41081	0.0	3	37309 3081 473 218
32	45729	0.0	3	40904 3800 653 372
33	39860	0.0	3	35881 3291 476 212
34	37762	0.0	3	33542 3334 540 346
35	36654	0.0	3	32691 3160 507 296
36	35949	0.0	3	32387 2572 397 593
37	35033	0.0	3	31336 2605 471 621
38	32995	0.0	3	29386 2472 483 654
39	28879	0.0	3	26108 2021 307 443
40	25910	0.0	3	23271 1863 349 427
41	21989	0.0	3	19584 1689 286 430
42	19359	0.0	3	17154 1476 315 414
43	15632	0.0	3	14030 1164 189 249
44	14136	0.0	3	12554 1042 235 305
45	12321	0.0	3	10884 971 194 272
46	11599	0.0	3	10204 918 214 263
47	10820	0.0	3	9564 802 193 261
48	10596	0.0	3	9343 825 200 228
49	10347	0.0	3	9196 781 155 215
50	9194	0.0	3	8048 725 190 231
51	7972	0.0	3	7036 625 134 177
52	6529	0.0	3	5806 463 113 147
53	5723	0.0	3	4940 464 141 178
54	4913	0.0	3	4170 398 159 186
55	3524	0.0	3	3115 267 74 68
56	3404	0.0	3	2855 297 114 138
57	3611	0.0	3	2954 342 143 172
58	3053	0.0	3	2636 242 78 97
59	3238	0.0	3	2795 264 69 110
60	3250	0.0	3	2632 323 124 171
61	2564	0.0	3	2152 213 84 115
62	2113	0.0	3	1754 192 80 87
63	2189	0.0	3	1622 240 148 179
64	1265	0.0	3	1018 109 56 82
65	1157	0.0	3	867 143 71 76
66	903	0.0	3	687 109 46 61
67	900	0.0	3	663 106 64 67
68	996	0.0	3	701 125 84 86
69	915	0.0	3	663 112 63 77
70	757	0.0	3	549 82 69 57
71	636	0.0	3	415 98 56 67
72	591	0.0	3	378 81 72 60
73	520	0.0	3	326 72 54 68
74	440	0.0	3	249 62 52 77
75	377	0.0	3	218 60 41 58
76	376	0.0	3	190 57 54 75
77	327	0.0	3	197 50 27 53
78	260	0.0	3	161 21 38 40
79	212	0.0	3	126 32 23 31
80	256	0.0	3	146 36 27 47
81	244	0.0	3	145 51 26 22
82	142	0.0	3	78 20 16 28
83	128	0.0	3	78 20 13 17
84	121	0.0	3	85 13 13 10
85	122	0.0	3	82 11 11 18
86	109	0.0	3	60 20 11 18
87	104	0.0	3	72 16 10 6
88	117	0.0	3	85 19 7 6
89	77	0.0	3	55 10 4 8
90	90	0.0	3	60 21 5 4
91	90	0.0	3	76 8 2 4
92	101	0.0	3	84 13 3 1
93	108	0.0	3	85 13 4 6
94	113	0.0	3	95 14 3 1
95	112	0.0	3	92 13 2 5
96	151	0.0	3	121 21 3 6
97	252	0.0	3	207 34 5 6
98	308	0.0	3	253 44 2 9
99	667	0.0	3	557 91 8 11
100	1085	0.0	3	877 173 16 19
101	1713	0.0	3	1488 188 17 20
