This is cutadapt 3.5 with Python 3.6.8
Command line parameters: -o /home/lspencer/2022-redking-OA/trimmed/Tank_1_Crab_1.trimmed.R1.v2.fastq.gz -p /home/lspencer/2022-redking-OA/trimmed/Tank_1_Crab_1.trimmed.R2.v2.fastq.gz -a AGATCGGAAGAGCACACGTCTGAACTCCAGTCA -A AGATCGGAAGAGCGTCGTGTAGGGAAAGAGTGT -q 20,15 -m 50 --trim-n --cores=8 /share/nwfsc/ggoetz/red_king_crab/illumina/Tank_1_Crab_1_R1.fastq.gz /share/nwfsc/ggoetz/red_king_crab/illumina/Tank_1_Crab_1_R2.fastq.gz
Processing reads on 8 cores in paired-end mode ...
Finished in 411.98 s (8 us/read; 7.85 M reads/minute).

=== Summary ===

Total read pairs processed:         53,879,725
  Read 1 with adapter:               6,081,227 (11.3%)
  Read 2 with adapter:               5,841,689 (10.8%)

== Read fate breakdown ==
Pairs that were too short:              93,248 (0.2%)
Pairs written (passing filters):    53,786,477 (99.8%)

Total basepairs processed: 10,883,704,450 bp
  Read 1: 5,441,852,225 bp
  Read 2: 5,441,852,225 bp
Quality-trimmed:              18,710,606 bp (0.2%)
  Read 1:     4,709,767 bp
  Read 2:    14,000,839 bp
Total written (filtered):  10,698,738,382 bp (98.3%)
  Read 1: 5,351,979,116 bp
  Read 2: 5,346,759,266 bp

=== First read: Adapter 1 ===

Sequence: AGATCGGAAGAGCACACGTCTGAACTCCAGTCA; Type: regular 3'; Length: 33; Trimmed: 6081227 times

Minimum overlap: 3
No. of allowed errors:
1-9 bp: 0; 10-19 bp: 1; 20-29 bp: 2; 30-33 bp: 3

Bases preceding removed adapters:
  A: 26.1%
  C: 33.7%
  G: 31.6%
  T: 8.5%
  none/other: 0.1%

Overview of removed sequences
length	count	expect	max.err	error counts
3	1310584	841870.7	0	1310584
4	461723	210467.7	0	461723
5	319528	52616.9	0	319528
6	274444	13154.2	0	274444
7	254422	3288.6	0	254422
8	226277	822.1	0	226277
9	210800	205.5	0	208828 1972
10	198590	51.4	1	190590 8000
11	179367	12.8	1	172600 6767
12	174788	3.2	1	168431 6357
13	173450	0.8	1	166587 6863
14	171520	0.2	1	164772 6748
15	172874	0.1	1	165018 7856
16	165480	0.0	1	157745 7735
17	159182	0.0	1	150948 8234
18	147076	0.0	1	139528 7430 118
19	123648	0.0	1	117263 6185 200
20	110599	0.0	2	103436 6349 814
21	98020	0.0	2	91853 5608 559
22	89002	0.0	2	82944 5537 521
23	84114	0.0	2	78502 5082 530
24	84713	0.0	2	77970 6035 708
25	83812	0.0	2	76976 6051 785
26	79771	0.0	2	73696 5601 474
27	75417	0.0	2	69407 5402 569 39
28	70150	0.0	2	64006 5375 654 115
29	59990	0.0	2	54675 4697 556 62
30	51579	0.0	3	46733 4186 471 189
31	44243	0.0	3	40066 3702 387 88
32	39297	0.0	3	35379 3364 410 144
33	33979	0.0	3	30636 2936 309 98
34	32650	0.0	3	29183 2949 387 131
35	29845	0.0	3	26959 2547 239 100
36	29312	0.0	3	26358 2551 282 121
37	28987	0.0	3	26132 2365 354 136
38	27112	0.0	3	24468 2311 247 86
39	24802	0.0	3	22406 2050 238 108
40	21073	0.0	3	19049 1773 179 72
41	19144	0.0	3	17236 1642 188 78
42	16073	0.0	3	14491 1351 164 67
43	13403	0.0	3	12084 1131 128 60
44	11424	0.0	3	10307 956 110 51
45	9555	0.0	3	8571 834 104 46
46	8825	0.0	3	7977 711 88 49
47	8521	0.0	3	7630 740 108 43
48	8431	0.0	3	7617 669 103 42
49	7967	0.0	3	7196 648 89 34
50	7369	0.0	3	6573 658 91 47
51	8130	0.0	3	7345 644 95 46
52	3621	0.0	3	3235 315 47 24
53	3787	0.0	3	3391 311 61 24
54	3269	0.0	3	2942 283 30 14
55	2886	0.0	3	2554 249 49 34
56	2413	0.0	3	2152 213 30 18
57	2230	0.0	3	1984 198 36 12
58	2306	0.0	3	2045 204 43 14
59	2331	0.0	3	2074 206 37 14
60	2065	0.0	3	1803 202 33 27
61	1651	0.0	3	1457 138 38 18
62	1282	0.0	3	1125 103 31 23
63	1132	0.0	3	977 110 32 13
64	676	0.0	3	586 61 16 13
65	693	0.0	3	581 70 24 18
66	472	0.0	3	402 40 16 14
67	465	0.0	3	382 56 15 12
68	453	0.0	3	354 72 15 12
69	350	0.0	3	298 38 10 4
70	306	0.0	3	252 32 13 9
71	239	0.0	3	170 37 21 11
72	188	0.0	3	150 21 9 8
73	212	0.0	3	160 31 10 11
74	189	0.0	3	129 35 12 13
75	111	0.0	3	73 22 10 6
76	145	0.0	3	105 27 7 6
77	120	0.0	3	92 15 5 8
78	109	0.0	3	85 16 5 3
79	78	0.0	3	65 6 3 4
80	79	0.0	3	64 9 6
81	58	0.0	3	47 7 4
82	74	0.0	3	59 13 1 1
83	54	0.0	3	44 7 2 1
84	93	0.0	3	76 13 3 1
85	125	0.0	3	105 14 4 2
86	132	0.0	3	108 20 2 2
87	158	0.0	3	132 22 2 2
88	174	0.0	3	152 20 2
89	171	0.0	3	142 24 4 1
90	160	0.0	3	141 17 0 2
91	156	0.0	3	136 18 1 1
92	134	0.0	3	119 12 3
93	166	0.0	3	139 25 2
94	150	0.0	3	125 21 4
95	156	0.0	3	135 18 3
96	208	0.0	3	174 32 2
97	221	0.0	3	184 30 5 2
98	357	0.0	3	296 48 8 5
99	744	0.0	3	640 88 11 5
100	1084	0.0	3	914 155 13 2
101	1732	0.0	3	1499 203 24 6


=== Second read: Adapter 2 ===

Sequence: AGATCGGAAGAGCGTCGTGTAGGGAAAGAGTGT; Type: regular 3'; Length: 33; Trimmed: 5841689 times

Minimum overlap: 3
No. of allowed errors:
1-9 bp: 0; 10-19 bp: 1; 20-29 bp: 2; 30-33 bp: 3

Bases preceding removed adapters:
  A: 17.4%
  C: 30.4%
  G: 32.5%
  T: 19.5%
  none/other: 0.1%

Overview of removed sequences
length	count	expect	max.err	error counts
3	1085409	841870.7	0	1085409
4	439991	210467.7	0	439991
5	305927	52616.9	0	305927
6	269497	13154.2	0	269497
7	254112	3288.6	0	254112
8	228628	822.1	0	228628
9	212192	205.5	0	210049 2143
10	198689	51.4	1	190443 8246
11	181831	12.8	1	174810 7021
12	179203	3.2	1	172523 6680
13	169486	0.8	1	163059 6427
14	192491	0.2	1	184238 8253
15	157247	0.1	1	150147 7100
16	165875	0.0	1	157704 8171
17	174516	0.0	1	165406 9110
18	127221	0.0	1	120845 6077 299
19	130491	0.0	1	122941 7313 237
20	107241	0.0	2	100520 5849 872
21	98001	0.0	2	91335 5736 930
22	88822	0.0	2	82464 5374 984
23	85408	0.0	2	79163 5230 1015
24	85448	0.0	2	79138 5410 900
25	80691	0.0	2	74770 5148 773
26	81440	0.0	2	74908 5470 1062
27	76994	0.0	2	70108 5585 1273 28
28	68915	0.0	2	63216 4572 1028 99
29	60105	0.0	2	54781 4574 713 37
30	57499	0.0	3	51609 4514 913 463
31	38867	0.0	3	35047 3145 470 205
32	39944	0.0	3	35470 3517 619 338
33	34316	0.0	3	30739 2972 435 170
34	31831	0.0	3	28390 2833 392 216
35	30995	0.0	3	27512 2775 437 271
36	29151	0.0	3	26029 2515 374 233
37	28635	0.0	3	25539 2447 386 263
38	28454	0.0	3	25302 2396 419 337
39	24073	0.0	3	21625 1909 297 242
40	21515	0.0	3	19223 1791 288 213
41	19242	0.0	3	17094 1654 269 225
42	17917	0.0	3	15870 1512 290 245
43	12187	0.0	3	10847 1077 158 105
44	12100	0.0	3	10661 1021 217 201
45	9409	0.0	3	8317 824 142 126
46	9175	0.0	3	8109 758 162 146
47	8907	0.0	3	7743 811 168 185
48	8693	0.0	3	7607 771 159 156
49	8338	0.0	3	7324 730 151 133
50	7536	0.0	3	6573 680 156 127
51	6267	0.0	3	5488 575 113 91
52	5351	0.0	3	4670 484 107 90
53	4598	0.0	3	3960 441 110 87
54	4211	0.0	3	3561 395 141 114
55	2769	0.0	3	2419 246 51 53
56	2767	0.0	3	2271 285 98 113
57	3013	0.0	3	2404 343 142 124
58	2411	0.0	3	2028 252 68 63
59	2474	0.0	3	2118 223 74 59
60	2576	0.0	3	2040 311 133 92
61	1874	0.0	3	1573 192 45 64
62	1540	0.0	3	1232 184 57 67
63	1672	0.0	3	1191 235 135 111
64	996	0.0	3	732 116 80 68
65	946	0.0	3	705 124 58 59
66	697	0.0	3	511 87 40 59
67	789	0.0	3	533 118 65 73
68	787	0.0	3	531 118 74 64
69	644	0.0	3	443 104 57 40
70	559	0.0	3	376 79 55 49
71	462	0.0	3	279 90 57 36
72	491	0.0	3	277 104 55 55
73	501	0.0	3	310 96 53 42
74	437	0.0	3	260 75 55 47
75	370	0.0	3	210 71 42 47
76	353	0.0	3	202 69 40 42
77	264	0.0	3	158 52 31 23
78	238	0.0	3	137 43 33 25
79	187	0.0	3	104 34 18 31
80	233	0.0	3	142 36 24 31
81	161	0.0	3	110 20 15 16
82	147	0.0	3	93 31 11 12
83	139	0.0	3	85 24 12 18
84	119	0.0	3	76 21 9 13
85	126	0.0	3	84 19 10 13
86	104	0.0	3	72 17 6 9
87	123	0.0	3	83 19 8 13
88	114	0.0	3	98 11 2 3
89	97	0.0	3	78 10 3 6
90	120	0.0	3	91 22 2 5
91	101	0.0	3	89 10 1 1
92	131	0.0	3	100 22 7 2
93	129	0.0	3	106 20 2 1
94	136	0.0	3	116 16 1 3
95	169	0.0	3	135 29 1 4
96	166	0.0	3	137 23 3 3
97	248	0.0	3	198 43 3 4
98	408	0.0	3	322 69 10 7
99	741	0.0	3	616 106 15 4
100	1138	0.0	3	927 173 31 7
101	1940	0.0	3	1661 223 36 20
