This is cutadapt 3.5 with Python 3.6.8
Command line parameters: -o /home/lspencer/2022-redking-OA/trimmed/Tank_1_Crab_1.trimmed.R1.v1.fastq.gz -p /home/lspencer/2022-redking-OA/trimmed/Tank_1_Crab_1.trimmed.R2.v1.fastq.gz -a AGATCGGAAGAGCACACGTCTGAACTCCAGTCA -A AGATCGGAAGAGCGTCGTGTAGGGAAAGAGTGT -q 15,10 -m 50 --trim-n --cores=8 /share/nwfsc/ggoetz/red_king_crab/illumina/Tank_1_Crab_1_R1.fastq.gz /share/nwfsc/ggoetz/red_king_crab/illumina/Tank_1_Crab_1_R2.fastq.gz
Processing reads on 8 cores in paired-end mode ...
Finished in 415.38 s (8 us/read; 7.78 M reads/minute).

=== Summary ===

Total read pairs processed:         53,879,725
  Read 1 with adapter:               6,103,549 (11.3%)
  Read 2 with adapter:               5,855,030 (10.9%)

== Read fate breakdown ==
Pairs that were too short:              54,084 (0.1%)
Pairs written (passing filters):    53,825,641 (99.9%)

Total basepairs processed: 10,883,704,450 bp
  Read 1: 5,441,852,225 bp
  Read 2: 5,441,852,225 bp
Quality-trimmed:               4,634,769 bp (0.0%)
  Read 1:       797,998 bp
  Read 2:     3,836,771 bp
Total written (filtered):  10,716,680,354 bp (98.5%)
  Read 1: 5,359,504,840 bp
  Read 2: 5,357,175,514 bp

=== First read: Adapter 1 ===

Sequence: AGATCGGAAGAGCACACGTCTGAACTCCAGTCA; Type: regular 3'; Length: 33; Trimmed: 6103549 times

Minimum overlap: 3
No. of allowed errors:
1-9 bp: 0; 10-19 bp: 1; 20-29 bp: 2; 30-33 bp: 3

Bases preceding removed adapters:
  A: 26.1%
  C: 33.6%
  G: 31.7%
  T: 8.5%
  none/other: 0.1%

Overview of removed sequences
length	count	expect	max.err	error counts
3	1320463	841870.7	0	1320463
4	468959	210467.7	0	468959
5	321728	52616.9	0	321728
6	275245	13154.2	0	275245
7	250159	3288.6	0	250159
8	229623	822.1	0	229623
9	208578	205.5	0	206570 2008
10	196386	51.4	1	187936 8450
11	183175	12.8	1	175770 7405
12	174535	3.2	1	167753 6782
13	171188	0.8	1	164248 6940
14	173451	0.2	1	165853 7598
15	172492	0.1	1	164427 8065
16	167657	0.0	1	159327 8330
17	158328	0.0	1	150236 8092
18	143756	0.0	1	136148 7350 258
19	127167	0.0	1	119851 6998 318
20	110573	0.0	2	103435 6347 791
21	99100	0.0	2	92497 5894 709
22	88887	0.0	2	82668 5632 587
23	85259	0.0	2	79252 5304 703
24	83674	0.0	2	77095 5924 655
25	82586	0.0	2	75919 5948 719
26	81312	0.0	2	74568 6074 670
27	76132	0.0	2	69908 5516 646 62
28	69215	0.0	2	63231 5249 605 130
29	60632	0.0	2	55071 4755 610 196
30	51637	0.0	3	46689 4152 511 285
31	44376	0.0	3	39997 3798 445 136
32	39093	0.0	3	35122 3387 433 151
33	34648	0.0	3	31089 3099 341 119
34	32133	0.0	3	28804 2869 345 115
35	30450	0.0	3	27374 2652 301 123
36	29424	0.0	3	26427 2571 302 124
37	28637	0.0	3	25924 2313 297 103
38	27517	0.0	3	24749 2373 284 111
39	24652	0.0	3	22270 2045 232 105
40	21376	0.0	3	19234 1835 203 104
41	18960	0.0	3	17091 1608 182 79
42	16118	0.0	3	14537 1355 165 61
43	13438	0.0	3	12112 1138 130 58
44	11436	0.0	3	10304 961 121 50
45	9576	0.0	3	8596 836 98 46
46	8801	0.0	3	7946 710 93 52
47	8573	0.0	3	7679 750 98 46
48	8372	0.0	3	7583 653 98 38
49	7958	0.0	3	7170 653 95 40
50	7298	0.0	3	6557 609 84 48
51	6113	0.0	3	5468 522 86 37
52	5226	0.0	3	4700 433 65 28
53	4295	0.0	3	3825 373 68 29
54	3494	0.0	3	3098 317 53 26
55	2875	0.0	3	2560 242 45 28
56	2401	0.0	3	2159 203 24 15
57	2262	0.0	3	2010 198 34 20
58	2294	0.0	3	2031 212 33 18
59	2316	0.0	3	2063 201 35 17
60	2105	0.0	3	1824 216 44 21
61	1668	0.0	3	1469 137 44 18
62	1302	0.0	3	1135 106 34 27
63	984	0.0	3	864 90 23 7
64	799	0.0	3	688 79 18 14
65	677	0.0	3	571 63 26 17
66	520	0.0	3	425 56 23 16
67	480	0.0	3	390 60 16 14
68	454	0.0	3	355 64 18 17
69	383	0.0	3	319 42 13 9
70	326	0.0	3	263 38 18 7
71	235	0.0	3	176 35 13 11
72	211	0.0	3	158 32 13 8
73	210	0.0	3	153 29 13 15
74	171	0.0	3	128 26 8 9
75	141	0.0	3	87 31 14 9
76	149	0.0	3	105 26 10 8
77	125	0.0	3	91 20 5 9
78	118	0.0	3	89 14 8 7
79	82	0.0	3	64 8 4 6
80	74	0.0	3	59 11 4
81	65	0.0	3	49 10 6
82	75	0.0	3	62 11 1 1
83	41	0.0	3	38 2 0 1
84	47	0.0	3	42 2 3
85	32	0.0	3	29 3
86	43	0.0	3	37 4 2
87	30	0.0	3	28 1 0 1
88	48	0.0	3	44 4
89	20	0.0	3	19 1
90	7	0.0	3	7
91	6	0.0	3	5 1
92	2	0.0	3	1 1
93	1	0.0	3	0 1
95	6	0.0	3	5 0 1
96	6	0.0	3	3 1 2
97	6	0.0	3	6
98	4	0.0	3	3 0 0 1
99	19	0.0	3	12 4 2 1
100	124	0.0	3	37 69 15 3
101	5744	0.0	3	4952 696 72 24


=== Second read: Adapter 2 ===

Sequence: AGATCGGAAGAGCGTCGTGTAGGGAAAGAGTGT; Type: regular 3'; Length: 33; Trimmed: 5855030 times

Minimum overlap: 3
No. of allowed errors:
1-9 bp: 0; 10-19 bp: 1; 20-29 bp: 2; 30-33 bp: 3

Bases preceding removed adapters:
  A: 17.4%
  C: 30.3%
  G: 32.7%
  T: 19.5%
  none/other: 0.1%

Overview of removed sequences
length	count	expect	max.err	error counts
3	1087729	841870.7	0	1087729
4	448072	210467.7	0	448072
5	308475	52616.9	0	308475
6	269587	13154.2	0	269587
7	251488	3288.6	0	251488
8	231081	822.1	0	231081
9	209631	205.5	0	207426 2205
10	197836	51.4	1	189204 8632
11	184360	12.8	1	176945 7415
12	175479	3.2	1	168868 6611
13	172001	0.8	1	164889 7112
14	174519	0.2	1	167022 7497
15	172812	0.1	1	163214 9598
16	167850	0.0	1	159304 8546
17	158528	0.0	1	150120 8408
18	143369	0.0	1	134847 8204 318
19	127162	0.0	1	119771 7055 336
20	110675	0.0	2	103241 6170 1264
21	99241	0.0	2	92201 6044 996
22	88997	0.0	2	82621 5394 982
23	85325	0.0	2	79005 5259 1061
24	83734	0.0	2	77560 5268 906
25	82705	0.0	2	76242 5528 935
26	81447	0.0	2	74862 5501 1084
27	76189	0.0	2	69530 5428 1202 29
28	69155	0.0	2	63171 4762 1112 110
29	60639	0.0	2	55248 4570 764 57
30	51869	0.0	3	46666 4109 748 346
31	44514	0.0	3	39578 3913 687 336
32	39180	0.0	3	34928 3419 558 275
33	34832	0.0	3	30959 3134 501 238
34	32341	0.0	3	28794 2886 436 225
35	30652	0.0	3	27292 2707 400 253
36	29573	0.0	3	26307 2558 406 302
37	28797	0.0	3	25641 2472 405 279
38	27663	0.0	3	24691 2307 393 272
39	24877	0.0	3	22245 2015 325 292
40	21619	0.0	3	19280 1814 302 223
41	19213	0.0	3	17073 1648 259 233
42	16380	0.0	3	14527 1397 249 207
43	13756	0.0	3	12153 1215 222 166
44	11708	0.0	3	10372 985 181 170
45	9851	0.0	3	8668 861 190 132
46	9099	0.0	3	8038 769 147 145
47	8871	0.0	3	7770 793 158 150
48	8673	0.0	3	7585 758 173 157
49	8258	0.0	3	7243 722 137 156
50	7602	0.0	3	6635 686 156 125
51	6422	0.0	3	5552 608 131 131
52	5546	0.0	3	4770 525 130 121
53	4609	0.0	3	3963 437 116 93
54	3809	0.0	3	3284 350 99 76
55	3180	0.0	3	2687 308 98 87
56	2724	0.0	3	2261 271 91 101
57	2583	0.0	3	2131 286 86 80
58	2635	0.0	3	2186 277 91 81
59	2639	0.0	3	2217 235 106 81
60	2454	0.0	3	1994 279 103 78
61	1998	0.0	3	1623 226 79 70
62	1596	0.0	3	1259 196 62 79
63	1292	0.0	3	1023 146 62 61
64	1144	0.0	3	826 145 99 74
65	984	0.0	3	688 155 70 71
66	802	0.0	3	570 106 62 64
67	795	0.0	3	541 115 71 68
68	774	0.0	3	534 113 59 68
69	696	0.0	3	454 118 64 60
70	625	0.0	3	398 95 64 68
71	496	0.0	3	291 95 65 45
72	506	0.0	3	284 104 60 58
73	496	0.0	3	301 89 59 47
74	451	0.0	3	262 75 61 53
75	405	0.0	3	219 89 48 49
76	362	0.0	3	200 75 39 48
77	278	0.0	3	159 53 38 28
78	255	0.0	3	144 43 38 30
79	175	0.0	3	102 25 23 25
80	180	0.0	3	98 34 21 27
81	149	0.0	3	85 28 19 17
82	154	0.0	3	87 25 20 22
83	103	0.0	3	49 21 7 26
84	104	0.0	3	55 18 15 16
85	85	0.0	3	46 12 12 15
86	79	0.0	3	48 16 6 9
87	68	0.0	3	35 8 9 16
88	65	0.0	3	49 5 7 4
89	36	0.0	3	21 6 3 6
90	18	0.0	3	9 2 1 6
91	10	0.0	3	8 1 0 1
92	12	0.0	3	7 2 3
93	8	0.0	3	3 3 1 1
94	8	0.0	3	1 3 0 4
95	8	0.0	3	4 1 1 2
96	9	0.0	3	2 3 2 2
97	8	0.0	3	1 3 0 4
98	7	0.0	3	2 1 2 2
99	16	0.0	3	9 3 2 2
100	185	0.0	3	25 132 25 3
101	5573	0.0	3	4791 668 76 38
