This is cutadapt 3.5 with Python 3.6.8
Command line parameters: -o /home/lspencer/2022-redking-OA/trimmed/Tank_15_Crab_1.trimmed.R1.v2.fastq.gz -p /home/lspencer/2022-redking-OA/trimmed/Tank_15_Crab_1.trimmed.R2.v2.fastq.gz -a AGATCGGAAGAGCACACGTCTGAACTCCAGTCA -A AGATCGGAAGAGCGTCGTGTAGGGAAAGAGTGT -q 20,15 -m 50 --trim-n --cores=8 /share/nwfsc/ggoetz/red_king_crab/illumina/Tank_15_Crab_1_R1.fastq.gz /share/nwfsc/ggoetz/red_king_crab/illumina/Tank_15_Crab_1_R2.fastq.gz
Processing reads on 8 cores in paired-end mode ...
Finished in 408.11 s (8 us/read; 7.85 M reads/minute).

=== Summary ===

Total read pairs processed:         53,396,661
  Read 1 with adapter:               4,111,934 (7.7%)
  Read 2 with adapter:               3,903,178 (7.3%)

== Read fate breakdown ==
Pairs that were too short:              80,437 (0.2%)
Pairs written (passing filters):    53,316,224 (99.8%)

Total basepairs processed: 10,786,125,522 bp
  Read 1: 5,393,062,761 bp
  Read 2: 5,393,062,761 bp
Quality-trimmed:              19,857,325 bp (0.2%)
  Read 1:     4,821,859 bp
  Read 2:    15,035,466 bp
Total written (filtered):  10,667,024,432 bp (98.9%)
  Read 1: 5,336,696,819 bp
  Read 2: 5,330,327,613 bp

=== First read: Adapter 1 ===

Sequence: AGATCGGAAGAGCACACGTCTGAACTCCAGTCA; Type: regular 3'; Length: 33; Trimmed: 4111934 times

Minimum overlap: 3
No. of allowed errors:
1-9 bp: 0; 10-19 bp: 1; 20-29 bp: 2; 30-33 bp: 3

Bases preceding removed adapters:
  A: 28.6%
  C: 27.7%
  G: 32.9%
  T: 10.8%
  none/other: 0.0%

Overview of removed sequences
length	count	expect	max.err	error counts
3	1241254	834322.8	0	1241254
4	385277	208580.7	0	385277
5	216634	52145.2	0	216634
6	177286	13036.3	0	177286
7	162560	3259.1	0	162560
8	144633	814.8	0	144633
9	136288	203.7	0	134513 1775
10	125921	50.9	1	120436 5485
11	112327	12.7	1	107871 4456
12	105868	3.2	1	101620 4248
13	100004	0.8	1	95714 4290
14	93861	0.2	1	89898 3963
15	92044	0.0	1	87635 4409
16	86809	0.0	1	82734 4075
17	84443	0.0	1	79978 4465
18	77904	0.0	1	73599 4202 103
19	67784	0.0	1	63930 3709 145
20	61219	0.0	2	56993 3725 501
21	54061	0.0	2	50443 3242 376
22	48102	0.0	2	44588 3167 347
23	44251	0.0	2	41125 2787 339
24	42913	0.0	2	39330 3158 425
25	40377	0.0	2	36936 3008 433
26	38130	0.0	2	34957 2870 303
27	36720	0.0	2	33507 2855 344 14
28	34741	0.0	2	31326 2992 363 60
29	30350	0.0	2	27513 2453 335 49
30	27154	0.0	3	24559 2195 283 117
31	23313	0.0	3	21011 1977 246 79
32	20683	0.0	3	18448 1908 261 66
33	17772	0.0	3	15915 1610 191 56
34	17257	0.0	3	15337 1584 243 93
35	14532	0.0	3	13011 1279 180 62
36	14389	0.0	3	12754 1342 207 86
37	14016	0.0	3	12457 1259 200 100
38	12712	0.0	3	11304 1116 192 100
39	12090	0.0	3	10718 1099 196 77
40	10917	0.0	3	9683 980 178 76
41	9346	0.0	3	8340 844 108 54
42	8263	0.0	3	7353 720 139 51
43	7279	0.0	3	6432 690 92 65
44	6252	0.0	3	5557 555 86 54
45	5485	0.0	3	4861 496 82 46
46	4769	0.0	3	4213 421 91 44
47	4488	0.0	3	3951 438 61 38
48	4404	0.0	3	3898 405 62 39
49	4207	0.0	3	3764 358 55 30
50	3806	0.0	3	3313 403 60 30
51	4147	0.0	3	3717 322 75 33
52	2038	0.0	3	1782 189 41 26
53	2028	0.0	3	1773 196 34 25
54	1901	0.0	3	1669 174 35 23
55	1717	0.0	3	1460 157 60 40
56	1452	0.0	3	1241 145 38 28
57	1359	0.0	3	1141 153 32 33
58	1244	0.0	3	1062 122 42 18
59	1216	0.0	3	1026 126 38 26
60	1119	0.0	3	938 132 28 21
61	999	0.0	3	824 123 26 26
62	778	0.0	3	653 84 22 19
63	779	0.0	3	623 103 35 18
64	512	0.0	3	411 62 19 20
65	480	0.0	3	371 45 42 22
66	370	0.0	3	299 40 21 10
67	360	0.0	3	280 45 18 17
68	364	0.0	3	269 49 22 24
69	283	0.0	3	222 32 16 13
70	290	0.0	3	213 35 21 21
71	282	0.0	3	183 48 32 19
72	214	0.0	3	143 37 22 12
73	196	0.0	3	132 36 17 11
74	191	0.0	3	140 30 8 13
75	143	0.0	3	97 23 10 13
76	128	0.0	3	85 19 13 11
77	134	0.0	3	95 23 8 8
78	124	0.0	3	87 24 8 5
79	98	0.0	3	75 16 3 4
80	127	0.0	3	108 13 4 2
81	170	0.0	3	126 29 11 4
82	70	0.0	3	57 10 2 1
83	65	0.0	3	47 16 1 1
84	54	0.0	3	44 9 1
85	66	0.0	3	54 12
86	45	0.0	3	37 8
87	52	0.0	3	39 11 2
88	39	0.0	3	28 8 3
89	47	0.0	3	34 10 2 1
90	33	0.0	3	20 10 3
91	33	0.0	3	25 7 1
92	32	0.0	3	21 10 1
93	27	0.0	3	20 6 1
94	26	0.0	3	16 8 2
95	39	0.0	3	24 13 1 1
96	41	0.0	3	27 13 1
97	58	0.0	3	37 17 4
98	85	0.0	3	41 35 6 3
99	166	0.0	3	96 57 11 2
100	231	0.0	3	128 88 13 2
101	587	0.0	3	331 171 76 9


=== Second read: Adapter 2 ===

Sequence: AGATCGGAAGAGCGTCGTGTAGGGAAAGAGTGT; Type: regular 3'; Length: 33; Trimmed: 3903178 times

Minimum overlap: 3
No. of allowed errors:
1-9 bp: 0; 10-19 bp: 1; 20-29 bp: 2; 30-33 bp: 3

Bases preceding removed adapters:
  A: 22.8%
  C: 27.8%
  G: 30.5%
  T: 18.9%
  none/other: 0.0%

Overview of removed sequences
length	count	expect	max.err	error counts
3	1036582	834322.8	0	1036582
4	367542	208580.7	0	367542
5	207460	52145.2	0	207460
6	172423	13036.3	0	172423
7	160614	3259.1	0	160614
8	145489	814.8	0	145489
9	136898	203.7	0	135406 1492
10	124499	50.9	1	118609 5890
11	114002	12.7	1	109265 4737
12	106579	3.2	1	102164 4415
13	99571	0.8	1	95288 4283
14	97624	0.2	1	93228 4396
15	89348	0.0	1	85225 4123
16	88453	0.0	1	83823 4630
17	83544	0.0	1	79400 4144
18	77036	0.0	1	73001 3753 282
19	67828	0.0	1	63981 3725 122
20	62371	0.0	2	57976 3628 767
21	53716	0.0	2	50025 3110 581
22	47982	0.0	2	44449 2943 590
23	45386	0.0	2	41925 2896 565
24	43269	0.0	2	39987 2727 555
25	39225	0.0	2	36312 2491 422
26	38959	0.0	2	35687 2667 605
27	38005	0.0	2	34441 2757 794 13
28	34127	0.0	2	31168 2356 548 55
29	30541	0.0	2	27687 2342 485 27
30	30251	0.0	3	26990 2277 611 373
31	21122	0.0	3	19020 1562 329 211
32	21086	0.0	3	18514 1817 421 334
33	18294	0.0	3	16233 1569 303 189
34	17541	0.0	3	15494 1506 302 239
35	15093	0.0	3	13430 1229 266 168
36	14802	0.0	3	13012 1281 307 202
37	14449	0.0	3	12809 1179 252 209
38	13330	0.0	3	11773 1116 257 184
39	12335	0.0	3	10836 1108 230 161
40	11349	0.0	3	9884 1028 256 181
41	9919	0.0	3	8736 883 168 132
42	8863	0.0	3	7697 802 224 140
43	7585	0.0	3	6661 671 136 117
44	6727	0.0	3	5733 626 199 169
45	6123	0.0	3	5209 577 182 155
46	5348	0.0	3	4530 516 184 118
47	5153	0.0	3	4273 541 176 163
48	4817	0.0	3	4054 460 161 142
49	4830	0.0	3	4046 506 150 128
50	4222	0.0	3	3498 445 161 118
51	3586	0.0	3	3011 343 119 113
52	3213	0.0	3	2670 339 111 93
53	2850	0.0	3	2275 321 140 114
54	2814	0.0	3	2157 337 184 136
55	1913	0.0	3	1545 205 90 73
56	2053	0.0	3	1516 286 136 115
57	2226	0.0	3	1615 310 166 135
58	1632	0.0	3	1233 218 118 63
59	1581	0.0	3	1194 212 99 76
60	1788	0.0	3	1267 275 122 124
61	1405	0.0	3	1071 170 91 73
62	1190	0.0	3	834 174 95 87
63	1530	0.0	3	956 284 158 132
64	1014	0.0	3	678 140 101 95
65	857	0.0	3	557 129 86 85
66	781	0.0	3	513 119 67 82
67	817	0.0	3	511 144 81 81
68	838	0.0	3	507 167 86 78
69	754	0.0	3	455 134 88 77
70	716	0.0	3	415 134 81 86
71	624	0.0	3	374 125 65 60
72	645	0.0	3	363 120 87 75
73	607	0.0	3	327 135 83 62
74	598	0.0	3	354 99 78 67
75	505	0.0	3	286 114 50 55
76	455	0.0	3	265 96 53 41
77	424	0.0	3	247 80 53 44
78	348	0.0	3	206 68 32 42
79	294	0.0	3	160 64 31 39
80	327	0.0	3	195 62 36 34
81	315	0.0	3	178 61 41 35
82	157	0.0	3	88 37 15 17
83	125	0.0	3	70 23 17 15
84	130	0.0	3	62 32 15 21
85	110	0.0	3	48 24 19 19
86	90	0.0	3	43 25 15 7
87	80	0.0	3	40 20 8 12
88	69	0.0	3	32 23 9 5
89	57	0.0	3	30 16 5 6
90	51	0.0	3	21 18 6 6
91	45	0.0	3	25 11 6 3
92	49	0.0	3	27 19 0 3
93	35	0.0	3	19 12 1 3
94	32	0.0	3	18 10 0 4
95	30	0.0	3	13 10 5 2
96	40	0.0	3	18 16 4 2
97	49	0.0	3	28 13 5 3
98	90	0.0	3	48 31 5 6
99	199	0.0	3	111 73 13 2
100	306	0.0	3	167 124 10 5
101	422	0.0	3	260 144 14 4
