This is cutadapt 3.5 with Python 3.6.8
Command line parameters: -o /home/lspencer/2022-redking-OA/trimmed/Tank_13_Crab_1.trimmed.R1.v2.fastq.gz -p /home/lspencer/2022-redking-OA/trimmed/Tank_13_Crab_1.trimmed.R2.v2.fastq.gz -a AGATCGGAAGAGCACACGTCTGAACTCCAGTCA -A AGATCGGAAGAGCGTCGTGTAGGGAAAGAGTGT -q 20,15 -m 50 --trim-n --cores=8 /share/nwfsc/ggoetz/red_king_crab/illumina/Tank_13_Crab_1_R1.fastq.gz /share/nwfsc/ggoetz/red_king_crab/illumina/Tank_13_Crab_1_R2.fastq.gz
Processing reads on 8 cores in paired-end mode ...
Finished in 615.95 s (8 us/read; 7.92 M reads/minute).

=== Summary ===

Total read pairs processed:         81,287,077
  Read 1 with adapter:               6,166,312 (7.6%)
  Read 2 with adapter:               5,818,738 (7.2%)

== Read fate breakdown ==
Pairs that were too short:             119,051 (0.1%)
Pairs written (passing filters):    81,168,026 (99.9%)

Total basepairs processed: 16,419,989,554 bp
  Read 1: 8,209,994,777 bp
  Read 2: 8,209,994,777 bp
Quality-trimmed:              30,509,320 bp (0.2%)
  Read 1:     7,215,014 bp
  Read 2:    23,294,306 bp
Total written (filtered):  16,237,990,048 bp (98.9%)
  Read 1: 8,124,158,030 bp
  Read 2: 8,113,832,018 bp

=== First read: Adapter 1 ===

Sequence: AGATCGGAAGAGCACACGTCTGAACTCCAGTCA; Type: regular 3'; Length: 33; Trimmed: 6166312 times

Minimum overlap: 3
No. of allowed errors:
1-9 bp: 0; 10-19 bp: 1; 20-29 bp: 2; 30-33 bp: 3

Bases preceding removed adapters:
  A: 27.8%
  C: 28.0%
  G: 33.1%
  T: 10.9%
  none/other: 0.1%

Overview of removed sequences
length	count	expect	max.err	error counts
3	1838337	1270110.6	0	1838337
4	571352	317527.6	0	571352
5	318910	79381.9	0	318910
6	258878	19845.5	0	258878
7	237883	4961.4	0	237883
8	212135	1240.3	0	212135
9	201989	310.1	0	199491 2498
10	186813	77.5	1	178912 7901
11	165953	19.4	1	159760 6193
12	156684	4.8	1	151126 5558
13	148626	1.2	1	142960 5666
14	140471	0.3	1	135373 5098
15	136775	0.1	1	130772 6003
16	130319	0.0	1	124611 5708
17	126247	0.0	1	120289 5958
18	117644	0.0	1	111945 5595 104
19	103398	0.0	1	98284 4926 188
20	93480	0.0	2	87972 4880 628
21	83306	0.0	2	78209 4544 553
22	75260	0.0	2	70497 4252 511
23	68605	0.0	2	64138 4044 423
24	66526	0.0	2	61702 4284 540
25	63647	0.0	2	58814 4222 611
26	59266	0.0	2	54983 3887 396
27	56877	0.0	2	52765 3649 430 33
28	54548	0.0	2	50157 3777 566 48
29	48019	0.0	2	44268 3315 381 55
30	42676	0.0	3	39186 2952 376 162
31	37680	0.0	3	34362 2851 340 127
32	33222	0.0	3	30182 2555 335 150
33	28867	0.0	3	26236 2219 275 137
34	27210	0.0	3	24588 2182 306 134
35	25567	0.0	3	23227 1927 291 122
36	24361	0.0	3	21965 1928 316 152
37	22577	0.0	3	20457 1725 260 135
38	21529	0.0	3	19381 1724 294 130
39	19216	0.0	3	17497 1376 217 126
40	17547	0.0	3	15894 1354 180 119
41	15724	0.0	3	14126 1266 216 116
42	13101	0.0	3	11916 999 111 75
43	11860	0.0	3	10730 902 142 86
44	10295	0.0	3	9333 767 121 74
45	9118	0.0	3	8213 728 102 75
46	8223	0.0	3	7419 624 103 77
47	7621	0.0	3	6791 645 120 65
48	7349	0.0	3	6554 613 109 73
49	6952	0.0	3	6250 540 100 62
50	6320	0.0	3	5632 524 114 50
51	7068	0.0	3	6430 492 92 54
52	3472	0.0	3	3088 279 63 42
53	3545	0.0	3	3167 284 60 34
54	3177	0.0	3	2851 253 38 35
55	2957	0.0	3	2578 260 69 50
56	2580	0.0	3	2239 236 57 48
57	2261	0.0	3	1960 219 51 31
58	2160	0.0	3	1878 200 52 30
59	2140	0.0	3	1885 178 49 28
60	1827	0.0	3	1588 152 45 42
61	1543	0.0	3	1303 158 43 39
62	1382	0.0	3	1133 146 51 52
63	1203	0.0	3	1006 115 50 32
64	762	0.0	3	633 81 28 20
65	831	0.0	3	649 99 47 36
66	659	0.0	3	539 66 32 22
67	489	0.0	3	402 55 20 12
68	582	0.0	3	423 80 48 31
69	437	0.0	3	337 52 24 24
70	417	0.0	3	300 56 37 24
71	408	0.0	3	286 61 41 20
72	346	0.0	3	256 45 24 21
73	345	0.0	3	254 47 20 24
74	331	0.0	3	218 64 32 17
75	214	0.0	3	149 29 22 14
76	216	0.0	3	157 32 14 13
77	229	0.0	3	158 35 20 16
78	187	0.0	3	138 32 14 3
79	138	0.0	3	108 20 6 4
80	130	0.0	3	104 16 5 5
81	104	0.0	3	88 13 3
82	93	0.0	3	77 12 1 3
83	100	0.0	3	75 17 5 3
84	118	0.0	3	72 42 3 1
85	132	0.0	3	66 56 9 1
86	153	0.0	3	71 75 5 2
87	122	0.0	3	60 55 6 1
88	139	0.0	3	65 65 9
89	144	0.0	3	69 69 6
90	117	0.0	3	52 61 4
91	138	0.0	3	53 80 5
92	111	0.0	3	35 69 6 1
93	121	0.0	3	37 77 6 1
94	110	0.0	3	37 66 7
95	103	0.0	3	38 58 6 1
96	120	0.0	3	39 76 4 1
97	188	0.0	3	49 126 10 3
98	267	0.0	3	86 165 13 3
99	618	0.0	3	205 382 28 3
100	834	0.0	3	271 517 44 2
101	1481	0.0	3	491 916 63 11


=== Second read: Adapter 2 ===

Sequence: AGATCGGAAGAGCGTCGTGTAGGGAAAGAGTGT; Type: regular 3'; Length: 33; Trimmed: 5818738 times

Minimum overlap: 3
No. of allowed errors:
1-9 bp: 0; 10-19 bp: 1; 20-29 bp: 2; 30-33 bp: 3

Bases preceding removed adapters:
  A: 22.0%
  C: 28.5%
  G: 30.4%
  T: 19.1%
  none/other: 0.1%

Overview of removed sequences
length	count	expect	max.err	error counts
3	1517071	1270110.6	0	1517071
4	540968	317527.6	0	540968
5	300837	79381.9	0	300837
6	252012	19845.5	0	252012
7	235557	4961.4	0	235557
8	212344	1240.3	0	212344
9	201427	310.1	0	199203 2224
10	186347	77.5	1	176911 9436
11	167567	19.4	1	159854 7713
12	160312	4.8	1	153276 7036
13	144795	1.2	1	138241 6554
14	156259	0.3	1	148449 7810
15	124081	0.1	1	117484 6597
16	130058	0.0	1	122578 7480
17	142301	0.0	1	133929 8372
18	98793	0.0	1	93206 5107 480
19	110647	0.0	1	103426 7023 198
20	88469	0.0	2	81838 5555 1076
21	81668	0.0	2	75385 5326 957
22	75149	0.0	2	68888 5156 1105
23	70070	0.0	2	64041 4889 1140
24	67933	0.0	2	61996 4879 1058
25	61327	0.0	2	56242 4392 693
26	60110	0.0	2	54723 4439 948
27	57922	0.0	2	52465 4364 1075 18
28	54634	0.0	2	49468 4067 1013 86
29	47162	0.0	2	42404 4018 713 27
30	55720	0.0	3	49626 4376 1106 612
31	25775	0.0	3	22856 2199 441 279
32	34494	0.0	3	29961 3209 830 494
33	28552	0.0	3	25384 2532 405 231
34	27716	0.0	3	24306 2590 519 301
35	26283	0.0	3	23148 2346 460 329
36	24859	0.0	3	21698 2365 497 299
37	22553	0.0	3	20000 1992 322 239
38	21807	0.0	3	19132 1968 416 291
39	20451	0.0	3	17739 1952 431 329
40	17848	0.0	3	15547 1652 384 265
41	15566	0.0	3	13584 1473 303 206
42	14586	0.0	3	12523 1402 363 298
43	11812	0.0	3	10393 1059 213 147
44	11190	0.0	3	9405 1098 369 318
45	9705	0.0	3	8253 928 300 224
46	8918	0.0	3	7493 901 291 233
47	8361	0.0	3	6930 885 297 249
48	7918	0.0	3	6675 786 251 206
49	7602	0.0	3	6389 762 262 189
50	6769	0.0	3	5643 698 230 198
51	5958	0.0	3	4994 604 192 168
52	5176	0.0	3	4317 538 186 135
53	4708	0.0	3	3789 545 190 184
54	4470	0.0	3	3463 550 239 218
55	3023	0.0	3	2491 340 101 91
56	3327	0.0	3	2460 436 232 199
57	3498	0.0	3	2484 503 279 232
58	2555	0.0	3	1985 327 118 125
59	2486	0.0	3	1950 303 119 114
60	2736	0.0	3	1929 381 220 206
61	1945	0.0	3	1467 232 143 103
62	1852	0.0	3	1330 249 147 126
63	2212	0.0	3	1336 380 250 246
64	1384	0.0	3	893 212 144 135
65	1375	0.0	3	846 254 169 106
66	1117	0.0	3	728 193 92 104
67	1027	0.0	3	609 206 107 105
68	1131	0.0	3	676 194 140 121
69	989	0.0	3	594 165 112 118
70	934	0.0	3	531 178 116 109
71	928	0.0	3	466 191 120 151
72	854	0.0	3	460 168 119 107
73	847	0.0	3	445 173 122 107
74	773	0.0	3	429 134 115 95
75	704	0.0	3	349 154 95 106
76	678	0.0	3	335 143 99 101
77	566	0.0	3	309 106 79 72
78	480	0.0	3	262 104 52 62
79	436	0.0	3	231 93 51 61
80	382	0.0	3	214 89 47 32
81	257	0.0	3	140 60 26 31
82	233	0.0	3	114 57 39 23
83	200	0.0	3	115 42 25 18
84	195	0.0	3	92 49 26 28
85	138	0.0	3	61 44 13 20
86	127	0.0	3	49 50 15 13
87	128	0.0	3	45 56 10 17
88	125	0.0	3	42 59 11 13
89	112	0.0	3	31 65 10 6
90	95	0.0	3	42 35 7 11
91	103	0.0	3	38 53 8 4
92	96	0.0	3	30 55 5 6
93	99	0.0	3	36 56 6 1
94	124	0.0	3	32 77 11 4
95	84	0.0	3	21 52 9 2
96	163	0.0	3	45 108 9 1
97	199	0.0	3	64 119 13 3
98	298	0.0	3	113 160 18 7
99	627	0.0	3	186 395 44 2
100	943	0.0	3	292 578 61 12
101	1536	0.0	3	510 948 68 10
