This is cutadapt 3.5 with Python 3.6.8
Command line parameters: -o /home/lspencer/2022-redking-OA/trimmed/Tank_13_Crab_1.trimmed.R1.v1.fastq.gz -p /home/lspencer/2022-redking-OA/trimmed/Tank_13_Crab_1.trimmed.R2.v1.fastq.gz -a AGATCGGAAGAGCACACGTCTGAACTCCAGTCA -A AGATCGGAAGAGCGTCGTGTAGGGAAAGAGTGT -q 15,10 -m 50 --trim-n --cores=8 /share/nwfsc/ggoetz/red_king_crab/illumina/Tank_13_Crab_1_R1.fastq.gz /share/nwfsc/ggoetz/red_king_crab/illumina/Tank_13_Crab_1_R2.fastq.gz
Processing reads on 8 cores in paired-end mode ...
Finished in 618.04 s (8 us/read; 7.89 M reads/minute).

=== Summary ===

Total read pairs processed:         81,287,077
  Read 1 with adapter:               6,196,807 (7.6%)
  Read 2 with adapter:               5,835,307 (7.2%)

== Read fate breakdown ==
Pairs that were too short:              62,543 (0.1%)
Pairs written (passing filters):    81,224,534 (99.9%)

Total basepairs processed: 16,419,989,554 bp
  Read 1: 8,209,994,777 bp
  Read 2: 8,209,994,777 bp
Quality-trimmed:               7,919,737 bp (0.0%)
  Read 1:     1,315,350 bp
  Read 2:     6,604,387 bp
Total written (filtered):  16,266,370,076 bp (99.1%)
  Read 1: 8,135,357,157 bp
  Read 2: 8,131,012,919 bp

=== First read: Adapter 1 ===

Sequence: AGATCGGAAGAGCACACGTCTGAACTCCAGTCA; Type: regular 3'; Length: 33; Trimmed: 6196807 times

Minimum overlap: 3
No. of allowed errors:
1-9 bp: 0; 10-19 bp: 1; 20-29 bp: 2; 30-33 bp: 3

Bases preceding removed adapters:
  A: 27.8%
  C: 28.0%
  G: 33.3%
  T: 10.9%
  none/other: 0.1%

Overview of removed sequences
length	count	expect	max.err	error counts
3	1857148	1270110.6	0	1857148
4	577295	317527.6	0	577295
5	321846	79381.9	0	321846
6	259542	19845.5	0	259542
7	234165	4961.4	0	234165
8	215218	1240.3	0	215218
9	199510	310.1	0	196971 2539
10	185737	77.5	1	177439 8298
11	168987	19.4	1	162241 6746
12	156877	4.8	1	150905 5972
13	146785	1.2	1	141052 5733
14	141801	0.3	1	136096 5705
15	136335	0.1	1	130051 6284
16	132323	0.0	1	126124 6199
17	125687	0.0	1	119767 5920
18	116106	0.0	1	110342 5565 199
19	104970	0.0	1	99348 5373 249
20	94035	0.0	2	88436 4931 668
21	83386	0.0	2	78072 4669 645
22	75215	0.0	2	70258 4373 584
23	69585	0.0	2	64836 4188 561
24	65855	0.0	2	61120 4218 517
25	63151	0.0	2	58396 4200 555
26	60010	0.0	2	55293 4203 514
27	57350	0.0	2	53081 3734 484 51
28	53957	0.0	2	49681 3691 521 64
29	48364	0.0	2	44429 3333 457 145
30	42642	0.0	3	39086 2929 394 233
31	37910	0.0	3	34386 2945 415 164
32	32805	0.0	3	29780 2564 331 130
33	29520	0.0	3	26682 2365 316 157
34	27313	0.0	3	24660 2195 324 134
35	25574	0.0	3	23244 1916 282 132
36	24064	0.0	3	21816 1871 260 117
37	22859	0.0	3	20633 1786 279 161
38	21402	0.0	3	19261 1713 298 130
39	19375	0.0	3	17632 1395 222 126
40	17590	0.0	3	15902 1367 200 121
41	15346	0.0	3	13843 1218 193 92
42	13551	0.0	3	12224 1064 152 111
43	11868	0.0	3	10734 897 139 98
44	10361	0.0	3	9364 782 130 85
45	9117	0.0	3	8221 723 104 69
46	8221	0.0	3	7412 628 98 83
47	7590	0.0	3	6791 619 115 65
48	7365	0.0	3	6562 630 108 65
49	6895	0.0	3	6208 523 104 60
50	6223	0.0	3	5585 501 81 56
51	5389	0.0	3	4854 405 94 36
52	4770	0.0	3	4244 384 90 52
53	4035	0.0	3	3618 305 63 49
54	3386	0.0	3	2993 292 54 47
55	2936	0.0	3	2600 248 55 33
56	2581	0.0	3	2241 233 60 47
57	2288	0.0	3	1969 219 65 35
58	2200	0.0	3	1903 212 52 33
59	2119	0.0	3	1852 174 55 38
60	1889	0.0	3	1617 179 48 45
61	1506	0.0	3	1306 139 32 29
62	1374	0.0	3	1143 133 56 42
63	1015	0.0	3	838 102 41 34
64	924	0.0	3	766 104 32 22
65	778	0.0	3	611 83 39 45
66	759	0.0	3	597 92 45 25
67	536	0.0	3	409 62 39 26
68	539	0.0	3	424 63 29 23
69	512	0.0	3	371 71 39 31
70	446	0.0	3	318 65 40 23
71	383	0.0	3	286 50 30 17
72	383	0.0	3	259 61 33 30
73	325	0.0	3	240 42 18 25
74	314	0.0	3	196 64 34 20
75	259	0.0	3	173 44 28 14
76	251	0.0	3	178 36 18 19
77	226	0.0	3	150 34 21 21
78	207	0.0	3	142 34 20 11
79	165	0.0	3	122 25 12 6
80	138	0.0	3	111 18 5 4
81	103	0.0	3	87 12 3 1
82	97	0.0	3	80 12 2 3
83	78	0.0	3	63 10 2 3
84	81	0.0	3	70 10 1
85	53	0.0	3	44 4 5
86	46	0.0	3	40 5 0 1
87	29	0.0	3	27 0 1 1
88	38	0.0	3	36 2
89	27	0.0	3	26 0 1
90	18	0.0	3	16 1 1
91	12	0.0	3	12
92	17	0.0	3	12 4 0 1
93	6	0.0	3	4 0 2
94	2	0.0	3	1 1
95	3	0.0	3	1 0 1 1
96	2	0.0	3	0 2
97	2	0.0	3	0 0 1 1
98	3	0.0	3	0 0 2 1
99	7	0.0	3	3 1 1 2
100	65	0.0	3	6 22 32 5
101	4654	0.0	3	1525 2916 193 20


=== Second read: Adapter 2 ===

Sequence: AGATCGGAAGAGCGTCGTGTAGGGAAAGAGTGT; Type: regular 3'; Length: 33; Trimmed: 5835307 times

Minimum overlap: 3
No. of allowed errors:
1-9 bp: 0; 10-19 bp: 1; 20-29 bp: 2; 30-33 bp: 3

Bases preceding removed adapters:
  A: 21.9%
  C: 28.4%
  G: 30.6%
  T: 19.0%
  none/other: 0.1%

Overview of removed sequences
length	count	expect	max.err	error counts
3	1522991	1270110.6	0	1522991
4	548093	317527.6	0	548093
5	303883	79381.9	0	303883
6	252180	19845.5	0	252180
7	232942	4961.4	0	232942
8	214881	1240.3	0	214881
9	198285	310.1	0	196010 2275
10	186681	77.5	1	176873 9808
11	169467	19.4	1	161447 8020
12	157235	4.8	1	150258 6977
13	146839	1.2	1	139496 7343
14	142143	0.3	1	134927 7216
15	135998	0.1	1	127318 8680
16	132049	0.0	1	124052 7997
17	125573	0.0	1	118102 7471
18	115189	0.0	1	107390 7315 484
19	104510	0.0	1	97657 6552 301
20	94146	0.0	2	86562 6018 1566
21	83504	0.0	2	76570 5799 1135
22	75357	0.0	2	69064 5222 1071
23	69799	0.0	2	63850 4829 1120
24	66095	0.0	2	60492 4642 961
25	63270	0.0	2	57608 4766 896
26	60119	0.0	2	54683 4469 967
27	57444	0.0	2	52118 4292 1016 18
28	54031	0.0	2	48799 4043 1090 99
29	48423	0.0	2	43366 4161 810 86
30	43135	0.0	3	38422 3438 826 449
31	38355	0.0	3	33276 3768 830 481
32	33217	0.0	3	29250 2978 631 358
33	29949	0.0	3	26231 2792 565 361
34	27738	0.0	3	24293 2569 553 323
35	26058	0.0	3	22918 2325 465 350
36	24577	0.0	3	21461 2335 459 322
37	23274	0.0	3	20464 2097 418 295
38	21869	0.0	3	19166 1998 418 287
39	19937	0.0	3	17412 1851 395 279
40	18128	0.0	3	15761 1698 379 290
41	15928	0.0	3	13770 1550 359 249
42	14101	0.0	3	12205 1306 336 254
43	12478	0.0	3	10743 1192 309 234
44	10992	0.0	3	9389 1042 296 265
45	9780	0.0	3	8281 968 297 234
46	8826	0.0	3	7442 879 287 218
47	8279	0.0	3	6915 880 259 225
48	8060	0.0	3	6749 800 285 226
49	7515	0.0	3	6284 759 271 201
50	6891	0.0	3	5712 707 252 220
51	6007	0.0	3	4991 612 213 191
52	5462	0.0	3	4436 606 222 198
53	4704	0.0	3	3788 540 200 176
54	4022	0.0	3	3226 453 184 159
55	3532	0.0	3	2735 447 167 183
56	3209	0.0	3	2450 415 188 156
57	2963	0.0	3	2214 389 207 153
58	2785	0.0	3	2097 378 159 151
59	2733	0.0	3	2079 350 142 162
60	2533	0.0	3	1875 343 181 134
61	2099	0.0	3	1516 271 179 133
62	1994	0.0	3	1376 288 173 157
63	1621	0.0	3	1099 239 147 136
64	1542	0.0	3	983 258 146 155
65	1429	0.0	3	857 247 180 145
66	1345	0.0	3	807 241 167 130
67	1083	0.0	3	642 210 111 120
68	1085	0.0	3	638 201 116 130
69	1061	0.0	3	630 178 139 114
70	1029	0.0	3	556 213 126 134
71	950	0.0	3	491 174 130 155
72	857	0.0	3	458 179 115 105
73	826	0.0	3	433 164 119 110
74	796	0.0	3	433 148 115 100
75	697	0.0	3	344 152 97 104
76	699	0.0	3	332 140 117 110
77	585	0.0	3	320 113 88 64
78	546	0.0	3	267 118 71 90
79	435	0.0	3	215 91 56 73
80	333	0.0	3	163 68 49 53
81	238	0.0	3	125 41 31 41
82	240	0.0	3	123 52 35 30
83	166	0.0	3	94 24 27 21
84	201	0.0	3	104 43 28 26
85	138	0.0	3	67 25 22 24
86	108	0.0	3	53 25 15 15
87	88	0.0	3	34 20 13 21
88	91	0.0	3	44 24 10 13
89	67	0.0	3	34 15 7 11
90	44	0.0	3	20 8 6 10
91	24	0.0	3	11 5 2 6
92	34	0.0	3	18 6 4 6
93	12	0.0	3	2 5 1 4
94	13	0.0	3	3 3 3 4
95	6	0.0	3	2 0 2 2
96	7	0.0	3	2 0 4 1
97	9	0.0	3	3 1 0 5
98	7	0.0	3	0 2 1 4
99	11	0.0	3	5 0 2 4
100	137	0.0	3	4 49 77 7
101	4490	0.0	3	1447 2837 186 20
