This is cutadapt 3.5 with Python 3.6.8
Command line parameters: -o /home/lspencer/2022-redking-OA/trimmed/Tank_5_Crab_2.trimmed.R1.v1.fastq.gz -p /home/lspencer/2022-redking-OA/trimmed/Tank_5_Crab_2.trimmed.R2.v1.fastq.gz -a AGATCGGAAGAGCACACGTCTGAACTCCAGTCA -A AGATCGGAAGAGCGTCGTGTAGGGAAAGAGTGT -q 15,10 -m 50 --trim-n --cores=8 /share/nwfsc/ggoetz/red_king_crab/illumina/Tank_5_Crab_2_R1.fastq.gz /share/nwfsc/ggoetz/red_king_crab/illumina/Tank_5_Crab_2_R2.fastq.gz
Processing reads on 8 cores in paired-end mode ...
Finished in 464.66 s (8 us/read; 7.78 M reads/minute).

=== Summary ===

Total read pairs processed:         60,253,094
  Read 1 with adapter:               4,056,351 (6.7%)
  Read 2 with adapter:               3,756,551 (6.2%)

== Read fate breakdown ==
Pairs that were too short:              33,467 (0.1%)
Pairs written (passing filters):    60,219,627 (99.9%)

Total basepairs processed: 12,171,124,988 bp
  Read 1: 6,085,562,494 bp
  Read 2: 6,085,562,494 bp
Quality-trimmed:               6,219,433 bp (0.1%)
  Read 1:       932,511 bp
  Read 2:     5,286,922 bp
Total written (filtered):  12,081,357,823 bp (99.3%)
  Read 1: 6,042,464,811 bp
  Read 2: 6,038,893,012 bp

=== First read: Adapter 1 ===

Sequence: AGATCGGAAGAGCACACGTCTGAACTCCAGTCA; Type: regular 3'; Length: 33; Trimmed: 4056351 times

Minimum overlap: 3
No. of allowed errors:
1-9 bp: 0; 10-19 bp: 1; 20-29 bp: 2; 30-33 bp: 3

Bases preceding removed adapters:
  A: 28.7%
  C: 27.6%
  G: 32.8%
  T: 10.9%
  none/other: 0.1%

Overview of removed sequences
length	count	expect	max.err	error counts
3	1406221	941454.6	0	1406221
4	414958	235363.6	0	414958
5	218938	58840.9	0	218938
6	171700	14710.2	0	171700
7	153471	3677.6	0	153471
8	139990	919.4	0	139990
9	126993	229.8	0	125137 1856
10	116685	57.5	1	111076 5609
11	104148	14.4	1	99694 4454
12	95345	3.6	1	91422 3923
13	88600	0.9	1	84889 3711
14	84627	0.2	1	80864 3763
15	81608	0.1	1	77649 3959
16	78937	0.0	1	75002 3935
17	75182	0.0	1	71363 3819
18	68721	0.0	1	65094 3518 109
19	61736	0.0	1	58144 3418 174
20	53693	0.0	2	50204 3059 430
21	46828	0.0	2	43554 2839 435
22	40935	0.0	2	37910 2709 316
23	37604	0.0	2	34797 2466 341
24	34660	0.0	2	31971 2383 306
25	33215	0.0	2	30425 2487 303
26	32022	0.0	2	29272 2496 254
27	30210	0.0	2	27597 2288 310 15
28	27966	0.0	2	25395 2235 286 50
29	25562	0.0	2	23213 2023 268 58
30	22255	0.0	3	20094 1797 237 127
31	18601	0.0	3	16701 1598 213 89
32	16247	0.0	3	14541 1438 191 77
33	13942	0.0	3	12436 1276 159 71
34	12477	0.0	3	11184 1094 130 69
35	11581	0.0	3	10396 941 175 69
36	10834	0.0	3	9690 871 199 74
37	10444	0.0	3	9306 863 177 98
38	9821	0.0	3	8761 794 182 84
39	8906	0.0	3	7972 708 144 82
40	8046	0.0	3	7168 670 128 80
41	7062	0.0	3	6315 567 123 57
42	6098	0.0	3	5412 522 110 54
43	5267	0.0	3	4701 427 89 50
44	4422	0.0	3	3918 368 81 55
45	3808	0.0	3	3346 349 68 45
46	3372	0.0	3	2944 312 76 40
47	3161	0.0	3	2796 262 60 43
48	2934	0.0	3	2554 268 75 37
49	2752	0.0	3	2386 260 66 40
50	2477	0.0	3	2150 220 60 47
51	2196	0.0	3	1894 202 61 39
52	2015	0.0	3	1758 191 31 35
53	1669	0.0	3	1426 169 36 38
54	1376	0.0	3	1184 127 31 34
55	1152	0.0	3	979 102 41 30
56	1016	0.0	3	830 117 49 20
57	854	0.0	3	704 97 36 17
58	913	0.0	3	751 87 54 21
59	813	0.0	3	683 84 25 21
60	762	0.0	3	621 76 36 29
61	632	0.0	3	534 54 24 20
62	534	0.0	3	413 64 34 23
63	471	0.0	3	338 66 38 29
64	389	0.0	3	293 52 23 21
65	377	0.0	3	272 60 30 15
66	337	0.0	3	243 58 18 18
67	310	0.0	3	230 46 19 15
68	288	0.0	3	214 31 24 19
69	272	0.0	3	192 44 18 18
70	239	0.0	3	156 49 18 16
71	225	0.0	3	153 32 21 19
72	204	0.0	3	143 29 18 14
73	168	0.0	3	107 27 18 16
74	198	0.0	3	142 26 13 17
75	197	0.0	3	132 34 11 20
76	140	0.0	3	97 18 14 11
77	140	0.0	3	94 22 14 10
78	144	0.0	3	93 27 14 10
79	89	0.0	3	71 9 5 4
80	87	0.0	3	71 11 3 2
81	95	0.0	3	73 17 5
82	72	0.0	3	54 16 2
83	55	0.0	3	42 10 2 1
84	51	0.0	3	42 7 2
85	38	0.0	3	35 2 0 1
86	29	0.0	3	27 2
87	27	0.0	3	26 1
88	30	0.0	3	27 2 1
89	19	0.0	3	18 1
90	14	0.0	3	11 0 2 1
91	7	0.0	3	6 1
92	6	0.0	3	4 1 0 1
93	5	0.0	3	1 3 0 1
94	1	0.0	3	1
95	1	0.0	3	1
96	1	0.0	3	1
97	1	0.0	3	0 0 0 1
98	3	0.0	3	2 0 1
99	7	0.0	3	7
100	29	0.0	3	1 15 10 3
101	2591	0.0	3	1181 1257 125 28


=== Second read: Adapter 2 ===

Sequence: AGATCGGAAGAGCGTCGTGTAGGGAAAGAGTGT; Type: regular 3'; Length: 33; Trimmed: 3756551 times

Minimum overlap: 3
No. of allowed errors:
1-9 bp: 0; 10-19 bp: 1; 20-29 bp: 2; 30-33 bp: 3

Bases preceding removed adapters:
  A: 22.2%
  C: 28.7%
  G: 29.4%
  T: 19.6%
  none/other: 0.1%

Overview of removed sequences
length	count	expect	max.err	error counts
3	1133811	941454.6	0	1133811
4	382676	235363.6	0	382676
5	205749	58840.9	0	205749
6	165655	14710.2	0	165655
7	153226	3677.6	0	153226
8	140425	919.4	0	140425
9	126593	229.8	0	124912 1681
10	117288	57.5	1	111030 6258
11	104563	14.4	1	99705 4858
12	95629	3.6	1	91502 4127
13	88736	0.9	1	84465 4271
14	84971	0.2	1	80741 4230
15	81609	0.1	1	76507 5102
16	78761	0.0	1	74129 4632
17	75219	0.0	1	70687 4532
18	68367	0.0	1	63788 4294 285
19	61459	0.0	1	57526 3745 188
20	53909	0.0	2	49499 3449 961
21	47016	0.0	2	43150 3217 649
22	41172	0.0	2	37657 2894 621
23	37905	0.0	2	34580 2625 700
24	34931	0.0	2	31847 2513 571
25	33421	0.0	2	30361 2528 532
26	32261	0.0	2	29159 2483 619
27	30344	0.0	2	27377 2350 607 10
28	28109	0.0	2	25214 2175 667 53
29	25714	0.0	2	23084 2114 461 55
30	22650	0.0	3	20004 1892 493 261
31	18990	0.0	3	16345 1898 446 301
32	16613	0.0	3	14482 1546 367 218
33	14268	0.0	3	12434 1310 321 203
34	12837	0.0	3	11126 1228 288 195
35	12005	0.0	3	10293 1043 359 310
36	11217	0.0	3	9778 872 334 233
37	10817	0.0	3	9373 832 334 278
38	10199	0.0	3	8813 830 332 224
39	9390	0.0	3	8031 789 324 246
40	8542	0.0	3	7269 701 335 237
41	7525	0.0	3	6425 634 248 218
42	6593	0.0	3	5595 533 251 214
43	5772	0.0	3	4817 498 229 228
44	4931	0.0	3	4029 435 228 239
45	4312	0.0	3	3563 380 174 195
46	3888	0.0	3	3166 334 181 207
47	3628	0.0	3	2955 319 189 165
48	3387	0.0	3	2701 324 177 185
49	3225	0.0	3	2549 343 169 164
50	2973	0.0	3	2326 280 179 188
51	2674	0.0	3	2105 267 140 162
52	2496	0.0	3	1939 235 158 164
53	2149	0.0	3	1595 227 156 171
54	1817	0.0	3	1333 178 145 161
55	1606	0.0	3	1136 180 138 152
56	1450	0.0	3	1031 155 113 151
57	1347	0.0	3	901 150 156 140
58	1397	0.0	3	956 157 143 141
59	1285	0.0	3	867 167 111 140
60	1147	0.0	3	769 133 123 122
61	1106	0.0	3	676 147 128 155
62	946	0.0	3	575 131 100 140
63	904	0.0	3	539 117 110 138
64	808	0.0	3	465 118 99 126
65	779	0.0	3	451 105 101 122
66	758	0.0	3	440 114 86 118
67	708	0.0	3	410 103 85 110
68	666	0.0	3	387 77 99 103
69	675	0.0	3	362 111 99 103
70	631	0.0	3	339 98 85 109
71	577	0.0	3	297 90 72 118
72	510	0.0	3	280 73 63 94
73	531	0.0	3	252 93 91 95
74	540	0.0	3	272 75 85 108
75	496	0.0	3	257 62 76 101
76	422	0.0	3	198 79 59 86
77	446	0.0	3	229 68 63 86
78	340	0.0	3	182 53 50 55
79	263	0.0	3	143 29 49 42
80	234	0.0	3	110 29 41 54
81	215	0.0	3	106 35 27 47
82	176	0.0	3	85 26 31 34
83	131	0.0	3	67 18 19 27
84	121	0.0	3	66 17 15 23
85	94	0.0	3	50 19 10 15
86	72	0.0	3	37 8 9 18
87	71	0.0	3	31 8 12 20
88	60	0.0	3	32 11 7 10
89	42	0.0	3	21 3 7 11
90	29	0.0	3	11 3 5 10
91	16	0.0	3	9 3 1 3
92	14	0.0	3	6 3 2 3
93	2	0.0	3	2
94	4	0.0	3	2 1 0 1
95	2	0.0	3	0 0 1 1
96	3	0.0	3	1 0 1 1
97	4	0.0	3	2 1 0 1
98	9	0.0	3	1 1 2 5
99	10	0.0	3	0 3 1 6
100	75	0.0	3	1 38 31 5
101	2412	0.0	3	1136 1169 82 25
