This is cutadapt 3.5 with Python 3.6.8
Command line parameters: -o /home/lspencer/2022-redking-OA/trimmed/Tank_13_Crab_3.trimmed.R1.v1.fastq.gz -p /home/lspencer/2022-redking-OA/trimmed/Tank_13_Crab_3.trimmed.R2.v1.fastq.gz -a AGATCGGAAGAGCACACGTCTGAACTCCAGTCA -A AGATCGGAAGAGCGTCGTGTAGGGAAAGAGTGT -q 15,10 -m 50 --trim-n --cores=8 /share/nwfsc/ggoetz/red_king_crab/illumina/Tank_13_Crab_3_R1.fastq.gz /share/nwfsc/ggoetz/red_king_crab/illumina/Tank_13_Crab_3_R2.fastq.gz
Processing reads on 8 cores in paired-end mode ...
Finished in 545.78 s (8 us/read; 7.90 M reads/minute).

=== Summary ===

Total read pairs processed:         71,824,919
  Read 1 with adapter:               6,560,649 (9.1%)
  Read 2 with adapter:               6,255,536 (8.7%)

== Read fate breakdown ==
Pairs that were too short:              61,691 (0.1%)
Pairs written (passing filters):    71,763,228 (99.9%)

Total basepairs processed: 14,508,633,638 bp
  Read 1: 7,254,316,819 bp
  Read 2: 7,254,316,819 bp
Quality-trimmed:               7,275,073 bp (0.1%)
  Read 1:     1,104,617 bp
  Read 2:     6,170,456 bp
Total written (filtered):  14,338,997,930 bp (98.8%)
  Read 1: 7,171,590,575 bp
  Read 2: 7,167,407,355 bp

=== First read: Adapter 1 ===

Sequence: AGATCGGAAGAGCACACGTCTGAACTCCAGTCA; Type: regular 3'; Length: 33; Trimmed: 6560649 times

Minimum overlap: 3
No. of allowed errors:
1-9 bp: 0; 10-19 bp: 1; 20-29 bp: 2; 30-33 bp: 3

Bases preceding removed adapters:
  A: 27.5%
  C: 28.5%
  G: 34.0%
  T: 10.0%
  none/other: 0.0%

Overview of removed sequences
length	count	expect	max.err	error counts
3	1719183	1122264.4	0	1719183
4	564551	280566.1	0	564551
5	344763	70141.5	0	344763
6	287713	17535.4	0	287713
7	261854	4383.8	0	261854
8	242553	1096.0	0	242553
9	222892	274.0	0	220217 2675
10	207852	68.5	1	198789 9063
11	190867	17.1	1	182992 7875
12	178218	4.3	1	171054 7164
13	169238	1.1	1	161912 7326
14	163204	0.3	1	155909 7295
15	159432	0.1	1	151470 7962
16	154241	0.0	1	146521 7720
17	147750	0.0	1	140137 7613
18	136753	0.0	1	129315 7167 271
19	122405	0.0	1	115187 6908 310
20	108690	0.0	2	101535 6379 776
21	95996	0.0	2	89490 5753 753
22	86498	0.0	2	80141 5692 665
23	80528	0.0	2	74403 5425 700
24	75588	0.0	2	69652 5296 640
25	73210	0.0	2	67150 5400 660
26	71392	0.0	2	65186 5625 581
27	67579	0.0	2	61799 5087 650 43
28	63266	0.0	2	57465 5039 624 138
29	56984	0.0	2	51640 4544 605 195
30	49928	0.0	3	45054 4132 508 234
31	43730	0.0	3	39331 3764 488 147
32	38133	0.0	3	34163 3347 472 151
33	33695	0.0	3	30270 2929 368 128
34	31302	0.0	3	27984 2812 365 141
35	29357	0.0	3	26368 2440 415 134
36	27343	0.0	3	24546 2268 378 151
37	26150	0.0	3	23351 2196 433 170
38	24907	0.0	3	22277 2084 383 163
39	22637	0.0	3	20310 1838 342 147
40	20113	0.0	3	18002 1719 274 118
41	17856	0.0	3	16013 1431 299 113
42	15647	0.0	3	14019 1287 242 99
43	13573	0.0	3	12180 1110 201 82
44	11824	0.0	3	10593 981 175 75
45	10393	0.0	3	9302 869 145 77
46	9351	0.0	3	8340 780 152 79
47	8479	0.0	3	7598 667 144 70
48	8039	0.0	3	7231 635 133 40
49	7893	0.0	3	7059 641 132 61
50	7285	0.0	3	6492 613 113 67
51	6262	0.0	3	5595 507 102 58
52	5364	0.0	3	4756 469 97 42
53	4664	0.0	3	4134 399 85 46
54	3758	0.0	3	3324 298 89 47
55	3104	0.0	3	2765 244 68 27
56	2808	0.0	3	2488 216 67 37
57	2532	0.0	3	2190 241 70 31
58	2409	0.0	3	2130 198 53 28
59	2323	0.0	3	2026 212 62 23
60	2072	0.0	3	1802 188 46 36
61	1667	0.0	3	1441 150 54 22
62	1413	0.0	3	1210 138 38 27
63	1119	0.0	3	944 94 45 36
64	921	0.0	3	761 101 27 32
65	744	0.0	3	607 80 32 25
66	672	0.0	3	541 77 35 19
67	611	0.0	3	481 75 31 24
68	562	0.0	3	431 64 37 30
69	454	0.0	3	357 55 26 16
70	471	0.0	3	360 52 32 27
71	333	0.0	3	238 52 22 21
72	300	0.0	3	212 46 20 22
73	228	0.0	3	161 25 19 23
74	248	0.0	3	158 47 20 23
75	200	0.0	3	127 43 20 10
76	300	0.0	3	169 61 38 32
77	182	0.0	3	119 33 15 15
78	151	0.0	3	105 18 12 16
79	114	0.0	3	83 18 4 9
80	136	0.0	3	102 17 10 7
81	158	0.0	3	110 27 15 6
82	90	0.0	3	72 12 2 4
83	84	0.0	3	68 11 3 2
84	86	0.0	3	74 10 1 1
85	48	0.0	3	40 6 2
86	45	0.0	3	39 6
87	36	0.0	3	34 0 1 1
88	27	0.0	3	22 4 1
89	29	0.0	3	25 4
90	11	0.0	3	10 1
91	8	0.0	3	8
92	10	0.0	3	7 1 2
93	1	0.0	3	1
94	2	0.0	3	2
95	8	0.0	3	6 0 0 2
96	4	0.0	3	3 0 0 1
97	1	0.0	3	1
98	2	0.0	3	1 0 0 1
99	11	0.0	3	7 1 0 3
100	44	0.0	3	8 15 18 3
101	2987	0.0	3	1415 1446 113 13


=== Second read: Adapter 2 ===

Sequence: AGATCGGAAGAGCGTCGTGTAGGGAAAGAGTGT; Type: regular 3'; Length: 33; Trimmed: 6255536 times

Minimum overlap: 3
No. of allowed errors:
1-9 bp: 0; 10-19 bp: 1; 20-29 bp: 2; 30-33 bp: 3

Bases preceding removed adapters:
  A: 21.9%
  C: 28.6%
  G: 31.0%
  T: 18.5%
  none/other: 0.0%

Overview of removed sequences
length	count	expect	max.err	error counts
3	1437158	1122264.4	0	1437158
4	539967	280566.1	0	539967
5	330352	70141.5	0	330352
6	279847	17535.4	0	279847
7	261356	4383.8	0	261356
8	243225	1096.0	0	243225
9	222416	274.0	0	220148 2268
10	208752	68.5	1	199159 9593
11	191217	17.1	1	183336 7881
12	178394	4.3	1	171363 7031
13	169402	1.1	1	161864 7538
14	163568	0.3	1	156223 7345
15	159229	0.1	1	150445 8784
16	153918	0.0	1	145534 8384
17	147427	0.0	1	139455 7972
18	135909	0.0	1	127795 7531 583
19	121965	0.0	1	114498 7158 309
20	108626	0.0	2	101044 6359 1223
21	96031	0.0	2	88913 5959 1159
22	86588	0.0	2	80183 5457 948
23	80685	0.0	2	74425 5205 1055
24	75717	0.0	2	69760 4983 974
25	73239	0.0	2	67307 5036 896
26	71343	0.0	2	65358 4877 1108
27	67536	0.0	2	61576 4821 1125 14
28	63121	0.0	2	57460 4339 1212 110
29	57081	0.0	2	51765 4379 851 86
30	50234	0.0	3	45193 3778 817 446
31	43944	0.0	3	38670 4007 838 429
32	38407	0.0	3	34210 3264 593 340
33	33938	0.0	3	30178 2887 554 319
34	31588	0.0	3	27919 2808 514 347
35	29587	0.0	3	26278 2531 488 290
36	27615	0.0	3	24483 2360 465 307
37	26482	0.0	3	23419 2384 404 275
38	25254	0.0	3	22396 2175 400 283
39	23131	0.0	3	20457 2010 402 262
40	20572	0.0	3	18127 1821 380 244
41	18387	0.0	3	16136 1724 307 220
42	16122	0.0	3	14195 1376 304 247
43	14121	0.0	3	12372 1221 310 218
44	12368	0.0	3	10835 1093 256 184
45	10961	0.0	3	9464 1026 263 208
46	9930	0.0	3	8586 933 208 203
47	9011	0.0	3	7807 818 206 180
48	8524	0.0	3	7404 777 205 138
49	8447	0.0	3	7305 763 207 172
50	7917	0.0	3	6777 718 246 176
51	6821	0.0	3	5825 661 189 146
52	5925	0.0	3	5003 576 188 158
53	5219	0.0	3	4377 505 169 168
54	4332	0.0	3	3546 465 162 159
55	3693	0.0	3	2986 423 160 124
56	3390	0.0	3	2741 353 145 151
57	3115	0.0	3	2491 361 122 141
58	2962	0.0	3	2389 327 135 111
59	2907	0.0	3	2322 337 134 114
60	2657	0.0	3	2049 332 146 130
61	2245	0.0	3	1689 297 126 133
62	1982	0.0	3	1459 265 143 115
63	1661	0.0	3	1187 225 121 128
64	1499	0.0	3	1008 248 140 103
65	1271	0.0	3	818 213 114 126
66	1167	0.0	3	769 197 99 102
67	1139	0.0	3	727 175 118 119
68	1039	0.0	3	652 183 114 90
69	966	0.0	3	591 165 107 103
70	912	0.0	3	580 159 94 79
71	772	0.0	3	457 133 86 96
72	743	0.0	3	428 146 84 85
73	697	0.0	3	349 160 91 97
74	672	0.0	3	364 142 92 74
75	577	0.0	3	310 120 75 72
76	635	0.0	3	308 146 83 98
77	498	0.0	3	257 96 65 80
78	445	0.0	3	241 94 45 65
79	312	0.0	3	159 62 43 48
80	300	0.0	3	175 57 31 37
81	282	0.0	3	117 74 43 48
82	229	0.0	3	108 43 34 44
83	167	0.0	3	80 37 25 25
84	182	0.0	3	92 40 20 30
85	117	0.0	3	49 29 16 23
86	109	0.0	3	65 19 12 13
87	93	0.0	3	52 14 15 12
88	60	0.0	3	36 9 7 8
89	61	0.0	3	32 16 6 7
90	34	0.0	3	11 6 8 9
91	22	0.0	3	9 4 3 6
92	28	0.0	3	14 6 1 7
93	10	0.0	3	2 3 3 2
94	7	0.0	3	1 2 1 3
95	10	0.0	3	5 2 2 1
96	7	0.0	3	0 3 1 3
97	13	0.0	3	4 3 2 4
98	13	0.0	3	4 1 2 6
99	10	0.0	3	1 1 3 5
100	83	0.0	3	2 36 35 10
101	2837	0.0	3	1339 1363 116 19
