This is cutadapt 3.5 with Python 3.6.8
Command line parameters: -o /home/lspencer/2022-redking-OA/trimmed/Tank_15_Crab_1.trimmed.R1.v1.fastq.gz -p /home/lspencer/2022-redking-OA/trimmed/Tank_15_Crab_1.trimmed.R2.v1.fastq.gz -a AGATCGGAAGAGCACACGTCTGAACTCCAGTCA -A AGATCGGAAGAGCGTCGTGTAGGGAAAGAGTGT -q 15,10 -m 50 --trim-n --cores=8 /share/nwfsc/ggoetz/red_king_crab/illumina/Tank_15_Crab_1_R1.fastq.gz /share/nwfsc/ggoetz/red_king_crab/illumina/Tank_15_Crab_1_R2.fastq.gz
Processing reads on 8 cores in paired-end mode ...
Finished in 407.10 s (8 us/read; 7.87 M reads/minute).

=== Summary ===

Total read pairs processed:         53,396,661
  Read 1 with adapter:               4,133,748 (7.7%)
  Read 2 with adapter:               3,913,109 (7.3%)

== Read fate breakdown ==
Pairs that were too short:              40,311 (0.1%)
Pairs written (passing filters):    53,356,350 (99.9%)

Total basepairs processed: 10,786,125,522 bp
  Read 1: 5,393,062,761 bp
  Read 2: 5,393,062,761 bp
Quality-trimmed:               4,711,485 bp (0.0%)
  Read 1:       905,857 bp
  Read 2:     3,805,628 bp
Total written (filtered):  10,686,321,155 bp (99.1%)
  Read 1: 5,344,391,104 bp
  Read 2: 5,341,930,051 bp

=== First read: Adapter 1 ===

Sequence: AGATCGGAAGAGCACACGTCTGAACTCCAGTCA; Type: regular 3'; Length: 33; Trimmed: 4133748 times

Minimum overlap: 3
No. of allowed errors:
1-9 bp: 0; 10-19 bp: 1; 20-29 bp: 2; 30-33 bp: 3

Bases preceding removed adapters:
  A: 28.5%
  C: 27.6%
  G: 33.0%
  T: 10.8%
  none/other: 0.0%

Overview of removed sequences
length	count	expect	max.err	error counts
3	1254882	834322.8	0	1254882
4	389792	208580.7	0	389792
5	218681	52145.2	0	218681
6	177651	13036.3	0	177651
7	159999	3259.1	0	159999
8	146594	814.8	0	146594
9	134654	203.7	0	132848 1806
10	125116	50.9	1	119366 5750
11	114493	12.7	1	109642 4851
12	105705	3.2	1	101220 4485
13	99132	0.8	1	94775 4357
14	94764	0.2	1	90388 4376
15	91815	0.0	1	87269 4546
16	87878	0.0	1	83503 4375
17	84220	0.0	1	79780 4440
18	76909	0.0	1	72586 4137 186
19	68665	0.0	1	64456 4032 177
20	61701	0.0	2	57434 3748 519
21	54118	0.0	2	50326 3325 467
22	47941	0.0	2	44391 3180 370
23	44980	0.0	2	41589 2930 461
24	42450	0.0	2	38934 3102 414
25	40007	0.0	2	36566 3013 428
26	38620	0.0	2	35162 3064 394
27	37037	0.0	2	33718 2901 392 26
28	34435	0.0	2	31073 2948 345 69
29	30547	0.0	2	27599 2478 354 116
30	26986	0.0	3	24382 2174 279 151
31	23488	0.0	3	21043 2060 278 107
32	20526	0.0	3	18257 1922 270 77
33	18236	0.0	3	16246 1697 214 79
34	16757	0.0	3	14905 1557 216 79
35	15117	0.0	3	13468 1344 226 79
36	14413	0.0	3	12796 1339 199 79
37	13776	0.0	3	12263 1245 186 82
38	13032	0.0	3	11573 1154 196 109
39	12014	0.0	3	10687 1074 177 76
40	10706	0.0	3	9503 949 189 65
41	9618	0.0	3	8519 888 138 73
42	8221	0.0	3	7330 721 121 49
43	7309	0.0	3	6456 699 90 64
44	6266	0.0	3	5569 557 87 53
45	5483	0.0	3	4856 487 96 44
46	4777	0.0	3	4212 424 94 47
47	4508	0.0	3	3968 435 64 41
48	4369	0.0	3	3869 402 56 42
49	4217	0.0	3	3771 354 53 39
50	3739	0.0	3	3282 383 51 23
51	3113	0.0	3	2744 279 56 34
52	2873	0.0	3	2527 254 64 28
53	2313	0.0	3	2034 210 41 28
54	2017	0.0	3	1746 203 44 24
55	1688	0.0	3	1459 145 54 30
56	1448	0.0	3	1247 143 36 22
57	1352	0.0	3	1133 148 34 37
58	1271	0.0	3	1079 131 40 21
59	1209	0.0	3	998 134 46 31
60	1157	0.0	3	962 127 38 30
61	1025	0.0	3	841 132 27 25
62	752	0.0	3	630 82 21 19
63	651	0.0	3	526 86 24 15
64	620	0.0	3	506 73 26 15
65	431	0.0	3	349 41 24 17
66	435	0.0	3	329 48 38 20
67	383	0.0	3	287 48 25 23
68	366	0.0	3	274 48 24 20
69	307	0.0	3	231 39 20 17
70	315	0.0	3	226 40 20 29
71	246	0.0	3	180 39 16 11
72	244	0.0	3	156 44 27 17
73	193	0.0	3	125 35 19 14
74	194	0.0	3	130 31 17 16
75	163	0.0	3	110 28 11 14
76	137	0.0	3	90 23 13 11
77	143	0.0	3	95 23 14 11
78	126	0.0	3	85 28 5 8
79	102	0.0	3	72 18 7 5
80	96	0.0	3	82 10 4
81	219	0.0	3	166 31 14 8
82	68	0.0	3	56 11 1
83	55	0.0	3	36 16 2 1
84	53	0.0	3	42 10 1
85	37	0.0	3	36 1
86	26	0.0	3	26
87	24	0.0	3	21 3
88	27	0.0	3	23 2 2
89	20	0.0	3	19 1
90	10	0.0	3	9 1
91	5	0.0	3	4 1
92	9	0.0	3	8 1
93	3	0.0	3	3
94	3	0.0	3	3
95	1	0.0	3	0 0 1
96	3	0.0	3	3
98	4	0.0	3	4
99	6	0.0	3	5 0 0 1
100	23	0.0	3	1 13 7 2
101	1438	0.0	3	836 466 120 16


=== Second read: Adapter 2 ===

Sequence: AGATCGGAAGAGCGTCGTGTAGGGAAAGAGTGT; Type: regular 3'; Length: 33; Trimmed: 3913109 times

Minimum overlap: 3
No. of allowed errors:
1-9 bp: 0; 10-19 bp: 1; 20-29 bp: 2; 30-33 bp: 3

Bases preceding removed adapters:
  A: 22.7%
  C: 27.8%
  G: 30.6%
  T: 18.9%
  none/other: 0.0%

Overview of removed sequences
length	count	expect	max.err	error counts
3	1039995	834322.8	0	1039995
4	371314	208580.7	0	371314
5	209234	52145.2	0	209234
6	172502	13036.3	0	172502
7	159544	3259.1	0	159544
8	147001	814.8	0	147001
9	134207	203.7	0	132683 1524
10	125617	50.9	1	119309 6308
11	114618	12.7	1	109736 4882
12	105979	3.2	1	101422 4557
13	99411	0.8	1	94921 4490
14	95066	0.2	1	90687 4379
15	91802	0.0	1	87004 4798
16	88000	0.0	1	83325 4675
17	84170	0.0	1	79705 4465
18	76806	0.0	1	72534 4036 236
19	68624	0.0	1	64499 3889 236
20	61946	0.0	2	57696 3509 741
21	54304	0.0	2	50399 3308 597
22	48257	0.0	2	44632 3018 607
23	45270	0.0	2	41792 2874 604
24	42730	0.0	2	39492 2691 547
25	40164	0.0	2	36957 2692 515
26	38876	0.0	2	35589 2677 610
27	37230	0.0	2	33914 2603 697 16
28	34545	0.0	2	31268 2505 704 68
29	30774	0.0	2	27877 2386 459 52
30	27416	0.0	3	24626 2013 503 274
31	23881	0.0	3	21139 1951 479 312
32	20861	0.0	3	18492 1783 343 243
33	18653	0.0	3	16420 1670 353 210
34	17138	0.0	3	15181 1438 303 216
35	15545	0.0	3	13681 1318 302 244
36	14842	0.0	3	13059 1275 308 200
37	14189	0.0	3	12595 1156 241 197
38	13469	0.0	3	11856 1153 265 195
39	12464	0.0	3	10948 1114 235 167
40	11237	0.0	3	9785 1012 259 181
41	10179	0.0	3	8856 932 219 172
42	8768	0.0	3	7638 784 206 140
43	7812	0.0	3	6768 714 180 150
44	6802	0.0	3	5811 637 198 156
45	6037	0.0	3	5187 563 159 128
46	5262	0.0	3	4489 488 164 121
47	5088	0.0	3	4258 515 171 144
48	4944	0.0	3	4122 498 173 151
49	4752	0.0	3	3969 492 150 141
50	4283	0.0	3	3534 465 151 133
51	3665	0.0	3	3032 353 146 134
52	3409	0.0	3	2751 390 148 120
53	2838	0.0	3	2273 305 144 116
54	2541	0.0	3	1990 294 152 105
55	2229	0.0	3	1713 264 133 119
56	1970	0.0	3	1505 253 115 97
57	1856	0.0	3	1422 238 111 85
58	1792	0.0	3	1329 242 135 86
59	1734	0.0	3	1288 245 111 90
60	1672	0.0	3	1192 263 110 107
61	1527	0.0	3	1132 203 108 84
62	1281	0.0	3	861 195 116 109
63	1141	0.0	3	765 193 98 85
64	1135	0.0	3	746 178 113 98
65	921	0.0	3	592 155 99 75
66	936	0.0	3	595 147 94 100
67	816	0.0	3	507 152 78 79
68	818	0.0	3	504 145 78 91
69	795	0.0	3	463 141 99 92
70	798	0.0	3	447 147 109 95
71	629	0.0	3	382 127 59 61
72	691	0.0	3	373 135 99 84
73	614	0.0	3	335 138 69 72
74	599	0.0	3	344 108 86 61
75	515	0.0	3	297 113 57 48
76	484	0.0	3	257 102 56 69
77	445	0.0	3	248 84 59 54
78	356	0.0	3	201 71 39 45
79	329	0.0	3	168 73 44 44
80	283	0.0	3	148 57 39 39
81	347	0.0	3	185 66 46 50
82	169	0.0	3	85 37 25 22
83	139	0.0	3	76 27 20 16
84	142	0.0	3	76 24 15 27
85	127	0.0	3	62 27 19 19
86	92	0.0	3	38 24 19 11
87	75	0.0	3	37 15 8 15
88	63	0.0	3	34 14 9 6
89	54	0.0	3	27 15 7 5
90	33	0.0	3	13 6 5 9
91	23	0.0	3	11 4 6 2
92	27	0.0	3	17 7 0 3
93	9	0.0	3	3 1 1 4
94	5	0.0	3	1 2 0 2
95	8	0.0	3	3 2 3
96	10	0.0	3	1 2 3 4
97	6	0.0	3	0 0 2 4
98	12	0.0	3	3 1 4 4
99	15	0.0	3	2 0 9 4
100	81	0.0	3	0 63 12 6
101	1245	0.0	3	761 446 32 6
