This is cutadapt 3.5 with Python 3.6.8
Command line parameters: -o /home/lspencer/2022-redking-OA/trimmed/Tank_11_Crab_3.trimmed.R1.v2.fastq.gz -p /home/lspencer/2022-redking-OA/trimmed/Tank_11_Crab_3.trimmed.R2.v2.fastq.gz -a AGATCGGAAGAGCACACGTCTGAACTCCAGTCA -A AGATCGGAAGAGCGTCGTGTAGGGAAAGAGTGT -q 20,15 -m 50 --trim-n --cores=8 /share/nwfsc/ggoetz/red_king_crab/illumina/Tank_11_Crab_3_R1.fastq.gz /share/nwfsc/ggoetz/red_king_crab/illumina/Tank_11_Crab_3_R2.fastq.gz
Processing reads on 8 cores in paired-end mode ...
Finished in 636.38 s (8 us/read; 7.88 M reads/minute).

=== Summary ===

Total read pairs processed:         83,542,559
  Read 1 with adapter:               6,274,786 (7.5%)
  Read 2 with adapter:               5,950,863 (7.1%)

== Read fate breakdown ==
Pairs that were too short:             129,176 (0.2%)
Pairs written (passing filters):    83,413,383 (99.8%)

Total basepairs processed: 16,875,596,918 bp
  Read 1: 8,437,798,459 bp
  Read 2: 8,437,798,459 bp
Quality-trimmed:              30,570,740 bp (0.2%)
  Read 1:     7,241,506 bp
  Read 2:    23,329,234 bp
Total written (filtered):  16,689,301,048 bp (98.9%)
  Read 1: 8,349,587,992 bp
  Read 2: 8,339,713,056 bp

=== First read: Adapter 1 ===

Sequence: AGATCGGAAGAGCACACGTCTGAACTCCAGTCA; Type: regular 3'; Length: 33; Trimmed: 6274786 times

Minimum overlap: 3
No. of allowed errors:
1-9 bp: 0; 10-19 bp: 1; 20-29 bp: 2; 30-33 bp: 3

Bases preceding removed adapters:
  A: 28.4%
  C: 27.5%
  G: 33.1%
  T: 10.9%
  none/other: 0.1%

Overview of removed sequences
length	count	expect	max.err	error counts
3	1871000	1305352.5	0	1871000
4	585377	326338.1	0	585377
5	325259	81584.5	0	325259
6	261620	20396.1	0	261620
7	240116	5099.0	0	240116
8	215055	1274.8	0	215055
9	202423	318.7	0	200117 2306
10	187228	79.7	1	179493 7735
11	168025	19.9	1	161677 6348
12	158522	5.0	1	153015 5507
13	150298	1.2	1	144750 5548
14	143032	0.3	1	137715 5317
15	138840	0.1	1	133167 5673
16	131686	0.0	1	126157 5529
17	128334	0.0	1	122406 5928
18	120005	0.0	1	114341 5529 135
19	104536	0.0	1	99699 4669 168
20	94990	0.0	2	89283 5047 660
21	83244	0.0	2	78321 4419 504
22	76873	0.0	2	71943 4432 498
23	69764	0.0	2	65302 4002 460
24	67245	0.0	2	62446 4259 540
25	64808	0.0	2	59798 4439 571
26	60563	0.0	2	56182 4000 381
27	58042	0.0	2	53707 3828 485 22
28	54712	0.0	2	50155 3996 499 62
29	49344	0.0	2	45260 3485 530 69
30	43824	0.0	3	40087 3180 396 161
31	37857	0.0	3	34567 2853 327 110
32	34038	0.0	3	30879 2682 365 112
33	29056	0.0	3	26440 2240 270 106
34	27238	0.0	3	24729 2057 314 138
35	25879	0.0	3	23446 1966 330 137
36	24689	0.0	3	22230 1954 359 146
37	23479	0.0	3	21289 1722 335 133
38	22824	0.0	3	20473 1733 412 206
39	20270	0.0	3	18390 1458 269 153
40	17995	0.0	3	16350 1292 245 108
41	16331	0.0	3	14704 1217 279 131
42	14051	0.0	3	12684 1054 206 107
43	12435	0.0	3	11228 934 172 101
44	10878	0.0	3	9851 764 175 88
45	9742	0.0	3	8728 773 160 81
46	8992	0.0	3	8095 677 132 88
47	8277	0.0	3	7457 595 146 79
48	8031	0.0	3	7247 562 136 86
49	7432	0.0	3	6668 564 121 79
50	6897	0.0	3	6157 557 120 63
51	7886	0.0	3	7049 600 165 72
52	3787	0.0	3	3401 289 59 38
53	3963	0.0	3	3517 323 70 53
54	3555	0.0	3	3180 293 51 31
55	3325	0.0	3	2901 293 76 55
56	2971	0.0	3	2620 226 71 54
57	2531	0.0	3	2235 207 52 37
58	2606	0.0	3	2305 208 50 43
59	2458	0.0	3	2170 204 54 30
60	2198	0.0	3	1927 193 41 37
61	1877	0.0	3	1603 166 61 47
62	1602	0.0	3	1375 123 58 46
63	1475	0.0	3	1245 146 49 35
64	914	0.0	3	770 80 32 32
65	987	0.0	3	810 89 51 37
66	737	0.0	3	621 63 26 27
67	680	0.0	3	577 66 16 21
68	651	0.0	3	517 65 38 31
69	488	0.0	3	398 48 23 19
70	505	0.0	3	392 60 28 25
71	428	0.0	3	322 41 36 29
72	343	0.0	3	263 50 9 21
73	313	0.0	3	228 46 17 22
74	315	0.0	3	213 59 20 23
75	172	0.0	3	132 18 13 9
76	206	0.0	3	143 34 15 14
77	241	0.0	3	179 34 17 11
78	186	0.0	3	129 32 18 7
79	147	0.0	3	121 16 6 4
80	138	0.0	3	109 17 6 6
81	287	0.0	3	202 59 13 13
82	96	0.0	3	76 17 1 2
83	93	0.0	3	68 18 4 3
84	99	0.0	3	68 26 2 3
85	125	0.0	3	70 49 5 1
86	137	0.0	3	76 56 3 2
87	146	0.0	3	90 50 4 2
88	125	0.0	3	59 59 5 2
89	148	0.0	3	82 57 6 3
90	125	0.0	3	58 58 8 1
91	121	0.0	3	61 58 2
92	140	0.0	3	75 58 6 1
93	132	0.0	3	63 58 10 1
94	146	0.0	3	73 65 7 1
95	118	0.0	3	63 50 5
96	148	0.0	3	64 75 7 2
97	213	0.0	3	101 98 13 1
98	351	0.0	3	137 199 10 5
99	650	0.0	3	305 308 25 12
100	880	0.0	3	403 418 46 13
101	1665	0.0	3	748 816 84 17


=== Second read: Adapter 2 ===

Sequence: AGATCGGAAGAGCGTCGTGTAGGGAAAGAGTGT; Type: regular 3'; Length: 33; Trimmed: 5950863 times

Minimum overlap: 3
No. of allowed errors:
1-9 bp: 0; 10-19 bp: 1; 20-29 bp: 2; 30-33 bp: 3

Bases preceding removed adapters:
  A: 22.4%
  C: 28.1%
  G: 31.1%
  T: 18.3%
  none/other: 0.1%

Overview of removed sequences
length	count	expect	max.err	error counts
3	1568488	1305352.5	0	1568488
4	556765	326338.1	0	556765
5	308303	81584.5	0	308303
6	254768	20396.1	0	254768
7	238166	5099.0	0	238166
8	216269	1274.8	0	216269
9	202891	318.7	0	200531 2360
10	186446	79.7	1	178049 8397
11	168942	19.9	1	162285 6657
12	162392	5.0	1	155786 6606
13	147354	1.2	1	141402 5952
14	158751	0.3	1	151859 6892
15	126520	0.1	1	120667 5853
16	131362	0.0	1	124812 6550
17	143936	0.0	1	136353 7583
18	101745	0.0	1	96402 4936 407
19	111484	0.0	1	104784 6505 195
20	90191	0.0	2	84091 5090 1010
21	82154	0.0	2	76519 4715 920
22	76591	0.0	2	70800 4794 997
23	71340	0.0	2	65868 4432 1040
24	68623	0.0	2	63009 4542 1072
25	62099	0.0	2	57470 3960 669
26	62019	0.0	2	56935 4131 953
27	59338	0.0	2	53987 4181 1161 9
28	54398	0.0	2	49724 3602 991 81
29	48800	0.0	2	44472 3627 668 33
30	53140	0.0	3	47578 3963 1002 597
31	29619	0.0	3	26573 2292 471 283
32	35014	0.0	3	30780 3059 724 451
33	29685	0.0	3	26490 2513 428 254
34	27132	0.0	3	24041 2331 454 306
35	27373	0.0	3	24148 2382 517 326
36	24095	0.0	3	21488 1977 378 252
37	28604	0.0	3	25145 2508 552 399
38	18762	0.0	3	16593 1667 298 204
39	21354	0.0	3	18795 1872 395 292
40	17594	0.0	3	15754 1424 250 166
41	16565	0.0	3	14533 1476 305 251
42	15473	0.0	3	13395 1426 407 245
43	12223	0.0	3	10841 1021 208 153
44	11752	0.0	3	10067 1084 321 280
45	10196	0.0	3	8795 957 248 196
46	9581	0.0	3	8321 840 226 194
47	9067	0.0	3	7641 904 293 229
48	8552	0.0	3	7329 779 241 203
49	8099	0.0	3	6924 773 231 171
50	7285	0.0	3	6292 622 211 160
51	6502	0.0	3	5582 590 174 156
52	5474	0.0	3	4653 521 175 125
53	5096	0.0	3	4212 534 174 176
54	4976	0.0	3	3893 617 272 194
55	3268	0.0	3	2803 293 89 83
56	3643	0.0	3	2821 435 204 183
57	3822	0.0	3	2821 522 252 227
58	2922	0.0	3	2349 346 121 106
59	2709	0.0	3	2219 293 111 86
60	3130	0.0	3	2268 435 226 201
61	2264	0.0	3	1769 286 115 94
62	2005	0.0	3	1533 253 116 103
63	2579	0.0	3	1666 414 240 259
64	1486	0.0	3	1000 220 141 125
65	1416	0.0	3	995 201 124 96
66	1150	0.0	3	796 165 93 96
67	1195	0.0	3	764 205 127 99
68	1244	0.0	3	771 208 150 115
69	1029	0.0	3	669 155 102 103
70	1029	0.0	3	628 181 113 107
71	808	0.0	3	487 143 101 77
72	822	0.0	3	479 175 85 83
73	751	0.0	3	427 146 101 77
74	732	0.0	3	396 152 109 75
75	626	0.0	3	345 111 85 85
76	649	0.0	3	339 135 77 98
77	570	0.0	3	302 126 66 76
78	535	0.0	3	289 116 74 56
79	398	0.0	3	218 77 54 49
80	418	0.0	3	221 86 65 46
81	468	0.0	3	256 94 71 47
82	244	0.0	3	130 44 28 42
83	204	0.0	3	89 55 30 30
84	169	0.0	3	82 47 25 15
85	156	0.0	3	82 36 21 17
86	135	0.0	3	62 48 9 16
87	143	0.0	3	71 41 18 13
88	132	0.0	3	58 51 8 15
89	114	0.0	3	45 48 12 9
90	121	0.0	3	56 55 4 6
91	100	0.0	3	48 39 8 5
92	116	0.0	3	47 56 9 4
93	125	0.0	3	57 60 7 1
94	131	0.0	3	57 67 3 4
95	102	0.0	3	45 48 7 2
96	149	0.0	3	67 67 10 5
97	253	0.0	3	124 107 14 8
98	326	0.0	3	158 148 17 3
99	619	0.0	3	280 302 31 6
100	893	0.0	3	375 459 48 11
101	1615	0.0	3	782 763 64 6
