This is cutadapt 3.5 with Python 3.6.8
Command line parameters: -o /home/lspencer/2022-redking-OA/trimmed/Tank_10_Crab_3.trimmed.R1.v2.fastq.gz -p /home/lspencer/2022-redking-OA/trimmed/Tank_10_Crab_3.trimmed.R2.v2.fastq.gz -a AGATCGGAAGAGCACACGTCTGAACTCCAGTCA -A AGATCGGAAGAGCGTCGTGTAGGGAAAGAGTGT -q 20,15 -m 50 --trim-n --cores=8 /share/nwfsc/ggoetz/red_king_crab/illumina/Tank_10_Crab_3_R1.fastq.gz /share/nwfsc/ggoetz/red_king_crab/illumina/Tank_10_Crab_3_R2.fastq.gz
Processing reads on 8 cores in paired-end mode ...
Finished in 535.14 s (8 us/read; 7.81 M reads/minute).

=== Summary ===

Total read pairs processed:         69,618,609
  Read 1 with adapter:               7,523,165 (10.8%)
  Read 2 with adapter:               7,196,510 (10.3%)

== Read fate breakdown ==
Pairs that were too short:             136,521 (0.2%)
Pairs written (passing filters):    69,482,088 (99.8%)

Total basepairs processed: 14,062,959,018 bp
  Read 1: 7,031,479,509 bp
  Read 2: 7,031,479,509 bp
Quality-trimmed:              25,328,632 bp (0.2%)
  Read 1:     5,840,706 bp
  Read 2:    19,487,926 bp
Total written (filtered):  13,831,265,209 bp (98.4%)
  Read 1: 6,919,208,634 bp
  Read 2: 6,912,056,575 bp

=== First read: Adapter 1 ===

Sequence: AGATCGGAAGAGCACACGTCTGAACTCCAGTCA; Type: regular 3'; Length: 33; Trimmed: 7523165 times

Minimum overlap: 3
No. of allowed errors:
1-9 bp: 0; 10-19 bp: 1; 20-29 bp: 2; 30-33 bp: 3

Bases preceding removed adapters:
  A: 26.5%
  C: 29.2%
  G: 34.6%
  T: 9.5%
  none/other: 0.2%

Overview of removed sequences
length	count	expect	max.err	error counts
3	1680693	1087790.8	0	1680693
4	588950	271947.7	0	588950
5	382470	67986.9	0	382470
6	330902	16996.7	0	330902
7	309771	4249.2	0	309771
8	280700	1062.3	0	280700
9	269398	265.6	0	266405 2993
10	250980	66.4	1	241040 9940
11	228498	16.6	1	219736 8762
12	217655	4.1	1	209440 8215
13	210720	1.0	1	202081 8639
14	200926	0.3	1	192638 8288
15	197759	0.1	1	188699 9060
16	189937	0.0	1	180916 9021
17	185345	0.0	1	175925 9420
18	172671	0.0	1	163750 8717 204
19	154569	0.0	1	146508 7786 275
20	138094	0.0	2	129206 7981 907
21	123369	0.0	2	115381 7178 810
22	112345	0.0	2	104572 6995 778
23	102499	0.0	2	95396 6448 655
24	100100	0.0	2	92308 6954 838
25	95324	0.0	2	87756 6712 856
26	90964	0.0	2	83962 6412 590
27	86838	0.0	2	79988 6105 689 56
28	82395	0.0	2	75418 6072 793 112
29	73056	0.0	2	66875 5400 707 74
30	65695	0.0	3	59562 5303 584 246
31	56089	0.0	3	51084 4362 483 160
32	50435	0.0	3	45552 4191 520 172
33	42925	0.0	3	38859 3528 407 131
34	40575	0.0	3	36745 3297 398 135
35	38883	0.0	3	35005 3213 472 193
36	34896	0.0	3	31605 2844 333 114
37	34530	0.0	3	30952 2922 438 218
38	31826	0.0	3	28743 2618 319 146
39	28859	0.0	3	26217 2264 267 111
40	26831	0.0	3	24307 2103 306 115
41	23226	0.0	3	20852 1975 282 117
42	20588	0.0	3	18575 1689 235 89
43	17909	0.0	3	16203 1424 199 83
44	15709	0.0	3	14233 1227 163 86
45	13577	0.0	3	12290 1075 149 63
46	12032	0.0	3	10796 1013 153 70
47	11123	0.0	3	10005 906 132 80
48	10556	0.0	3	9542 820 130 64
49	10280	0.0	3	9260 822 135 63
50	9290	0.0	3	8321 802 126 41
51	10841	0.0	3	9868 787 128 58
52	4906	0.0	3	4417 389 65 35
53	5282	0.0	3	4755 431 53 43
54	4727	0.0	3	4238 413 54 22
55	4256	0.0	3	3754 389 72 41
56	3513	0.0	3	3152 300 43 18
57	3195	0.0	3	2858 263 45 29
58	3095	0.0	3	2733 288 43 31
59	2814	0.0	3	2515 218 51 30
60	2500	0.0	3	2237 199 43 21
61	2118	0.0	3	1893 167 32 26
62	1733	0.0	3	1475 187 37 34
63	1590	0.0	3	1374 150 41 25
64	930	0.0	3	821 78 12 19
65	926	0.0	3	748 116 37 25
66	701	0.0	3	610 67 13 11
67	639	0.0	3	533 67 22 17
68	600	0.0	3	473 77 29 21
69	454	0.0	3	376 51 12 15
70	444	0.0	3	342 61 28 13
71	380	0.0	3	274 54 28 24
72	299	0.0	3	236 41 15 7
73	244	0.0	3	192 33 10 9
74	238	0.0	3	176 30 18 14
75	152	0.0	3	106 24 8 14
76	173	0.0	3	124 25 14 10
77	143	0.0	3	108 17 10 8
78	146	0.0	3	112 21 8 5
79	123	0.0	3	92 21 7 3
80	107	0.0	3	89 10 6 2
81	104	0.0	3	77 17 8 2
82	89	0.0	3	76 10 1 2
83	76	0.0	3	48 24 4
84	180	0.0	3	67 99 12 2
85	193	0.0	3	83 98 9 3
86	222	0.0	3	69 143 10
87	292	0.0	3	120 147 19 6
88	299	0.0	3	104 176 17 2
89	334	0.0	3	117 196 18 3
90	290	0.0	3	93 184 12 1
91	301	0.0	3	76 210 10 5
92	282	0.0	3	123 143 13 3
93	343	0.0	3	93 230 18 2
94	314	0.0	3	107 195 9 3
95	292	0.0	3	91 189 11 1
96	415	0.0	3	115 276 23 1
97	497	0.0	3	147 310 35 5
98	852	0.0	3	227 560 55 10
99	1613	0.0	3	503 1004 89 17
100	2206	0.0	3	622 1415 147 22
101	3940	0.0	3	1238 2487 194 21


=== Second read: Adapter 2 ===

Sequence: AGATCGGAAGAGCGTCGTGTAGGGAAAGAGTGT; Type: regular 3'; Length: 33; Trimmed: 7196510 times

Minimum overlap: 3
No. of allowed errors:
1-9 bp: 0; 10-19 bp: 1; 20-29 bp: 2; 30-33 bp: 3

Bases preceding removed adapters:
  A: 20.9%
  C: 29.3%
  G: 31.3%
  T: 18.2%
  none/other: 0.1%

Overview of removed sequences
length	count	expect	max.err	error counts
3	1395011	1087790.8	0	1395011
4	564066	271947.7	0	564066
5	365110	67986.9	0	365110
6	323737	16996.7	0	323737
7	308109	4249.2	0	308109
8	281218	1062.3	0	281218
9	269014	265.6	0	266275 2739
10	251017	66.4	1	240272 10745
11	227700	16.6	1	218835 8865
12	222135	4.1	1	213385 8750
13	205443	1.0	1	197016 8427
14	221335	0.3	1	211597 9738
15	180673	0.1	1	171938 8735
16	188979	0.0	1	178945 10034
17	203063	0.0	1	191894 11169
18	151655	0.0	1	143488 7455 712
19	156894	0.0	1	147578 8990 326
20	136550	0.0	2	126892 8170 1488
21	121657	0.0	2	112908 7546 1203
22	111033	0.0	2	102690 7130 1213
23	104207	0.0	2	96133 6720 1354
24	101156	0.0	2	93249 6759 1148
25	91504	0.0	2	84469 6134 901
26	91918	0.0	2	84273 6328 1317
27	88301	0.0	2	80280 6453 1538 30
28	81702	0.0	2	74664 5596 1337 105
29	71396	0.0	2	64786 5692 867 51
30	85085	0.0	3	76852 6269 1266 698
31	37034	0.0	3	33158 3034 531 311
32	53400	0.0	3	47147 4710 924 619
33	41264	0.0	3	37098 3402 528 236
34	40266	0.0	3	36088 3382 536 260
35	38308	0.0	3	34244 3273 501 290
36	35336	0.0	3	31457 3090 494 295
37	35961	0.0	3	31830 3128 603 400
38	30915	0.0	3	27746 2611 354 204
39	29070	0.0	3	26070 2398 394 208
40	26473	0.0	3	23728 2209 337 199
41	23730	0.0	3	21006 2132 341 251
42	22104	0.0	3	19518 1943 364 279
43	17159	0.0	3	15360 1464 208 127
44	16361	0.0	3	14387 1406 315 253
45	13886	0.0	3	12329 1181 236 140
46	12472	0.0	3	10973 1100 248 151
47	11572	0.0	3	10092 1033 266 181
48	10797	0.0	3	9515 934 214 134
49	10812	0.0	3	9552 918 186 156
50	9524	0.0	3	8274 906 188 156
51	8492	0.0	3	7433 766 169 124
52	7248	0.0	3	6346 623 154 125
53	6369	0.0	3	5502 584 164 119
54	5879	0.0	3	4888 616 199 176
55	4270	0.0	3	3712 387 101 70
56	3983	0.0	3	3337 380 144 122
57	4130	0.0	3	3292 484 185 169
58	3293	0.0	3	2737 352 116 88
59	2998	0.0	3	2507 309 104 78
60	3149	0.0	3	2460 368 181 140
61	2425	0.0	3	1979 290 76 80
62	2045	0.0	3	1638 247 84 76
63	2315	0.0	3	1596 339 210 170
64	1397	0.0	3	996 217 87 97
65	1241	0.0	3	915 154 90 82
66	1064	0.0	3	750 147 82 85
67	1033	0.0	3	697 157 84 95
68	967	0.0	3	641 158 70 98
69	874	0.0	3	560 136 88 90
70	831	0.0	3	537 129 92 73
71	725	0.0	3	425 131 84 85
72	705	0.0	3	400 128 86 91
73	618	0.0	3	345 117 87 69
74	548	0.0	3	325 105 67 51
75	483	0.0	3	230 100 81 72
76	479	0.0	3	259 88 66 66
77	419	0.0	3	231 89 54 45
78	366	0.0	3	196 81 46 43
79	313	0.0	3	160 69 38 46
80	313	0.0	3	195 53 32 33
81	250	0.0	3	122 71 34 23
82	238	0.0	3	120 72 22 24
83	195	0.0	3	72 76 28 19
84	206	0.0	3	84 76 28 18
85	192	0.0	3	75 77 23 17
86	173	0.0	3	62 80 20 11
87	211	0.0	3	84 104 15 8
88	204	0.0	3	94 83 15 12
89	205	0.0	3	76 104 17 8
90	208	0.0	3	80 111 13 4
91	204	0.0	3	74 118 6 6
92	247	0.0	3	80 144 16 7
93	218	0.0	3	75 126 14 3
94	243	0.0	3	89 139 11 4
95	234	0.0	3	87 130 15 2
96	321	0.0	3	117 177 24 3
97	471	0.0	3	146 289 27 9
98	659	0.0	3	204 396 53 6
99	1436	0.0	3	495 827 103 11
100	1993	0.0	3	678 1160 137 18
101	3318	0.0	3	1176 1972 148 22
