This is cutadapt 3.5 with Python 3.6.8
Command line parameters: -o /home/lspencer/2022-redking-OA/trimmed/Tank_3_Crab_2.trimmed.R1.v1.fastq.gz -p /home/lspencer/2022-redking-OA/trimmed/Tank_3_Crab_2.trimmed.R2.v1.fastq.gz -a AGATCGGAAGAGCACACGTCTGAACTCCAGTCA -A AGATCGGAAGAGCGTCGTGTAGGGAAAGAGTGT -q 15,10 -m 50 --trim-n --cores=8 /share/nwfsc/ggoetz/red_king_crab/illumina/Tank_3_Crab_2_R1.fastq.gz /share/nwfsc/ggoetz/red_king_crab/illumina/Tank_3_Crab_2_R2.fastq.gz
Processing reads on 8 cores in paired-end mode ...
Finished in 422.79 s (8 us/read; 7.83 M reads/minute).

=== Summary ===

Total read pairs processed:         55,162,820
  Read 1 with adapter:               8,061,153 (14.6%)
  Read 2 with adapter:               7,846,654 (14.2%)

== Read fate breakdown ==
Pairs that were too short:              89,644 (0.2%)
Pairs written (passing filters):    55,073,176 (99.8%)

Total basepairs processed: 11,142,889,640 bp
  Read 1: 5,571,444,820 bp
  Read 2: 5,571,444,820 bp
Quality-trimmed:               4,554,561 bp (0.0%)
  Read 1:       753,696 bp
  Read 2:     3,800,865 bp
Total written (filtered):  10,900,719,168 bp (97.8%)
  Read 1: 5,451,439,140 bp
  Read 2: 5,449,280,028 bp

=== First read: Adapter 1 ===

Sequence: AGATCGGAAGAGCACACGTCTGAACTCCAGTCA; Type: regular 3'; Length: 33; Trimmed: 8061153 times

Minimum overlap: 3
No. of allowed errors:
1-9 bp: 0; 10-19 bp: 1; 20-29 bp: 2; 30-33 bp: 3

Bases preceding removed adapters:
  A: 25.8%
  C: 36.0%
  G: 30.1%
  T: 8.0%
  none/other: 0.2%

Overview of removed sequences
length	count	expect	max.err	error counts
3	1379907	861919.1	0	1379907
4	543551	215479.8	0	543551
5	407077	53869.9	0	407077
6	359226	13467.5	0	359226
7	333188	3366.9	0	333188
8	307098	841.7	0	307098
9	281843	210.4	0	279394 2449
10	265748	52.6	1	254636 11112
11	249798	13.2	1	239267 10531
12	240848	3.3	1	230895 9953
13	240963	0.8	1	230189 10774
14	243313	0.2	1	231835 11478
15	243766	0.1	1	231057 12709
16	238151	0.0	1	225131 13020
17	225652	0.0	1	212824 12828
18	204041	0.0	1	191941 11631 469
19	182182	0.0	1	170499 11084 599
20	160953	0.0	2	149558 10145 1250
21	144790	0.0	2	134252 9359 1179
22	133159	0.0	2	122975 9145 1039
23	127752	0.0	2	117361 9172 1219
24	126009	0.0	2	115335 9573 1101
25	124813	0.0	2	113358 10149 1306
26	123146	0.0	2	111434 10550 1162
27	115495	0.0	2	104697 9485 1217 96
28	105703	0.0	2	95153 9223 1156 171
29	93659	0.0	2	83996 8124 1183 356
30	79876	0.0	3	71324 7183 974 395
31	69890	0.0	3	62074 6673 893 250
32	61743	0.0	3	54709 6071 747 216
33	55605	0.0	3	49162 5485 736 222
34	50777	0.0	3	44874 5113 602 188
35	49410	0.0	3	43698 4974 568 170
36	47922	0.0	3	42537 4639 571 175
37	46680	0.0	3	41405 4473 608 194
38	44502	0.0	3	39474 4387 484 157
39	40929	0.0	3	36294 3966 502 167
40	36006	0.0	3	32002 3385 453 166
41	31239	0.0	3	27773 2999 354 113
42	26519	0.0	3	23564 2599 281 75
43	22400	0.0	3	19979 2086 245 90
44	18743	0.0	3	16677 1782 211 73
45	16741	0.0	3	14871 1573 209 88
46	15149	0.0	3	13414 1463 210 62
47	14449	0.0	3	12764 1433 197 55
48	14118	0.0	3	12528 1355 185 50
49	13884	0.0	3	12322 1315 179 68
50	12674	0.0	3	11353 1143 133 45
51	10685	0.0	3	9502 1006 123 54
52	8995	0.0	3	7993 846 122 34
53	7228	0.0	3	6449 654 87 38
54	5905	0.0	3	5195 590 87 33
55	4796	0.0	3	4216 472 81 27
56	4230	0.0	3	3733 403 63 31
57	4026	0.0	3	3519 407 63 37
58	3828	0.0	3	3299 427 70 32
59	4102	0.0	3	3640 380 64 18
60	3766	0.0	3	3272 382 86 26
61	3068	0.0	3	2692 295 53 28
62	2454	0.0	3	2156 232 43 23
63	1841	0.0	3	1620 171 35 15
64	1461	0.0	3	1257 147 37 20
65	1140	0.0	3	970 125 27 18
66	960	0.0	3	832 89 23 16
67	856	0.0	3	721 97 24 14
68	821	0.0	3	708 73 21 19
69	797	0.0	3	682 77 24 14
70	627	0.0	3	525 70 17 15
71	443	0.0	3	360 52 12 19
72	372	0.0	3	287 55 16 14
73	259	0.0	3	201 39 12 7
74	220	0.0	3	152 35 16 17
75	298	0.0	3	171 67 29 31
76	229	0.0	3	140 44 29 16
77	125	0.0	3	80 25 11 9
78	114	0.0	3	72 26 10 6
79	94	0.0	3	69 18 4 3
80	79	0.0	3	67 8 3 1
81	182	0.0	3	135 33 9 5
82	62	0.0	3	44 17 0 1
83	60	0.0	3	48 9 2 1
84	44	0.0	3	33 9 1 1
85	41	0.0	3	35 3 3
86	25	0.0	3	19 5 1
87	49	0.0	3	47 2
88	63	0.0	3	48 13 1 1
89	39	0.0	3	34 4 0 1
90	17	0.0	3	15 2
91	5	0.0	3	5
92	5	0.0	3	5
93	6	0.0	3	4 1 0 1
94	8	0.0	3	7 0 1
95	12	0.0	3	12
96	2	0.0	3	1 0 0 1
97	3	0.0	3	2 0 0 1
98	5	0.0	3	3 0 0 2
99	9	0.0	3	3 1 3 2
100	219	0.0	3	23 169 24 3
101	15391	0.0	3	13482 1723 150 36


=== Second read: Adapter 2 ===

Sequence: AGATCGGAAGAGCGTCGTGTAGGGAAAGAGTGT; Type: regular 3'; Length: 33; Trimmed: 7846654 times

Minimum overlap: 3
No. of allowed errors:
1-9 bp: 0; 10-19 bp: 1; 20-29 bp: 2; 30-33 bp: 3

Bases preceding removed adapters:
  A: 16.6%
  C: 29.3%
  G: 34.9%
  T: 19.1%
  none/other: 0.2%

Overview of removed sequences
length	count	expect	max.err	error counts
3	1180977	861919.1	0	1180977
4	529763	215479.8	0	529763
5	396900	53869.9	0	396900
6	354055	13467.5	0	354055
7	334970	3366.9	0	334970
8	309347	841.7	0	309347
9	283264	210.4	0	281039 2225
10	267688	52.6	1	256650 11038
11	251091	13.2	1	241268 9823
12	242147	3.3	1	233093 9054
13	241989	0.8	1	231786 10203
14	244750	0.2	1	234365 10385
15	244082	0.1	1	229977 14105
16	238570	0.0	1	225991 12579
17	225988	0.0	1	213933 12055
18	203245	0.0	1	189882 12906 457
19	181594	0.0	1	170872 10241 481
20	160821	0.0	2	149044 9394 2383
21	144660	0.0	2	133841 9197 1622
22	132931	0.0	2	122789 8578 1564
23	127384	0.0	2	117309 8377 1698
24	125788	0.0	2	115719 8564 1505
25	124432	0.0	2	114289 8689 1454
26	122985	0.0	2	112568 8558 1859
27	115193	0.0	2	105235 8145 1778 35
28	105112	0.0	2	95360 7556 2042 154
29	93252	0.0	2	84636 7334 1212 70
30	79761	0.0	3	71638 6334 1213 576
31	69536	0.0	3	61662 6193 1144 537
32	61513	0.0	3	54846 5386 821 460
33	55519	0.0	3	49401 5017 750 351
34	50643	0.0	3	45131 4530 640 342
35	49291	0.0	3	43917 4373 639 362
36	47714	0.0	3	42704 4083 591 336
37	46482	0.0	3	41454 4032 643 353
38	44266	0.0	3	39330 4023 599 314
39	40691	0.0	3	36284 3588 540 279
40	35772	0.0	3	31936 3144 450 242
41	31094	0.0	3	27607 2844 420 223
42	26320	0.0	3	23478 2272 358 212
43	22394	0.0	3	19883 1989 321 201
44	18684	0.0	3	16620 1626 269 169
45	16797	0.0	3	14964 1424 253 156
46	15242	0.0	3	13462 1405 224 151
47	14457	0.0	3	12769 1322 235 131
48	14184	0.0	3	12493 1320 228 143
49	13903	0.0	3	12316 1266 197 124
50	12771	0.0	3	11311 1129 184 147
51	10818	0.0	3	9513 987 209 109
52	9107	0.0	3	7990 828 179 110
53	7418	0.0	3	6496 654 153 115
54	6095	0.0	3	5287 567 134 107
55	5032	0.0	3	4318 484 125 105
56	4440	0.0	3	3823 434 101 82
57	4320	0.0	3	3675 433 117 95
58	4075	0.0	3	3466 389 144 76
59	4345	0.0	3	3715 437 107 86
60	4023	0.0	3	3456 390 109 68
61	3356	0.0	3	2820 344 103 89
62	2713	0.0	3	2300 259 86 68
63	2117	0.0	3	1703 233 94 87
64	1737	0.0	3	1406 177 81 73
65	1389	0.0	3	1110 163 53 63
66	1205	0.0	3	937 147 66 55
67	1126	0.0	3	852 143 74 57
68	1051	0.0	3	787 140 76 48
69	1082	0.0	3	816 132 67 67
70	880	0.0	3	625 132 70 53
71	693	0.0	3	453 110 67 63
72	601	0.0	3	385 102 60 54
73	476	0.0	3	309 69 59 39
74	445	0.0	3	270 83 55 37
75	451	0.0	3	239 89 67 56
76	386	0.0	3	209 89 48 40
77	283	0.0	3	156 47 33 47
78	262	0.0	3	145 43 37 37
79	201	0.0	3	114 41 21 25
80	165	0.0	3	80 35 29 21
81	219	0.0	3	111 44 35 29
82	104	0.0	3	60 22 10 12
83	90	0.0	3	55 17 9 9
84	85	0.0	3	50 16 11 8
85	79	0.0	3	43 15 8 13
86	59	0.0	3	32 6 14 7
87	60	0.0	3	50 4 3 3
88	86	0.0	3	52 21 7 6
89	53	0.0	3	40 6 2 5
90	27	0.0	3	18 3 4 2
91	11	0.0	3	4 1 2 4
92	10	0.0	3	5 3 1 1
93	10	0.0	3	2 0 7 1
94	10	0.0	3	7 1 2
95	17	0.0	3	11 1 2 3
96	7	0.0	3	1 0 1 5
97	6	0.0	3	0 2 2 2
98	4	0.0	3	3 0 0 1
99	12	0.0	3	3 1 1 7
100	502	0.0	3	25 406 59 12
101	14899	0.0	3	12933 1770 172 24
