This is cutadapt 3.5 with Python 3.6.8
Command line parameters: -o /home/lspencer/2022-redking-OA/trimmed/Tank_4_Crab_3.trimmed.R1.v2.fastq.gz -p /home/lspencer/2022-redking-OA/trimmed/Tank_4_Crab_3.trimmed.R2.v2.fastq.gz -a AGATCGGAAGAGCACACGTCTGAACTCCAGTCA -A AGATCGGAAGAGCGTCGTGTAGGGAAAGAGTGT -q 20,15 -m 50 --trim-n --cores=8 /share/nwfsc/ggoetz/red_king_crab/illumina/Tank_4_Crab_3_R1.fastq.gz /share/nwfsc/ggoetz/red_king_crab/illumina/Tank_4_Crab_3_R2.fastq.gz
Processing reads on 8 cores in paired-end mode ...
Finished in 513.56 s (8 us/read; 7.86 M reads/minute).

=== Summary ===

Total read pairs processed:         67,244,771
  Read 1 with adapter:               5,905,271 (8.8%)
  Read 2 with adapter:               5,664,181 (8.4%)

== Read fate breakdown ==
Pairs that were too short:             123,903 (0.2%)
Pairs written (passing filters):    67,120,868 (99.8%)

Total basepairs processed: 13,583,443,742 bp
  Read 1: 6,791,721,871 bp
  Read 2: 6,791,721,871 bp
Quality-trimmed:              25,367,958 bp (0.2%)
  Read 1:     5,698,455 bp
  Read 2:    19,669,503 bp
Total written (filtered):  13,402,147,470 bp (98.7%)
  Read 1: 6,705,079,891 bp
  Read 2: 6,697,067,579 bp

=== First read: Adapter 1 ===

Sequence: AGATCGGAAGAGCACACGTCTGAACTCCAGTCA; Type: regular 3'; Length: 33; Trimmed: 5905271 times

Minimum overlap: 3
No. of allowed errors:
1-9 bp: 0; 10-19 bp: 1; 20-29 bp: 2; 30-33 bp: 3

Bases preceding removed adapters:
  A: 27.6%
  C: 28.7%
  G: 33.2%
  T: 10.3%
  none/other: 0.1%

Overview of removed sequences
length	count	expect	max.err	error counts
3	1544102	1050699.5	0	1544102
4	506435	262674.9	0	506435
5	301854	65668.7	0	301854
6	254424	16417.2	0	254424
7	237617	4104.3	0	237617
8	213378	1026.1	0	213378
9	201759	256.5	0	199280 2479
10	187731	64.1	1	179444 8287
11	166775	16.0	1	159785 6990
12	157322	4.0	1	150913 6409
13	150161	1.0	1	143529 6632
14	141357	0.3	1	135233 6124
15	140004	0.1	1	133160 6844
16	135948	0.0	1	129010 6938
17	131898	0.0	1	124470 7428
18	123878	0.0	1	116755 6901 222
19	109660	0.0	1	103312 6094 254
20	98916	0.0	2	91981 6182 753
21	87492	0.0	2	81214 5616 662
22	78983	0.0	2	73206 5213 564
23	71864	0.0	2	66554 4800 510
24	69801	0.0	2	63902 5248 651
25	65861	0.0	2	59876 5290 695
26	64124	0.0	2	58655 4952 517
27	61375	0.0	2	56046 4778 524 27
28	59181	0.0	2	53475 4946 670 90
29	52312	0.0	2	47428 4263 553 68
30	47504	0.0	3	42836 3963 529 176
31	40882	0.0	3	36879 3486 425 92
32	36030	0.0	3	32197 3303 402 128
33	31081	0.0	3	28004 2685 284 108
34	29301	0.0	3	26123 2699 354 125
35	26452	0.0	3	23708 2269 352 123
36	26906	0.0	3	23970 2332 433 171
37	23771	0.0	3	21422 1881 364 104
38	23598	0.0	3	21122 1981 363 132
39	22181	0.0	3	19763 1863 382 173
40	19994	0.0	3	17922 1656 293 123
41	17414	0.0	3	15548 1480 289 97
42	15551	0.0	3	13899 1294 267 91
43	13276	0.0	3	11924 1078 194 80
44	11747	0.0	3	10495 1008 181 63
45	10235	0.0	3	9181 852 136 66
46	9058	0.0	3	8076 767 156 59
47	8451	0.0	3	7511 720 157 63
48	8128	0.0	3	7269 660 135 64
49	7878	0.0	3	6991 683 144 60
50	7266	0.0	3	6414 676 136 40
51	8152	0.0	3	7385 574 126 67
52	4124	0.0	3	3652 337 86 49
53	4232	0.0	3	3734 391 65 42
54	3642	0.0	3	3258 309 49 26
55	3326	0.0	3	2871 332 75 48
56	2822	0.0	3	2460 265 67 30
57	2456	0.0	3	2148 221 54 33
58	2393	0.0	3	2126 184 50 33
59	2321	0.0	3	2068 180 51 22
60	2077	0.0	3	1833 171 50 23
61	1785	0.0	3	1507 195 46 37
62	1428	0.0	3	1190 157 43 38
63	1219	0.0	3	1048 106 34 31
64	753	0.0	3	636 80 30 7
65	746	0.0	3	595 95 32 24
66	603	0.0	3	507 59 26 11
67	512	0.0	3	404 67 27 14
68	529	0.0	3	428 58 21 22
69	392	0.0	3	306 49 20 17
70	412	0.0	3	311 47 38 16
71	331	0.0	3	217 51 31 32
72	255	0.0	3	177 41 25 12
73	259	0.0	3	174 44 26 15
74	216	0.0	3	145 39 17 15
75	135	0.0	3	96 21 11 7
76	182	0.0	3	132 29 9 12
77	148	0.0	3	104 24 10 10
78	134	0.0	3	98 24 7 5
79	119	0.0	3	89 19 4 7
80	108	0.0	3	88 14 2 4
81	174	0.0	3	124 37 10 3
82	81	0.0	3	62 17 2
83	112	0.0	3	71 27 8 6
84	137	0.0	3	76 52 7 2
85	156	0.0	3	81 67 6 2
86	186	0.0	3	95 80 10 1
87	187	0.0	3	82 95 9 1
88	210	0.0	3	93 103 12 2
89	194	0.0	3	80 97 14 3
90	209	0.0	3	95 108 6
91	178	0.0	3	73 96 5 4
92	165	0.0	3	79 75 11
93	201	0.0	3	81 112 8
94	211	0.0	3	98 104 8 1
95	159	0.0	3	64 83 12
96	184	0.0	3	59 115 9 1
97	294	0.0	3	114 161 14 5
98	472	0.0	3	185 257 25 5
99	1029	0.0	3	412 545 63 9
100	1384	0.0	3	530 756 83 15
101	2621	0.0	3	1080 1338 182 21


=== Second read: Adapter 2 ===

Sequence: AGATCGGAAGAGCGTCGTGTAGGGAAAGAGTGT; Type: regular 3'; Length: 33; Trimmed: 5664181 times

Minimum overlap: 3
No. of allowed errors:
1-9 bp: 0; 10-19 bp: 1; 20-29 bp: 2; 30-33 bp: 3

Bases preceding removed adapters:
  A: 21.7%
  C: 29.2%
  G: 29.9%
  T: 19.0%
  none/other: 0.1%

Overview of removed sequences
length	count	expect	max.err	error counts
3	1324678	1050699.5	0	1324678
4	485672	262674.9	0	485672
5	287801	65668.7	0	287801
6	248318	16417.2	0	248318
7	235926	4104.3	0	235926
8	213512	1026.1	0	213512
9	202399	256.5	0	200376 2023
10	186495	64.1	1	178382 8113
11	167350	16.0	1	160588 6762
12	161093	4.0	1	154322 6771
13	146361	1.0	1	140200 6161
14	157159	0.3	1	149567 7592
15	127761	0.1	1	121188 6573
16	135139	0.0	1	127608 7531
17	148724	0.0	1	139975 8749
18	104539	0.0	1	98538 5449 552
19	117385	0.0	1	109977 7231 177
20	93017	0.0	2	86328 5654 1035
21	85377	0.0	2	78966 5458 953
22	78828	0.0	2	72584 5254 990
23	72934	0.0	2	66942 4949 1043
24	70764	0.0	2	64759 5019 986
25	63573	0.0	2	58434 4445 694
26	64502	0.0	2	58803 4816 883
27	62510	0.0	2	56542 4740 1217 11
28	58245	0.0	2	52955 4203 1004 83
29	52000	0.0	2	47235 4026 709 30
30	53010	0.0	3	47278 4219 1019 494
31	36026	0.0	3	32409 2890 478 249
32	36637	0.0	3	32262 3324 656 395
33	31318	0.0	3	27956 2679 445 238
34	29172	0.0	3	25808 2610 477 277
35	27234	0.0	3	24073 2424 433 304
36	25770	0.0	3	22963 2000 374 433
37	25846	0.0	3	22785 2059 448 554
38	24110	0.0	3	21449 1829 365 467
39	21849	0.0	3	19444 1732 283 390
40	20138	0.0	3	17845 1591 333 369
41	18138	0.0	3	16039 1419 299 381
42	17172	0.0	3	14975 1413 386 398
43	12578	0.0	3	11220 1003 159 196
44	12519	0.0	3	10812 1099 325 283
45	10443	0.0	3	9124 908 206 205
46	9551	0.0	3	8324 788 202 237
47	9177	0.0	3	7809 835 245 288
48	8499	0.0	3	7372 681 217 229
49	8402	0.0	3	7285 705 196 216
50	7612	0.0	3	6539 695 183 195
51	6701	0.0	3	5763 613 147 178
52	5798	0.0	3	5054 463 134 147
53	5231	0.0	3	4393 502 160 176
54	4800	0.0	3	3903 462 205 230
55	3299	0.0	3	2810 322 82 85
56	3403	0.0	3	2708 334 182 179
57	3470	0.0	3	2647 402 202 219
58	2676	0.0	3	2201 236 118 121
59	2504	0.0	3	2056 249 82 117
60	2848	0.0	3	2181 315 172 180
61	2106	0.0	3	1663 252 94 97
62	1751	0.0	3	1388 184 86 93
63	2098	0.0	3	1387 312 197 202
64	1168	0.0	3	801 163 93 111
65	1146	0.0	3	781 172 96 97
66	988	0.0	3	666 144 85 93
67	916	0.0	3	635 114 73 94
68	989	0.0	3	613 159 91 126
69	857	0.0	3	526 141 83 107
70	740	0.0	3	467 121 69 83
71	692	0.0	3	418 114 87 73
72	646	0.0	3	348 124 76 98
73	620	0.0	3	360 99 79 82
74	545	0.0	3	301 101 71 72
75	516	0.0	3	272 83 80 81
76	533	0.0	3	304 90 67 72
77	448	0.0	3	250 90 41 67
78	375	0.0	3	200 75 47 53
79	315	0.0	3	177 59 35 44
80	343	0.0	3	171 73 42 57
81	328	0.0	3	167 63 48 50
82	236	0.0	3	127 48 31 30
83	213	0.0	3	85 62 31 35
84	172	0.0	3	75 54 21 22
85	158	0.0	3	62 53 20 23
86	143	0.0	3	67 52 12 12
87	146	0.0	3	56 57 15 18
88	141	0.0	3	62 44 19 16
89	148	0.0	3	62 65 13 8
90	142	0.0	3	56 68 9 9
91	131	0.0	3	60 57 7 7
92	169	0.0	3	67 85 14 3
93	135	0.0	3	64 60 9 2
94	153	0.0	3	60 81 6 6
95	159	0.0	3	68 79 9 3
96	241	0.0	3	103 120 15 3
97	337	0.0	3	136 173 17 11
98	488	0.0	3	190 246 37 15
99	932	0.0	3	361 505 46 20
100	1363	0.0	3	531 711 96 25
101	2461	0.0	3	1039 1284 103 35
