This is cutadapt 3.5 with Python 3.6.8
Command line parameters: -o /home/lspencer/2022-redking-OA/trimmed/Tank_11_Crab_2.trimmed.R1.v2.fastq.gz -p /home/lspencer/2022-redking-OA/trimmed/Tank_11_Crab_2.trimmed.R2.v2.fastq.gz -a AGATCGGAAGAGCACACGTCTGAACTCCAGTCA -A AGATCGGAAGAGCGTCGTGTAGGGAAAGAGTGT -q 20,15 -m 50 --trim-n --cores=8 /share/nwfsc/ggoetz/red_king_crab/illumina/Tank_11_Crab_2_R1.fastq.gz /share/nwfsc/ggoetz/red_king_crab/illumina/Tank_11_Crab_2_R2.fastq.gz
Processing reads on 8 cores in paired-end mode ...
Finished in 493.63 s (8 us/read; 7.80 M reads/minute).

=== Summary ===

Total read pairs processed:         64,142,291
  Read 1 with adapter:               4,834,545 (7.5%)
  Read 2 with adapter:               4,586,586 (7.2%)

== Read fate breakdown ==
Pairs that were too short:             103,479 (0.2%)
Pairs written (passing filters):    64,038,812 (99.8%)

Total basepairs processed: 12,956,742,782 bp
  Read 1: 6,478,371,391 bp
  Read 2: 6,478,371,391 bp
Quality-trimmed:              24,069,543 bp (0.2%)
  Read 1:     5,790,325 bp
  Read 2:    18,279,218 bp
Total written (filtered):  12,812,486,062 bp (98.9%)
  Read 1: 6,410,000,924 bp
  Read 2: 6,402,485,138 bp

=== First read: Adapter 1 ===

Sequence: AGATCGGAAGAGCACACGTCTGAACTCCAGTCA; Type: regular 3'; Length: 33; Trimmed: 4834545 times

Minimum overlap: 3
No. of allowed errors:
1-9 bp: 0; 10-19 bp: 1; 20-29 bp: 2; 30-33 bp: 3

Bases preceding removed adapters:
  A: 27.9%
  C: 28.6%
  G: 33.2%
  T: 10.2%
  none/other: 0.2%

Overview of removed sequences
length	count	expect	max.err	error counts
3	1455342	1002223.3	0	1455342
4	452145	250555.8	0	452145
5	253382	62639.0	0	253382
6	205156	15659.7	0	205156
7	184303	3914.9	0	184303
8	163657	978.7	0	163657
9	155489	244.7	0	153410 2079
10	140561	61.2	1	134594 5967
11	127362	15.3	1	122396 4966
12	118706	3.8	1	114076 4630
13	112537	1.0	1	107850 4687
14	108133	0.2	1	103773 4360
15	105908	0.1	1	100985 4923
16	101358	0.0	1	96455 4903
17	98684	0.0	1	93582 5102
18	92378	0.0	1	87628 4657 93
19	80096	0.0	1	75862 4081 153
20	71886	0.0	2	67111 4235 540
21	63276	0.0	2	59155 3732 389
22	57232	0.0	2	53197 3656 379
23	52482	0.0	2	48779 3325 378
24	50854	0.0	2	46791 3608 455
25	48354	0.0	2	44356 3547 451
26	46430	0.0	2	42782 3316 332
27	45069	0.0	2	41463 3181 398 27
28	42970	0.0	2	39189 3307 420 54
29	38226	0.0	2	34846 2958 385 37
30	34753	0.0	3	31480 2812 323 138
31	29077	0.0	3	26372 2373 254 78
32	26069	0.0	3	23381 2326 273 89
33	22327	0.0	3	20196 1864 193 74
34	21293	0.0	3	19170 1808 213 102
35	19746	0.0	3	17684 1681 253 128
36	18915	0.0	3	16917 1634 249 115
37	17791	0.0	3	15972 1500 223 96
38	17669	0.0	3	15842 1463 231 133
39	15734	0.0	3	14215 1259 181 79
40	14394	0.0	3	12903 1172 187 132
41	12971	0.0	3	11583 1122 169 97
42	11560	0.0	3	10345 983 149 83
43	10010	0.0	3	8953 840 138 79
44	8837	0.0	3	7864 773 135 65
45	7708	0.0	3	6902 638 99 69
46	6733	0.0	3	6060 534 82 57
47	6243	0.0	3	5609 522 69 43
48	5958	0.0	3	5343 484 87 44
49	5850	0.0	3	5210 507 89 44
50	5422	0.0	3	4807 471 84 60
51	6351	0.0	3	5730 469 92 60
52	2839	0.0	3	2486 271 50 32
53	3049	0.0	3	2700 270 50 29
54	2784	0.0	3	2504 220 35 25
55	2403	0.0	3	2068 240 60 35
56	2072	0.0	3	1822 189 40 21
57	1867	0.0	3	1639 170 38 20
58	1801	0.0	3	1559 167 39 36
59	1857	0.0	3	1645 170 26 16
60	1552	0.0	3	1353 131 41 27
61	1442	0.0	3	1245 130 38 29
62	1220	0.0	3	1035 120 33 32
63	1050	0.0	3	884 99 39 28
64	616	0.0	3	522 58 18 18
65	675	0.0	3	532 82 32 29
66	475	0.0	3	406 42 14 13
67	460	0.0	3	374 61 12 13
68	450	0.0	3	345 60 26 19
69	363	0.0	3	293 46 13 11
70	338	0.0	3	258 43 22 15
71	329	0.0	3	234 38 27 30
72	251	0.0	3	187 23 22 19
73	239	0.0	3	169 40 17 13
74	221	0.0	3	160 34 19 8
75	144	0.0	3	102 22 13 7
76	135	0.0	3	87 30 10 8
77	140	0.0	3	86 38 11 5
78	111	0.0	3	81 18 8 4
79	95	0.0	3	75 11 3 6
80	99	0.0	3	84 7 7 1
81	85	0.0	3	59 20 4 2
82	74	0.0	3	63 7 2 2
83	86	0.0	3	51 22 11 2
84	121	0.0	3	66 47 7 1
85	163	0.0	3	66 87 9 1
86	177	0.0	3	77 85 14 1
87	186	0.0	3	81 97 7 1
88	186	0.0	3	86 90 6 4
89	187	0.0	3	84 91 9 3
90	182	0.0	3	74 100 7 1
91	184	0.0	3	75 97 8 4
92	190	0.0	3	71 108 8 3
93	171	0.0	3	62 99 8 2
94	173	0.0	3	61 99 12 1
95	173	0.0	3	57 107 9
96	204	0.0	3	89 101 12 2
97	302	0.0	3	90 191 19 2
98	494	0.0	3	157 310 24 3
99	1011	0.0	3	361 578 62 10
100	1332	0.0	3	466 772 80 14
101	2400	0.0	3	836 1445 109 10


=== Second read: Adapter 2 ===

Sequence: AGATCGGAAGAGCGTCGTGTAGGGAAAGAGTGT; Type: regular 3'; Length: 33; Trimmed: 4586586 times

Minimum overlap: 3
No. of allowed errors:
1-9 bp: 0; 10-19 bp: 1; 20-29 bp: 2; 30-33 bp: 3

Bases preceding removed adapters:
  A: 21.5%
  C: 28.8%
  G: 30.4%
  T: 19.1%
  none/other: 0.2%

Overview of removed sequences
length	count	expect	max.err	error counts
3	1233126	1002223.3	0	1233126
4	426696	250555.8	0	426696
5	238726	62639.0	0	238726
6	197249	15659.7	0	197249
7	182839	3914.9	0	182839
8	164025	978.7	0	164025
9	155633	244.7	0	153445 2188
10	140772	61.2	1	133654 7118
11	127918	15.3	1	122045 5873
12	121936	3.8	1	116502 5434
13	109829	1.0	1	104953 4876
14	120810	0.2	1	114893 5917
15	96065	0.1	1	90823 5242
16	100848	0.0	1	94912 5936
17	111624	0.0	1	104661 6963
18	76975	0.0	1	72315 4203 457
19	85203	0.0	1	79325 5709 169
20	68412	0.0	2	63071 4516 825
21	62365	0.0	2	57331 4233 801
22	57191	0.0	2	52239 4133 819
23	53581	0.0	2	48902 3795 884
24	51491	0.0	2	46686 4001 804
25	46361	0.0	2	42296 3475 590
26	47531	0.0	2	42943 3736 852
27	46109	0.0	2	41424 3731 935 19
28	42914	0.0	2	38856 3212 782 64
29	37545	0.0	2	33820 3135 554 36
30	45098	0.0	3	40116 3633 886 463
31	19545	0.0	3	17269 1721 327 228
32	27182	0.0	3	23544 2668 572 398
33	22691	0.0	3	20119 2010 352 210
34	21717	0.0	3	18995 2018 439 265
35	19104	0.0	3	16870 1731 311 192
36	20254	0.0	3	17471 1902 476 405
37	17473	0.0	3	15413 1572 292 196
38	17628	0.0	3	15423 1658 335 212
39	16011	0.0	3	14174 1352 300 185
40	14646	0.0	3	12835 1329 308 174
41	13474	0.0	3	11757 1214 288 215
42	12885	0.0	3	11034 1238 333 280
43	9615	0.0	3	8431 864 181 139
44	9617	0.0	3	8106 962 280 269
45	7935	0.0	3	6843 768 192 132
46	7229	0.0	3	6252 639 185 153
47	6800	0.0	3	5674 690 238 198
48	6422	0.0	3	5427 626 199 170
49	6270	0.0	3	5284 656 191 139
50	5721	0.0	3	4793 600 189 139
51	5159	0.0	3	4344 518 180 117
52	4283	0.0	3	3672 392 126 93
53	3968	0.0	3	3268 414 146 140
54	3780	0.0	3	2954 448 196 182
55	2483	0.0	3	2057 269 78 79
56	2656	0.0	3	1998 333 168 157
57	2767	0.0	3	2027 357 171 212
58	2091	0.0	3	1660 238 97 96
59	2098	0.0	3	1672 243 101 82
60	2282	0.0	3	1617 317 183 165
61	1755	0.0	3	1364 203 94 94
62	1551	0.0	3	1157 229 80 85
63	1940	0.0	3	1208 317 210 205
64	1050	0.0	3	701 163 96 90
65	980	0.0	3	666 161 83 70
66	822	0.0	3	561 123 67 71
67	838	0.0	3	535 113 109 81
68	871	0.0	3	530 145 96 100
69	754	0.0	3	474 130 69 81
70	697	0.0	3	420 139 64 74
71	631	0.0	3	373 114 78 66
72	614	0.0	3	324 141 73 76
73	588	0.0	3	307 130 76 75
74	551	0.0	3	282 129 70 70
75	449	0.0	3	227 101 52 69
76	459	0.0	3	216 113 76 54
77	408	0.0	3	211 81 48 68
78	344	0.0	3	178 70 48 48
79	322	0.0	3	162 63 41 56
80	305	0.0	3	174 63 34 34
81	227	0.0	3	117 62 18 30
82	184	0.0	3	91 53 15 25
83	187	0.0	3	82 54 30 21
84	177	0.0	3	82 52 25 18
85	141	0.0	3	58 47 16 20
86	148	0.0	3	58 54 25 11
87	138	0.0	3	51 58 14 15
88	134	0.0	3	54 65 8 7
89	148	0.0	3	36 84 15 13
90	152	0.0	3	71 62 13 6
91	159	0.0	3	58 84 10 7
92	163	0.0	3	57 85 14 7
93	174	0.0	3	56 101 13 4
94	176	0.0	3	75 88 12 1
95	179	0.0	3	70 87 15 7
96	231	0.0	3	77 136 14 4
97	324	0.0	3	121 175 23 5
98	435	0.0	3	152 241 37 5
99	879	0.0	3	269 552 50 8
100	1411	0.0	3	486 827 84 14
101	2232	0.0	3	821 1297 99 15
