This is cutadapt 3.5 with Python 3.6.8
Command line parameters: -o /home/lspencer/2022-redking-OA/trimmed/Tank_15_Crab_3.trimmed.R1.v1.fastq.gz -p /home/lspencer/2022-redking-OA/trimmed/Tank_15_Crab_3.trimmed.R2.v1.fastq.gz -a AGATCGGAAGAGCACACGTCTGAACTCCAGTCA -A AGATCGGAAGAGCGTCGTGTAGGGAAAGAGTGT -q 15,10 -m 50 --trim-n --cores=8 /share/nwfsc/ggoetz/red_king_crab/illumina/Tank_15_Crab_3_R1.fastq.gz /share/nwfsc/ggoetz/red_king_crab/illumina/Tank_15_Crab_3_R2.fastq.gz
Processing reads on 8 cores in paired-end mode ...
Finished in 539.12 s (8 us/read; 7.85 M reads/minute).

=== Summary ===

Total read pairs processed:         70,497,342
  Read 1 with adapter:               5,425,453 (7.7%)
  Read 2 with adapter:               5,124,008 (7.3%)

== Read fate breakdown ==
Pairs that were too short:              52,940 (0.1%)
Pairs written (passing filters):    70,444,402 (99.9%)

Total basepairs processed: 14,240,463,084 bp
  Read 1: 7,120,231,542 bp
  Read 2: 7,120,231,542 bp
Quality-trimmed:               6,894,002 bp (0.0%)
  Read 1:     1,179,297 bp
  Read 2:     5,714,705 bp
Total written (filtered):  14,106,534,497 bp (99.1%)
  Read 1: 7,055,184,617 bp
  Read 2: 7,051,349,880 bp

=== First read: Adapter 1 ===

Sequence: AGATCGGAAGAGCACACGTCTGAACTCCAGTCA; Type: regular 3'; Length: 33; Trimmed: 5425453 times

Minimum overlap: 3
No. of allowed errors:
1-9 bp: 0; 10-19 bp: 1; 20-29 bp: 2; 30-33 bp: 3

Bases preceding removed adapters:
  A: 28.0%
  C: 28.0%
  G: 33.2%
  T: 10.7%
  none/other: 0.1%

Overview of removed sequences
length	count	expect	max.err	error counts
3	1636761	1101521.0	0	1636761
4	508809	275380.2	0	508809
5	282516	68845.1	0	282516
6	227496	17211.3	0	227496
7	203703	4302.8	0	203703
8	186593	1075.7	0	186593
9	172174	268.9	0	170173 2001
10	160683	67.2	1	153773 6910
11	146629	16.8	1	141118 5511
12	136117	4.2	1	131289 4828
13	128972	1.1	1	124016 4956
14	124172	0.3	1	119051 5121
15	120186	0.1	1	115008 5178
16	115971	0.0	1	110650 5321
17	110216	0.0	1	105012 5204
18	102434	0.0	1	97504 4734 196
19	91163	0.0	1	86413 4567 183
20	80825	0.0	2	75986 4242 597
21	72042	0.0	2	67362 4157 523
22	64875	0.0	2	60459 3917 499
23	60214	0.0	2	56104 3596 514
24	56740	0.0	2	52678 3617 445
25	54517	0.0	2	50326 3703 488
26	53246	0.0	2	49073 3756 417
27	50782	0.0	2	46841 3454 453 34
28	47219	0.0	2	43334 3376 429 80
29	42577	0.0	2	38898 3101 450 128
30	37793	0.0	3	34417 2850 331 195
31	32230	0.0	3	29210 2563 323 134
32	28608	0.0	3	25837 2375 295 101
33	25442	0.0	3	22936 2117 279 110
34	23533	0.0	3	21141 2009 264 119
35	21816	0.0	3	19793 1629 286 108
36	20818	0.0	3	18751 1626 320 121
37	19738	0.0	3	17753 1500 344 141
38	18793	0.0	3	16807 1472 367 147
39	17511	0.0	3	15883 1247 252 129
40	15006	0.0	3	13554 1114 241 97
41	13805	0.0	3	12454 1020 225 106
42	12042	0.0	3	10894 885 173 90
43	10617	0.0	3	9591 787 152 87
44	9022	0.0	3	8095 698 157 72
45	7916	0.0	3	7119 601 124 72
46	7376	0.0	3	6661 559 104 52
47	6655	0.0	3	5986 485 115 69
48	6275	0.0	3	5658 472 94 51
49	6018	0.0	3	5393 465 101 59
50	5593	0.0	3	4989 442 99 63
51	4899	0.0	3	4356 417 82 44
52	4204	0.0	3	3729 353 72 50
53	3590	0.0	3	3181 294 71 44
54	3051	0.0	3	2701 255 57 38
55	2467	0.0	3	2185 207 52 23
56	2237	0.0	3	1967 165 65 40
57	1979	0.0	3	1726 163 51 39
58	1928	0.0	3	1693 161 41 33
59	1829	0.0	3	1579 159 53 38
60	1734	0.0	3	1512 160 31 31
61	1392	0.0	3	1199 123 39 31
62	1137	0.0	3	939 128 42 28
63	980	0.0	3	827 109 27 17
64	812	0.0	3	666 83 35 28
65	708	0.0	3	581 69 34 24
66	586	0.0	3	466 63 24 33
67	528	0.0	3	412 71 21 24
68	442	0.0	3	342 57 25 18
69	429	0.0	3	322 57 25 25
70	359	0.0	3	263 50 30 16
71	315	0.0	3	226 58 17 14
72	261	0.0	3	176 39 20 26
73	222	0.0	3	160 31 16 15
74	232	0.0	3	154 40 21 17
75	194	0.0	3	122 31 17 24
76	197	0.0	3	134 31 14 18
77	156	0.0	3	105 28 10 13
78	156	0.0	3	111 28 11 6
79	114	0.0	3	84 16 10 4
80	110	0.0	3	88 13 5 4
81	65	0.0	3	55 6 3 1
82	93	0.0	3	79 5 5 4
83	47	0.0	3	42 2 2 1
84	48	0.0	3	41 7
85	37	0.0	3	32 5
86	24	0.0	3	23 1
87	23	0.0	3	19 4
88	15	0.0	3	15
89	16	0.0	3	10 4 2
90	20	0.0	3	17 2 1
91	8	0.0	3	6 1 0 1
92	13	0.0	3	12 0 1
94	1	0.0	3	1
95	1	0.0	3	0 0 1
96	1	0.0	3	1
97	2	0.0	3	1 1
98	2	0.0	3	0 0 0 2
99	1	0.0	3	1
100	54	0.0	3	0 22 29 3
101	3495	0.0	3	1652 1690 129 24


=== Second read: Adapter 2 ===

Sequence: AGATCGGAAGAGCGTCGTGTAGGGAAAGAGTGT; Type: regular 3'; Length: 33; Trimmed: 5124008 times

Minimum overlap: 3
No. of allowed errors:
1-9 bp: 0; 10-19 bp: 1; 20-29 bp: 2; 30-33 bp: 3

Bases preceding removed adapters:
  A: 22.0%
  C: 28.6%
  G: 30.0%
  T: 19.3%
  none/other: 0.1%

Overview of removed sequences
length	count	expect	max.err	error counts
3	1357785	1101521.0	0	1357785
4	482559	275380.2	0	482559
5	267993	68845.1	0	267993
6	220203	17211.3	0	220203
7	202345	4302.8	0	202345
8	186526	1075.7	0	186526
9	171476	268.9	0	169450 2026
10	161300	67.2	1	153072 8228
11	147018	16.8	1	140358 6660
12	136444	4.2	1	130663 5781
13	129195	1.1	1	123178 6017
14	124615	0.3	1	118733 5882
15	120083	0.1	1	112787 7296
16	115793	0.0	1	109211 6582
17	110008	0.0	1	103774 6234
18	101836	0.0	1	95009 6461 366
19	90870	0.0	1	85272 5329 269
20	81060	0.0	2	74912 4917 1231
21	72209	0.0	2	66408 4861 940
22	65059	0.0	2	59838 4347 874
23	60374	0.0	2	55500 3979 895
24	56945	0.0	2	52290 3885 770
25	54684	0.0	2	50036 3849 799
26	53356	0.0	2	48774 3657 925
27	50900	0.0	2	46371 3628 888 13
28	47243	0.0	2	42866 3327 977 73
29	42719	0.0	2	38546 3390 696 87
30	38209	0.0	3	34108 3035 670 396
31	32567	0.0	3	28647 2910 638 372
32	29038	0.0	3	25685 2492 523 338
33	25852	0.0	3	22854 2238 476 284
34	23916	0.0	3	21037 2168 422 289
35	22186	0.0	3	19652 1868 364 302
36	21252	0.0	3	18691 1867 400 294
37	20206	0.0	3	17820 1811 327 248
38	19289	0.0	3	16882 1739 369 299
39	17984	0.0	3	15832 1641 302 209
40	15590	0.0	3	13677 1373 317 223
41	14405	0.0	3	12535 1339 308 223
42	12511	0.0	3	10911 1120 272 208
43	11226	0.0	3	9663 1083 253 227
44	9614	0.0	3	8258 893 273 190
45	8570	0.0	3	7314 850 220 186
46	7962	0.0	3	6792 785 206 179
47	7297	0.0	3	6184 716 220 177
48	6866	0.0	3	5825 685 205 151
49	6639	0.0	3	5586 654 241 158
50	6188	0.0	3	5165 636 224 163
51	5476	0.0	3	4579 558 183 156
52	4763	0.0	3	3981 471 157 154
53	4181	0.0	3	3379 470 181 151
54	3608	0.0	3	2929 391 156 132
55	3017	0.0	3	2370 335 175 137
56	2768	0.0	3	2127 349 152 140
57	2541	0.0	3	1924 317 156 144
58	2456	0.0	3	1893 280 152 131
59	2390	0.0	3	1836 287 146 121
60	2224	0.0	3	1717 270 117 120
61	1897	0.0	3	1391 255 128 123
62	1683	0.0	3	1204 232 152 95
63	1498	0.0	3	1049 219 119 111
64	1359	0.0	3	888 208 141 122
65	1206	0.0	3	777 213 108 108
66	1096	0.0	3	669 192 121 114
67	1029	0.0	3	658 162 113 96
68	882	0.0	3	522 163 104 93
69	941	0.0	3	535 177 129 100
70	848	0.0	3	476 154 117 101
71	769	0.0	3	440 144 100 85
72	686	0.0	3	369 142 99 76
73	625	0.0	3	338 124 100 63
74	690	0.0	3	372 143 85 90
75	527	0.0	3	282 111 62 72
76	592	0.0	3	327 109 77 79
77	487	0.0	3	259 105 65 58
78	413	0.0	3	225 72 58 58
79	366	0.0	3	166 84 54 62
80	298	0.0	3	142 71 47 38
81	195	0.0	3	99 40 24 32
82	214	0.0	3	109 44 30 31
83	149	0.0	3	68 39 19 23
84	145	0.0	3	64 28 27 26
85	118	0.0	3	53 24 20 21
86	79	0.0	3	41 16 12 10
87	70	0.0	3	32 14 7 17
88	56	0.0	3	22 12 11 11
89	51	0.0	3	20 13 9 9
90	37	0.0	3	21 7 4 5
91	20	0.0	3	7 7 5 1
92	30	0.0	3	15 6 4 5
93	6	0.0	3	1 1 4
94	9	0.0	3	0 4 2 3
95	11	0.0	3	6 1 3 1
96	7	0.0	3	1 2 0 4
97	11	0.0	3	3 2 3 3
98	5	0.0	3	0 1 1 3
99	4	0.0	3	0 0 1 3
100	107	0.0	3	0 49 52 6
101	3403	0.0	3	1559 1709 116 19
