This is cutadapt 3.5 with Python 3.6.8
Command line parameters: -o /home/lspencer/2022-redking-OA/trimmed/Tank_16_Crab_4.trimmed.R1.v1.fastq.gz -p /home/lspencer/2022-redking-OA/trimmed/Tank_16_Crab_4.trimmed.R2.v1.fastq.gz -a AGATCGGAAGAGCACACGTCTGAACTCCAGTCA -A AGATCGGAAGAGCGTCGTGTAGGGAAAGAGTGT -q 15,10 -m 50 --trim-n --cores=8 /share/nwfsc/ggoetz/red_king_crab/illumina/Tank_16_Crab_4_R1.fastq.gz /share/nwfsc/ggoetz/red_king_crab/illumina/Tank_16_Crab_4_R2.fastq.gz
Processing reads on 8 cores in paired-end mode ...
Finished in 412.11 s (8 us/read; 7.89 M reads/minute).

=== Summary ===

Total read pairs processed:         54,183,967
  Read 1 with adapter:               4,867,656 (9.0%)
  Read 2 with adapter:               4,637,713 (8.6%)

== Read fate breakdown ==
Pairs that were too short:              48,917 (0.1%)
Pairs written (passing filters):    54,135,050 (99.9%)

Total basepairs processed: 10,945,161,334 bp
  Read 1: 5,472,580,667 bp
  Read 2: 5,472,580,667 bp
Quality-trimmed:               4,563,938 bp (0.0%)
  Read 1:       853,609 bp
  Read 2:     3,710,329 bp
Total written (filtered):  10,820,194,876 bp (98.9%)
  Read 1: 5,411,250,845 bp
  Read 2: 5,408,944,031 bp

=== First read: Adapter 1 ===

Sequence: AGATCGGAAGAGCACACGTCTGAACTCCAGTCA; Type: regular 3'; Length: 33; Trimmed: 4867656 times

Minimum overlap: 3
No. of allowed errors:
1-9 bp: 0; 10-19 bp: 1; 20-29 bp: 2; 30-33 bp: 3

Bases preceding removed adapters:
  A: 28.2%
  C: 28.3%
  G: 33.9%
  T: 9.6%
  none/other: 0.1%

Overview of removed sequences
length	count	expect	max.err	error counts
3	1296182	846624.5	0	1296182
4	424031	211656.1	0	424031
5	261100	52914.0	0	261100
6	220511	13228.5	0	220511
7	198693	3307.1	0	198693
8	182193	826.8	0	182193
9	162436	206.7	0	160720 1716
10	149210	51.7	1	142548 6662
11	133108	12.9	1	127756 5352
12	123674	3.2	1	118867 4807
13	119520	0.8	1	114750 4770
14	117515	0.2	1	112656 4859
15	118236	0.1	1	112640 5596
16	116409	0.0	1	110644 5765
17	111690	0.0	1	106147 5543
18	101617	0.0	1	96287 5137 193
19	89316	0.0	1	84217 4905 194
20	76940	0.0	2	71962 4353 625
21	66996	0.0	2	62306 4170 520
22	59797	0.0	2	55691 3679 427
23	55459	0.0	2	51315 3639 505
24	53496	0.0	2	49467 3599 430
25	53201	0.0	2	48770 3943 488
26	52814	0.0	2	48491 3927 396
27	51433	0.0	2	47095 3767 515 56
28	47507	0.0	2	43349 3624 460 74
29	42706	0.0	2	38832 3256 462 156
30	36044	0.0	3	32620 2862 378 184
31	31125	0.0	3	27988 2630 368 139
32	26995	0.0	3	24241 2351 291 112
33	23713	0.0	3	21320 2036 256 101
34	21938	0.0	3	19661 1924 263 90
35	20770	0.0	3	18608 1766 294 102
36	20502	0.0	3	18349 1714 326 113
37	20246	0.0	3	18137 1654 316 139
38	19560	0.0	3	17491 1599 346 124
39	18265	0.0	3	16426 1464 257 118
40	16160	0.0	3	14456 1339 245 120
41	14218	0.0	3	12725 1199 214 80
42	11937	0.0	3	10688 996 175 78
43	10525	0.0	3	9432 837 186 70
44	8632	0.0	3	7716 685 172 59
45	7670	0.0	3	6852 636 130 52
46	6837	0.0	3	6111 558 115 53
47	6598	0.0	3	5882 568 98 50
48	6605	0.0	3	5921 524 94 66
49	6449	0.0	3	5767 530 109 43
50	6072	0.0	3	5392 513 114 53
51	5254	0.0	3	4696 446 75 37
52	4128	0.0	3	3685 318 78 47
53	3464	0.0	3	3076 289 56 43
54	2898	0.0	3	2539 269 51 39
55	2397	0.0	3	2098 211 54 34
56	2026	0.0	3	1744 191 67 24
57	1964	0.0	3	1689 189 46 40
58	1842	0.0	3	1609 160 47 26
59	1951	0.0	3	1692 195 38 26
60	1769	0.0	3	1530 158 49 32
61	1512	0.0	3	1307 137 37 31
62	1227	0.0	3	1020 130 48 29
63	933	0.0	3	788 93 35 17
64	765	0.0	3	624 90 35 16
65	594	0.0	3	480 80 23 11
66	564	0.0	3	438 70 29 27
67	487	0.0	3	371 67 28 21
68	495	0.0	3	375 66 31 23
69	449	0.0	3	338 59 27 25
70	362	0.0	3	280 44 22 16
71	343	0.0	3	254 54 15 20
72	280	0.0	3	203 39 16 22
73	233	0.0	3	154 43 17 19
74	238	0.0	3	156 41 29 12
75	196	0.0	3	141 25 14 16
76	177	0.0	3	116 24 18 19
77	162	0.0	3	105 29 12 16
78	155	0.0	3	103 28 16 8
79	126	0.0	3	101 17 3 5
80	86	0.0	3	72 6 7 1
81	129	0.0	3	103 18 4 4
82	65	0.0	3	51 11 2 1
83	105	0.0	3	95 10
84	56	0.0	3	52 4
85	51	0.0	3	47 3 0 1
86	33	0.0	3	30 1 1 1
87	28	0.0	3	26 2
88	21	0.0	3	20 1
89	19	0.0	3	14 3 2
90	14	0.0	3	13 1
91	5	0.0	3	5
92	2	0.0	3	1 0 1
93	6	0.0	3	2 1 2 1
94	3	0.0	3	1 1 1
95	1	0.0	3	0 1
96	1	0.0	3	1
98	3	0.0	3	2 1
99	6	0.0	3	5 0 0 1
100	39	0.0	3	4 24 5 6
101	3341	0.0	3	2971 305 48 17


=== Second read: Adapter 2 ===

Sequence: AGATCGGAAGAGCGTCGTGTAGGGAAAGAGTGT; Type: regular 3'; Length: 33; Trimmed: 4637713 times

Minimum overlap: 3
No. of allowed errors:
1-9 bp: 0; 10-19 bp: 1; 20-29 bp: 2; 30-33 bp: 3

Bases preceding removed adapters:
  A: 20.8%
  C: 28.3%
  G: 30.9%
  T: 19.9%
  none/other: 0.1%

Overview of removed sequences
length	count	expect	max.err	error counts
3	1075886	846624.5	0	1075886
4	404200	211656.1	0	404200
5	252160	52914.0	0	252160
6	215229	13228.5	0	215229
7	199232	3307.1	0	199232
8	183080	826.8	0	183080
9	162895	206.7	0	161275 1620
10	149904	51.7	1	143091 6813
11	133730	12.9	1	128362 5368
12	124258	3.2	1	119476 4782
13	119999	0.8	1	114860 5139
14	118085	0.2	1	112885 5200
15	118184	0.1	1	111715 6469
16	116272	0.0	1	110290 5982
17	111629	0.0	1	105730 5899
18	101222	0.0	1	94978 5970 274
19	89216	0.0	1	83864 5113 239
20	77059	0.0	2	71634 4326 1099
21	67209	0.0	2	62170 4249 790
22	60008	0.0	2	55558 3754 696
23	55642	0.0	2	51358 3538 746
24	53755	0.0	2	49624 3485 646
25	53355	0.0	2	49021 3660 674
26	52958	0.0	2	48556 3629 773
27	51572	0.0	2	47002 3642 910 18
28	47549	0.0	2	43214 3361 905 69
29	42794	0.0	2	38796 3346 604 48
30	36342	0.0	3	32586 2834 598 324
31	31414	0.0	3	27655 2860 593 306
32	27330	0.0	3	24230 2428 413 259
33	23967	0.0	3	21237 2106 407 217
34	22288	0.0	3	19760 1962 376 190
35	21129	0.0	3	18672 1792 401 264
36	20894	0.0	3	18514 1744 398 238
37	20538	0.0	3	18216 1732 351 239
38	19929	0.0	3	17640 1710 344 235
39	18603	0.0	3	16496 1573 319 215
40	16538	0.0	3	14652 1383 310 193
41	14616	0.0	3	12931 1231 267 187
42	12350	0.0	3	10806 1102 277 165
43	10941	0.0	3	9565 939 266 171
44	9045	0.0	3	7828 857 212 148
45	8123	0.0	3	7036 721 187 179
46	7243	0.0	3	6228 673 194 148
47	7023	0.0	3	6067 643 164 149
48	7007	0.0	3	6047 630 196 134
49	6853	0.0	3	5902 648 153 150
50	6491	0.0	3	5569 594 176 152
51	5660	0.0	3	4844 522 164 130
52	4582	0.0	3	3827 444 158 153
53	3877	0.0	3	3183 408 144 142
54	3265	0.0	3	2692 317 139 117
55	2813	0.0	3	2256 343 114 100
56	2438	0.0	3	1916 282 126 114
57	2388	0.0	3	1889 259 118 122
58	2269	0.0	3	1770 267 93 139
59	2353	0.0	3	1869 259 127 98
60	2185	0.0	3	1706 247 124 108
61	1939	0.0	3	1493 220 110 116
62	1640	0.0	3	1216 194 121 109
63	1330	0.0	3	977 182 82 89
64	1142	0.0	3	772 171 96 103
65	988	0.0	3	644 141 96 107
66	934	0.0	3	574 159 99 102
67	869	0.0	3	546 137 92 94
68	880	0.0	3	535 152 88 105
69	790	0.0	3	507 120 88 75
70	708	0.0	3	428 120 87 73
71	654	0.0	3	406 95 77 76
72	596	0.0	3	324 122 77 73
73	561	0.0	3	321 103 72 65
74	558	0.0	3	298 95 76 89
75	476	0.0	3	265 89 57 65
76	462	0.0	3	231 82 72 77
77	392	0.0	3	220 68 60 44
78	364	0.0	3	195 81 40 48
79	272	0.0	3	154 50 37 31
80	204	0.0	3	116 31 33 24
81	224	0.0	3	120 42 33 29
82	155	0.0	3	83 27 20 25
83	147	0.0	3	82 21 12 32
84	119	0.0	3	62 20 22 15
85	112	0.0	3	65 21 11 15
86	51	0.0	3	32 2 10 7
87	67	0.0	3	34 9 10 14
88	43	0.0	3	26 5 6 6
89	40	0.0	3	17 7 5 11
90	31	0.0	3	14 10 1 6
91	15	0.0	3	4 4 5 2
92	14	0.0	3	6 1 2 5
93	7	0.0	3	1 3 2 1
94	5	0.0	3	3 0 1 1
95	5	0.0	3	0 2 1 2
96	6	0.0	3	1 0 2 3
97	2	0.0	3	1 0 0 1
98	3	0.0	3	1 0 1 1
99	9	0.0	3	1 3 0 5
100	95	0.0	3	3 71 12 9
101	3228	0.0	3	2878 308 32 10
