This is cutadapt 3.5 with Python 3.6.8
Command line parameters: -o /home/lspencer/2022-redking-OA/trimmed/Tank_2_Crab_2.trimmed.R1.v1.fastq.gz -p /home/lspencer/2022-redking-OA/trimmed/Tank_2_Crab_2.trimmed.R2.v1.fastq.gz -a AGATCGGAAGAGCACACGTCTGAACTCCAGTCA -A AGATCGGAAGAGCGTCGTGTAGGGAAAGAGTGT -q 15,10 -m 50 --trim-n --cores=8 /share/nwfsc/ggoetz/red_king_crab/illumina/Tank_2_Crab_2_R1.fastq.gz /share/nwfsc/ggoetz/red_king_crab/illumina/Tank_2_Crab_2_R2.fastq.gz
Processing reads on 8 cores in paired-end mode ...
Finished in 497.08 s (8 us/read; 7.86 M reads/minute).

=== Summary ===

Total read pairs processed:         65,101,447
  Read 1 with adapter:               7,991,780 (12.3%)
  Read 2 with adapter:               7,659,643 (11.8%)

== Read fate breakdown ==
Pairs that were too short:              67,519 (0.1%)
Pairs written (passing filters):    65,033,928 (99.9%)

Total basepairs processed: 13,150,492,294 bp
  Read 1: 6,575,246,147 bp
  Read 2: 6,575,246,147 bp
Quality-trimmed:               5,128,792 bp (0.0%)
  Read 1:       940,545 bp
  Read 2:     4,188,247 bp
Total written (filtered):  12,931,986,643 bp (98.3%)
  Read 1: 6,467,028,434 bp
  Read 2: 6,464,958,209 bp

=== First read: Adapter 1 ===

Sequence: AGATCGGAAGAGCACACGTCTGAACTCCAGTCA; Type: regular 3'; Length: 33; Trimmed: 7991780 times

Minimum overlap: 3
No. of allowed errors:
1-9 bp: 0; 10-19 bp: 1; 20-29 bp: 2; 30-33 bp: 3

Bases preceding removed adapters:
  A: 27.0%
  C: 35.0%
  G: 30.2%
  T: 7.8%
  none/other: 0.1%

Overview of removed sequences
length	count	expect	max.err	error counts
3	1648572	1017210.1	0	1648572
4	602047	254302.5	0	602047
5	437814	63575.6	0	437814
6	374812	15893.9	0	374812
7	334764	3973.5	0	334764
8	306243	993.4	0	306243
9	277092	248.3	0	274769 2323
10	259388	62.1	1	249195 10193
11	241990	15.5	1	232627 9363
12	232655	3.9	1	224050 8605
13	230742	1.0	1	221769 8973
14	232597	0.2	1	222974 9623
15	231484	0.1	1	221049 10435
16	224811	0.0	1	214063 10748
17	210167	0.0	1	200074 10093
18	188995	0.0	1	179537 9134 324
19	165224	0.0	1	156322 8585 317
20	145915	0.0	2	137070 7912 933
21	127807	0.0	2	119740 7119 948
22	117800	0.0	2	110144 6891 765
23	111804	0.0	2	104001 6897 906
24	110872	0.0	2	102987 7103 782
25	109169	0.0	2	100911 7364 894
26	107244	0.0	2	98743 7671 830
27	100430	0.0	2	92590 6874 881 85
28	91118	0.0	2	83757 6409 783 169
29	79489	0.0	2	72715 5682 789 303
30	67897	0.0	3	61813 5146 620 318
31	56839	0.0	3	51572 4527 570 170
32	50409	0.0	3	45765 4008 467 169
33	45300	0.0	3	40881 3822 449 148
34	41546	0.0	3	37788 3255 384 119
35	40588	0.0	3	36837 3211 379 161
36	39545	0.0	3	35789 3202 424 130
37	38761	0.0	3	35174 3079 366 142
38	36171	0.0	3	32700 2962 354 155
39	32755	0.0	3	29802 2525 311 117
40	28781	0.0	3	26156 2265 255 105
41	24294	0.0	3	22023 1953 235 83
42	20686	0.0	3	18827 1577 186 96
43	17820	0.0	3	16144 1444 166 66
44	14891	0.0	3	13428 1224 160 79
45	13155	0.0	3	11990 971 129 65
46	12048	0.0	3	10925 944 119 60
47	11749	0.0	3	10686 903 114 46
48	11509	0.0	3	10438 900 124 47
49	10999	0.0	3	10085 797 71 46
50	10058	0.0	3	9162 763 91 42
51	8253	0.0	3	7457 688 67 41
52	7186	0.0	3	6526 541 80 39
53	5744	0.0	3	5225 429 70 20
54	4601	0.0	3	4193 338 51 19
55	3795	0.0	3	3454 269 55 17
56	3448	0.0	3	3087 279 48 34
57	3282	0.0	3	2952 282 31 17
58	3252	0.0	3	2940 255 42 15
59	3459	0.0	3	3157 237 41 24
60	3148	0.0	3	2839 251 35 23
61	2501	0.0	3	2234 207 38 22
62	2028	0.0	3	1821 146 35 26
63	1532	0.0	3	1337 152 31 12
64	1113	0.0	3	977 90 25 21
65	969	0.0	3	839 98 22 10
66	808	0.0	3	705 59 28 16
67	753	0.0	3	644 65 28 16
68	729	0.0	3	626 69 17 17
69	659	0.0	3	564 60 20 15
70	566	0.0	3	467 60 24 15
71	395	0.0	3	326 34 16 19
72	324	0.0	3	249 44 18 13
73	237	0.0	3	194 17 11 15
74	207	0.0	3	152 28 13 14
75	168	0.0	3	122 26 15 5
76	128	0.0	3	88 19 12 9
77	110	0.0	3	75 20 7 8
78	129	0.0	3	94 24 5 6
79	89	0.0	3	65 12 8 4
80	84	0.0	3	68 10 6
81	106	0.0	3	80 17 5 4
82	56	0.0	3	53 3
83	52	0.0	3	40 8 2 2
84	39	0.0	3	33 2 4
85	42	0.0	3	34 8
86	27	0.0	3	21 6
87	33	0.0	3	30 2 1
88	18	0.0	3	15 2 0 1
89	11	0.0	3	10 1
90	13	0.0	3	10 2 0 1
91	4	0.0	3	4
92	4	0.0	3	2 1 1
93	2	0.0	3	2
94	3	0.0	3	2 0 0 1
96	3	0.0	3	1 0 1 1
97	2	0.0	3	1 1
98	1	0.0	3	1
99	3	0.0	3	2 0 0 1
100	71	0.0	3	9 55 7
101	4747	0.0	3	4176 505 48 18


=== Second read: Adapter 2 ===

Sequence: AGATCGGAAGAGCGTCGTGTAGGGAAAGAGTGT; Type: regular 3'; Length: 33; Trimmed: 7659643 times

Minimum overlap: 3
No. of allowed errors:
1-9 bp: 0; 10-19 bp: 1; 20-29 bp: 2; 30-33 bp: 3

Bases preceding removed adapters:
  A: 16.8%
  C: 29.9%
  G: 34.4%
  T: 18.9%
  none/other: 0.1%

Overview of removed sequences
length	count	expect	max.err	error counts
3	1358787	1017210.1	0	1358787
4	576747	254302.5	0	576747
5	415696	63575.6	0	415696
6	363259	15893.9	0	363259
7	335691	3973.5	0	335691
8	308507	993.4	0	308507
9	278142	248.3	0	275799 2343
10	261177	62.1	1	250417 10760
11	243292	15.5	1	233909 9383
12	233791	3.9	1	225162 8629
13	231668	1.0	1	222000 9668
14	233811	0.2	1	223912 9899
15	231740	0.1	1	218659 13081
16	224683	0.0	1	213060 11623
17	210108	0.0	1	199258 10850
18	188008	0.0	1	176028 11558 422
19	164616	0.0	1	155326 8895 395
20	145683	0.0	2	135574 8154 1955
21	127698	0.0	2	118506 7800 1392
22	117627	0.0	2	109064 7377 1186
23	111722	0.0	2	103376 7010 1336
24	110809	0.0	2	102433 7196 1180
25	108962	0.0	2	100375 7373 1214
26	107042	0.0	2	98220 7268 1554
27	100106	0.0	2	91426 7225 1431 24
28	90539	0.0	2	82566 6222 1625 126
29	79193	0.0	2	71977 6079 1059 78
30	67889	0.0	3	60997 5412 986 494
31	56756	0.0	3	50614 4782 908 452
32	50390	0.0	3	45086 4220 698 386
33	45276	0.0	3	40503 3861 623 289
34	41517	0.0	3	37075 3566 557 319
35	40631	0.0	3	36335 3418 556 322
36	39571	0.0	3	35365 3333 569 304
37	38736	0.0	3	34713 3190 534 299
38	36214	0.0	3	32382 2982 555 295
39	32720	0.0	3	29357 2623 486 254
40	28813	0.0	3	25739 2433 416 225
41	24384	0.0	3	21647 2111 404 222
42	20714	0.0	3	18449 1730 365 170
43	17886	0.0	3	15902 1501 322 161
44	15064	0.0	3	13337 1291 287 149
45	13367	0.0	3	11794 1181 241 151
46	12259	0.0	3	10846 1067 214 132
47	11941	0.0	3	10620 998 217 106
48	11719	0.0	3	10282 1090 204 143
49	11235	0.0	3	9922 975 195 143
50	10308	0.0	3	9051 913 215 129
51	8541	0.0	3	7527 728 168 118
52	7414	0.0	3	6560 598 144 112
53	6028	0.0	3	5305 504 129 90
54	4887	0.0	3	4219 470 117 81
55	4078	0.0	3	3502 384 95 97
56	3750	0.0	3	3190 339 129 92
57	3558	0.0	3	3052 321 89 96
58	3556	0.0	3	3021 355 103 77
59	3750	0.0	3	3191 370 103 86
60	3422	0.0	3	2907 347 91 77
61	2808	0.0	3	2328 304 90 86
62	2340	0.0	3	1927 235 90 88
63	1838	0.0	3	1465 212 84 77
64	1420	0.0	3	1093 170 76 81
65	1303	0.0	3	964 162 107 70
66	1090	0.0	3	788 147 80 75
67	1027	0.0	3	738 134 78 77
68	1008	0.0	3	743 123 74 68
69	970	0.0	3	681 151 64 74
70	838	0.0	3	589 110 79 60
71	639	0.0	3	426 93 63 57
72	596	0.0	3	371 114 59 52
73	501	0.0	3	299 87 65 50
74	429	0.0	3	236 104 55 34
75	393	0.0	3	220 77 50 46
76	339	0.0	3	180 67 49 43
77	287	0.0	3	152 52 45 38
78	301	0.0	3	165 59 39 38
79	223	0.0	3	120 47 26 30
80	197	0.0	3	100 41 30 26
81	156	0.0	3	75 30 27 24
82	119	0.0	3	63 25 16 15
83	97	0.0	3	51 14 18 14
84	92	0.0	3	44 18 17 13
85	98	0.0	3	54 20 12 12
86	65	0.0	3	29 15 9 12
87	54	0.0	3	27 12 6 9
88	49	0.0	3	20 6 13 10
89	27	0.0	3	13 5 3 6
90	19	0.0	3	13 1 3 2
91	10	0.0	3	4 2 2 2
92	15	0.0	3	3 4 1 7
93	10	0.0	3	3 3 1 3
94	9	0.0	3	4 1 3 1
95	12	0.0	3	0 2 5 5
96	4	0.0	3	1 0 2 1
97	5	0.0	3	2 1 0 2
98	8	0.0	3	1 2 2 3
99	5	0.0	3	1 1 2 1
100	149	0.0	3	12 110 20 7
101	4615	0.0	3	3977 565 54 19
