This is cutadapt 3.5 with Python 3.6.8
Command line parameters: -o /home/lspencer/2022-redking-OA/trimmed/Tank_13_Crab_2.trimmed.R1.v1.fastq.gz -p /home/lspencer/2022-redking-OA/trimmed/Tank_13_Crab_2.trimmed.R2.v1.fastq.gz -a AGATCGGAAGAGCACACGTCTGAACTCCAGTCA -A AGATCGGAAGAGCGTCGTGTAGGGAAAGAGTGT -q 15,10 -m 50 --trim-n --cores=8 /share/nwfsc/ggoetz/red_king_crab/illumina/Tank_13_Crab_2_R1.fastq.gz /share/nwfsc/ggoetz/red_king_crab/illumina/Tank_13_Crab_2_R2.fastq.gz
Processing reads on 8 cores in paired-end mode ...
Finished in 602.87 s (8 us/read; 7.83 M reads/minute).

=== Summary ===

Total read pairs processed:         78,643,541
  Read 1 with adapter:               6,454,853 (8.2%)
  Read 2 with adapter:               6,154,748 (7.8%)

== Read fate breakdown ==
Pairs that were too short:              67,856 (0.1%)
Pairs written (passing filters):    78,575,685 (99.9%)

Total basepairs processed: 15,885,995,282 bp
  Read 1: 7,942,997,641 bp
  Read 2: 7,942,997,641 bp
Quality-trimmed:               7,367,241 bp (0.0%)
  Read 1:     1,306,582 bp
  Read 2:     6,060,659 bp
Total written (filtered):  15,721,102,057 bp (99.0%)
  Read 1: 7,862,526,758 bp
  Read 2: 7,858,575,299 bp

=== First read: Adapter 1 ===

Sequence: AGATCGGAAGAGCACACGTCTGAACTCCAGTCA; Type: regular 3'; Length: 33; Trimmed: 6454853 times

Minimum overlap: 3
No. of allowed errors:
1-9 bp: 0; 10-19 bp: 1; 20-29 bp: 2; 30-33 bp: 3

Bases preceding removed adapters:
  A: 28.0%
  C: 27.4%
  G: 33.8%
  T: 10.7%
  none/other: 0.1%

Overview of removed sequences
length	count	expect	max.err	error counts
3	1832303	1228805.3	0	1832303
4	580605	307201.3	0	580605
5	331599	76800.3	0	331599
6	272256	19200.1	0	272256
7	246153	4800.0	0	246153
8	227481	1200.0	0	227481
9	209641	300.0	0	207187 2454
10	195771	75.0	1	187429 8342
11	179253	18.8	1	172354 6899
12	166451	4.7	1	160220 6231
13	157695	1.2	1	151463 6232
14	151773	0.3	1	145636 6137
15	146519	0.1	1	140112 6407
16	142803	0.0	1	136300 6503
17	136628	0.0	1	130158 6470
18	126970	0.0	1	120586 6142 242
19	113954	0.0	1	107987 5737 230
20	102650	0.0	2	96562 5405 683
21	90232	0.0	2	84363 5144 725
22	81570	0.0	2	76170 4832 568
23	75400	0.0	2	70278 4515 607
24	72294	0.0	2	67265 4487 542
25	69173	0.0	2	63980 4579 614
26	66674	0.0	2	61599 4523 552
27	64018	0.0	2	59195 4213 575 35
28	60073	0.0	2	55395 4087 506 85
29	53575	0.0	2	49057 3795 517 206
30	48149	0.0	3	43925 3476 491 257
31	41290	0.0	3	37464 3198 448 180
32	37137	0.0	3	33624 2964 403 146
33	32818	0.0	3	29685 2616 363 154
34	29804	0.0	3	26960 2403 308 133
35	28246	0.0	3	25610 2190 318 128
36	27032	0.0	3	24531 2051 302 148
37	25907	0.0	3	23469 2002 280 156
38	24437	0.0	3	22118 1873 303 143
39	22222	0.0	3	20116 1709 257 140
40	19333	0.0	3	17555 1422 236 120
41	17672	0.0	3	16021 1352 196 103
42	15389	0.0	3	13879 1203 210 97
43	13483	0.0	3	12189 1048 169 77
44	11709	0.0	3	10558 923 146 82
45	10688	0.0	3	9624 859 131 74
46	9675	0.0	3	8730 752 125 68
47	8732	0.0	3	7852 694 107 79
48	8561	0.0	3	7720 655 111 75
49	8005	0.0	3	7240 598 105 62
50	7275	0.0	3	6575 544 95 61
51	6349	0.0	3	5660 522 114 53
52	5343	0.0	3	4798 416 73 56
53	4623	0.0	3	4112 384 82 45
54	4022	0.0	3	3575 319 91 37
55	3305	0.0	3	2950 247 74 34
56	2866	0.0	3	2496 259 70 41
57	2630	0.0	3	2327 220 55 28
58	2475	0.0	3	2162 203 65 45
59	2330	0.0	3	2055 198 50 27
60	2154	0.0	3	1882 193 39 40
61	1836	0.0	3	1584 172 54 26
62	1446	0.0	3	1225 148 41 32
63	1216	0.0	3	1025 123 40 28
64	967	0.0	3	788 113 35 31
65	795	0.0	3	630 88 41 36
66	762	0.0	3	611 87 31 33
67	655	0.0	3	526 77 26 26
68	583	0.0	3	442 74 43 24
69	546	0.0	3	409 74 31 32
70	484	0.0	3	370 62 30 22
71	416	0.0	3	318 52 18 28
72	348	0.0	3	243 56 30 19
73	315	0.0	3	248 37 20 10
74	313	0.0	3	214 50 26 23
75	248	0.0	3	165 38 26 19
76	222	0.0	3	146 36 17 23
77	168	0.0	3	119 25 17 7
78	174	0.0	3	122 30 9 13
79	156	0.0	3	113 23 13 7
80	151	0.0	3	110 29 5 7
81	760	0.0	3	557 151 38 14
82	105	0.0	3	88 14 2 1
83	110	0.0	3	90 17 1 2
84	93	0.0	3	81 6 5 1
85	114	0.0	3	96 14 3 1
86	45	0.0	3	38 6 1
87	33	0.0	3	31 2
88	35	0.0	3	30 4 1
89	38	0.0	3	34 3 1
90	22	0.0	3	20 1 0 1
91	10	0.0	3	10
92	10	0.0	3	8 2
94	4	0.0	3	3 0 0 1
95	2	0.0	3	1 0 0 1
96	2	0.0	3	1 0 0 1
97	2	0.0	3	2
98	2	0.0	3	2
99	11	0.0	3	9 0 1 1
100	66	0.0	3	5 29 27 5
101	4413	0.0	3	1948 2133 301 31


=== Second read: Adapter 2 ===

Sequence: AGATCGGAAGAGCGTCGTGTAGGGAAAGAGTGT; Type: regular 3'; Length: 33; Trimmed: 6154748 times

Minimum overlap: 3
No. of allowed errors:
1-9 bp: 0; 10-19 bp: 1; 20-29 bp: 2; 30-33 bp: 3

Bases preceding removed adapters:
  A: 22.4%
  C: 28.3%
  G: 30.4%
  T: 18.8%
  none/other: 0.1%

Overview of removed sequences
length	count	expect	max.err	error counts
3	1549238	1228805.3	0	1549238
4	557716	307201.3	0	557716
5	316390	76800.3	0	316390
6	264901	19200.1	0	264901
7	245800	4800.0	0	245800
8	227980	1200.0	0	227980
9	209262	300.0	0	206896 2366
10	196949	75.0	1	187473 9476
11	179853	18.8	1	172282 7571
12	166882	4.7	1	160123 6759
13	157787	1.2	1	150825 6962
14	152026	0.3	1	145301 6725
15	146281	0.1	1	138020 8261
16	142479	0.0	1	134931 7548
17	136362	0.0	1	128987 7375
18	126038	0.0	1	118550 7114 374
19	113455	0.0	1	106963 6152 340
20	102680	0.0	2	95298 5805 1577
21	90270	0.0	2	83580 5524 1166
22	81793	0.0	2	75808 4920 1065
23	75591	0.0	2	69873 4624 1094
24	72415	0.0	2	66746 4670 999
25	69255	0.0	2	63603 4691 961
26	66717	0.0	2	61310 4380 1027
27	64067	0.0	2	58490 4440 1119 18
28	59852	0.0	2	54558 4054 1129 111
29	53728	0.0	2	48787 3968 879 94
30	48600	0.0	3	43743 3517 813 527
31	41652	0.0	3	36931 3429 854 438
32	37567	0.0	3	33313 3220 622 412
33	33218	0.0	3	29496 2804 569 349
34	30167	0.0	3	26820 2499 527 321
35	28590	0.0	3	25447 2256 501 386
36	27455	0.0	3	24376 1996 493 590
37	26359	0.0	3	23381 1880 446 652
38	24930	0.0	3	21979 1863 450 638
39	22783	0.0	3	20179 1659 425 520
40	19911	0.0	3	17655 1404 384 468
41	18234	0.0	3	16062 1370 328 474
42	15959	0.0	3	13990 1213 329 427
43	14145	0.0	3	12367 1035 332 411
44	12320	0.0	3	10796 902 284 338
45	11355	0.0	3	9828 882 279 366
46	10317	0.0	3	8890 842 271 314
47	9346	0.0	3	8062 753 245 286
48	9231	0.0	3	7912 711 261 347
49	8650	0.0	3	7413 707 252 278
50	7911	0.0	3	6721 668 244 278
51	7072	0.0	3	5968 564 240 300
52	5982	0.0	3	4995 523 216 248
53	5254	0.0	3	4346 468 197 243
54	4654	0.0	3	3826 422 208 198
55	3970	0.0	3	3217 351 167 235
56	3512	0.0	3	2781 368 175 188
57	3252	0.0	3	2576 317 161 198
58	3108	0.0	3	2399 331 177 201
59	2982	0.0	3	2309 320 153 200
60	2764	0.0	3	2164 284 148 168
61	2425	0.0	3	1868 262 135 160
62	2125	0.0	3	1513 261 177 174
63	1777	0.0	3	1260 198 136 183
64	1558	0.0	3	1055 191 155 157
65	1428	0.0	3	942 187 155 144
66	1371	0.0	3	886 198 142 145
67	1241	0.0	3	829 150 138 124
68	1101	0.0	3	704 152 102 143
69	1128	0.0	3	693 189 126 120
70	1047	0.0	3	635 166 113 133
71	952	0.0	3	593 143 106 110
72	843	0.0	3	499 138 106 100
73	778	0.0	3	454 143 80 101
74	790	0.0	3	439 144 95 112
75	702	0.0	3	393 113 91 105
76	614	0.0	3	349 96 85 84
77	534	0.0	3	286 92 78 78
78	463	0.0	3	264 73 59 67
79	404	0.0	3	229 67 37 71
80	339	0.0	3	193 48 39 59
81	704	0.0	3	257 155 146 146
82	211	0.0	3	102 25 36 48
83	197	0.0	3	98 29 27 43
84	188	0.0	3	98 29 32 29
85	177	0.0	3	78 40 23 36
86	90	0.0	3	49 11 11 19
87	82	0.0	3	33 14 15 20
88	88	0.0	3	42 13 12 21
89	64	0.0	3	39 10 8 7
90	44	0.0	3	22 5 9 8
91	20	0.0	3	10 5 3 2
92	18	0.0	3	12 2 1 3
93	6	0.0	3	0 1 1 4
94	13	0.0	3	5 0 5 3
95	8	0.0	3	1 2 1 4
96	7	0.0	3	2 0 3 2
97	6	0.0	3	1 0 1 4
98	10	0.0	3	3 1 2 4
99	17	0.0	3	3 1 4 9
100	189	0.0	3	2 97 73 17
101	3972	0.0	3	1798 1973 155 46
