This is cutadapt 3.5 with Python 3.6.8
Command line parameters: -o /home/lspencer/2022-redking-OA/trimmed/Tank_15_Crab_2.trimmed.R1.v1.fastq.gz -p /home/lspencer/2022-redking-OA/trimmed/Tank_15_Crab_2.trimmed.R2.v1.fastq.gz -a AGATCGGAAGAGCACACGTCTGAACTCCAGTCA -A AGATCGGAAGAGCGTCGTGTAGGGAAAGAGTGT -q 15,10 -m 50 --trim-n --cores=8 /share/nwfsc/ggoetz/red_king_crab/illumina/Tank_15_Crab_2_R1.fastq.gz /share/nwfsc/ggoetz/red_king_crab/illumina/Tank_15_Crab_2_R2.fastq.gz
Processing reads on 8 cores in paired-end mode ...
Finished in 395.85 s (8 us/read; 7.82 M reads/minute).

=== Summary ===

Total read pairs processed:         51,615,699
  Read 1 with adapter:               4,378,936 (8.5%)
  Read 2 with adapter:               4,140,957 (8.0%)

== Read fate breakdown ==
Pairs that were too short:              50,326 (0.1%)
Pairs written (passing filters):    51,565,373 (99.9%)

Total basepairs processed: 10,426,371,198 bp
  Read 1: 5,213,185,599 bp
  Read 2: 5,213,185,599 bp
Quality-trimmed:               4,590,134 bp (0.0%)
  Read 1:       933,603 bp
  Read 2:     3,656,531 bp
Total written (filtered):  10,313,161,001 bp (98.9%)
  Read 1: 5,157,557,856 bp
  Read 2: 5,155,603,145 bp

=== First read: Adapter 1 ===

Sequence: AGATCGGAAGAGCACACGTCTGAACTCCAGTCA; Type: regular 3'; Length: 33; Trimmed: 4378936 times

Minimum overlap: 3
No. of allowed errors:
1-9 bp: 0; 10-19 bp: 1; 20-29 bp: 2; 30-33 bp: 3

Bases preceding removed adapters:
  A: 28.2%
  C: 28.0%
  G: 33.1%
  T: 10.6%
  none/other: 0.2%

Overview of removed sequences
length	count	expect	max.err	error counts
3	1209885	806495.3	0	1209885
4	390680	201623.8	0	390680
5	225651	50406.0	0	225651
6	185647	12601.5	0	185647
7	167220	3150.4	0	167220
8	154548	787.6	0	154548
9	142513	196.9	0	140783 1730
10	133443	49.2	1	127368 6075
11	122075	12.3	1	116965 5110
12	114207	3.1	1	109524 4683
13	108251	0.8	1	103566 4685
14	105265	0.2	1	100600 4665
15	101924	0.0	1	96996 4928
16	98832	0.0	1	93869 4963
17	94341	0.0	1	89189 5152
18	87156	0.0	1	82353 4597 206
19	78713	0.0	1	74019 4493 201
20	70192	0.0	2	65544 4148 500
21	62138	0.0	2	57736 3862 540
22	56266	0.0	2	52283 3575 408
23	52339	0.0	2	48326 3532 481
24	49556	0.0	2	45552 3561 443
25	48077	0.0	2	43839 3733 505
26	46386	0.0	2	42202 3727 457
27	44359	0.0	2	40381 3463 479 36
28	41312	0.0	2	37402 3424 420 66
29	36635	0.0	2	32979 3067 442 147
30	32609	0.0	3	29397 2656 384 172
31	28387	0.0	3	25513 2411 338 125
32	24895	0.0	3	22243 2281 271 100
33	22566	0.0	3	20083 2097 291 95
34	20642	0.0	3	18448 1855 238 101
35	19188	0.0	3	17180 1674 259 75
36	18727	0.0	3	16752 1555 272 148
37	17905	0.0	3	15964 1514 250 177
38	17032	0.0	3	15133 1451 262 186
39	15545	0.0	3	13867 1316 212 150
40	13846	0.0	3	12362 1153 194 137
41	12373	0.0	3	11021 1031 184 137
42	10856	0.0	3	9630 983 132 111
43	9307	0.0	3	8342 752 122 91
44	8119	0.0	3	7224 698 116 81
45	7198	0.0	3	6447 586 96 69
46	6717	0.0	3	5972 571 110 64
47	6412	0.0	3	5734 501 102 75
48	6110	0.0	3	5435 541 69 65
49	5709	0.0	3	5082 490 76 61
50	5162	0.0	3	4614 418 85 45
51	4384	0.0	3	3903 381 47 53
52	3869	0.0	3	3398 367 49 55
53	3293	0.0	3	2928 271 61 33
54	2832	0.0	3	2495 252 43 42
55	2429	0.0	3	2141 202 55 31
56	2061	0.0	3	1836 166 40 19
57	2029	0.0	3	1772 185 44 28
58	1846	0.0	3	1619 160 37 30
59	1742	0.0	3	1546 132 40 24
60	1669	0.0	3	1436 165 35 33
61	1329	0.0	3	1158 113 28 30
62	1078	0.0	3	933 102 19 24
63	850	0.0	3	715 96 22 17
64	693	0.0	3	585 72 18 18
65	646	0.0	3	553 62 18 13
66	495	0.0	3	396 57 25 17
67	491	0.0	3	399 61 16 15
68	426	0.0	3	319 71 18 18
69	386	0.0	3	310 40 18 18
70	342	0.0	3	251 49 21 21
71	248	0.0	3	198 28 13 9
72	225	0.0	3	166 35 14 10
73	164	0.0	3	122 18 11 13
74	165	0.0	3	111 24 12 18
75	147	0.0	3	103 19 17 8
76	157	0.0	3	107 24 12 14
77	103	0.0	3	69 15 10 9
78	106	0.0	3	75 14 8 9
79	80	0.0	3	57 18 1 4
80	78	0.0	3	58 14 2 4
81	102	0.0	3	78 14 5 5
82	55	0.0	3	48 6 0 1
83	42	0.0	3	32 7 1 2
84	31	0.0	3	20 9 1 1
85	39	0.0	3	32 5 2
86	25	0.0	3	19 5 1
87	21	0.0	3	18 2 0 1
88	26	0.0	3	19 7
89	27	0.0	3	23 4
90	17	0.0	3	14 2 1
91	11	0.0	3	7 3 0 1
92	20	0.0	3	18 1 1
93	4	0.0	3	4
96	1	0.0	3	0 1
97	4	0.0	3	4
98	2	0.0	3	2
99	7	0.0	3	3 2 1 1
100	58	0.0	3	0 14 41 3
101	7165	0.0	3	1842 4893 385 45


=== Second read: Adapter 2 ===

Sequence: AGATCGGAAGAGCGTCGTGTAGGGAAAGAGTGT; Type: regular 3'; Length: 33; Trimmed: 4140957 times

Minimum overlap: 3
No. of allowed errors:
1-9 bp: 0; 10-19 bp: 1; 20-29 bp: 2; 30-33 bp: 3

Bases preceding removed adapters:
  A: 21.9%
  C: 28.6%
  G: 30.5%
  T: 18.8%
  none/other: 0.2%

Overview of removed sequences
length	count	expect	max.err	error counts
3	995278	806495.3	0	995278
4	369440	201623.8	0	369440
5	214551	50406.0	0	214551
6	180257	12601.5	0	180257
7	166554	3150.4	0	166554
8	155074	787.6	0	155074
9	142103	196.9	0	140571 1532
10	133595	49.2	1	127193 6402
11	122095	12.3	1	116627 5468
12	114376	3.1	1	109434 4942
13	108202	0.8	1	103008 5194
14	105420	0.2	1	100295 5125
15	101771	0.0	1	95725 6046
16	98532	0.0	1	92681 5851
17	94100	0.0	1	88549 5551
18	86538	0.0	1	80869 5272 397
19	78356	0.0	1	73118 4977 261
20	70065	0.0	2	64775 4421 869
21	62213	0.0	2	57253 4224 736
22	56311	0.0	2	51678 3887 746
23	52398	0.0	2	48067 3615 716
24	49626	0.0	2	45536 3489 601
25	48129	0.0	2	43963 3545 621
26	46370	0.0	2	42177 3441 752
27	44333	0.0	2	40334 3237 743 19
28	41243	0.0	2	37345 3087 728 83
29	36659	0.0	2	33046 3016 541 56
30	32821	0.0	3	29282 2655 613 271
31	28557	0.0	3	25298 2514 504 241
32	25148	0.0	3	22369 2199 386 194
33	22807	0.0	3	20097 2156 345 209
34	20912	0.0	3	18491 1883 317 221
35	19433	0.0	3	17130 1711 358 234
36	18946	0.0	3	16797 1633 290 226
37	18135	0.0	3	16063 1532 318 222
38	17333	0.0	3	15309 1515 318 191
39	15823	0.0	3	13921 1411 287 204
40	14195	0.0	3	12445 1304 290 156
41	12691	0.0	3	11206 1114 199 172
42	11164	0.0	3	9801 989 216 158
43	9680	0.0	3	8444 883 215 138
44	8444	0.0	3	7375 763 170 136
45	7621	0.0	3	6619 678 191 133
46	7097	0.0	3	6154 655 176 112
47	6755	0.0	3	5815 657 168 115
48	6483	0.0	3	5604 626 135 118
49	6077	0.0	3	5256 569 142 110
50	5533	0.0	3	4773 482 158 120
51	4772	0.0	3	4080 459 129 104
52	4254	0.0	3	3589 429 120 116
53	3688	0.0	3	3097 381 99 111
54	3234	0.0	3	2652 340 132 110
55	2820	0.0	3	2317 284 114 105
56	2413	0.0	3	1962 258 93 100
57	2407	0.0	3	1951 251 103 102
58	2197	0.0	3	1756 243 112 86
59	2097	0.0	3	1713 208 83 93
60	2033	0.0	3	1614 223 88 108
61	1667	0.0	3	1295 199 95 78
62	1454	0.0	3	1094 199 80 81
63	1188	0.0	3	859 160 91 78
64	1031	0.0	3	732 158 82 59
65	1014	0.0	3	700 129 95 90
66	805	0.0	3	545 128 66 66
67	833	0.0	3	554 127 70 82
68	743	0.0	3	485 113 76 69
69	695	0.0	3	438 120 72 65
70	655	0.0	3	413 96 70 76
71	560	0.0	3	323 92 70 75
72	554	0.0	3	308 101 74 71
73	473	0.0	3	248 102 51 72
74	452	0.0	3	250 83 62 57
75	394	0.0	3	236 71 46 41
76	399	0.0	3	229 80 43 47
77	299	0.0	3	161 60 34 44
78	284	0.0	3	156 35 54 39
79	227	0.0	3	114 55 28 30
80	197	0.0	3	110 29 28 30
81	188	0.0	3	108 31 20 29
82	132	0.0	3	75 27 17 13
83	116	0.0	3	63 10 15 28
84	82	0.0	3	45 11 13 13
85	86	0.0	3	46 13 18 9
86	65	0.0	3	31 11 11 12
87	58	0.0	3	29 9 10 10
88	44	0.0	3	29 4 7 4
89	57	0.0	3	30 9 8 10
90	37	0.0	3	24 6 3 4
91	16	0.0	3	9 3 3 1
92	30	0.0	3	13 8 5 4
93	9	0.0	3	5 1 0 3
94	4	0.0	3	0 1 1 2
95	3	0.0	3	0 1 1 1
96	7	0.0	3	1 3 2 1
97	7	0.0	3	2 0 3 2
98	12	0.0	3	1 3 2 6
99	7	0.0	3	2 0 0 5
100	181	0.0	3	0 55 113 13
101	6733	0.0	3	1727 4663 302 41
