This is cutadapt 3.5 with Python 3.6.8
Command line parameters: -o /home/lspencer/2022-redking-OA/trimmed/Tank_16_Crab_2.trimmed.R1.v2.fastq.gz -p /home/lspencer/2022-redking-OA/trimmed/Tank_16_Crab_2.trimmed.R2.v2.fastq.gz -a AGATCGGAAGAGCACACGTCTGAACTCCAGTCA -A AGATCGGAAGAGCGTCGTGTAGGGAAAGAGTGT -q 20,15 -m 50 --trim-n --cores=8 /share/nwfsc/ggoetz/red_king_crab/illumina/Tank_16_Crab_2_R1.fastq.gz /share/nwfsc/ggoetz/red_king_crab/illumina/Tank_16_Crab_2_R2.fastq.gz
Processing reads on 8 cores in paired-end mode ...
Finished in 428.39 s (8 us/read; 7.86 M reads/minute).

=== Summary ===

Total read pairs processed:         56,099,717
  Read 1 with adapter:               4,057,598 (7.2%)
  Read 2 with adapter:               3,847,136 (6.9%)

== Read fate breakdown ==
Pairs that were too short:              94,788 (0.2%)
Pairs written (passing filters):    56,004,929 (99.8%)

Total basepairs processed: 11,332,142,834 bp
  Read 1: 5,666,071,417 bp
  Read 2: 5,666,071,417 bp
Quality-trimmed:              21,944,063 bp (0.2%)
  Read 1:     4,959,419 bp
  Read 2:    16,984,644 bp
Total written (filtered):  11,208,599,703 bp (98.9%)
  Read 1: 5,607,923,971 bp
  Read 2: 5,600,675,732 bp

=== First read: Adapter 1 ===

Sequence: AGATCGGAAGAGCACACGTCTGAACTCCAGTCA; Type: regular 3'; Length: 33; Trimmed: 4057598 times

Minimum overlap: 3
No. of allowed errors:
1-9 bp: 0; 10-19 bp: 1; 20-29 bp: 2; 30-33 bp: 3

Bases preceding removed adapters:
  A: 28.5%
  C: 28.1%
  G: 32.4%
  T: 11.0%
  none/other: 0.1%

Overview of removed sequences
length	count	expect	max.err	error counts
3	1262076	876558.1	0	1262076
4	382775	219139.5	0	382775
5	206457	54784.9	0	206457
6	163278	13696.2	0	163278
7	148755	3424.1	0	148755
8	133309	856.0	0	133309
9	124443	214.0	0	122348 2095
10	116256	53.5	1	110534 5722
11	103873	13.4	1	98956 4917
12	98275	3.3	1	93640 4635
13	94417	0.8	1	89692 4725
14	89195	0.2	1	84822 4373
15	87710	0.1	1	82418 5292
16	83222	0.0	1	78093 5129
17	80947	0.0	1	75391 5556
18	76056	0.0	1	70726 5052 278
19	65445	0.0	1	60703 4417 325
20	60305	0.0	2	55218 4450 637
21	53266	0.0	2	48809 3952 505
22	48390	0.0	2	44069 3832 489
23	44264	0.0	2	40230 3531 503
24	43031	0.0	2	38601 3829 601
25	41666	0.0	2	36964 4071 631
26	39056	0.0	2	34837 3756 463
27	37846	0.0	2	33592 3655 565 34
28	36058	0.0	2	31695 3680 620 63
29	31733	0.0	2	27903 3045 695 90
30	28776	0.0	3	24562 3377 659 178
31	24468	0.0	3	20734 3010 578 146
32	22516	0.0	3	19012 2802 560 142
33	19383	0.0	3	16312 2484 485 102
34	18232	0.0	3	15300 2327 475 130
35	16945	0.0	3	14275 2078 459 133
36	16655	0.0	3	13979 2074 460 142
37	15795	0.0	3	13371 1825 478 121
38	14699	0.0	3	12426 1787 393 93
39	13422	0.0	3	11226 1655 420 121
40	12397	0.0	3	10405 1504 379 109
41	10599	0.0	3	9009 1212 293 85
42	9503	0.0	3	7898 1233 285 87
43	8130	0.0	3	6873 960 219 78
44	7134	0.0	3	5953 879 221 81
45	6516	0.0	3	5440 832 174 70
46	6050	0.0	3	5073 733 190 54
47	5195	0.0	3	4336 627 170 62
48	5217	0.0	3	4319 690 147 61
49	4949	0.0	3	4136 590 162 61
50	4690	0.0	3	3853 638 142 57
51	5137	0.0	3	4486 485 118 48
52	2584	0.0	3	2096 350 97 41
53	2551	0.0	3	2062 360 90 39
54	2298	0.0	3	1935 267 74 22
55	2113	0.0	3	1707 292 76 38
56	1879	0.0	3	1548 236 62 33
57	1600	0.0	3	1311 201 64 24
58	1571	0.0	3	1260 213 61 37
59	1542	0.0	3	1252 197 57 36
60	1379	0.0	3	1106 194 48 31
61	1237	0.0	3	987 153 64 33
62	1024	0.0	3	811 130 54 29
63	891	0.0	3	668 128 59 36
64	544	0.0	3	420 81 26 17
65	614	0.0	3	455 97 35 27
66	492	0.0	3	361 73 32 26
67	390	0.0	3	281 75 25 9
68	383	0.0	3	262 69 24 28
69	328	0.0	3	230 54 23 21
70	309	0.0	3	218 53 25 13
71	291	0.0	3	198 37 30 26
72	201	0.0	3	131 34 21 15
73	233	0.0	3	147 44 26 16
74	227	0.0	3	144 37 28 18
75	151	0.0	3	97 24 18 12
76	155	0.0	3	102 25 15 13
77	155	0.0	3	104 28 16 7
78	143	0.0	3	100 26 13 4
79	105	0.0	3	81 14 7 3
80	106	0.0	3	70 20 10 6
81	79	0.0	3	56 11 6 6
82	61	0.0	3	40 14 6 1
83	86	0.0	3	61 13 10 2
84	118	0.0	3	75 39 4
85	112	0.0	3	59 46 6 1
86	94	0.0	3	47 37 9 1
87	84	0.0	3	41 36 4 3
88	94	0.0	3	44 40 8 2
89	95	0.0	3	40 47 7 1
90	89	0.0	3	48 36 4 1
91	83	0.0	3	32 43 7 1
92	85	0.0	3	27 47 10 1
93	72	0.0	3	28 37 7
94	75	0.0	3	29 39 5 2
95	76	0.0	3	27 45 4
96	97	0.0	3	30 62 5
97	124	0.0	3	46 69 8 1
98	197	0.0	3	69 108 16 4
99	375	0.0	3	127 216 28 4
100	539	0.0	3	173 302 56 8
101	955	0.0	3	327 523 92 13


=== Second read: Adapter 2 ===

Sequence: AGATCGGAAGAGCGTCGTGTAGGGAAAGAGTGT; Type: regular 3'; Length: 33; Trimmed: 3847136 times

Minimum overlap: 3
No. of allowed errors:
1-9 bp: 0; 10-19 bp: 1; 20-29 bp: 2; 30-33 bp: 3

Bases preceding removed adapters:
  A: 22.4%
  C: 28.3%
  G: 29.8%
  T: 19.5%
  none/other: 0.1%

Overview of removed sequences
length	count	expect	max.err	error counts
3	1062532	876558.1	0	1062532
4	363282	219139.5	0	363282
5	194005	54784.9	0	194005
6	158604	13696.2	0	158604
7	147670	3424.1	0	147670
8	133562	856.0	0	133562
9	124814	214.0	0	123250 1564
10	115698	53.5	1	110006 5692
11	104538	13.4	1	100088 4450
12	100841	3.3	1	96475 4366
13	92250	0.8	1	88167 4083
14	99193	0.2	1	94424 4769
15	80635	0.1	1	76414 4221
16	82893	0.0	1	78464 4429
17	91186	0.0	1	86025 5161
18	64119	0.0	1	60612 3241 266
19	70750	0.0	1	66221 4401 128
20	56921	0.0	2	52755 3420 746
21	52721	0.0	2	48908 3199 614
22	48349	0.0	2	44420 3251 678
23	45408	0.0	2	41589 3088 731
24	44392	0.0	2	40510 3186 696
25	39767	0.0	2	36709 2636 422
26	40009	0.0	2	36552 2842 615
27	38599	0.0	2	34915 2921 751 12
28	36179	0.0	2	32879 2550 696 54
29	31119	0.0	2	28159 2528 414 18
30	37818	0.0	3	33748 2970 704 396
31	16433	0.0	3	14609 1360 288 176
32	24388	0.0	3	21234 2215 547 392
33	18955	0.0	3	16862 1663 289 141
34	17995	0.0	3	15940 1610 264 181
35	17214	0.0	3	15077 1605 330 202
36	17844	0.0	3	15468 1674 411 291
37	15313	0.0	3	13556 1343 250 164
38	14975	0.0	3	13213 1301 263 198
39	14176	0.0	3	12365 1316 272 223
40	12650	0.0	3	11099 1111 244 196
41	10914	0.0	3	9630 921 208 155
42	10228	0.0	3	8795 964 254 215
43	8453	0.0	3	7383 784 170 116
44	7655	0.0	3	6447 777 242 189
45	7062	0.0	3	6002 695 207 158
46	6548	0.0	3	5578 654 164 152
47	5746	0.0	3	4793 597 182 174
48	5586	0.0	3	4708 596 163 119
49	5350	0.0	3	4546 518 148 138
50	4994	0.0	3	4177 515 165 137
51	4430	0.0	3	3712 440 146 132
52	3819	0.0	3	3235 383 119 82
53	3386	0.0	3	2718 379 154 135
54	3264	0.0	3	2496 420 173 175
55	2148	0.0	3	1788 241 68 51
56	2409	0.0	3	1800 319 143 147
57	2451	0.0	3	1711 369 201 170
58	1860	0.0	3	1442 228 97 93
59	1800	0.0	3	1436 206 78 80
60	2110	0.0	3	1492 297 173 148
61	1549	0.0	3	1145 209 89 106
62	1339	0.0	3	954 211 101 73
63	1650	0.0	3	967 303 207 173
64	961	0.0	3	629 148 96 88
65	993	0.0	3	643 167 92 91
66	831	0.0	3	552 106 77 96
67	791	0.0	3	507 134 80 70
68	776	0.0	3	410 166 107 93
69	759	0.0	3	481 128 83 67
70	702	0.0	3	392 121 98 91
71	631	0.0	3	355 118 73 85
72	614	0.0	3	297 133 96 88
73	592	0.0	3	292 122 85 93
74	577	0.0	3	311 119 73 74
75	515	0.0	3	266 101 70 78
76	484	0.0	3	235 124 72 53
77	416	0.0	3	236 83 54 43
78	357	0.0	3	195 64 50 48
79	288	0.0	3	145 61 50 32
80	323	0.0	3	188 62 39 34
81	168	0.0	3	98 32 20 18
82	177	0.0	3	96 36 16 29
83	159	0.0	3	82 34 24 19
84	147	0.0	3	69 36 22 20
85	118	0.0	3	37 47 18 16
86	87	0.0	3	35 25 13 14
87	99	0.0	3	46 28 13 12
88	106	0.0	3	45 35 14 12
89	90	0.0	3	39 38 9 4
90	80	0.0	3	34 36 6 4
91	72	0.0	3	16 41 5 10
92	68	0.0	3	26 35 5 2
93	79	0.0	3	30 40 8 1
94	64	0.0	3	29 31 4
95	70	0.0	3	17 48 4 1
96	107	0.0	3	33 69 4 1
97	130	0.0	3	52 68 7 3
98	219	0.0	3	66 123 19 11
99	382	0.0	3	128 228 21 5
100	579	0.0	3	183 351 38 7
101	977	0.0	3	356 558 49 14
