This is cutadapt 3.5 with Python 3.6.8
Command line parameters: -o /home/lspencer/2022-redking-OA/trimmed/Tank_15_Crab_3.trimmed.R1.v2.fastq.gz -p /home/lspencer/2022-redking-OA/trimmed/Tank_15_Crab_3.trimmed.R2.v2.fastq.gz -a AGATCGGAAGAGCACACGTCTGAACTCCAGTCA -A AGATCGGAAGAGCGTCGTGTAGGGAAAGAGTGT -q 20,15 -m 50 --trim-n --cores=8 /share/nwfsc/ggoetz/red_king_crab/illumina/Tank_15_Crab_3_R1.fastq.gz /share/nwfsc/ggoetz/red_king_crab/illumina/Tank_15_Crab_3_R2.fastq.gz
Processing reads on 8 cores in paired-end mode ...
Finished in 537.43 s (8 us/read; 7.87 M reads/minute).

=== Summary ===

Total read pairs processed:         70,497,342
  Read 1 with adapter:               5,401,873 (7.7%)
  Read 2 with adapter:               5,108,064 (7.2%)

== Read fate breakdown ==
Pairs that were too short:             101,131 (0.1%)
Pairs written (passing filters):    70,396,211 (99.9%)

Total basepairs processed: 14,240,463,084 bp
  Read 1: 7,120,231,542 bp
  Read 2: 7,120,231,542 bp
Quality-trimmed:              26,732,086 bp (0.2%)
  Read 1:     6,364,649 bp
  Read 2:    20,367,437 bp
Total written (filtered):  14,081,731,805 bp (98.9%)
  Read 1: 7,045,476,247 bp
  Read 2: 7,036,255,558 bp

=== First read: Adapter 1 ===

Sequence: AGATCGGAAGAGCACACGTCTGAACTCCAGTCA; Type: regular 3'; Length: 33; Trimmed: 5401873 times

Minimum overlap: 3
No. of allowed errors:
1-9 bp: 0; 10-19 bp: 1; 20-29 bp: 2; 30-33 bp: 3

Bases preceding removed adapters:
  A: 28.1%
  C: 28.0%
  G: 33.1%
  T: 10.7%
  none/other: 0.1%

Overview of removed sequences
length	count	expect	max.err	error counts
3	1623792	1101521.0	0	1623792
4	503081	275380.2	0	503081
5	280080	68845.1	0	280080
6	226983	17211.3	0	226983
7	206557	4302.8	0	206557
8	184135	1075.7	0	184135
9	174681	268.9	0	172745 1936
10	160935	67.2	1	154527 6408
11	144497	16.8	1	139360 5137
12	135906	4.2	1	131385 4521
13	130220	1.1	1	125414 4806
14	123280	0.3	1	118637 4643
15	120681	0.1	1	115714 4967
16	114306	0.0	1	109385 4921
17	110643	0.0	1	105386 5257
18	104149	0.0	1	99291 4757 101
19	89343	0.0	1	85162 4061 120
20	80445	0.0	2	75677 4188 580
21	71727	0.0	2	67362 3939 426
22	64766	0.0	2	60478 3866 422
23	59440	0.0	2	55591 3441 408
24	57497	0.0	2	53256 3755 486
25	54922	0.0	2	50745 3683 494
26	52579	0.0	2	48705 3538 336
27	50454	0.0	2	46663 3386 381 24
28	47593	0.0	2	43594 3466 463 70
29	42262	0.0	2	38711 3068 429 54
30	38126	0.0	3	34752 2885 333 156
31	31923	0.0	3	29109 2473 253 88
32	28875	0.0	3	26127 2355 293 100
33	24788	0.0	3	22491 1972 224 101
34	23759	0.0	3	21313 2037 280 129
35	21634	0.0	3	19594 1619 303 118
36	20875	0.0	3	18821 1622 324 108
37	20428	0.0	3	18218 1596 418 196
38	18129	0.0	3	16364 1374 283 108
39	17522	0.0	3	15951 1221 236 114
40	14777	0.0	3	13380 1087 218 92
41	13866	0.0	3	12472 1039 244 111
42	11942	0.0	3	10856 859 149 78
43	10560	0.0	3	9547 784 144 85
44	9032	0.0	3	8118 688 160 66
45	7907	0.0	3	7112 604 125 66
46	7371	0.0	3	6634 560 122 55
47	6621	0.0	3	5973 481 105 62
48	6314	0.0	3	5678 487 88 61
49	6024	0.0	3	5394 459 113 58
50	5719	0.0	3	5058 496 110 55
51	6414	0.0	3	5766 491 105 52
52	3073	0.0	3	2720 263 47 43
53	3138	0.0	3	2786 248 57 47
54	2850	0.0	3	2559 225 44 22
55	2521	0.0	3	2181 224 72 44
56	2199	0.0	3	1948 162 56 33
57	1971	0.0	3	1728 162 47 34
58	1908	0.0	3	1682 158 40 28
59	1830	0.0	3	1588 158 41 43
60	1718	0.0	3	1503 160 30 25
61	1396	0.0	3	1200 132 40 24
62	1156	0.0	3	934 135 53 34
63	1150	0.0	3	954 130 32 34
64	661	0.0	3	567 64 16 14
65	731	0.0	3	591 70 38 32
66	519	0.0	3	426 46 16 31
67	499	0.0	3	408 58 19 14
68	467	0.0	3	348 65 34 20
69	379	0.0	3	286 57 21 15
70	330	0.0	3	250 47 17 16
71	322	0.0	3	218 54 24 26
72	235	0.0	3	175 28 18 14
73	231	0.0	3	167 39 15 10
74	247	0.0	3	173 37 22 15
75	144	0.0	3	93 22 11 18
76	186	0.0	3	128 31 10 17
77	153	0.0	3	106 26 11 10
78	143	0.0	3	106 23 10 4
79	109	0.0	3	83 14 10 2
80	101	0.0	3	84 11 3 3
81	62	0.0	3	54 6 1 1
82	91	0.0	3	80 6 4 1
83	53	0.0	3	44 6 2 1
84	84	0.0	3	55 24 4 1
85	91	0.0	3	47 38 4 2
86	100	0.0	3	52 43 3 2
87	101	0.0	3	53 43 5
88	115	0.0	3	63 49 3
89	107	0.0	3	68 33 5 1
90	102	0.0	3	56 44 2
91	103	0.0	3	48 50 4 1
92	93	0.0	3	61 29 3
93	80	0.0	3	35 40 5
94	93	0.0	3	45 40 7 1
95	82	0.0	3	35 42 3 2
96	115	0.0	3	64 49 2
97	149	0.0	3	70 72 4 3
98	233	0.0	3	103 115 11 4
99	462	0.0	3	210 225 26 1
100	623	0.0	3	273 310 36 4
101	1007	0.0	3	482 484 33 8


=== Second read: Adapter 2 ===

Sequence: AGATCGGAAGAGCGTCGTGTAGGGAAAGAGTGT; Type: regular 3'; Length: 33; Trimmed: 5108064 times

Minimum overlap: 3
No. of allowed errors:
1-9 bp: 0; 10-19 bp: 1; 20-29 bp: 2; 30-33 bp: 3

Bases preceding removed adapters:
  A: 22.1%
  C: 28.6%
  G: 29.9%
  T: 19.4%
  none/other: 0.1%

Overview of removed sequences
length	count	expect	max.err	error counts
3	1350366	1101521.0	0	1350366
4	477633	275380.2	0	477633
5	264967	68845.1	0	264967
6	220296	17211.3	0	220296
7	203586	4302.8	0	203586
8	184711	1075.7	0	184711
9	174577	268.9	0	172599 1978
10	160472	67.2	1	152620 7852
11	145679	16.8	1	139352 6327
12	139147	4.2	1	133352 5795
13	127473	1.1	1	122095 5378
14	136304	0.3	1	130073 6231
15	110316	0.1	1	104665 5651
16	114075	0.0	1	107954 6121
17	124357	0.0	1	117416 6941
18	87676	0.0	1	82778 4517 381
19	95675	0.0	1	89805 5720 150
20	76730	0.0	2	71190 4621 919
21	70744	0.0	2	65484 4470 790
22	64820	0.0	2	59669 4269 882
23	60598	0.0	2	55713 3987 898
24	58479	0.0	2	53558 4058 863
25	52959	0.0	2	48800 3564 595
26	53383	0.0	2	48836 3667 880
27	51426	0.0	2	46731 3701 977 17
28	47578	0.0	2	43374 3258 877 69
29	41712	0.0	2	37765 3300 615 32
30	47552	0.0	3	42450 3740 852 510
31	23276	0.0	3	20896 1765 379 236
32	30474	0.0	3	26777 2631 632 434
33	24649	0.0	3	21962 2069 376 242
34	23542	0.0	3	20790 2089 372 291
35	22059	0.0	3	19575 1862 355 267
36	22089	0.0	3	19195 2023 497 374
37	19469	0.0	3	17339 1688 258 184
38	19600	0.0	3	17228 1765 364 243
39	17494	0.0	3	15482 1554 267 191
40	16102	0.0	3	14014 1453 369 266
41	13752	0.0	3	12124 1241 225 162
42	13391	0.0	3	11543 1236 336 276
43	10231	0.0	3	8983 931 185 132
44	9750	0.0	3	8302 955 273 220
45	8504	0.0	3	7292 800 220 192
46	8053	0.0	3	6870 811 220 152
47	7317	0.0	3	6124 740 250 203
48	6797	0.0	3	5800 661 192 144
49	6720	0.0	3	5668 661 233 158
50	6086	0.0	3	5105 625 205 151
51	5391	0.0	3	4575 531 150 135
52	4517	0.0	3	3860 429 122 106
53	4175	0.0	3	3362 471 189 153
54	4007	0.0	3	3148 449 228 182
55	2611	0.0	3	2160 266 101 84
56	2825	0.0	3	2137 367 168 153
57	3014	0.0	3	2168 397 242 207
58	2255	0.0	3	1798 232 118 107
59	2084	0.0	3	1682 249 78 75
60	2468	0.0	3	1826 321 165 156
61	1757	0.0	3	1331 222 112 92
62	1574	0.0	3	1157 217 117 83
63	2036	0.0	3	1262 334 236 204
64	1165	0.0	3	777 180 106 102
65	1127	0.0	3	758 178 94 97
66	966	0.0	3	620 160 100 86
67	976	0.0	3	638 147 101 90
68	947	0.0	3	537 184 122 104
69	848	0.0	3	511 156 101 80
70	784	0.0	3	457 140 108 79
71	724	0.0	3	432 139 84 69
72	673	0.0	3	365 132 101 75
73	652	0.0	3	343 134 95 80
74	651	0.0	3	363 132 78 78
75	502	0.0	3	277 104 61 60
76	598	0.0	3	332 107 81 78
77	500	0.0	3	262 106 71 61
78	402	0.0	3	229 74 51 48
79	356	0.0	3	163 93 50 50
80	304	0.0	3	185 66 29 24
81	207	0.0	3	117 42 19 29
82	177	0.0	3	88 44 23 22
83	147	0.0	3	74 34 17 22
84	160	0.0	3	69 49 19 23
85	120	0.0	3	47 39 16 18
86	93	0.0	3	38 32 11 12
87	82	0.0	3	38 27 7 10
88	97	0.0	3	38 36 12 11
89	95	0.0	3	38 40 9 8
90	73	0.0	3	34 30 4 5
91	70	0.0	3	34 29 5 2
92	83	0.0	3	46 28 7 2
93	71	0.0	3	32 34 3 2
94	86	0.0	3	36 41 6 3
95	85	0.0	3	42 36 7
96	107	0.0	3	47 47 8 5
97	151	0.0	3	77 61 9 4
98	234	0.0	3	113 106 9 6
99	475	0.0	3	190 247 34 4
100	695	0.0	3	278 375 38 4
101	1221	0.0	3	566 594 49 12
