This is cutadapt 3.5 with Python 3.6.8
Command line parameters: -o /home/lspencer/2022-redking-OA/trimmed/Tank_10_Crab_1.trimmed.R1.v2.fastq.gz -p /home/lspencer/2022-redking-OA/trimmed/Tank_10_Crab_1.trimmed.R2.v2.fastq.gz -a AGATCGGAAGAGCACACGTCTGAACTCCAGTCA -A AGATCGGAAGAGCGTCGTGTAGGGAAAGAGTGT -q 20,15 -m 50 --trim-n --cores=8 /share/nwfsc/ggoetz/red_king_crab/illumina/Tank_10_Crab_1_R1.fastq.gz /share/nwfsc/ggoetz/red_king_crab/illumina/Tank_10_Crab_1_R2.fastq.gz
Processing reads on 8 cores in paired-end mode ...
Finished in 560.57 s (8 us/read; 7.91 M reads/minute).

=== Summary ===

Total read pairs processed:         73,925,802
  Read 1 with adapter:               6,124,520 (8.3%)
  Read 2 with adapter:               5,815,130 (7.9%)

== Read fate breakdown ==
Pairs that were too short:             135,764 (0.2%)
Pairs written (passing filters):    73,790,038 (99.8%)

Total basepairs processed: 14,933,012,004 bp
  Read 1: 7,466,506,002 bp
  Read 2: 7,466,506,002 bp
Quality-trimmed:              28,815,249 bp (0.2%)
  Read 1:     6,532,326 bp
  Read 2:    22,282,923 bp
Total written (filtered):  14,745,699,531 bp (98.7%)
  Read 1: 7,377,490,490 bp
  Read 2: 7,368,209,041 bp

=== First read: Adapter 1 ===

Sequence: AGATCGGAAGAGCACACGTCTGAACTCCAGTCA; Type: regular 3'; Length: 33; Trimmed: 6124520 times

Minimum overlap: 3
No. of allowed errors:
1-9 bp: 0; 10-19 bp: 1; 20-29 bp: 2; 30-33 bp: 3

Bases preceding removed adapters:
  A: 27.8%
  C: 28.7%
  G: 32.8%
  T: 10.5%
  none/other: 0.2%

Overview of removed sequences
length	count	expect	max.err	error counts
3	1683918	1155090.7	0	1683918
4	537542	288772.7	0	537542
5	321084	72193.2	0	321084
6	263442	18048.3	0	263442
7	242740	4512.1	0	242740
8	218128	1128.0	0	218128
9	206945	282.0	0	204468 2477
10	190762	70.5	1	182507 8255
11	171370	17.6	1	164509 6861
12	160216	4.4	1	153861 6355
13	154064	1.1	1	147440 6624
14	145166	0.3	1	139099 6067
15	142116	0.1	1	135336 6780
16	135335	0.0	1	128827 6508
17	132924	0.0	1	125643 7281
18	124608	0.0	1	117910 6573 125
19	108612	0.0	1	102675 5734 203
20	98111	0.0	2	91751 5679 681
21	86396	0.0	2	80537 5239 620
22	77962	0.0	2	72194 5173 595
23	71857	0.0	2	66624 4690 543
24	69126	0.0	2	63626 4791 709
25	66115	0.0	2	60550 4912 653
26	63327	0.0	2	58276 4611 440
27	60215	0.0	2	55146 4506 537 26
28	57639	0.0	2	52203 4700 628 108
29	51038	0.0	2	46407 4081 481 69
30	46528	0.0	3	42089 3783 466 190
31	39220	0.0	3	35587 3163 345 125
32	35477	0.0	3	31785 3123 396 173
33	30159	0.0	3	27091 2645 338 85
34	28357	0.0	3	25441 2465 317 134
35	26548	0.0	3	23773 2327 335 113
36	25326	0.0	3	22487 2294 367 178
37	24054	0.0	3	21563 2061 295 135
38	22962	0.0	3	20416 2084 305 157
39	21236	0.0	3	18991 1804 298 143
40	18302	0.0	3	16382 1561 235 124
41	17354	0.0	3	15405 1535 274 140
42	14372	0.0	3	12952 1189 156 75
43	12958	0.0	3	11599 1079 178 102
44	11374	0.0	3	10141 1008 142 83
45	9887	0.0	3	8865 825 125 72
46	9063	0.0	3	8092 781 127 63
47	8250	0.0	3	7375 678 144 53
48	8001	0.0	3	7155 673 107 66
49	7563	0.0	3	6736 648 126 53
50	7039	0.0	3	6180 693 99 67
51	7901	0.0	3	7124 622 91 64
52	3782	0.0	3	3319 360 62 41
53	3916	0.0	3	3449 367 61 39
54	3505	0.0	3	3109 309 55 32
55	3170	0.0	3	2753 313 67 37
56	2754	0.0	3	2422 243 52 37
57	2559	0.0	3	2221 240 64 34
58	2322	0.0	3	2023 229 47 23
59	2243	0.0	3	1934 232 42 35
60	2061	0.0	3	1815 159 47 40
61	1720	0.0	3	1457 179 46 38
62	1432	0.0	3	1213 129 44 46
63	1324	0.0	3	1104 148 39 33
64	732	0.0	3	613 85 20 14
65	824	0.0	3	660 84 51 29
66	623	0.0	3	511 61 25 26
67	576	0.0	3	470 63 28 15
68	582	0.0	3	442 81 30 29
69	418	0.0	3	346 35 21 16
70	405	0.0	3	303 59 31 12
71	374	0.0	3	258 62 29 25
72	288	0.0	3	201 48 25 14
73	294	0.0	3	209 43 25 17
74	319	0.0	3	218 54 31 16
75	199	0.0	3	145 27 13 14
76	195	0.0	3	137 29 18 11
77	348	0.0	3	266 45 22 15
78	188	0.0	3	140 32 5 11
79	214	0.0	3	162 36 8 8
80	342	0.0	3	274 47 11 10
81	1285	0.0	3	996 202 63 24
82	154	0.0	3	120 30 1 3
83	169	0.0	3	129 32 8
84	172	0.0	3	120 47 4 1
85	236	0.0	3	157 67 12
86	312	0.0	3	226 83 3
87	320	0.0	3	225 87 7 1
88	344	0.0	3	254 79 10 1
89	315	0.0	3	244 63 6 2
90	251	0.0	3	177 69 4 1
91	308	0.0	3	232 66 9 1
92	260	0.0	3	197 53 8 2
93	279	0.0	3	189 81 9
94	252	0.0	3	173 73 5 1
95	278	0.0	3	202 66 6 4
96	308	0.0	3	220 74 11 3
97	434	0.0	3	290 131 9 4
98	702	0.0	3	466 215 21
99	1558	0.0	3	1072 440 37 9
100	2078	0.0	3	1408 576 81 13
101	4107	0.0	3	2839 1027 210 31


=== Second read: Adapter 2 ===

Sequence: AGATCGGAAGAGCGTCGTGTAGGGAAAGAGTGT; Type: regular 3'; Length: 33; Trimmed: 5815130 times

Minimum overlap: 3
No. of allowed errors:
1-9 bp: 0; 10-19 bp: 1; 20-29 bp: 2; 30-33 bp: 3

Bases preceding removed adapters:
  A: 22.0%
  C: 28.5%
  G: 30.3%
  T: 19.0%
  none/other: 0.2%

Overview of removed sequences
length	count	expect	max.err	error counts
3	1408039	1155090.7	0	1408039
4	512496	288772.7	0	512496
5	301368	72193.2	0	301368
6	256505	18048.3	0	256505
7	241465	4512.1	0	241465
8	218572	1128.0	0	218572
9	206548	282.0	0	204559 1989
10	189712	70.5	1	180984 8728
11	172901	17.6	1	165531 7370
12	163976	4.4	1	157212 6764
13	150855	1.1	1	144286 6569
14	161403	0.3	1	153644 7759
15	128624	0.1	1	122011 6613
16	134951	0.0	1	127071 7880
17	147843	0.0	1	139209 8634
18	105126	0.0	1	99308 5256 562
19	115599	0.0	1	108097 7309 193
20	92354	0.0	2	85652 5566 1136
21	84429	0.0	2	77813 5513 1103
22	78050	0.0	2	71175 5601 1274
23	72832	0.0	2	66601 5128 1103
24	69604	0.0	2	63502 4997 1105
25	63138	0.0	2	57991 4327 820
26	63943	0.0	2	58146 4644 1153
27	61129	0.0	2	55147 4676 1292 14
28	56739	0.0	2	51405 4107 1145 82
29	50292	0.0	2	45344 4078 828 42
30	57572	0.0	3	51093 4552 1219 708
31	28387	0.0	3	25283 2373 459 272
32	36934	0.0	3	32207 3299 870 558
33	29665	0.0	3	26351 2612 442 260
34	28466	0.0	3	24999 2493 578 396
35	26570	0.0	3	23200 2410 577 383
36	25216	0.0	3	22186 1998 458 574
37	25210	0.0	3	22189 1943 499 579
38	22237	0.0	3	19521 1749 398 569
39	22258	0.0	3	19319 1720 550 669
40	18330	0.0	3	16306 1369 268 387
41	16971	0.0	3	14930 1272 338 431
42	15512	0.0	3	13388 1239 378 507
43	12931	0.0	3	11384 1008 241 298
44	11991	0.0	3	10223 1009 331 428
45	10493	0.0	3	8982 850 308 353
46	9677	0.0	3	8282 783 259 353
47	8877	0.0	3	7545 705 276 351
48	8434	0.0	3	7175 705 229 325
49	8131	0.0	3	6972 679 238 242
50	7452	0.0	3	6270 626 268 288
51	6436	0.0	3	5424 570 196 246
52	5598	0.0	3	4744 483 156 215
53	5059	0.0	3	4177 431 207 244
54	4817	0.0	3	3764 486 244 323
55	3136	0.0	3	2651 271 98 116
56	3430	0.0	3	2637 357 204 232
57	3693	0.0	3	2781 401 224 287
58	2672	0.0	3	2139 270 112 151
59	2511	0.0	3	1999 259 122 131
60	2967	0.0	3	2192 308 212 255
61	2143	0.0	3	1604 241 131 167
62	1881	0.0	3	1372 233 133 143
63	2397	0.0	3	1502 338 254 303
64	1273	0.0	3	836 168 127 142
65	1248	0.0	3	832 181 112 123
66	1086	0.0	3	721 134 112 119
67	1106	0.0	3	691 141 126 148
68	1127	0.0	3	675 142 141 169
69	936	0.0	3	570 138 106 122
70	862	0.0	3	512 127 103 120
71	812	0.0	3	454 126 104 128
72	789	0.0	3	451 119 95 124
73	770	0.0	3	406 123 116 125
74	673	0.0	3	364 107 88 114
75	651	0.0	3	348 103 89 111
76	655	0.0	3	326 109 108 112
77	590	0.0	3	336 74 74 106
78	485	0.0	3	239 91 63 92
79	428	0.0	3	221 77 59 71
80	679	0.0	3	345 128 92 114
81	1674	0.0	3	982 306 207 179
82	323	0.0	3	190 55 43 35
83	304	0.0	3	170 50 36 48
84	253	0.0	3	150 42 32 29
85	246	0.0	3	130 53 31 32
86	213	0.0	3	130 43 17 23
87	210	0.0	3	108 51 21 30
88	199	0.0	3	125 38 14 22
89	197	0.0	3	121 45 15 16
90	199	0.0	3	144 40 7 8
91	210	0.0	3	137 53 9 11
92	179	0.0	3	117 53 8 1
93	256	0.0	3	171 78 3 4
94	204	0.0	3	134 56 10 4
95	227	0.0	3	146 70 7 4
96	360	0.0	3	242 99 12 7
97	527	0.0	3	348 144 22 13
98	799	0.0	3	504 245 34 16
99	1521	0.0	3	958 462 67 34
100	2266	0.0	3	1412 700 94 60
101	4046	0.0	3	2783 1122 98 43
