This is cutadapt 3.5 with Python 3.6.8
Command line parameters: -o /home/lspencer/2022-redking-OA/trimmed/Tank_9_Crab_4.trimmed.R1.v2.fastq.gz -p /home/lspencer/2022-redking-OA/trimmed/Tank_9_Crab_4.trimmed.R2.v2.fastq.gz -a AGATCGGAAGAGCACACGTCTGAACTCCAGTCA -A AGATCGGAAGAGCGTCGTGTAGGGAAAGAGTGT -q 20,15 -m 50 --trim-n --cores=8 /share/nwfsc/ggoetz/red_king_crab/illumina/Tank_9_Crab_4_R1.fastq.gz /share/nwfsc/ggoetz/red_king_crab/illumina/Tank_9_Crab_4_R2.fastq.gz
Processing reads on 8 cores in paired-end mode ...
Finished in 425.08 s (8 us/read; 7.94 M reads/minute).

=== Summary ===

Total read pairs processed:         56,248,864
  Read 1 with adapter:               5,044,996 (9.0%)
  Read 2 with adapter:               4,825,413 (8.6%)

== Read fate breakdown ==
Pairs that were too short:              77,536 (0.1%)
Pairs written (passing filters):    56,171,328 (99.9%)

Total basepairs processed: 11,362,270,528 bp
  Read 1: 5,681,135,264 bp
  Read 2: 5,681,135,264 bp
Quality-trimmed:              19,296,825 bp (0.2%)
  Read 1:     5,000,662 bp
  Read 2:    14,296,163 bp
Total written (filtered):  11,216,116,921 bp (98.7%)
  Read 1: 5,610,826,554 bp
  Read 2: 5,605,290,367 bp

=== First read: Adapter 1 ===

Sequence: AGATCGGAAGAGCACACGTCTGAACTCCAGTCA; Type: regular 3'; Length: 33; Trimmed: 5044996 times

Minimum overlap: 3
No. of allowed errors:
1-9 bp: 0; 10-19 bp: 1; 20-29 bp: 2; 30-33 bp: 3

Bases preceding removed adapters:
  A: 28.6%
  C: 29.7%
  G: 32.1%
  T: 9.5%
  none/other: 0.0%

Overview of removed sequences
length	count	expect	max.err	error counts
3	1311155	878888.5	0	1311155
4	435351	219722.1	0	435351
5	276575	54930.5	0	276575
6	233686	13732.6	0	233686
7	216043	3433.2	0	216043
8	189617	858.3	0	189617
9	174727	214.6	0	172864 1863
10	158174	53.6	1	151400 6774
11	139136	13.4	1	133727 5409
12	130201	3.4	1	125100 5101
13	126589	0.8	1	121098 5491
14	122760	0.2	1	117621 5139
15	124855	0.1	1	118792 6063
16	120047	0.0	1	114094 5953
17	118661	0.0	1	112113 6548
18	109219	0.0	1	102966 6108 145
19	92305	0.0	1	87006 5107 192
20	80735	0.0	2	75100 5057 578
21	69884	0.0	2	64893 4499 492
22	62154	0.0	2	57597 4133 424
23	57210	0.0	2	52975 3760 475
24	57049	0.0	2	52238 4291 520
25	56411	0.0	2	51399 4431 581
26	54532	0.0	2	49701 4365 466
27	53051	0.0	2	48289 4257 478 27
28	50395	0.0	2	45506 4265 554 70
29	43989	0.0	2	39563 3881 500 45
30	38005	0.0	3	33934 3505 430 136
31	32131	0.0	3	28727 2869 416 119
32	27765	0.0	3	24604 2749 317 95
33	23877	0.0	3	21218 2309 252 98
34	22808	0.0	3	20121 2250 324 113
35	21205	0.0	3	18780 2066 274 85
36	20960	0.0	3	18558 2064 257 81
37	20285	0.0	3	17940 1965 265 115
38	20033	0.0	3	17759 1914 254 106
39	18375	0.0	3	16267 1761 243 104
40	15784	0.0	3	14028 1489 199 68
41	14016	0.0	3	12399 1330 193 94
42	11569	0.0	3	10221 1127 137 84
43	10135	0.0	3	8918 1013 144 60
44	8786	0.0	3	7812 810 127 37
45	7518	0.0	3	6623 735 113 47
46	6817	0.0	3	6000 671 100 46
47	6494	0.0	3	5755 605 95 39
48	6482	0.0	3	5666 672 105 39
49	6272	0.0	3	5564 590 80 38
50	5824	0.0	3	5091 618 70 45
51	6243	0.0	3	5585 538 87 33
52	2887	0.0	3	2544 272 44 27
53	2952	0.0	3	2604 281 45 22
54	2505	0.0	3	2205 243 38 19
55	2178	0.0	3	1877 217 48 36
56	1853	0.0	3	1620 179 33 21
57	1715	0.0	3	1494 179 28 14
58	1863	0.0	3	1629 183 34 17
59	1762	0.0	3	1525 170 45 22
60	1555	0.0	3	1314 166 53 22
61	1225	0.0	3	1031 140 33 21
62	980	0.0	3	793 133 30 24
63	954	0.0	3	765 115 38 36
64	501	0.0	3	415 54 19 13
65	523	0.0	3	391 77 27 28
66	385	0.0	3	316 46 15 8
67	338	0.0	3	270 39 13 16
68	402	0.0	3	307 52 27 16
69	304	0.0	3	246 35 16 7
70	279	0.0	3	203 36 19 21
71	255	0.0	3	166 41 26 22
72	202	0.0	3	125 38 24 15
73	164	0.0	3	122 26 11 5
74	159	0.0	3	107 26 19 7
75	121	0.0	3	79 25 8 9
76	141	0.0	3	109 14 10 8
77	137	0.0	3	103 21 7 6
78	103	0.0	3	71 18 6 8
79	77	0.0	3	58 11 3 5
80	73	0.0	3	59 8 4 2
81	56	0.0	3	40 12 3 1
82	50	0.0	3	40 6 3 1
83	50	0.0	3	40 7 2 1
84	69	0.0	3	56 9 1 3
85	56	0.0	3	45 9 0 2
86	67	0.0	3	59 5 2 1
87	58	0.0	3	50 5 3
88	61	0.0	3	54 5 2
89	58	0.0	3	47 9 1 1
90	56	0.0	3	52 4
91	59	0.0	3	51 6 1 1
92	54	0.0	3	43 10 0 1
93	58	0.0	3	52 6
94	59	0.0	3	50 8 1
95	52	0.0	3	43 8 0 1
96	73	0.0	3	62 9 2
97	91	0.0	3	77 13 0 1
98	139	0.0	3	113 24 1 1
99	275	0.0	3	234 36 4 1
100	410	0.0	3	355 48 4 3
101	657	0.0	3	566 78 8 5


=== Second read: Adapter 2 ===

Sequence: AGATCGGAAGAGCGTCGTGTAGGGAAAGAGTGT; Type: regular 3'; Length: 33; Trimmed: 4825413 times

Minimum overlap: 3
No. of allowed errors:
1-9 bp: 0; 10-19 bp: 1; 20-29 bp: 2; 30-33 bp: 3

Bases preceding removed adapters:
  A: 21.2%
  C: 27.8%
  G: 31.2%
  T: 19.8%
  none/other: 0.0%

Overview of removed sequences
length	count	expect	max.err	error counts
3	1108768	878888.5	0	1108768
4	419379	219722.1	0	419379
5	265269	54930.5	0	265269
6	228474	13732.6	0	228474
7	215115	3433.2	0	215115
8	190603	858.3	0	190603
9	176021	214.6	0	174388 1633
10	156686	53.6	1	150116 6570
11	140864	13.4	1	135304 5560
12	133941	3.4	1	128833 5108
13	123101	0.8	1	118539 4562
14	138276	0.2	1	132373 5903
15	112184	0.1	1	106935 5249
16	120223	0.0	1	114134 6089
17	133194	0.0	1	126315 6879
18	91171	0.0	1	86593 4342 236
19	99137	0.0	1	93374 5622 141
20	75273	0.0	2	70395 4029 849
21	68824	0.0	2	64073 4004 747
22	62177	0.0	2	57499 3866 812
23	58000	0.0	2	53542 3648 810
24	57902	0.0	2	53362 3816 724
25	53951	0.0	2	50022 3366 563
26	55301	0.0	2	50829 3589 883
27	53883	0.0	2	49263 3679 932 9
28	50037	0.0	2	45749 3330 899 59
29	43459	0.0	2	39544 3312 578 25
30	49115	0.0	3	44427 3509 734 445
31	21134	0.0	3	19022 1648 295 169
32	29098	0.0	3	25658 2600 512 328
33	23504	0.0	3	21018 1991 329 166
34	23647	0.0	3	20929 2079 406 233
35	20310	0.0	3	18183 1669 283 175
36	21642	0.0	3	19177 1801 384 280
37	20318	0.0	3	18283 1583 298 154
38	20311	0.0	3	18030 1730 338 213
39	17900	0.0	3	15962 1476 279 183
40	16609	0.0	3	14794 1337 270 208
41	13771	0.0	3	12277 1127 213 154
42	12503	0.0	3	10934 1120 268 181
43	9800	0.0	3	8807 768 145 80
44	9195	0.0	3	8017 801 238 139
45	7793	0.0	3	6813 689 177 114
46	7213	0.0	3	6284 645 164 120
47	6820	0.0	3	5881 603 183 153
48	6798	0.0	3	5913 594 168 123
49	6644	0.0	3	5860 534 141 109
50	5995	0.0	3	5170 582 133 110
51	5090	0.0	3	4470 401 128 91
52	4159	0.0	3	3607 375 110 67
53	3659	0.0	3	3093 348 118 100
54	3324	0.0	3	2724 327 148 125
55	2148	0.0	3	1828 199 66 55
56	2226	0.0	3	1744 236 118 128
57	2518	0.0	3	1892 314 162 150
58	1957	0.0	3	1631 177 87 62
59	1884	0.0	3	1565 189 56 74
60	2072	0.0	3	1575 253 121 123
61	1433	0.0	3	1152 151 60 70
62	1224	0.0	3	937 146 78 63
63	1557	0.0	3	1009 238 166 144
64	794	0.0	3	550 106 77 61
65	728	0.0	3	473 126 66 63
66	684	0.0	3	443 118 58 65
67	620	0.0	3	394 104 64 58
68	666	0.0	3	417 115 74 60
69	617	0.0	3	380 102 72 63
70	514	0.0	3	310 85 61 58
71	474	0.0	3	269 88 54 63
72	467	0.0	3	240 88 78 61
73	401	0.0	3	201 76 53 71
74	408	0.0	3	208 94 48 58
75	358	0.0	3	187 68 48 55
76	343	0.0	3	186 60 57 40
77	298	0.0	3	177 48 34 39
78	254	0.0	3	132 55 23 44
79	224	0.0	3	109 44 40 31
80	192	0.0	3	121 33 22 16
81	136	0.0	3	93 22 11 10
82	109	0.0	3	69 16 8 16
83	100	0.0	3	73 10 6 11
84	99	0.0	3	59 15 10 15
85	81	0.0	3	40 16 14 11
86	63	0.0	3	37 12 10 4
87	68	0.0	3	43 11 3 11
88	52	0.0	3	32 9 3 8
89	43	0.0	3	31 2 7 3
90	38	0.0	3	24 9 1 4
91	36	0.0	3	29 3 4
92	51	0.0	3	38 11 0 2
93	55	0.0	3	44 6 2 3
94	66	0.0	3	56 7 1 2
95	53	0.0	3	40 8 3 2
96	67	0.0	3	48 10 4 5
97	99	0.0	3	83 13 2 1
98	150	0.0	3	126 19 2 3
99	310	0.0	3	259 44 4 3
100	415	0.0	3	341 65 4 5
101	696	0.0	3	599 80 12 5
