This is cutadapt 3.5 with Python 3.6.8
Command line parameters: -o /home/lspencer/2022-redking-OA/trimmed/Tank_3_Crab_1.trimmed.R1.v1.fastq.gz -p /home/lspencer/2022-redking-OA/trimmed/Tank_3_Crab_1.trimmed.R2.v1.fastq.gz -a AGATCGGAAGAGCACACGTCTGAACTCCAGTCA -A AGATCGGAAGAGCGTCGTGTAGGGAAAGAGTGT -q 15,10 -m 50 --trim-n --cores=8 /share/nwfsc/ggoetz/red_king_crab/illumina/Tank_3_Crab_1_R1.fastq.gz /share/nwfsc/ggoetz/red_king_crab/illumina/Tank_3_Crab_1_R2.fastq.gz
Processing reads on 8 cores in paired-end mode ...
Finished in 382.09 s (8 us/read; 7.81 M reads/minute).

=== Summary ===

Total read pairs processed:         49,719,815
  Read 1 with adapter:               6,651,655 (13.4%)
  Read 2 with adapter:               6,475,953 (13.0%)

== Read fate breakdown ==
Pairs that were too short:              63,920 (0.1%)
Pairs written (passing filters):    49,655,895 (99.9%)

Total basepairs processed: 10,043,402,630 bp
  Read 1: 5,021,701,315 bp
  Read 2: 5,021,701,315 bp
Quality-trimmed:               3,788,461 bp (0.0%)
  Read 1:       724,498 bp
  Read 2:     3,063,963 bp
Total written (filtered):  9,852,798,358 bp (98.1%)
  Read 1: 4,927,330,980 bp
  Read 2: 4,925,467,378 bp

=== First read: Adapter 1 ===

Sequence: AGATCGGAAGAGCACACGTCTGAACTCCAGTCA; Type: regular 3'; Length: 33; Trimmed: 6651655 times

Minimum overlap: 3
No. of allowed errors:
1-9 bp: 0; 10-19 bp: 1; 20-29 bp: 2; 30-33 bp: 3

Bases preceding removed adapters:
  A: 25.9%
  C: 35.9%
  G: 30.5%
  T: 7.6%
  none/other: 0.1%

Overview of removed sequences
length	count	expect	max.err	error counts
3	1223704	776872.1	0	1223704
4	477584	194218.0	0	477584
5	353942	48554.5	0	353942
6	311158	12138.6	0	311158
7	282014	3034.7	0	282014
8	258766	758.7	0	258766
9	235041	189.7	0	233077 1964
10	220064	47.4	1	211185 8879
11	204196	11.9	1	195942 8254
12	197369	3.0	1	189362 8007
13	197300	0.7	1	189169 8131
14	199757	0.2	1	190783 8974
15	199267	0.0	1	189667 9600
16	194340	0.0	1	184393 9947
17	183523	0.0	1	174024 9499
18	165937	0.0	1	156987 8579 371
19	145475	0.0	1	137105 8040 330
20	126922	0.0	2	118753 7295 874
21	112283	0.0	2	104687 6750 846
22	103911	0.0	2	96552 6590 769
23	98795	0.0	2	91789 6180 826
24	98289	0.0	2	90607 6920 762
25	97356	0.0	2	89394 7094 868
26	95364	0.0	2	87286 7323 755
27	89279	0.0	2	81675 6748 802 54
28	82232	0.0	2	74828 6491 773 140
29	71463	0.0	2	64694 5771 703 295
30	60478	0.0	3	54648 4934 602 294
31	51846	0.0	3	46573 4531 572 170
32	45000	0.0	3	40473 3860 493 174
33	40443	0.0	3	36117 3768 425 133
34	37723	0.0	3	33755 3481 372 115
35	36577	0.0	3	32757 3159 493 168
36	36007	0.0	3	32350 3010 513 134
37	34318	0.0	3	30789 2840 533 156
38	32665	0.0	3	29199 2833 481 152
39	29621	0.0	3	26639 2395 426 161
40	26250	0.0	3	23553 2217 348 132
41	22042	0.0	3	19743 1836 354 109
42	18628	0.0	3	16714 1579 249 86
43	16210	0.0	3	14564 1344 229 73
44	13885	0.0	3	12479 1160 166 80
45	12191	0.0	3	10925 1034 182 50
46	11211	0.0	3	10015 962 180 54
47	10606	0.0	3	9542 859 153 52
48	10425	0.0	3	9396 824 152 53
49	10089	0.0	3	9059 828 144 58
50	8979	0.0	3	8039 774 122 44
51	7868	0.0	3	7128 599 106 35
52	6488	0.0	3	5794 536 110 48
53	5402	0.0	3	4825 449 83 45
54	4269	0.0	3	3800 365 65 39
55	3667	0.0	3	3271 288 73 35
56	3057	0.0	3	2702 270 54 31
57	2917	0.0	3	2561 264 62 30
58	3002	0.0	3	2632 273 60 37
59	3117	0.0	3	2792 264 40 21
60	2762	0.0	3	2447 247 41 27
61	2307	0.0	3	2029 214 38 26
62	1910	0.0	3	1685 148 42 35
63	1498	0.0	3	1307 139 27 25
64	1129	0.0	3	998 89 22 20
65	882	0.0	3	755 80 30 17
66	724	0.0	3	601 72 36 15
67	642	0.0	3	529 73 26 14
68	687	0.0	3	586 59 23 19
69	660	0.0	3	549 68 27 16
70	528	0.0	3	421 54 30 23
71	355	0.0	3	300 28 12 15
72	327	0.0	3	257 41 17 12
73	282	0.0	3	209 37 11 25
74	191	0.0	3	139 30 12 10
75	166	0.0	3	128 18 10 10
76	141	0.0	3	91 22 14 14
77	128	0.0	3	83 17 18 10
78	120	0.0	3	91 17 7 5
79	99	0.0	3	74 14 8 3
80	74	0.0	3	58 7 7 2
81	207	0.0	3	156 36 12 3
82	74	0.0	3	64 7 2 1
83	59	0.0	3	43 11 4 1
84	41	0.0	3	36 5
85	40	0.0	3	33 7
86	46	0.0	3	39 7
87	64	0.0	3	52 7 4 1
88	25	0.0	3	22 1 2
89	20	0.0	3	17 2 0 1
90	8	0.0	3	7 1
91	6	0.0	3	4 2
92	5	0.0	3	4 1
93	6	0.0	3	6
94	3	0.0	3	3
96	1	0.0	3	1
97	2	0.0	3	1 0 0 1
99	14	0.0	3	9 2 1 2
100	70	0.0	3	5 52 13
101	5040	0.0	3	4459 505 62 14


=== Second read: Adapter 2 ===

Sequence: AGATCGGAAGAGCGTCGTGTAGGGAAAGAGTGT; Type: regular 3'; Length: 33; Trimmed: 6475953 times

Minimum overlap: 3
No. of allowed errors:
1-9 bp: 0; 10-19 bp: 1; 20-29 bp: 2; 30-33 bp: 3

Bases preceding removed adapters:
  A: 16.8%
  C: 29.1%
  G: 35.6%
  T: 18.4%
  none/other: 0.1%

Overview of removed sequences
length	count	expect	max.err	error counts
3	1050772	776872.1	0	1050772
4	466011	194218.0	0	466011
5	342146	48554.5	0	342146
6	306261	12138.6	0	306261
7	283816	3034.7	0	283816
8	260978	758.7	0	260978
9	236748	189.7	0	234811 1937
10	221696	47.4	1	213280 8416
11	205504	11.9	1	198027 7477
12	198567	3.0	1	191430 7137
13	198361	0.7	1	190610 7751
14	201203	0.2	1	192943 8260
15	199991	0.0	1	189441 10550
16	194860	0.0	1	185364 9496
17	184116	0.0	1	174905 9211
18	165698	0.0	1	156018 9361 319
19	145363	0.0	1	137225 7767 371
20	127110	0.0	2	118577 6992 1541
21	112437	0.0	2	104755 6583 1099
22	103969	0.0	2	96743 6220 1006
23	98991	0.0	2	91920 5867 1204
24	98467	0.0	2	91490 6016 961
25	97487	0.0	2	89919 6504 1064
26	95521	0.0	2	87921 6290 1310
27	89124	0.0	2	81576 6124 1398 26
28	81993	0.0	2	74972 5451 1454 116
29	71278	0.0	2	64836 5501 876 65
30	60672	0.0	3	54780 4585 874 433
31	51817	0.0	3	46205 4385 813 414
32	45113	0.0	3	40495 3739 575 304
33	40556	0.0	3	36210 3471 574 301
34	37786	0.0	3	33695 3307 503 281
35	36652	0.0	3	32694 3142 506 310
36	36088	0.0	3	32354 2614 450 670
37	34433	0.0	3	30861 2537 441 594
38	32672	0.0	3	29163 2419 489 601
39	29698	0.0	3	26642 2131 383 542
40	26291	0.0	3	23564 1894 360 473
41	22189	0.0	3	19721 1720 282 466
42	18722	0.0	3	16681 1430 268 343
43	16362	0.0	3	14537 1240 258 327
44	14045	0.0	3	12523 1026 215 281
45	12431	0.0	3	10954 977 216 284
46	11488	0.0	3	10106 913 205 264
47	10846	0.0	3	9597 807 182 260
48	10606	0.0	3	9375 823 184 224
49	10288	0.0	3	9123 779 173 213
50	9207	0.0	3	8087 708 190 222
51	8112	0.0	3	7089 650 168 205
52	6743	0.0	3	5905 508 129 201
53	5735	0.0	3	4941 465 140 189
54	4545	0.0	3	3932 356 115 142
55	3930	0.0	3	3359 311 130 130
56	3361	0.0	3	2836 293 108 124
57	3200	0.0	3	2707 273 100 120
58	3304	0.0	3	2792 287 109 116
59	3403	0.0	3	2901 285 92 125
60	3053	0.0	3	2541 292 87 133
61	2676	0.0	3	2202 231 104 139
62	2229	0.0	3	1804 213 93 119
63	1825	0.0	3	1446 184 91 104
64	1417	0.0	3	1134 123 70 90
65	1148	0.0	3	862 138 71 77
66	1026	0.0	3	731 132 75 88
67	919	0.0	3	667 115 57 80
68	946	0.0	3	682 115 76 73
69	988	0.0	3	691 112 80 105
70	821	0.0	3	561 103 81 76
71	643	0.0	3	428 89 54 72
72	605	0.0	3	375 90 70 70
73	524	0.0	3	331 80 53 60
74	438	0.0	3	258 63 52 65
75	391	0.0	3	223 61 51 56
76	381	0.0	3	185 59 58 79
77	339	0.0	3	191 49 37 62
78	274	0.0	3	160 28 38 48
79	227	0.0	3	127 28 32 40
80	185	0.0	3	97 26 22 40
81	275	0.0	3	131 59 38 47
82	146	0.0	3	80 27 15 24
83	119	0.0	3	60 26 12 21
84	93	0.0	3	53 6 17 17
85	93	0.0	3	48 9 16 20
86	88	0.0	3	52 13 7 16
87	89	0.0	3	51 15 13 10
88	52	0.0	3	32 6 6 8
89	37	0.0	3	20 3 5 9
90	21	0.0	3	7 6 4 4
91	11	0.0	3	7 1 0 3
92	9	0.0	3	6 1 1 1
93	18	0.0	3	8 2 5 3
94	6	0.0	3	1 3 1 1
95	5	0.0	3	1 1 0 3
96	6	0.0	3	1 1 1 3
97	5	0.0	3	1 0 0 4
98	6	0.0	3	2 0 1 3
99	9	0.0	3	3 2 2 2
100	172	0.0	3	5 135 21 11
101	4875	0.0	3	4235 538 43 59
