This is cutadapt 3.5 with Python 3.6.8
Command line parameters: -o /home/lspencer/2022-redking-OA/trimmed/Tank_5_Crab_2.trimmed.R1.v2.fastq.gz -p /home/lspencer/2022-redking-OA/trimmed/Tank_5_Crab_2.trimmed.R2.v2.fastq.gz -a AGATCGGAAGAGCACACGTCTGAACTCCAGTCA -A AGATCGGAAGAGCGTCGTGTAGGGAAAGAGTGT -q 20,15 -m 50 --trim-n --cores=8 /share/nwfsc/ggoetz/red_king_crab/illumina/Tank_5_Crab_2_R1.fastq.gz /share/nwfsc/ggoetz/red_king_crab/illumina/Tank_5_Crab_2_R2.fastq.gz
Processing reads on 8 cores in paired-end mode ...
Finished in 456.96 s (8 us/read; 7.91 M reads/minute).

=== Summary ===

Total read pairs processed:         60,253,094
  Read 1 with adapter:               4,035,241 (6.7%)
  Read 2 with adapter:               3,741,532 (6.2%)

== Read fate breakdown ==
Pairs that were too short:              82,922 (0.1%)
Pairs written (passing filters):    60,170,172 (99.9%)

Total basepairs processed: 12,171,124,988 bp
  Read 1: 6,085,562,494 bp
  Read 2: 6,085,562,494 bp
Quality-trimmed:              23,812,062 bp (0.2%)
  Read 1:     5,127,237 bp
  Read 2:    18,684,825 bp
Total written (filtered):  12,058,601,230 bp (99.1%)
  Read 1: 6,033,540,768 bp
  Read 2: 6,025,060,462 bp

=== First read: Adapter 1 ===

Sequence: AGATCGGAAGAGCACACGTCTGAACTCCAGTCA; Type: regular 3'; Length: 33; Trimmed: 4035241 times

Minimum overlap: 3
No. of allowed errors:
1-9 bp: 0; 10-19 bp: 1; 20-29 bp: 2; 30-33 bp: 3

Bases preceding removed adapters:
  A: 28.7%
  C: 27.6%
  G: 32.6%
  T: 11.0%
  none/other: 0.1%

Overview of removed sequences
length	count	expect	max.err	error counts
3	1393633	941454.6	0	1393633
4	409927	235363.6	0	409927
5	217335	58840.9	0	217335
6	171405	14710.2	0	171405
7	155469	3677.6	0	155469
8	138205	919.4	0	138205
9	128420	229.8	0	126603 1817
10	117155	57.5	1	111812 5343
11	102548	14.4	1	98427 4121
12	95148	3.6	1	91526 3622
13	89434	0.9	1	85787 3647
14	83905	0.2	1	80459 3446
15	81553	0.1	1	77745 3808
16	78210	0.0	1	74493 3717
17	75572	0.0	1	71690 3882
18	70195	0.0	1	66583 3550 62
19	60144	0.0	1	56996 3032 116
20	53631	0.0	2	50086 3112 433
21	46351	0.0	2	43362 2669 320
22	40904	0.0	2	37920 2691 293
23	37141	0.0	2	34515 2356 270
24	35037	0.0	2	32302 2415 320
25	33502	0.0	2	30704 2479 319
26	31694	0.0	2	29096 2394 204
27	29907	0.0	2	27402 2229 265 11
28	28234	0.0	2	25629 2248 315 42
29	25399	0.0	2	23121 1997 260 21
30	22209	0.0	3	20059 1825 231 94
31	18674	0.0	3	16859 1557 181 77
32	16318	0.0	3	14653 1417 172 76
33	13577	0.0	3	12183 1200 140 54
34	12644	0.0	3	11304 1117 146 77
35	11349	0.0	3	10214 903 168 64
36	10943	0.0	3	9758 888 207 90
37	10630	0.0	3	9438 898 191 103
38	9779	0.0	3	8736 790 181 72
39	8728	0.0	3	7875 663 119 71
40	7943	0.0	3	7092 658 118 75
41	7165	0.0	3	6365 601 134 65
42	5982	0.0	3	5333 502 96 51
43	5261	0.0	3	4694 427 88 52
44	4410	0.0	3	3926 349 76 59
45	3847	0.0	3	3354 367 81 45
46	3353	0.0	3	2936 302 65 50
47	3168	0.0	3	2786 272 71 39
48	2939	0.0	3	2568 258 72 41
49	2770	0.0	3	2397 269 73 31
50	2526	0.0	3	2178 242 57 49
51	2908	0.0	3	2575 229 63 41
52	1450	0.0	3	1244 149 21 36
53	1462	0.0	3	1230 159 42 31
54	1267	0.0	3	1115 116 20 16
55	1171	0.0	3	979 107 48 37
56	1017	0.0	3	837 118 44 18
57	870	0.0	3	720 88 43 19
58	865	0.0	3	718 84 44 19
59	832	0.0	3	706 85 24 17
60	736	0.0	3	609 68 33 26
61	648	0.0	3	534 58 33 23
62	535	0.0	3	403 65 34 33
63	541	0.0	3	403 87 35 16
64	331	0.0	3	244 44 25 18
65	413	0.0	3	300 70 26 17
66	264	0.0	3	213 30 10 11
67	306	0.0	3	232 37 19 18
68	310	0.0	3	219 42 28 21
69	214	0.0	3	158 29 16 11
70	231	0.0	3	152 48 14 17
71	235	0.0	3	159 30 24 22
72	196	0.0	3	138 34 11 13
73	179	0.0	3	114 34 17 14
74	210	0.0	3	152 23 14 21
75	147	0.0	3	110 22 6 9
76	130	0.0	3	92 18 14 6
77	138	0.0	3	95 23 13 7
78	128	0.0	3	85 22 12 9
79	86	0.0	3	71 10 3 2
80	92	0.0	3	75 10 4 3
81	90	0.0	3	68 19 3
82	69	0.0	3	51 13 3 2
83	59	0.0	3	43 14 1 1
84	73	0.0	3	52 17 4
85	76	0.0	3	50 23 2 1
86	93	0.0	3	55 35 3
87	84	0.0	3	47 33 4
88	80	0.0	3	43 33 4
89	77	0.0	3	39 33 4 1
90	68	0.0	3	38 23 5 2
91	64	0.0	3	31 31 0 2
92	79	0.0	3	42 32 4 1
93	66	0.0	3	33 30 2 1
94	49	0.0	3	19 26 3 1
95	55	0.0	3	25 25 5
96	88	0.0	3	47 39 2
97	92	0.0	3	39 46 3 4
98	158	0.0	3	74 72 10 2
99	305	0.0	3	149 132 20 4
100	482	0.0	3	211 239 26 6
101	849	0.0	3	388 415 38 8


=== Second read: Adapter 2 ===

Sequence: AGATCGGAAGAGCGTCGTGTAGGGAAAGAGTGT; Type: regular 3'; Length: 33; Trimmed: 3741532 times

Minimum overlap: 3
No. of allowed errors:
1-9 bp: 0; 10-19 bp: 1; 20-29 bp: 2; 30-33 bp: 3

Bases preceding removed adapters:
  A: 22.3%
  C: 28.8%
  G: 29.2%
  T: 19.7%
  none/other: 0.1%

Overview of removed sequences
length	count	expect	max.err	error counts
3	1125765	941454.6	0	1125765
4	378081	235363.6	0	378081
5	203531	58840.9	0	203531
6	165757	14710.2	0	165757
7	155151	3677.6	0	155151
8	138684	919.4	0	138684
9	128460	229.8	0	126847 1613
10	117100	57.5	1	111113 5987
11	103137	14.4	1	98570 4567
12	97551	3.6	1	93366 4185
13	87568	0.9	1	83755 3813
14	93046	0.2	1	88526 4520
15	74962	0.1	1	71078 3884
16	77514	0.0	1	73182 4332
17	84133	0.0	1	79183 4950
18	59430	0.0	1	56100 3041 289
19	64595	0.0	1	60447 4021 127
20	51018	0.0	2	47106 3253 659
21	46045	0.0	2	42519 2925 601
22	41061	0.0	2	37546 2866 649
23	38008	0.0	2	34664 2650 694
24	36038	0.0	2	32727 2690 621
25	32280	0.0	2	29582 2289 409
26	32238	0.0	2	29180 2467 591
27	30645	0.0	2	27586 2404 642 13
28	28450	0.0	2	25638 2163 604 45
29	25014	0.0	2	22510 2061 418 25
30	29102	0.0	3	25759 2355 622 366
31	12582	0.0	3	11074 1071 264 173
32	19010	0.0	3	16527 1752 442 289
33	11860	0.0	3	10524 1007 211 118
34	13391	0.0	3	11416 1329 361 285
35	11469	0.0	3	9942 977 319 231
36	11376	0.0	3	9945 886 324 221
37	10712	0.0	3	9282 832 350 248
38	10209	0.0	3	8844 815 319 231
39	9018	0.0	3	7820 748 255 195
40	8428	0.0	3	7224 677 310 217
41	7540	0.0	3	6424 639 254 223
42	7083	0.0	3	5894 585 314 290
43	5283	0.0	3	4527 450 165 141
44	5091	0.0	3	4092 456 256 287
45	4224	0.0	3	3528 362 165 169
46	3814	0.0	3	3144 318 177 175
47	3778	0.0	3	2987 360 203 228
48	3292	0.0	3	2667 299 158 168
49	3263	0.0	3	2573 349 182 159
50	2921	0.0	3	2312 272 173 164
51	2651	0.0	3	2096 265 134 156
52	2314	0.0	3	1864 196 131 123
53	2122	0.0	3	1600 221 150 151
54	2115	0.0	3	1479 215 193 228
55	1321	0.0	3	997 145 87 92
56	1524	0.0	3	1033 175 137 179
57	1686	0.0	3	1062 195 210 219
58	1253	0.0	3	888 151 107 107
59	1079	0.0	3	785 132 74 88
60	1310	0.0	3	807 156 171 176
61	967	0.0	3	645 126 83 113
62	867	0.0	3	550 105 94 118
63	1252	0.0	3	689 190 157 216
64	733	0.0	3	397 110 98 128
65	724	0.0	3	456 94 82 92
66	642	0.0	3	387 95 69 91
67	686	0.0	3	405 89 94 98
68	666	0.0	3	378 83 94 111
69	645	0.0	3	356 97 79 113
70	578	0.0	3	308 89 82 99
71	559	0.0	3	306 92 71 90
72	495	0.0	3	273 68 67 87
73	543	0.0	3	252 96 91 104
74	517	0.0	3	280 66 75 96
75	506	0.0	3	256 65 79 106
76	406	0.0	3	203 78 54 71
77	412	0.0	3	219 68 57 68
78	332	0.0	3	187 46 51 48
79	267	0.0	3	138 38 44 47
80	292	0.0	3	161 38 44 49
81	197	0.0	3	106 34 20 37
82	169	0.0	3	92 27 27 23
83	120	0.0	3	67 24 10 19
84	124	0.0	3	68 25 14 17
85	101	0.0	3	57 21 6 17
86	79	0.0	3	36 17 10 16
87	85	0.0	3	41 17 10 17
88	74	0.0	3	33 24 8 9
89	58	0.0	3	21 23 7 7
90	75	0.0	3	35 24 6 10
91	53	0.0	3	21 27 2 3
92	57	0.0	3	25 26 3 3
93	64	0.0	3	24 38 1 1
94	55	0.0	3	31 18 5 1
95	53	0.0	3	21 31 0 1
96	70	0.0	3	36 30 3 1
97	93	0.0	3	41 43 8 1
98	167	0.0	3	60 85 12 10
99	361	0.0	3	151 192 13 5
100	512	0.0	3	226 251 25 10
101	793	0.0	3	394 351 38 10
