This is cutadapt 3.5 with Python 3.6.8
Command line parameters: -o /home/lspencer/2022-redking-OA/trimmed/Tank_4_Crab_3.trimmed.R1.v1.fastq.gz -p /home/lspencer/2022-redking-OA/trimmed/Tank_4_Crab_3.trimmed.R2.v1.fastq.gz -a AGATCGGAAGAGCACACGTCTGAACTCCAGTCA -A AGATCGGAAGAGCGTCGTGTAGGGAAAGAGTGT -q 15,10 -m 50 --trim-n --cores=8 /share/nwfsc/ggoetz/red_king_crab/illumina/Tank_4_Crab_3_R1.fastq.gz /share/nwfsc/ggoetz/red_king_crab/illumina/Tank_4_Crab_3_R2.fastq.gz
Processing reads on 8 cores in paired-end mode ...
Finished in 513.85 s (8 us/read; 7.85 M reads/minute).

=== Summary ===

Total read pairs processed:         67,244,771
  Read 1 with adapter:               5,928,473 (8.8%)
  Read 2 with adapter:               5,679,705 (8.4%)

== Read fate breakdown ==
Pairs that were too short:              65,770 (0.1%)
Pairs written (passing filters):    67,179,001 (99.9%)

Total basepairs processed: 13,583,443,742 bp
  Read 1: 6,791,721,871 bp
  Read 2: 6,791,721,871 bp
Quality-trimmed:               6,058,658 bp (0.0%)
  Read 1:     1,049,173 bp
  Read 2:     5,009,485 bp
Total written (filtered):  13,427,353,753 bp (98.9%)
  Read 1: 6,715,244,176 bp
  Read 2: 6,712,109,577 bp

=== First read: Adapter 1 ===

Sequence: AGATCGGAAGAGCACACGTCTGAACTCCAGTCA; Type: regular 3'; Length: 33; Trimmed: 5928473 times

Minimum overlap: 3
No. of allowed errors:
1-9 bp: 0; 10-19 bp: 1; 20-29 bp: 2; 30-33 bp: 3

Bases preceding removed adapters:
  A: 27.6%
  C: 28.7%
  G: 33.3%
  T: 10.2%
  none/other: 0.1%

Overview of removed sequences
length	count	expect	max.err	error counts
3	1556295	1050699.5	0	1556295
4	512643	262674.9	0	512643
5	303918	65668.7	0	303918
6	254961	16417.2	0	254961
7	234259	4104.3	0	234259
8	216188	1026.1	0	216188
9	199495	256.5	0	196951 2544
10	186689	64.1	1	178052 8637
11	169494	16.0	1	161947 7547
12	157383	4.0	1	150605 6778
13	148751	1.0	1	141981 6770
14	142890	0.3	1	136160 6730
15	139447	0.1	1	132425 7022
16	137568	0.0	1	130233 7335
17	131189	0.0	1	123863 7326
18	122968	0.0	1	115705 6935 328
19	110876	0.0	1	103968 6584 324
20	99700	0.0	2	92683 6246 771
21	87259	0.0	2	80820 5706 733
22	79192	0.0	2	73189 5387 616
23	72698	0.0	2	67098 4973 627
24	68913	0.0	2	63138 5162 613
25	65543	0.0	2	59565 5303 675
26	64641	0.0	2	58830 5187 624
27	61907	0.0	2	56414 4846 608 39
28	58397	0.0	2	52853 4841 607 96
29	52869	0.0	2	47761 4303 612 193
30	47285	0.0	3	42536 3950 551 248
31	41259	0.0	3	36985 3603 514 157
32	35831	0.0	3	31965 3323 414 129
33	31584	0.0	3	28339 2807 322 116
34	28887	0.0	3	25780 2664 325 118
35	27012	0.0	3	24186 2316 371 139
36	25852	0.0	3	23104 2240 375 133
37	24892	0.0	3	22275 2032 438 147
38	23769	0.0	3	21265 1999 365 140
39	22056	0.0	3	19711 1818 380 147
40	19837	0.0	3	17759 1651 284 143
41	17654	0.0	3	15723 1521 300 110
42	15535	0.0	3	13908 1276 271 80
43	13304	0.0	3	11941 1097 192 74
44	11735	0.0	3	10498 986 191 60
45	10286	0.0	3	9204 872 139 71
46	9063	0.0	3	8078 767 157 61
47	8480	0.0	3	7532 727 152 69
48	8093	0.0	3	7261 643 126 63
49	7817	0.0	3	6951 686 120 60
50	7199	0.0	3	6358 645 147 49
51	6311	0.0	3	5657 491 117 46
52	5572	0.0	3	4966 436 110 60
53	4730	0.0	3	4193 415 79 43
54	3840	0.0	3	3387 350 61 42
55	3319	0.0	3	2905 317 58 39
56	2844	0.0	3	2458 270 78 38
57	2437	0.0	3	2140 220 49 28
58	2440	0.0	3	2154 194 57 35
59	2290	0.0	3	2040 170 52 28
60	2122	0.0	3	1854 190 52 26
61	1790	0.0	3	1514 190 48 38
62	1406	0.0	3	1193 138 43 32
63	1101	0.0	3	943 103 31 24
64	881	0.0	3	740 84 32 25
65	699	0.0	3	583 75 20 21
66	664	0.0	3	536 79 33 16
67	562	0.0	3	425 81 33 23
68	502	0.0	3	405 57 25 15
69	443	0.0	3	336 62 22 23
70	403	0.0	3	310 48 32 13
71	336	0.0	3	225 46 41 24
72	281	0.0	3	192 47 24 18
73	251	0.0	3	162 44 24 21
74	209	0.0	3	144 34 18 13
75	175	0.0	3	103 38 21 13
76	199	0.0	3	135 31 15 18
77	153	0.0	3	97 26 16 14
78	136	0.0	3	99 24 7 6
79	125	0.0	3	91 22 5 7
80	83	0.0	3	70 9 1 3
81	217	0.0	3	155 45 13 4
82	72	0.0	3	59 11 1 1
83	90	0.0	3	66 16 4 4
84	83	0.0	3	67 13 3
85	42	0.0	3	36 3 2 1
86	34	0.0	3	28 3 1 2
87	38	0.0	3	34 3 1
88	28	0.0	3	26 2
89	29	0.0	3	25 2 1 1
90	12	0.0	3	11 1
91	14	0.0	3	13 1
92	33	0.0	3	30 3
93	2	0.0	3	1 0 0 1
95	2	0.0	3	1 1
96	3	0.0	3	3
97	1	0.0	3	0 0 1
98	3	0.0	3	2 0 1
99	16	0.0	3	10 2 3 1
100	103	0.0	3	8 35 49 11
101	7784	0.0	3	3104 4196 427 57


=== Second read: Adapter 2 ===

Sequence: AGATCGGAAGAGCGTCGTGTAGGGAAAGAGTGT; Type: regular 3'; Length: 33; Trimmed: 5679705 times

Minimum overlap: 3
No. of allowed errors:
1-9 bp: 0; 10-19 bp: 1; 20-29 bp: 2; 30-33 bp: 3

Bases preceding removed adapters:
  A: 21.6%
  C: 29.2%
  G: 30.1%
  T: 18.9%
  none/other: 0.1%

Overview of removed sequences
length	count	expect	max.err	error counts
3	1329884	1050699.5	0	1329884
4	491779	262674.9	0	491779
5	291101	65668.7	0	291101
6	248388	16417.2	0	248388
7	233239	4104.3	0	233239
8	216242	1026.1	0	216242
9	199065	256.5	0	196958 2107
10	186945	64.1	1	178387 8558
11	169623	16.0	1	162402 7221
12	157810	4.0	1	151076 6734
13	148812	1.0	1	141776 7036
14	143162	0.3	1	136150 7012
15	139148	0.1	1	130605 8543
16	137317	0.0	1	129215 8102
17	130828	0.0	1	123024 7804
18	122020	0.0	1	113620 7847 553
19	110397	0.0	1	103409 6685 303
20	99598	0.0	2	91950 6143 1505
21	87152	0.0	2	80146 5854 1152
22	79220	0.0	2	72803 5358 1059
23	72679	0.0	2	66758 4891 1030
24	68958	0.0	2	63201 4850 907
25	65550	0.0	2	59854 4775 921
26	64525	0.0	2	58752 4837 936
27	61849	0.0	2	56121 4636 1082 10
28	58134	0.0	2	52689 4290 1058 97
29	52927	0.0	2	47884 4169 793 81
30	47572	0.0	3	42617 3704 843 408
31	41493	0.0	3	36739 3617 736 401
32	36107	0.0	3	31936 3271 579 321
33	31836	0.0	3	28232 2772 515 317
34	29173	0.0	3	25824 2621 453 275
35	27369	0.0	3	24197 2472 430 270
36	26178	0.0	3	23137 2076 459 506
37	25241	0.0	3	22405 1959 372 505
38	24077	0.0	3	21349 1838 420 470
39	22443	0.0	3	19866 1801 314 462
40	20277	0.0	3	17923 1622 349 383
41	18116	0.0	3	16051 1419 277 369
42	15964	0.0	3	14045 1279 319 321
43	13762	0.0	3	12108 1117 241 296
44	12223	0.0	3	10636 1060 277 250
45	10736	0.0	3	9312 946 239 239
46	9562	0.0	3	8292 808 219 243
47	9034	0.0	3	7792 795 204 243
48	8532	0.0	3	7412 686 213 221
49	8351	0.0	3	7207 702 210 232
50	7699	0.0	3	6590 719 195 195
51	6807	0.0	3	5785 631 183 208
52	6080	0.0	3	5196 520 167 197
53	5221	0.0	3	4392 485 169 175
54	4342	0.0	3	3625 391 157 169
55	3798	0.0	3	3088 413 132 165
56	3342	0.0	3	2696 321 169 156
57	2919	0.0	3	2343 304 121 151
58	2914	0.0	3	2353 277 151 133
59	2799	0.0	3	2212 286 130 171
60	2612	0.0	3	2068 272 137 135
61	2256	0.0	3	1745 261 111 139
62	1886	0.0	3	1432 241 115 98
63	1621	0.0	3	1174 194 113 140
64	1307	0.0	3	912 185 96 114
65	1184	0.0	3	785 184 103 112
66	1117	0.0	3	728 173 106 110
67	1025	0.0	3	661 155 99 110
68	904	0.0	3	576 134 90 104
69	900	0.0	3	540 164 83 113
70	796	0.0	3	493 131 83 89
71	758	0.0	3	427 126 100 105
72	686	0.0	3	368 130 89 99
73	629	0.0	3	364 98 75 92
74	553	0.0	3	297 107 69 80
75	538	0.0	3	275 90 91 82
76	536	0.0	3	296 88 69 83
77	450	0.0	3	259 91 39 61
78	392	0.0	3	202 72 52 66
79	321	0.0	3	173 55 40 53
80	267	0.0	3	117 58 36 56
81	346	0.0	3	169 62 57 58
82	190	0.0	3	87 30 34 39
83	196	0.0	3	86 26 39 45
84	169	0.0	3	88 26 27 28
85	109	0.0	3	56 17 15 21
86	82	0.0	3	43 15 10 14
87	96	0.0	3	43 23 13 17
88	58	0.0	3	27 10 8 13
89	72	0.0	3	36 6 17 13
90	32	0.0	3	15 5 4 8
91	32	0.0	3	16 7 3 6
92	45	0.0	3	29 8 3 5
93	10	0.0	3	2 3 2 3
94	8	0.0	3	3 1 1 3
95	6	0.0	3	1 1 1 3
96	5	0.0	3	1 2 0 2
97	6	0.0	3	0 0 3 3
98	15	0.0	3	3 1 4 7
99	18	0.0	3	2 3 5 8
100	257	0.0	3	3 113 120 21
101	6896	0.0	3	2878 3669 265 84
