This is cutadapt 3.5 with Python 3.6.8
Command line parameters: -o /home/lspencer/2022-redking-OA/trimmed/Tank_9_Crab_3.trimmed.R1.v2.fastq.gz -p /home/lspencer/2022-redking-OA/trimmed/Tank_9_Crab_3.trimmed.R2.v2.fastq.gz -a AGATCGGAAGAGCACACGTCTGAACTCCAGTCA -A AGATCGGAAGAGCGTCGTGTAGGGAAAGAGTGT -q 20,15 -m 50 --trim-n --cores=8 /share/nwfsc/ggoetz/red_king_crab/illumina/Tank_9_Crab_3_R1.fastq.gz /share/nwfsc/ggoetz/red_king_crab/illumina/Tank_9_Crab_3_R2.fastq.gz
Processing reads on 8 cores in paired-end mode ...
Finished in 564.49 s (8 us/read; 7.89 M reads/minute).

=== Summary ===

Total read pairs processed:         74,198,266
  Read 1 with adapter:               5,928,950 (8.0%)
  Read 2 with adapter:               5,610,476 (7.6%)

== Read fate breakdown ==
Pairs that were too short:             107,721 (0.1%)
Pairs written (passing filters):    74,090,545 (99.9%)

Total basepairs processed: 14,988,049,732 bp
  Read 1: 7,494,024,866 bp
  Read 2: 7,494,024,866 bp
Quality-trimmed:              26,407,586 bp (0.2%)
  Read 1:     6,258,377 bp
  Read 2:    20,149,209 bp
Total written (filtered):  14,814,742,323 bp (98.8%)
  Read 1: 7,411,684,559 bp
  Read 2: 7,403,057,764 bp

=== First read: Adapter 1 ===

Sequence: AGATCGGAAGAGCACACGTCTGAACTCCAGTCA; Type: regular 3'; Length: 33; Trimmed: 5928950 times

Minimum overlap: 3
No. of allowed errors:
1-9 bp: 0; 10-19 bp: 1; 20-29 bp: 2; 30-33 bp: 3

Bases preceding removed adapters:
  A: 28.0%
  C: 28.6%
  G: 32.6%
  T: 10.8%
  none/other: 0.0%

Overview of removed sequences
length	count	expect	max.err	error counts
3	1690949	1159347.9	0	1690949
4	541462	289837.0	0	541462
5	311550	72459.2	0	311550
6	252779	18114.8	0	252779
7	232613	4528.7	0	232613
8	209579	1132.2	0	209579
9	199107	283.0	0	196861 2246
10	183585	70.8	1	176225 7360
11	164509	17.7	1	158458 6051
12	155033	4.4	1	149522 5511
13	146660	1.1	1	141036 5624
14	138942	0.3	1	133791 5151
15	134775	0.1	1	128847 5928
16	129430	0.0	1	123880 5550
17	124687	0.0	1	118664 6023
18	116713	0.0	1	110915 5661 137
19	102493	0.0	1	97522 4823 148
20	93345	0.0	2	87476 5207 662
21	82644	0.0	2	77466 4645 533
22	74504	0.0	2	69597 4466 441
23	67254	0.0	2	62908 3932 414
24	65395	0.0	2	60642 4232 521
25	62165	0.0	2	57284 4315 566
26	58372	0.0	2	54193 3799 380
27	55902	0.0	2	51655 3797 421 29
28	53786	0.0	2	49267 3919 517 83
29	47268	0.0	2	43247 3534 451 36
30	43016	0.0	3	39260 3201 393 162
31	36333	0.0	3	33167 2784 298 84
32	32328	0.0	3	29295 2635 288 110
33	28463	0.0	3	25882 2238 242 101
34	26619	0.0	3	24023 2184 276 136
35	24915	0.0	3	22521 1912 347 135
36	23388	0.0	3	21211 1733 311 133
37	22277	0.0	3	20090 1657 351 179
38	21034	0.0	3	18895 1658 328 153
39	18916	0.0	3	17180 1390 237 109
40	17175	0.0	3	15532 1265 257 121
41	14701	0.0	3	13311 1124 216 50
42	13307	0.0	3	12040 953 198 116
43	11640	0.0	3	10471 901 178 90
44	10286	0.0	3	9259 775 176 76
45	9124	0.0	3	8199 724 145 56
46	8303	0.0	3	7432 663 135 73
47	7406	0.0	3	6653 574 125 54
48	7076	0.0	3	6326 543 138 69
49	6658	0.0	3	5952 545 92 69
50	6220	0.0	3	5517 536 111 56
51	7156	0.0	3	6497 485 111 63
52	3344	0.0	3	2958 271 69 46
53	3492	0.0	3	3115 276 57 44
54	3183	0.0	3	2856 254 48 25
55	2955	0.0	3	2588 239 73 55
56	2531	0.0	3	2262 180 54 35
57	2272	0.0	3	2028 164 53 27
58	2165	0.0	3	1896 179 51 39
59	2057	0.0	3	1794 189 38 36
60	1854	0.0	3	1627 146 43 38
61	1569	0.0	3	1334 137 59 39
62	1278	0.0	3	1053 135 50 40
63	1182	0.0	3	988 108 44 42
64	733	0.0	3	618 76 26 13
65	782	0.0	3	609 89 47 37
66	571	0.0	3	468 67 23 13
67	584	0.0	3	466 67 28 23
68	569	0.0	3	431 71 38 29
69	439	0.0	3	350 59 17 13
70	396	0.0	3	301 55 19 21
71	378	0.0	3	243 59 45 31
72	260	0.0	3	176 41 22 21
73	287	0.0	3	203 34 32 18
74	266	0.0	3	174 44 19 29
75	190	0.0	3	130 24 23 13
76	170	0.0	3	116 25 19 10
77	176	0.0	3	126 29 12 9
78	160	0.0	3	126 15 9 10
79	132	0.0	3	107 17 4 4
80	122	0.0	3	90 18 10 4
81	116	0.0	3	82 28 4 2
82	80	0.0	3	72 4 2 2
83	82	0.0	3	61 17 4
84	101	0.0	3	61 33 6 1
85	92	0.0	3	54 34 3 1
86	111	0.0	3	60 46 3 2
87	90	0.0	3	58 28 1 3
88	75	0.0	3	43 30 2
89	61	0.0	3	34 21 5 1
90	58	0.0	3	39 14 5
91	71	0.0	3	32 31 7 1
92	62	0.0	3	33 27 2
93	59	0.0	3	30 26 3
94	59	0.0	3	30 23 6
95	67	0.0	3	25 34 7 1
96	71	0.0	3	28 38 3 2
97	99	0.0	3	35 59 4 1
98	132	0.0	3	51 73 5 3
99	313	0.0	3	147 146 15 5
100	430	0.0	3	184 211 32 3
101	782	0.0	3	328 414 36 4


=== Second read: Adapter 2 ===

Sequence: AGATCGGAAGAGCGTCGTGTAGGGAAAGAGTGT; Type: regular 3'; Length: 33; Trimmed: 5610476 times

Minimum overlap: 3
No. of allowed errors:
1-9 bp: 0; 10-19 bp: 1; 20-29 bp: 2; 30-33 bp: 3

Bases preceding removed adapters:
  A: 21.8%
  C: 28.8%
  G: 30.1%
  T: 19.3%
  none/other: 0.0%

Overview of removed sequences
length	count	expect	max.err	error counts
3	1400459	1159347.9	0	1400459
4	513381	289837.0	0	513381
5	292852	72459.2	0	292852
6	246256	18114.8	0	246256
7	230685	4528.7	0	230685
8	210411	1132.2	0	210411
9	199688	283.0	0	197605 2083
10	182605	70.8	1	174729 7876
11	165152	17.7	1	158498 6654
12	157795	4.4	1	151584 6211
13	143911	1.1	1	138165 5746
14	151873	0.3	1	145339 6534
15	124385	0.1	1	118642 5743
16	129040	0.0	1	122671 6369
17	132276	0.0	1	125362 6914
18	106505	0.0	1	101320 4823 362
19	104232	0.0	1	98456 5610 166
20	92951	0.0	2	86678 5116 1157
21	81833	0.0	2	76347 4641 845
22	73991	0.0	2	68637 4446 908
23	68735	0.0	2	63678 4067 990
24	65662	0.0	2	60627 4166 869
25	60255	0.0	2	55744 3825 686
26	59544	0.0	2	54915 3736 893
27	57618	0.0	2	52471 4063 1066 18
28	53434	0.0	2	49017 3442 895 80
29	46990	0.0	2	42921 3378 662 29
30	52841	0.0	3	47657 3730 878 576
31	27343	0.0	3	24588 2047 424 284
32	36641	0.0	3	32457 2995 710 479
33	25303	0.0	3	22705 2056 320 222
34	27613	0.0	3	24334 2378 534 367
35	24550	0.0	3	21868 1768 535 379
36	23418	0.0	3	20853 1680 531 354
37	22783	0.0	3	20179 1577 596 431
38	21037	0.0	3	18741 1464 536 296
39	19783	0.0	3	17535 1422 543 283
40	17069	0.0	3	15098 1201 482 288
41	15541	0.0	3	13810 1091 395 245
42	13873	0.0	3	12120 1027 414 312
43	12007	0.0	3	10611 866 330 200
44	10739	0.0	3	9375 744 318 302
45	9802	0.0	3	8460 758 312 272
46	8879	0.0	3	7669 687 282 241
47	8032	0.0	3	6864 632 278 258
48	7570	0.0	3	6452 606 254 258
49	7334	0.0	3	6297 543 261 233
50	6588	0.0	3	5629 534 236 189
51	6010	0.0	3	5093 493 195 229
52	4935	0.0	3	4214 375 164 182
53	4476	0.0	3	3732 344 204 196
54	4408	0.0	3	3456 434 237 281
55	3001	0.0	3	2535 244 115 107
56	3180	0.0	3	2472 305 193 210
57	3347	0.0	3	2530 347 224 246
58	2510	0.0	3	1988 234 156 132
59	2350	0.0	3	1889 214 118 129
60	2679	0.0	3	1969 275 194 241
61	1971	0.0	3	1513 196 141 121
62	1676	0.0	3	1221 181 126 148
63	2144	0.0	3	1382 272 230 260
64	1254	0.0	3	830 149 120 155
65	1173	0.0	3	791 146 100 136
66	1031	0.0	3	675 118 110 128
67	1044	0.0	3	675 142 95 132
68	1036	0.0	3	634 133 116 153
69	907	0.0	3	567 127 101 112
70	846	0.0	3	517 105 105 119
71	803	0.0	3	440 125 109 129
72	719	0.0	3	373 112 121 113
73	738	0.0	3	374 113 127 124
74	692	0.0	3	379 92 103 118
75	601	0.0	3	323 82 103 93
76	558	0.0	3	325 87 67 79
77	490	0.0	3	280 60 61 89
78	427	0.0	3	242 67 47 71
79	343	0.0	3	181 58 53 51
80	358	0.0	3	206 61 53 38
81	248	0.0	3	132 43 32 41
82	212	0.0	3	119 33 26 34
83	167	0.0	3	92 27 20 28
84	156	0.0	3	69 34 19 34
85	107	0.0	3	51 22 12 22
86	111	0.0	3	51 25 18 17
87	84	0.0	3	38 20 10 16
88	76	0.0	3	32 16 11 17
89	75	0.0	3	36 22 5 12
90	67	0.0	3	31 23 6 7
91	63	0.0	3	22 33 1 7
92	50	0.0	3	19 21 5 5
93	44	0.0	3	20 20 3 1
94	55	0.0	3	25 27 3
95	61	0.0	3	22 35 2 2
96	75	0.0	3	23 40 6 6
97	119	0.0	3	48 51 13 7
98	177	0.0	3	81 76 10 10
99	335	0.0	3	124 195 9 7
100	466	0.0	3	187 236 32 11
101	756	0.0	3	318 393 30 15
