This is cutadapt 3.5 with Python 3.6.8
Command line parameters: -o /home/lspencer/2022-redking-OA/trimmed/Tank_10_Crab_2.trimmed.R1.v1.fastq.gz -p /home/lspencer/2022-redking-OA/trimmed/Tank_10_Crab_2.trimmed.R2.v1.fastq.gz -a AGATCGGAAGAGCACACGTCTGAACTCCAGTCA -A AGATCGGAAGAGCGTCGTGTAGGGAAAGAGTGT -q 15,10 -m 50 --trim-n --cores=8 /share/nwfsc/ggoetz/red_king_crab/illumina/Tank_10_Crab_2_R1.fastq.gz /share/nwfsc/ggoetz/red_king_crab/illumina/Tank_10_Crab_2_R2.fastq.gz
Processing reads on 8 cores in paired-end mode ...
Finished in 475.14 s (8 us/read; 7.80 M reads/minute).

=== Summary ===

Total read pairs processed:         61,795,018
  Read 1 with adapter:               7,388,209 (12.0%)
  Read 2 with adapter:               7,141,766 (11.6%)

== Read fate breakdown ==
Pairs that were too short:             165,163 (0.3%)
Pairs written (passing filters):    61,629,855 (99.7%)

Total basepairs processed: 12,482,593,636 bp
  Read 1: 6,241,296,818 bp
  Read 2: 6,241,296,818 bp
Quality-trimmed:               6,047,315 bp (0.0%)
  Read 1:       952,145 bp
  Read 2:     5,095,170 bp
Total written (filtered):  12,214,155,374 bp (97.8%)
  Read 1: 6,108,603,251 bp
  Read 2: 6,105,552,123 bp

=== First read: Adapter 1 ===

Sequence: AGATCGGAAGAGCACACGTCTGAACTCCAGTCA; Type: regular 3'; Length: 33; Trimmed: 7388209 times

Minimum overlap: 3
No. of allowed errors:
1-9 bp: 0; 10-19 bp: 1; 20-29 bp: 2; 30-33 bp: 3

Bases preceding removed adapters:
  A: 26.4%
  C: 35.5%
  G: 29.2%
  T: 8.6%
  none/other: 0.3%

Overview of removed sequences
length	count	expect	max.err	error counts
3	1383506	965547.2	0	1383506
4	463764	241386.8	0	463764
5	297652	60346.7	0	297652
6	248388	15086.7	0	248388
7	224587	3771.7	0	224587
8	210509	942.9	0	210509
9	195230	235.7	0	192973 2257
10	187970	58.9	1	179406 8564
11	178419	14.7	1	170523 7896
12	175371	3.7	1	167821 7550
13	176922	0.9	1	168777 8145
14	182764	0.2	1	174070 8694
15	186248	0.1	1	176129 10119
16	184452	0.0	1	174367 10085
17	179062	0.0	1	168706 10356
18	167422	0.0	1	157122 9910 390
19	153922	0.0	1	143860 9598 464
20	140362	0.0	2	130256 8931 1175
21	128711	0.0	2	118932 8617 1162
22	122439	0.0	2	113117 8421 901
23	121603	0.0	2	111986 8471 1146
24	123976	0.0	2	113446 9400 1130
25	127843	0.0	2	115834 10668 1341
26	129847	0.0	2	117379 11195 1273
27	127354	0.0	2	115283 10653 1326 92
28	119157	0.0	2	107277 10319 1313 248
29	108874	0.0	2	97564 9619 1282 409
30	97502	0.0	3	86729 9122 1146 505
31	87062	0.0	3	77311 8310 1144 297
32	79357	0.0	3	70082 7938 1025 312
33	74867	0.0	3	65873 7692 988 314
34	71942	0.0	3	63589 7213 875 265
35	72768	0.0	3	64283 6966 1188 331
36	73154	0.0	3	64716 7072 1031 335
37	71858	0.0	3	63440 6843 1175 400
38	70411	0.0	3	62352 6621 1084 354
39	65960	0.0	3	58417 6189 1022 332
40	60927	0.0	3	54202 5537 913 275
41	53286	0.0	3	47392 4773 837 284
42	47024	0.0	3	41588 4409 811 216
43	40629	0.0	3	36059 3834 547 189
44	34927	0.0	3	31007 3274 503 143
45	31360	0.0	3	27874 2894 439 153
46	28590	0.0	3	25351 2661 438 140
47	27751	0.0	3	24543 2616 458 134
48	27732	0.0	3	24720 2518 349 145
49	27224	0.0	3	24312 2426 383 103
50	25198	0.0	3	22465 2273 330 130
51	21569	0.0	3	19123 1996 331 119
52	18377	0.0	3	16277 1712 295 93
53	14781	0.0	3	13180 1294 241 66
54	12073	0.0	3	10717 1097 193 66
55	9944	0.0	3	8782 930 187 45
56	8343	0.0	3	7429 756 113 45
57	7912	0.0	3	7002 728 120 62
58	7848	0.0	3	7003 668 114 63
59	8164	0.0	3	7287 704 124 49
60	7554	0.0	3	6722 641 140 51
61	5936	0.0	3	5289 515 88 44
62	4898	0.0	3	4310 460 90 38
63	3804	0.0	3	3332 370 73 29
64	3031	0.0	3	2641 290 54 46
65	2476	0.0	3	2159 238 51 28
66	1956	0.0	3	1711 195 29 21
67	1610	0.0	3	1381 166 45 18
68	1615	0.0	3	1351 201 42 21
69	1488	0.0	3	1297 135 32 24
70	1199	0.0	3	1030 127 26 16
71	836	0.0	3	687 93 34 22
72	681	0.0	3	553 82 18 28
73	466	0.0	3	366 54 24 22
74	352	0.0	3	286 38 15 13
75	207	0.0	3	155 26 15 11
76	193	0.0	3	137 25 17 14
77	134	0.0	3	91 23 8 12
78	161	0.0	3	111 31 15 4
79	109	0.0	3	89 11 6 3
80	114	0.0	3	82 21 9 2
81	152	0.0	3	114 28 4 6
82	106	0.0	3	95 8 1 2
83	86	0.0	3	70 15 0 1
84	69	0.0	3	59 8 0 2
85	42	0.0	3	32 9 1
86	48	0.0	3	39 8 1
87	70	0.0	3	56 10 4
88	63	0.0	3	57 3 3
89	63	0.0	3	53 8 1 1
90	19	0.0	3	15 2 2
91	32	0.0	3	24 5 1 2
92	19	0.0	3	14 3 2
93	5	0.0	3	2 0 2 1
94	3	0.0	3	2 0 1
95	7	0.0	3	4 3
96	5	0.0	3	4 0 0 1
98	7	0.0	3	1 0 2 4
99	19	0.0	3	12 1 4 2
100	320	0.0	3	50 223 36 11
101	23360	0.0	3	20223 2752 328 57


=== Second read: Adapter 2 ===

Sequence: AGATCGGAAGAGCGTCGTGTAGGGAAAGAGTGT; Type: regular 3'; Length: 33; Trimmed: 7141766 times

Minimum overlap: 3
No. of allowed errors:
1-9 bp: 0; 10-19 bp: 1; 20-29 bp: 2; 30-33 bp: 3

Bases preceding removed adapters:
  A: 17.3%
  C: 29.0%
  G: 34.5%
  T: 18.9%
  none/other: 0.3%

Overview of removed sequences
length	count	expect	max.err	error counts
3	1166977	965547.2	0	1166977
4	443427	241386.8	0	443427
5	282949	60346.7	0	282949
6	241288	15086.7	0	241288
7	225388	3771.7	0	225388
8	212048	942.9	0	212048
9	196248	235.7	0	194023 2225
10	189780	58.9	1	180780 9000
11	179788	14.7	1	172070 7718
12	176303	3.7	1	169323 6980
13	177558	0.9	1	170067 7491
14	183781	0.2	1	175681 8100
15	186537	0.1	1	175637 10900
16	184476	0.0	1	174567 9909
17	179308	0.0	1	169633 9675
18	166576	0.0	1	155692 10507 377
19	153367	0.0	1	144071 8913 383
20	140166	0.0	2	129979 8133 2054
21	128515	0.0	2	118945 8069 1501
22	122443	0.0	2	113018 8013 1412
23	121604	0.0	2	112432 7648 1524
24	123930	0.0	2	114214 8309 1407
25	127809	0.0	2	117586 8794 1429
26	129669	0.0	2	118869 8878 1922
27	127086	0.0	2	115689 9334 2014 49
28	118421	0.0	2	107373 8606 2295 147
29	108415	0.0	2	98412 8472 1416 115
30	97309	0.0	3	87597 7589 1412 711
31	86855	0.0	3	77419 7484 1295 657
32	79297	0.0	3	70838 6818 1080 561
33	74641	0.0	3	66534 6619 993 495
34	71638	0.0	3	63767 6474 894 503
35	72623	0.0	3	64794 6358 932 539
36	73012	0.0	3	65223 5697 1015 1077
37	71680	0.0	3	64103 5491 936 1150
38	70155	0.0	3	63009 5143 881 1122
39	65689	0.0	3	58898 4758 853 1180
40	60651	0.0	3	54315 4645 786 905
41	53070	0.0	3	47611 3969 623 867
42	46860	0.0	3	42000 3537 589 734
43	40503	0.0	3	36305 3008 533 657
44	34911	0.0	3	31028 2877 469 537
45	31398	0.0	3	28004 2439 408 547
46	28619	0.0	3	25635 2147 403 434
47	27751	0.0	3	24945 1985 378 443
48	27700	0.0	3	24789 2051 383 477
49	27266	0.0	3	24277 2127 370 492
50	25283	0.0	3	22544 1936 351 452
51	21774	0.0	3	19361 1717 328 368
52	18500	0.0	3	16506 1412 268 314
53	14966	0.0	3	13243 1179 245 299
54	12305	0.0	3	10886 959 216 244
55	10184	0.0	3	8920 828 192 244
56	8596	0.0	3	7511 726 170 189
57	8193	0.0	3	7127 713 145 208
58	8129	0.0	3	7134 631 171 193
59	8513	0.0	3	7504 649 169 191
60	7835	0.0	3	6898 585 142 210
61	6312	0.0	3	5462 531 150 169
62	5252	0.0	3	4537 445 124 146
63	4191	0.0	3	3590 346 112 143
64	3410	0.0	3	2867 310 114 119
65	2851	0.0	3	2367 258 101 125
66	2324	0.0	3	1845 242 116 121
67	1988	0.0	3	1614 185 94 95
68	1938	0.0	3	1547 183 100 108
69	1854	0.0	3	1452 187 107 108
70	1542	0.0	3	1165 163 105 109
71	1157	0.0	3	855 131 76 95
72	936	0.0	3	694 114 68 60
73	726	0.0	3	502 84 70 70
74	646	0.0	3	411 81 77 77
75	492	0.0	3	287 86 62 57
76	466	0.0	3	241 89 59 77
77	358	0.0	3	194 58 59 47
78	376	0.0	3	195 68 45 68
79	259	0.0	3	133 46 38 42
80	233	0.0	3	135 30 30 38
81	281	0.0	3	129 47 50 55
82	212	0.0	3	126 37 22 27
83	145	0.0	3	80 28 15 22
84	152	0.0	3	89 24 15 24
85	106	0.0	3	55 23 13 15
86	81	0.0	3	49 16 9 7
87	121	0.0	3	71 24 8 18
88	89	0.0	3	63 12 7 7
89	89	0.0	3	57 10 10 12
90	36	0.0	3	20 6 3 7
91	39	0.0	3	32 5 0 2
92	27	0.0	3	15 3 5 4
93	10	0.0	3	6 1 2 1
94	8	0.0	3	3 2 1 2
95	13	0.0	3	5 4 1 3
96	11	0.0	3	4 2 3 2
97	9	0.0	3	1 1 2 5
98	4	0.0	3	1 1 0 2
99	25	0.0	3	6 3 7 9
100	736	0.0	3	45 575 91 25
101	22498	0.0	3	19385 2596 256 261
