This is cutadapt 3.5 with Python 3.6.8
Command line parameters: -o /home/lspencer/2022-redking-OA/trimmed/Tank_9_Crab_2.trimmed.R1.v2.fastq.gz -p /home/lspencer/2022-redking-OA/trimmed/Tank_9_Crab_2.trimmed.R2.v2.fastq.gz -a AGATCGGAAGAGCACACGTCTGAACTCCAGTCA -A AGATCGGAAGAGCGTCGTGTAGGGAAAGAGTGT -q 20,15 -m 50 --trim-n --cores=8 /share/nwfsc/ggoetz/red_king_crab/illumina/Tank_9_Crab_2_R1.fastq.gz /share/nwfsc/ggoetz/red_king_crab/illumina/Tank_9_Crab_2_R2.fastq.gz
Processing reads on 8 cores in paired-end mode ...
Finished in 390.41 s (8 us/read; 7.89 M reads/minute).

=== Summary ===

Total read pairs processed:         51,318,612
  Read 1 with adapter:               4,335,987 (8.4%)
  Read 2 with adapter:               4,099,926 (8.0%)

== Read fate breakdown ==
Pairs that were too short:              79,632 (0.2%)
Pairs written (passing filters):    51,238,980 (99.8%)

Total basepairs processed: 10,366,359,624 bp
  Read 1: 5,183,179,812 bp
  Read 2: 5,183,179,812 bp
Quality-trimmed:              19,437,120 bp (0.2%)
  Read 1:     4,589,690 bp
  Read 2:    14,847,430 bp
Total written (filtered):  10,238,532,627 bp (98.8%)
  Read 1: 5,122,145,555 bp
  Read 2: 5,116,387,072 bp

=== First read: Adapter 1 ===

Sequence: AGATCGGAAGAGCACACGTCTGAACTCCAGTCA; Type: regular 3'; Length: 33; Trimmed: 4335987 times

Minimum overlap: 3
No. of allowed errors:
1-9 bp: 0; 10-19 bp: 1; 20-29 bp: 2; 30-33 bp: 3

Bases preceding removed adapters:
  A: 27.9%
  C: 28.4%
  G: 32.9%
  T: 10.8%
  none/other: 0.0%

Overview of removed sequences
length	count	expect	max.err	error counts
3	1196342	801853.3	0	1196342
4	386454	200463.3	0	386454
5	225574	50115.8	0	225574
6	186684	12529.0	0	186684
7	174077	3132.2	0	174077
8	155579	783.1	0	155579
9	148633	195.8	0	146937 1696
10	137065	48.9	1	131352 5713
11	122927	12.2	1	118196 4731
12	115284	3.1	1	110700 4584
13	110523	0.8	1	105876 4647
14	103184	0.2	1	98753 4431
15	101043	0.0	1	96311 4732
16	96505	0.0	1	91917 4588
17	94574	0.0	1	89619 4955
18	87957	0.0	1	83438 4431 88
19	77572	0.0	1	73388 4042 142
20	70237	0.0	2	65741 3983 513
21	62445	0.0	2	58212 3740 493
22	56041	0.0	2	52149 3519 373
23	50949	0.0	2	47341 3195 413
24	49658	0.0	2	45756 3444 458
25	47167	0.0	2	43390 3310 467
26	44320	0.0	2	40936 3078 306
27	42450	0.0	2	38919 3129 378 24
28	40197	0.0	2	36626 3091 442 38
29	35823	0.0	2	32529 2889 353 52
30	32031	0.0	3	28935 2643 303 150
31	27905	0.0	3	25336 2216 275 78
32	24674	0.0	3	22219 2091 265 99
33	21312	0.0	3	19235 1794 200 83
34	19781	0.0	3	17713 1735 211 122
35	18408	0.0	3	16623 1488 233 64
36	17168	0.0	3	15433 1375 226 134
37	16805	0.0	3	15052 1329 242 182
38	15580	0.0	3	13952 1257 208 163
39	13731	0.0	3	12366 1043 181 141
40	12606	0.0	3	11239 1028 182 157
41	10935	0.0	3	9843 862 135 95
42	9748	0.0	3	8705 787 145 111
43	8395	0.0	3	7589 635 100 71
44	7220	0.0	3	6485 570 92 73
45	6410	0.0	3	5711 540 96 63
46	5638	0.0	3	5037 459 79 63
47	5326	0.0	3	4758 425 78 65
48	4980	0.0	3	4426 420 68 66
49	4678	0.0	3	4211 359 59 49
50	4281	0.0	3	3796 359 71 55
51	4893	0.0	3	4417 350 73 53
52	2223	0.0	3	1947 198 43 35
53	2366	0.0	3	2119 176 38 33
54	2146	0.0	3	1906 185 40 15
55	1870	0.0	3	1628 159 45 38
56	1576	0.0	3	1382 138 31 25
57	1502	0.0	3	1311 115 43 33
58	1365	0.0	3	1194 117 32 22
59	1300	0.0	3	1124 118 35 23
60	1142	0.0	3	992 99 28 23
61	942	0.0	3	795 88 36 23
62	808	0.0	3	665 83 33 27
63	742	0.0	3	608 82 28 24
64	428	0.0	3	353 37 23 15
65	489	0.0	3	379 63 24 23
66	380	0.0	3	314 42 13 11
67	327	0.0	3	263 39 14 11
68	348	0.0	3	255 47 19 27
69	260	0.0	3	198 36 14 12
70	261	0.0	3	196 24 29 12
71	236	0.0	3	156 27 35 18
72	202	0.0	3	146 26 20 10
73	197	0.0	3	137 33 18 9
74	199	0.0	3	134 31 21 13
75	135	0.0	3	81 36 8 10
76	142	0.0	3	107 15 9 11
77	140	0.0	3	99 23 14 4
78	111	0.0	3	88 6 9 8
79	123	0.0	3	99 13 5 6
80	76	0.0	3	54 9 7 6
81	74	0.0	3	54 13 4 3
82	62	0.0	3	56 3 2 1
83	80	0.0	3	68 10 2
84	76	0.0	3	52 20 3 1
85	66	0.0	3	44 18 3 1
86	57	0.0	3	32 25
87	66	0.0	3	44 22
88	66	0.0	3	41 20 5
89	62	0.0	3	36 24 1 1
90	48	0.0	3	27 20 1
91	49	0.0	3	23 20 4 2
92	51	0.0	3	31 14 4 2
93	48	0.0	3	23 23 1 1
94	48	0.0	3	23 22 3
95	47	0.0	3	21 23 1 2
96	42	0.0	3	23 17 2
97	66	0.0	3	28 30 6 2
98	98	0.0	3	39 52 7
99	238	0.0	3	115 108 11 4
100	334	0.0	3	156 154 21 3
101	504	0.0	3	212 269 21 2


=== Second read: Adapter 2 ===

Sequence: AGATCGGAAGAGCGTCGTGTAGGGAAAGAGTGT; Type: regular 3'; Length: 33; Trimmed: 4099926 times

Minimum overlap: 3
No. of allowed errors:
1-9 bp: 0; 10-19 bp: 1; 20-29 bp: 2; 30-33 bp: 3

Bases preceding removed adapters:
  A: 22.4%
  C: 28.9%
  G: 29.7%
  T: 18.9%
  none/other: 0.0%

Overview of removed sequences
length	count	expect	max.err	error counts
3	994120	801853.3	0	994120
4	365842	200463.3	0	365842
5	213942	50115.8	0	213942
6	181183	12529.0	0	181183
7	171239	3132.2	0	171239
8	155436	783.1	0	155436
9	148332	195.8	0	146590 1742
10	135317	48.9	1	129005 6312
11	123697	12.2	1	117977 5720
12	117664	3.1	1	112389 5275
13	107703	0.8	1	102711 4992
14	114199	0.2	1	108443 5756
15	91504	0.0	1	86522 4982
16	95631	0.0	1	89773 5858
17	105849	0.0	1	99265 6584
18	73463	0.0	1	69116 3919 428
19	82170	0.0	1	76617 5423 130
20	65898	0.0	2	60942 4142 814
21	60512	0.0	2	55826 3914 772
22	55609	0.0	2	50917 3853 839
23	51720	0.0	2	47267 3655 798
24	49851	0.0	2	45385 3714 752
25	45141	0.0	2	41429 3141 571
26	44642	0.0	2	40533 3346 763
27	42943	0.0	2	38724 3264 942 13
28	39412	0.0	2	35683 2904 758 67
29	35221	0.0	2	31692 2932 569 28
30	37082	0.0	3	32745 3112 751 474
31	23001	0.0	3	20666 1818 335 182
32	24904	0.0	3	21706 2307 528 363
33	21400	0.0	3	19005 1871 334 190
34	20044	0.0	3	17638 1859 325 222
35	18366	0.0	3	16212 1659 298 197
36	17582	0.0	3	15321 1642 317 302
37	16722	0.0	3	14858 1441 261 162
38	15155	0.0	3	13344 1397 251 163
39	14226	0.0	3	12531 1272 253 170
40	13536	0.0	3	11808 1228 293 207
41	10523	0.0	3	9302 934 162 125
42	11084	0.0	3	9526 1071 279 208
43	7566	0.0	3	6684 681 107 94
44	7702	0.0	3	6570 742 214 176
45	6751	0.0	3	5807 671 161 112
46	6074	0.0	3	5164 628 155 127
47	5692	0.0	3	4794 570 161 167
48	5302	0.0	3	4533 483 154 132
49	5097	0.0	3	4314 525 144 114
50	4501	0.0	3	3781 453 145 122
51	4012	0.0	3	3415 409 103 85
52	3307	0.0	3	2799 339 92 77
53	3035	0.0	3	2488 321 122 104
54	2983	0.0	3	2355 341 150 137
55	1916	0.0	3	1580 205 81 50
56	1982	0.0	3	1489 246 125 122
57	2294	0.0	3	1662 328 168 136
58	1576	0.0	3	1234 177 77 88
59	1485	0.0	3	1196 159 70 60
60	1734	0.0	3	1209 256 148 121
61	1253	0.0	3	930 168 91 64
62	1107	0.0	3	779 170 85 73
63	1389	0.0	3	859 246 157 127
64	841	0.0	3	517 155 95 74
65	773	0.0	3	499 130 87 57
66	663	0.0	3	440 118 60 45
67	676	0.0	3	408 113 91 64
68	711	0.0	3	416 137 79 79
69	585	0.0	3	348 121 51 65
70	558	0.0	3	326 104 60 68
71	528	0.0	3	289 114 73 52
72	505	0.0	3	286 89 78 52
73	471	0.0	3	256 102 59 54
74	471	0.0	3	267 102 51 51
75	417	0.0	3	229 78 63 47
76	430	0.0	3	231 81 64 54
77	342	0.0	3	190 68 42 42
78	290	0.0	3	141 64 44 41
79	251	0.0	3	145 45 30 31
80	248	0.0	3	134 47 37 30
81	170	0.0	3	112 30 18 10
82	157	0.0	3	87 33 21 16
83	151	0.0	3	81 33 17 20
84	112	0.0	3	58 25 17 12
85	88	0.0	3	49 17 10 12
86	79	0.0	3	36 20 10 13
87	66	0.0	3	33 19 10 4
88	61	0.0	3	34 17 3 7
89	46	0.0	3	18 18 5 5
90	42	0.0	3	24 10 6 2
91	40	0.0	3	19 15 3 3
92	37	0.0	3	14 17 4 2
93	46	0.0	3	22 22 2
94	33	0.0	3	11 19 1 2
95	43	0.0	3	20 18 3 2
96	57	0.0	3	20 30 4 3
97	81	0.0	3	31 38 8 4
98	103	0.0	3	45 43 10 5
99	202	0.0	3	87 95 18 2
100	357	0.0	3	147 188 21 1
101	572	0.0	3	272 270 24 6
