This is cutadapt 3.5 with Python 3.6.8
Command line parameters: -o /home/lspencer/2022-redking-OA/trimmed/Tank_7_Crab_3.trimmed.R1.v2.fastq.gz -p /home/lspencer/2022-redking-OA/trimmed/Tank_7_Crab_3.trimmed.R2.v2.fastq.gz -a AGATCGGAAGAGCACACGTCTGAACTCCAGTCA -A AGATCGGAAGAGCGTCGTGTAGGGAAAGAGTGT -q 20,15 -m 50 --trim-n --cores=8 /share/nwfsc/ggoetz/red_king_crab/illumina/Tank_7_Crab_3_R1.fastq.gz /share/nwfsc/ggoetz/red_king_crab/illumina/Tank_7_Crab_3_R2.fastq.gz
Processing reads on 8 cores in paired-end mode ...
Finished in 418.17 s (8 us/read; 7.94 M reads/minute).

=== Summary ===

Total read pairs processed:         55,366,621
  Read 1 with adapter:               4,962,097 (9.0%)
  Read 2 with adapter:               4,749,819 (8.6%)

== Read fate breakdown ==
Pairs that were too short:              80,145 (0.1%)
Pairs written (passing filters):    55,286,476 (99.9%)

Total basepairs processed: 11,184,057,442 bp
  Read 1: 5,592,028,721 bp
  Read 2: 5,592,028,721 bp
Quality-trimmed:              17,745,916 bp (0.2%)
  Read 1:     4,473,927 bp
  Read 2:    13,271,989 bp
Total written (filtered):  11,039,751,253 bp (98.7%)
  Read 1: 5,522,427,829 bp
  Read 2: 5,517,323,424 bp

=== First read: Adapter 1 ===

Sequence: AGATCGGAAGAGCACACGTCTGAACTCCAGTCA; Type: regular 3'; Length: 33; Trimmed: 4962097 times

Minimum overlap: 3
No. of allowed errors:
1-9 bp: 0; 10-19 bp: 1; 20-29 bp: 2; 30-33 bp: 3

Bases preceding removed adapters:
  A: 27.4%
  C: 29.1%
  G: 33.3%
  T: 10.1%
  none/other: 0.0%

Overview of removed sequences
length	count	expect	max.err	error counts
3	1273195	865103.5	0	1273195
4	436959	216275.9	0	436959
5	259915	54069.0	0	259915
6	217813	13517.2	0	217813
7	201201	3379.3	0	201201
8	181231	844.8	0	181231
9	172870	211.2	0	171090 1780
10	161038	52.8	1	154698 6340
11	146738	13.2	1	141241 5497
12	138351	3.3	1	133504 4847
13	131897	0.8	1	126732 5165
14	123227	0.2	1	118317 4910
15	120157	0.1	1	114636 5521
16	114790	0.0	1	109204 5586
17	111327	0.0	1	105793 5534
18	102785	0.0	1	97569 5099 117
19	91741	0.0	1	86936 4647 158
20	82856	0.0	2	77654 4676 526
21	74815	0.0	2	69731 4567 517
22	67140	0.0	2	62490 4185 465
23	61963	0.0	2	57616 3928 419
24	59453	0.0	2	54814 4164 475
25	55817	0.0	2	51220 4089 508
26	53067	0.0	2	48819 3897 351
27	50580	0.0	2	46379 3766 409 26
28	47995	0.0	2	43791 3649 484 71
29	42443	0.0	2	38620 3303 462 58
30	38123	0.0	3	34598 3037 368 120
31	32644	0.0	3	29628 2639 300 77
32	29510	0.0	3	26557 2516 327 110
33	25961	0.0	3	23387 2238 262 74
34	23899	0.0	3	21516 2025 268 90
35	21958	0.0	3	19736 1809 330 83
36	20998	0.0	3	18767 1773 318 140
37	19621	0.0	3	17562 1655 287 117
38	18600	0.0	3	16640 1550 310 100
39	16674	0.0	3	15050 1292 224 108
40	14871	0.0	3	13390 1158 233 90
41	13312	0.0	3	11891 1107 248 66
42	11281	0.0	3	10164 885 153 79
43	10225	0.0	3	9158 846 151 70
44	8603	0.0	3	7670 743 137 53
45	7984	0.0	3	7203 611 115 55
46	7086	0.0	3	6384 541 110 51
47	6536	0.0	3	5824 541 123 48
48	6037	0.0	3	5411 501 96 29
49	5853	0.0	3	5267 453 92 41
50	5277	0.0	3	4683 466 96 32
51	6029	0.0	3	5446 421 118 44
52	2573	0.0	3	2271 222 51 29
53	3061	0.0	3	2724 251 49 37
54	2629	0.0	3	2350 207 51 21
55	2409	0.0	3	2105 209 56 39
56	2066	0.0	3	1810 181 37 38
57	1833	0.0	3	1615 169 29 20
58	1744	0.0	3	1528 154 36 26
59	1664	0.0	3	1492 124 34 14
60	1514	0.0	3	1305 150 39 20
61	1239	0.0	3	1069 119 33 18
62	1095	0.0	3	944 104 23 24
63	919	0.0	3	784 90 23 22
64	564	0.0	3	461 57 27 19
65	592	0.0	3	466 66 34 26
66	433	0.0	3	360 38 18 17
67	396	0.0	3	326 44 10 16
68	421	0.0	3	317 56 31 17
69	308	0.0	3	256 32 13 7
70	306	0.0	3	232 46 13 15
71	263	0.0	3	187 43 12 21
72	185	0.0	3	147 19 11 8
73	189	0.0	3	131 35 11 12
74	177	0.0	3	121 30 12 14
75	115	0.0	3	80 21 6 8
76	113	0.0	3	77 23 9 4
77	106	0.0	3	76 15 11 4
78	95	0.0	3	64 16 8 7
79	87	0.0	3	75 8 3 1
80	74	0.0	3	61 11 1 1
81	87	0.0	3	72 10 4 1
82	61	0.0	3	48 7 2 4
83	45	0.0	3	41 3 0 1
84	66	0.0	3	46 17 1 2
85	60	0.0	3	45 12 2 1
86	71	0.0	3	47 21 3
87	61	0.0	3	39 18 4
88	62	0.0	3	33 25 3 1
89	70	0.0	3	44 25 1
90	56	0.0	3	33 19 4
91	48	0.0	3	32 15 1
92	56	0.0	3	30 23 2 1
93	50	0.0	3	29 19 2
94	62	0.0	3	35 24 3
95	54	0.0	3	35 16 3
96	55	0.0	3	25 26 3 1
97	96	0.0	3	54 34 6 2
98	147	0.0	3	69 70 5 3
99	264	0.0	3	144 109 11
100	384	0.0	3	179 183 18 4
101	626	0.0	3	336 249 36 5


=== Second read: Adapter 2 ===

Sequence: AGATCGGAAGAGCGTCGTGTAGGGAAAGAGTGT; Type: regular 3'; Length: 33; Trimmed: 4749819 times

Minimum overlap: 3
No. of allowed errors:
1-9 bp: 0; 10-19 bp: 1; 20-29 bp: 2; 30-33 bp: 3

Bases preceding removed adapters:
  A: 21.3%
  C: 29.1%
  G: 31.1%
  T: 18.5%
  none/other: 0.0%

Overview of removed sequences
length	count	expect	max.err	error counts
3	1086002	865103.5	0	1086002
4	412321	216275.9	0	412321
5	247678	54069.0	0	247678
6	210923	13517.2	0	210923
7	198847	3379.3	0	198847
8	181896	844.8	0	181896
9	173362	211.2	0	170951 2411
10	159744	52.8	1	152984 6760
11	147506	13.2	1	141725 5781
12	140791	3.3	1	135009 5782
13	128734	0.8	1	123043 5691
14	134688	0.2	1	128405 6283
15	111514	0.1	1	105895 5619
16	114510	0.0	1	108194 6316
17	121243	0.0	1	114398 6845
18	91403	0.0	1	86159 4782 462
19	96115	0.0	1	90174 5766 175
20	80327	0.0	2	74606 4913 808
21	73470	0.0	2	68238 4593 639
22	67084	0.0	2	62114 4343 627
23	62942	0.0	2	58044 4192 706
24	59636	0.0	2	54727 4190 719
25	54810	0.0	2	50546 3732 532
26	53606	0.0	2	49122 3762 722
27	51900	0.0	2	47196 3841 854 9
28	47150	0.0	2	42974 3350 762 64
29	42303	0.0	2	38394 3337 552 20
30	41334	0.0	3	36937 3307 700 390
31	30436	0.0	3	27525 2360 378 173
32	30482	0.0	3	27135 2623 489 235
33	25911	0.0	3	23221 2201 322 167
34	23778	0.0	3	21092 2140 343 203
35	22672	0.0	3	20133 1995 350 194
36	20733	0.0	3	18545 1736 279 173
37	20368	0.0	3	18041 1788 339 200
38	18961	0.0	3	16794 1731 267 169
39	16752	0.0	3	15054 1391 202 105
40	16026	0.0	3	14180 1394 288 164
41	12833	0.0	3	11433 1091 200 109
42	12015	0.0	3	10607 998 247 163
43	10320	0.0	3	9178 877 163 102
44	8981	0.0	3	7797 840 200 144
45	8435	0.0	3	7402 754 174 105
46	7514	0.0	3	6539 721 159 95
47	7032	0.0	3	6094 644 172 122
48	6382	0.0	3	5538 598 132 114
49	6370	0.0	3	5507 616 155 92
50	5561	0.0	3	4793 550 126 92
51	4776	0.0	3	4127 455 112 82
52	4094	0.0	3	3498 425 102 69
53	3836	0.0	3	3239 370 119 108
54	3507	0.0	3	2860 389 162 96
55	2476	0.0	3	2101 253 73 49
56	2539	0.0	3	2022 282 134 101
57	2620	0.0	3	2059 309 139 113
58	1966	0.0	3	1600 225 75 66
59	1900	0.0	3	1571 207 76 46
60	2068	0.0	3	1561 265 131 111
61	1582	0.0	3	1253 206 69 54
62	1399	0.0	3	1099 172 68 60
63	1566	0.0	3	1065 246 139 116
64	937	0.0	3	651 131 77 78
65	885	0.0	3	607 139 73 66
66	778	0.0	3	536 108 75 59
67	766	0.0	3	526 124 65 51
68	750	0.0	3	491 115 73 71
69	684	0.0	3	437 124 64 59
70	621	0.0	3	412 91 69 49
71	563	0.0	3	335 102 70 56
72	524	0.0	3	313 92 52 67
73	474	0.0	3	281 95 47 51
74	472	0.0	3	291 93 50 38
75	357	0.0	3	202 67 46 42
76	414	0.0	3	223 97 49 45
77	321	0.0	3	182 54 52 33
78	304	0.0	3	173 54 40 37
79	269	0.0	3	138 48 38 45
80	209	0.0	3	137 30 23 19
81	208	0.0	3	127 36 21 24
82	137	0.0	3	73 27 18 19
83	100	0.0	3	52 29 13 6
84	107	0.0	3	57 29 10 11
85	94	0.0	3	40 32 15 7
86	84	0.0	3	46 21 6 11
87	71	0.0	3	37 19 10 5
88	57	0.0	3	35 13 2 7
89	62	0.0	3	25 22 10 5
90	57	0.0	3	27 21 6 3
91	38	0.0	3	21 11 4 2
92	40	0.0	3	17 21 2
93	45	0.0	3	25 14 3 3
94	53	0.0	3	26 21 2 4
95	36	0.0	3	22 11 2 1
96	58	0.0	3	38 14 4 2
97	98	0.0	3	46 43 4 5
98	133	0.0	3	65 58 5 5
99	225	0.0	3	119 90 13 3
100	390	0.0	3	217 149 21 3
101	668	0.0	3	370 263 23 12
