This is cutadapt 3.5 with Python 3.6.8
Command line parameters: -o /home/lspencer/2022-redking-OA/trimmed/Tank_16_Crab_1.trimmed.R1.v1.fastq.gz -p /home/lspencer/2022-redking-OA/trimmed/Tank_16_Crab_1.trimmed.R2.v1.fastq.gz -a AGATCGGAAGAGCACACGTCTGAACTCCAGTCA -A AGATCGGAAGAGCGTCGTGTAGGGAAAGAGTGT -q 15,10 -m 50 --trim-n --cores=8 /share/nwfsc/ggoetz/red_king_crab/illumina/Tank_16_Crab_1_R1.fastq.gz /share/nwfsc/ggoetz/red_king_crab/illumina/Tank_16_Crab_1_R2.fastq.gz
Processing reads on 8 cores in paired-end mode ...
Finished in 530.41 s (8 us/read; 7.86 M reads/minute).

=== Summary ===

Total read pairs processed:         69,512,525
  Read 1 with adapter:               5,864,037 (8.4%)
  Read 2 with adapter:               5,555,382 (8.0%)

== Read fate breakdown ==
Pairs that were too short:              63,736 (0.1%)
Pairs written (passing filters):    69,448,789 (99.9%)

Total basepairs processed: 14,041,530,050 bp
  Read 1: 7,020,765,025 bp
  Read 2: 7,020,765,025 bp
Quality-trimmed:               6,170,804 bp (0.0%)
  Read 1:     1,099,898 bp
  Read 2:     5,070,906 bp
Total written (filtered):  13,889,621,921 bp (98.9%)
  Read 1: 6,946,389,305 bp
  Read 2: 6,943,232,616 bp

=== First read: Adapter 1 ===

Sequence: AGATCGGAAGAGCACACGTCTGAACTCCAGTCA; Type: regular 3'; Length: 33; Trimmed: 5864037 times

Minimum overlap: 3
No. of allowed errors:
1-9 bp: 0; 10-19 bp: 1; 20-29 bp: 2; 30-33 bp: 3

Bases preceding removed adapters:
  A: 27.8%
  C: 27.9%
  G: 33.7%
  T: 10.6%
  none/other: 0.1%

Overview of removed sequences
length	count	expect	max.err	error counts
3	1631811	1086133.2	0	1631811
4	520164	271533.3	0	520164
5	300412	67883.3	0	300412
6	246411	16970.8	0	246411
7	224299	4242.7	0	224299
8	204763	1060.7	0	204763
9	189759	265.2	0	187645 2114
10	176272	66.3	1	168730 7542
11	161459	16.6	1	154977 6482
12	150921	4.1	1	145127 5794
13	143832	1.0	1	138057 5775
14	137558	0.3	1	131733 5825
15	134416	0.1	1	128370 6046
16	131513	0.0	1	125183 6330
17	125476	0.0	1	119278 6198
18	116733	0.0	1	110770 5743 220
19	106236	0.0	1	100510 5482 244
20	93524	0.0	2	87755 5040 729
21	83322	0.0	2	77753 4877 692
22	75206	0.0	2	70095 4551 560
23	69433	0.0	2	64445 4417 571
24	66823	0.0	2	61685 4579 559
25	64065	0.0	2	58919 4573 573
26	62481	0.0	2	57505 4469 507
27	59531	0.0	2	54810 4110 564 47
28	56780	0.0	2	51980 4179 516 105
29	50644	0.0	2	46323 3697 481 143
30	45260	0.0	3	41186 3425 421 228
31	39484	0.0	3	35764 3175 397 148
32	34480	0.0	3	31110 2882 367 121
33	30850	0.0	3	27735 2655 346 114
34	28483	0.0	3	25645 2410 303 125
35	26577	0.0	3	24068 2099 290 120
36	25858	0.0	3	23293 1973 356 236
37	24754	0.0	3	22335 1873 317 229
38	23357	0.0	3	21096 1733 269 259
39	21548	0.0	3	19485 1582 271 210
40	19241	0.0	3	17417 1436 205 183
41	17326	0.0	3	15521 1393 217 195
42	15242	0.0	3	13771 1125 174 172
43	13346	0.0	3	12071 1001 157 117
44	11581	0.0	3	10493 826 144 118
45	10108	0.0	3	9069 798 138 103
46	9269	0.0	3	8306 733 143 87
47	8345	0.0	3	7513 625 114 93
48	8064	0.0	3	7242 609 133 80
49	7728	0.0	3	6951 597 88 92
50	7156	0.0	3	6400 562 116 78
51	6237	0.0	3	5586 488 90 73
52	5550	0.0	3	4945 446 82 77
53	4651	0.0	3	4188 341 67 55
54	3864	0.0	3	3418 308 76 62
55	3179	0.0	3	2842 243 51 43
56	2803	0.0	3	2457 243 50 53
57	2663	0.0	3	2320 244 56 43
58	2396	0.0	3	2100 181 77 38
59	2340	0.0	3	2012 231 52 45
60	2114	0.0	3	1832 192 55 35
61	1874	0.0	3	1641 145 48 40
62	1530	0.0	3	1303 154 46 27
63	1217	0.0	3	1029 121 40 27
64	1018	0.0	3	828 114 33 43
65	803	0.0	3	665 77 39 22
66	747	0.0	3	607 83 32 25
67	578	0.0	3	468 59 27 24
68	594	0.0	3	470 61 34 29
69	551	0.0	3	422 76 30 23
70	486	0.0	3	385 50 29 22
71	364	0.0	3	270 47 28 19
72	361	0.0	3	256 45 28 32
73	314	0.0	3	227 37 23 27
74	295	0.0	3	201 42 24 28
75	302	0.0	3	181 65 35 21
76	262	0.0	3	174 42 29 17
77	186	0.0	3	119 38 15 14
78	187	0.0	3	120 35 19 13
79	150	0.0	3	117 16 8 9
80	134	0.0	3	107 17 6 4
81	173	0.0	3	129 33 5 6
82	110	0.0	3	92 12 5 1
83	68	0.0	3	50 15 1 2
84	81	0.0	3	68 12 1
85	43	0.0	3	37 6
86	46	0.0	3	41 5
87	33	0.0	3	27 6
88	26	0.0	3	23 2 1
89	31	0.0	3	27 3 1
90	17	0.0	3	15 2
91	10	0.0	3	8 2
92	10	0.0	3	10
93	2	0.0	3	2
94	3	0.0	3	0 2 1
95	2	0.0	3	2
97	2	0.0	3	2
98	3	0.0	3	1 1 0 1
99	9	0.0	3	5 1 2 1
100	51	0.0	3	6 21 20 4
101	3666	0.0	3	1679 1830 138 19


=== Second read: Adapter 2 ===

Sequence: AGATCGGAAGAGCGTCGTGTAGGGAAAGAGTGT; Type: regular 3'; Length: 33; Trimmed: 5555382 times

Minimum overlap: 3
No. of allowed errors:
1-9 bp: 0; 10-19 bp: 1; 20-29 bp: 2; 30-33 bp: 3

Bases preceding removed adapters:
  A: 22.1%
  C: 28.6%
  G: 30.1%
  T: 19.1%
  none/other: 0.1%

Overview of removed sequences
length	count	expect	max.err	error counts
3	1351886	1086133.2	0	1351886
4	490932	271533.3	0	490932
5	284867	67883.3	0	284867
6	238942	16970.8	0	238942
7	222906	4242.7	0	222906
8	204463	1060.7	0	204463
9	188729	265.2	0	186516 2213
10	176775	66.3	1	167871 8904
11	161646	16.6	1	154269 7377
12	151067	4.1	1	144352 6715
13	143895	1.0	1	136420 7475
14	137883	0.3	1	130890 6993
15	134097	0.1	1	125773 8324
16	131108	0.0	1	123032 8076
17	125178	0.0	1	117453 7725
18	116096	0.0	1	108254 7242 600
19	105855	0.0	1	98721 6832 302
20	93614	0.0	2	86234 6066 1314
21	83418	0.0	2	76752 5624 1042
22	75487	0.0	2	69220 5322 945
23	69726	0.0	2	64039 4705 982
24	67093	0.0	2	61351 4895 847
25	64237	0.0	2	58627 4786 824
26	62652	0.0	2	57116 4589 947
27	59725	0.0	2	54125 4566 1024 10
28	56717	0.0	2	51125 4367 1126 99
29	50770	0.0	2	45745 4212 739 74
30	45691	0.0	3	40821 3675 759 436
31	39820	0.0	3	34942 3726 754 398
32	34888	0.0	3	30843 3172 547 326
33	31209	0.0	3	27444 2952 519 294
34	28809	0.0	3	25428 2612 472 297
35	26985	0.0	3	23773 2157 647 408
36	26198	0.0	3	23214 2002 612 370
37	25216	0.0	3	22130 2111 598 377
38	23832	0.0	3	20864 1999 578 391
39	22065	0.0	3	19454 1735 542 334
40	19745	0.0	3	17232 1608 551 354
41	17906	0.0	3	15662 1467 468 309
42	15819	0.0	3	13779 1311 416 313
43	13919	0.0	3	12112 1151 371 285
44	12157	0.0	3	10529 1005 316 307
45	10678	0.0	3	9227 879 288 284
46	9880	0.0	3	8482 823 315 260
47	8892	0.0	3	7599 779 274 240
48	8587	0.0	3	7368 729 253 237
49	8276	0.0	3	7127 694 260 195
50	7719	0.0	3	6564 670 252 233
51	6852	0.0	3	5799 596 255 202
52	6041	0.0	3	5112 536 208 185
53	5241	0.0	3	4338 511 201 191
54	4395	0.0	3	3630 408 190 167
55	3825	0.0	3	3032 386 200 207
56	3341	0.0	3	2649 340 172 180
57	3243	0.0	3	2603 309 155 176
58	2926	0.0	3	2299 298 174 155
59	2887	0.0	3	2252 311 170 154
60	2634	0.0	3	2064 256 159 155
61	2423	0.0	3	1857 238 178 150
62	2086	0.0	3	1569 233 141 143
63	1743	0.0	3	1251 219 128 145
64	1550	0.0	3	1082 189 129 150
65	1332	0.0	3	896 185 117 134
66	1281	0.0	3	837 166 127 151
67	1081	0.0	3	708 142 127 104
68	1092	0.0	3	685 160 116 131
69	1049	0.0	3	658 148 110 133
70	988	0.0	3	592 145 120 131
71	880	0.0	3	496 146 111 127
72	831	0.0	3	455 134 97 145
73	764	0.0	3	448 99 96 121
74	732	0.0	3	388 118 113 113
75	663	0.0	3	326 122 84 131
76	633	0.0	3	349 90 87 107
77	513	0.0	3	298 61 78 76
78	455	0.0	3	249 67 63 76
79	382	0.0	3	208 54 48 72
80	331	0.0	3	180 50 44 57
81	314	0.0	3	139 62 54 59
82	254	0.0	3	130 42 27 55
83	156	0.0	3	89 17 22 28
84	182	0.0	3	94 30 25 33
85	136	0.0	3	58 24 21 33
86	111	0.0	3	56 24 13 18
87	84	0.0	3	40 14 10 20
88	67	0.0	3	34 8 13 12
89	81	0.0	3	43 10 14 14
90	46	0.0	3	17 8 8 13
91	29	0.0	3	19 3 2 5
92	27	0.0	3	12 4 4 7
93	8	0.0	3	3 0 1 4
94	6	0.0	3	0 1 0 5
95	11	0.0	3	4 0 1 6
96	9	0.0	3	2 2 1 4
97	9	0.0	3	1 1 5 2
98	8	0.0	3	1 2 0 5
99	4	0.0	3	1 2 0 1
100	120	0.0	3	1 59 53 7
101	3471	0.0	3	1581 1699 148 43
