[2022-05-09 10:57:17.090] [jointLog] [info] setting maxHashResizeThreads to 20
[2022-05-09 10:57:17.090] [jointLog] [info] Fragment incompatibility prior below threshold.  Incompatible fragments will be ignored.
[2022-05-09 10:57:17.090] [jointLog] [info] Usage of --validateMappings implies use of minScoreFraction. Since not explicitly specified, it is being set to 0.65
[2022-05-09 10:57:17.090] [jointLog] [info] Setting consensusSlack to selective-alignment default of 0.35.
[2022-05-09 10:57:17.090] [jointLog] [info] parsing read library format
[2022-05-09 10:57:17.090] [jointLog] [info] There is 1 library.
[2022-05-09 10:57:17.129] [jointLog] [info] Loading pufferfish index
[2022-05-09 10:57:17.129] [jointLog] [info] Loading dense pufferfish index.
[2022-05-09 10:57:17.258] [jointLog] [info] done
[2022-05-09 10:57:17.259] [jointLog] [info] Index contained 28,097 targets
[2022-05-09 10:57:17.454] [jointLog] [info] Number of decoys : 0
[2022-05-09 10:57:18.736] [jointLog] [info] Automatically detected most likely library type as IU

[2022-05-09 10:59:36.621] [fileLog] [info] 
At end of round 0
==================
Observed 47243450 total fragments (47243450 in most recent round)

[2022-05-09 10:59:36.620] [jointLog] [info] Computed 33,953 rich equivalence classes for further processing
[2022-05-09 10:59:36.620] [jointLog] [info] Counted 9,857,299 total reads in the equivalence classes 
[2022-05-09 10:59:36.625] [jointLog] [info] Number of mappings discarded because of alignment score : 24,406,245
[2022-05-09 10:59:36.625] [jointLog] [info] Number of fragments entirely discarded because of alignment score : 4,447,722
[2022-05-09 10:59:36.625] [jointLog] [info] Number of fragments discarded because they are best-mapped to decoys : 0
[2022-05-09 10:59:36.625] [jointLog] [info] Number of fragments discarded because they have only dovetail (discordant) mappings to valid targets : 344,650
[2022-05-09 10:59:36.625] [jointLog] [info] Mapping rate = 20.8649%

[2022-05-09 10:59:36.625] [jointLog] [info] finished quantifyLibrary()
[2022-05-09 10:59:36.627] [jointLog] [info] Starting optimizer
[2022-05-09 10:59:36.644] [jointLog] [info] Marked 0 weighted equivalence classes as degenerate
[2022-05-09 10:59:36.646] [jointLog] [info] iteration = 0 | max rel diff. = 27996.4
[2022-05-09 10:59:36.669] [jointLog] [info] iteration 11, adjusting effective lengths to account for biases
[2022-05-09 10:59:37.720] [jointLog] [info] Computed expected counts (for bias correction)
[2022-05-09 10:59:37.720] [jointLog] [info] processed bias for 0.0% of the transcripts
[2022-05-09 10:59:37.824] [jointLog] [info] processed bias for 10.0% of the transcripts
[2022-05-09 10:59:37.930] [jointLog] [info] processed bias for 20.0% of the transcripts
[2022-05-09 10:59:38.032] [jointLog] [info] processed bias for 30.0% of the transcripts
[2022-05-09 10:59:38.137] [jointLog] [info] processed bias for 40.0% of the transcripts
[2022-05-09 10:59:38.238] [jointLog] [info] processed bias for 50.0% of the transcripts
[2022-05-09 10:59:38.342] [jointLog] [info] processed bias for 60.0% of the transcripts
[2022-05-09 10:59:38.444] [jointLog] [info] processed bias for 70.0% of the transcripts
[2022-05-09 10:59:38.540] [jointLog] [info] processed bias for 80.0% of the transcripts
[2022-05-09 10:59:38.643] [jointLog] [info] processed bias for 90.0% of the transcripts
[2022-05-09 10:59:38.739] [jointLog] [info] processed bias for 100.0% of the transcripts
[2022-05-09 10:59:38.739] [jointLog] [info] processed bias for 100.0% of the transcripts
[2022-05-09 10:59:38.937] [jointLog] [info] iteration = 100 | max rel diff. = 0.254397
[2022-05-09 10:59:39.123] [jointLog] [info] iteration = 186 | max rel diff. = 0.00606851
[2022-05-09 10:59:39.128] [jointLog] [info] Finished optimizer
[2022-05-09 10:59:39.129] [jointLog] [info] writing output 

[2022-05-09 10:59:39.174] [jointLog] [warning] NOTE: Read Lib [[ /home/lspencer/2022-redking-OA/trimmed/v2/Tank_1_Crab_2.trimmed.R1.v2.fastq.gz, /home/lspencer/2022-redking-OA/trimmed/v2/Tank_1_Crab_2.trimmed.R2.v2.fastq.gz]] :

Detected a *potential* strand bias > 1% in an unstranded protocol check the file: /scratch/lspencer/2022-redking-OA/aligned/salmon/Tank_1_Crab_2.salmon.counts/lib_format_counts.json for details

