[2022-05-09 09:56:33.747] [jointLog] [info] setting maxHashResizeThreads to 20
[2022-05-09 09:56:33.747] [jointLog] [info] Fragment incompatibility prior below threshold.  Incompatible fragments will be ignored.
[2022-05-09 09:56:33.747] [jointLog] [info] Usage of --validateMappings implies use of minScoreFraction. Since not explicitly specified, it is being set to 0.65
[2022-05-09 09:56:33.747] [jointLog] [info] Setting consensusSlack to selective-alignment default of 0.35.
[2022-05-09 09:56:33.747] [jointLog] [info] parsing read library format
[2022-05-09 09:56:33.747] [jointLog] [info] There is 1 library.
[2022-05-09 09:56:33.784] [jointLog] [info] Loading pufferfish index
[2022-05-09 09:56:33.784] [jointLog] [info] Loading dense pufferfish index.
[2022-05-09 09:56:33.897] [jointLog] [info] done
[2022-05-09 09:56:33.897] [jointLog] [info] Index contained 28,097 targets
[2022-05-09 09:56:34.061] [jointLog] [info] Number of decoys : 0
[2022-05-09 09:56:35.724] [jointLog] [info] Automatically detected most likely library type as IU

[2022-05-09 10:00:10.981] [fileLog] [info] 
At end of round 0
==================
Observed 73790038 total fragments (73790038 in most recent round)

[2022-05-09 10:00:10.981] [jointLog] [info] Computed 34,113 rich equivalence classes for further processing
[2022-05-09 10:00:10.981] [jointLog] [info] Counted 11,117,396 total reads in the equivalence classes 
[2022-05-09 10:00:10.986] [jointLog] [info] Number of mappings discarded because of alignment score : 40,822,419
[2022-05-09 10:00:10.986] [jointLog] [info] Number of fragments entirely discarded because of alignment score : 5,613,786
[2022-05-09 10:00:10.986] [jointLog] [info] Number of fragments discarded because they are best-mapped to decoys : 0
[2022-05-09 10:00:10.986] [jointLog] [info] Number of fragments discarded because they have only dovetail (discordant) mappings to valid targets : 517,129
[2022-05-09 10:00:10.986] [jointLog] [info] Mapping rate = 15.0663%

[2022-05-09 10:00:10.986] [jointLog] [info] finished quantifyLibrary()
[2022-05-09 10:00:10.987] [jointLog] [info] Starting optimizer
[2022-05-09 10:00:11.003] [jointLog] [info] Marked 0 weighted equivalence classes as degenerate
[2022-05-09 10:00:11.006] [jointLog] [info] iteration = 0 | max rel diff. = 30536.6
[2022-05-09 10:00:11.029] [jointLog] [info] iteration 11, adjusting effective lengths to account for biases
[2022-05-09 10:00:12.145] [jointLog] [info] Computed expected counts (for bias correction)
[2022-05-09 10:00:12.145] [jointLog] [info] processed bias for 0.0% of the transcripts
[2022-05-09 10:00:12.251] [jointLog] [info] processed bias for 10.0% of the transcripts
[2022-05-09 10:00:12.360] [jointLog] [info] processed bias for 20.0% of the transcripts
[2022-05-09 10:00:12.467] [jointLog] [info] processed bias for 30.0% of the transcripts
[2022-05-09 10:00:12.576] [jointLog] [info] processed bias for 40.0% of the transcripts
[2022-05-09 10:00:12.688] [jointLog] [info] processed bias for 50.0% of the transcripts
[2022-05-09 10:00:12.795] [jointLog] [info] processed bias for 60.0% of the transcripts
[2022-05-09 10:00:12.906] [jointLog] [info] processed bias for 70.0% of the transcripts
[2022-05-09 10:00:13.011] [jointLog] [info] processed bias for 80.0% of the transcripts
[2022-05-09 10:00:13.112] [jointLog] [info] processed bias for 90.0% of the transcripts
[2022-05-09 10:00:13.224] [jointLog] [info] processed bias for 100.0% of the transcripts
[2022-05-09 10:00:13.229] [jointLog] [info] processed bias for 100.0% of the transcripts
[2022-05-09 10:00:13.426] [jointLog] [info] iteration = 100 | max rel diff. = 0.0546145
[2022-05-09 10:00:13.472] [jointLog] [info] iteration = 122 | max rel diff. = 0.00275916
[2022-05-09 10:00:13.477] [jointLog] [info] Finished optimizer
[2022-05-09 10:00:13.477] [jointLog] [info] writing output 

[2022-05-09 10:00:13.520] [jointLog] [warning] NOTE: Read Lib [[ /home/lspencer/2022-redking-OA/trimmed/v2/Tank_10_Crab_1.trimmed.R1.v2.fastq.gz, /home/lspencer/2022-redking-OA/trimmed/v2/Tank_10_Crab_1.trimmed.R2.v2.fastq.gz]] :

Detected a *potential* strand bias > 1% in an unstranded protocol check the file: /scratch/lspencer/2022-redking-OA/aligned/salmon/Tank_10_Crab_1.salmon.counts/lib_format_counts.json for details

