[2022-05-09 10:16:59.263] [jointLog] [info] setting maxHashResizeThreads to 20
[2022-05-09 10:16:59.263] [jointLog] [info] Fragment incompatibility prior below threshold.  Incompatible fragments will be ignored.
[2022-05-09 10:16:59.263] [jointLog] [info] Usage of --validateMappings implies use of minScoreFraction. Since not explicitly specified, it is being set to 0.65
[2022-05-09 10:16:59.263] [jointLog] [info] Setting consensusSlack to selective-alignment default of 0.35.
[2022-05-09 10:16:59.263] [jointLog] [info] parsing read library format
[2022-05-09 10:16:59.263] [jointLog] [info] There is 1 library.
[2022-05-09 10:16:59.334] [jointLog] [info] Loading pufferfish index
[2022-05-09 10:16:59.334] [jointLog] [info] Loading dense pufferfish index.
[2022-05-09 10:16:59.469] [jointLog] [info] done
[2022-05-09 10:16:59.469] [jointLog] [info] Index contained 28,097 targets
[2022-05-09 10:16:59.676] [jointLog] [info] Number of decoys : 0
[2022-05-09 10:17:01.577] [jointLog] [info] Automatically detected most likely library type as IU

[2022-05-09 10:20:58.063] [jointLog] [info] Computed 39,057 rich equivalence classes for further processing
[2022-05-09 10:20:58.063] [jointLog] [info] Counted 10,788,054 total reads in the equivalence classes 
[2022-05-09 10:20:58.068] [jointLog] [info] Number of mappings discarded because of alignment score : 45,741,240
[2022-05-09 10:20:58.068] [jointLog] [info] Number of fragments entirely discarded because of alignment score : 5,498,461
[2022-05-09 10:20:58.068] [jointLog] [info] Number of fragments discarded because they are best-mapped to decoys : 0
[2022-05-09 10:20:58.068] [jointLog] [info] Number of fragments discarded because they have only dovetail (discordant) mappings to valid targets : 451,814
[2022-05-09 10:20:58.068] [jointLog] [info] Mapping rate = 13.291%

[2022-05-09 10:20:58.068] [jointLog] [info] finished quantifyLibrary()
[2022-05-09 10:20:58.070] [jointLog] [info] Starting optimizer
[2022-05-09 10:20:58.087] [jointLog] [info] Marked 0 weighted equivalence classes as degenerate
[2022-05-09 10:20:58.089] [jointLog] [info] iteration = 0 | max rel diff. = 29445.6
[2022-05-09 10:20:58.113] [jointLog] [info] iteration 11, adjusting effective lengths to account for biases
[2022-05-09 10:20:58.064] [fileLog] [info] 
At end of round 0
==================
Observed 81168026 total fragments (81168026 in most recent round)

[2022-05-09 10:20:59.256] [jointLog] [info] Computed expected counts (for bias correction)
[2022-05-09 10:20:59.256] [jointLog] [info] processed bias for 0.0% of the transcripts
[2022-05-09 10:20:59.375] [jointLog] [info] processed bias for 10.0% of the transcripts
[2022-05-09 10:20:59.488] [jointLog] [info] processed bias for 20.0% of the transcripts
[2022-05-09 10:20:59.592] [jointLog] [info] processed bias for 30.0% of the transcripts
[2022-05-09 10:20:59.700] [jointLog] [info] processed bias for 40.0% of the transcripts
[2022-05-09 10:20:59.806] [jointLog] [info] processed bias for 50.0% of the transcripts
[2022-05-09 10:20:59.914] [jointLog] [info] processed bias for 60.0% of the transcripts
[2022-05-09 10:21:00.018] [jointLog] [info] processed bias for 70.0% of the transcripts
[2022-05-09 10:21:00.126] [jointLog] [info] processed bias for 80.0% of the transcripts
[2022-05-09 10:21:00.225] [jointLog] [info] processed bias for 90.0% of the transcripts
[2022-05-09 10:21:00.351] [jointLog] [info] processed bias for 100.0% of the transcripts
[2022-05-09 10:21:00.352] [jointLog] [info] processed bias for 100.0% of the transcripts
[2022-05-09 10:21:00.559] [jointLog] [info] iteration = 100 | max rel diff. = 0.0285368
[2022-05-09 10:21:00.785] [jointLog] [info] iteration = 200 | max rel diff. = 0.032158
[2022-05-09 10:21:01.016] [jointLog] [info] iteration = 300 | max rel diff. = 0.0130759
[2022-05-09 10:21:01.182] [jointLog] [info] iteration = 374 | max rel diff. = 0.00270447
[2022-05-09 10:21:01.189] [jointLog] [info] Finished optimizer
[2022-05-09 10:21:01.189] [jointLog] [info] writing output 

[2022-05-09 10:21:01.233] [jointLog] [warning] NOTE: Read Lib [[ /home/lspencer/2022-redking-OA/trimmed/v2/Tank_13_Crab_1.trimmed.R1.v2.fastq.gz, /home/lspencer/2022-redking-OA/trimmed/v2/Tank_13_Crab_1.trimmed.R2.v2.fastq.gz]] :

Detected a *potential* strand bias > 1% in an unstranded protocol check the file: /scratch/lspencer/2022-redking-OA/aligned/salmon/Tank_13_Crab_1.salmon.counts/lib_format_counts.json for details

