                                 Started job on |	Jan 24 22:21:31
                             Started mapping on |	Jan 24 22:25:20
                                    Finished on |	Jan 24 22:33:38
       Mapping speed, Million of reads per hour |	246.43

                          Number of input reads |	34089801
                      Average input read length |	199
                                    UNIQUE READS:
                   Uniquely mapped reads number |	24114902
                        Uniquely mapped reads % |	70.74%
                          Average mapped length |	195.00
                       Number of splices: Total |	6636057
            Number of splices: Annotated (sjdb) |	3047084
                       Number of splices: GT/AG |	6401140
                       Number of splices: GC/AG |	42774
                       Number of splices: AT/AC |	3242
               Number of splices: Non-canonical |	188901
                      Mismatch rate per base, % |	1.18%
                         Deletion rate per base |	0.11%
                        Deletion average length |	2.83
                        Insertion rate per base |	0.07%
                       Insertion average length |	2.49
                             MULTI-MAPPING READS:
        Number of reads mapped to multiple loci |	2815226
             % of reads mapped to multiple loci |	8.26%
        Number of reads mapped to too many loci |	312924
             % of reads mapped to too many loci |	0.92%
                                  UNMAPPED READS:
  Number of reads unmapped: too many mismatches |	0
       % of reads unmapped: too many mismatches |	0.00%
            Number of reads unmapped: too short |	6174150
                 % of reads unmapped: too short |	18.11%
                Number of reads unmapped: other |	672599
                     % of reads unmapped: other |	1.97%
                                  CHIMERIC READS:
                       Number of chimeric reads |	0
                            % of chimeric reads |	0.00%
