                                 Started job on |	Jan 25 02:08:54
                             Started mapping on |	Jan 25 02:09:37
                                    Finished on |	Jan 25 02:24:09
       Mapping speed, Million of reads per hour |	259.10

                          Number of input reads |	62758913
                      Average input read length |	199
                                    UNIQUE READS:
                   Uniquely mapped reads number |	46643293
                        Uniquely mapped reads % |	74.32%
                          Average mapped length |	194.99
                       Number of splices: Total |	11500687
            Number of splices: Annotated (sjdb) |	5417583
                       Number of splices: GT/AG |	11017048
                       Number of splices: GC/AG |	74259
                       Number of splices: AT/AC |	7300
               Number of splices: Non-canonical |	402080
                      Mismatch rate per base, % |	1.22%
                         Deletion rate per base |	0.12%
                        Deletion average length |	2.86
                        Insertion rate per base |	0.07%
                       Insertion average length |	2.53
                             MULTI-MAPPING READS:
        Number of reads mapped to multiple loci |	5193717
             % of reads mapped to multiple loci |	8.28%
        Number of reads mapped to too many loci |	591156
             % of reads mapped to too many loci |	0.94%
                                  UNMAPPED READS:
  Number of reads unmapped: too many mismatches |	0
       % of reads unmapped: too many mismatches |	0.00%
            Number of reads unmapped: too short |	9164800
                 % of reads unmapped: too short |	14.60%
                Number of reads unmapped: other |	1165947
                     % of reads unmapped: other |	1.86%
                                  CHIMERIC READS:
                       Number of chimeric reads |	0
                            % of chimeric reads |	0.00%
