                                 Started job on |	Jan 24 17:55:25
                             Started mapping on |	Jan 24 17:58:47
                                    Finished on |	Jan 24 18:11:39
       Mapping speed, Million of reads per hour |	258.24

                          Number of input reads |	55378925
                      Average input read length |	199
                                    UNIQUE READS:
                   Uniquely mapped reads number |	42142561
                        Uniquely mapped reads % |	76.10%
                          Average mapped length |	195.37
                       Number of splices: Total |	11228851
            Number of splices: Annotated (sjdb) |	5362875
                       Number of splices: GT/AG |	10812669
                       Number of splices: GC/AG |	74332
                       Number of splices: AT/AC |	6063
               Number of splices: Non-canonical |	335787
                      Mismatch rate per base, % |	1.16%
                         Deletion rate per base |	0.11%
                        Deletion average length |	2.84
                        Insertion rate per base |	0.07%
                       Insertion average length |	2.50
                             MULTI-MAPPING READS:
        Number of reads mapped to multiple loci |	4496254
             % of reads mapped to multiple loci |	8.12%
        Number of reads mapped to too many loci |	518548
             % of reads mapped to too many loci |	0.94%
                                  UNMAPPED READS:
  Number of reads unmapped: too many mismatches |	0
       % of reads unmapped: too many mismatches |	0.00%
            Number of reads unmapped: too short |	7199886
                 % of reads unmapped: too short |	13.00%
                Number of reads unmapped: other |	1021676
                     % of reads unmapped: other |	1.84%
                                  CHIMERIC READS:
                       Number of chimeric reads |	0
                            % of chimeric reads |	0.00%
