                                 Started job on |	Jan 24 19:24:26
                             Started mapping on |	Jan 24 19:28:59
                                    Finished on |	Jan 24 19:47:43
       Mapping speed, Million of reads per hour |	251.45

                          Number of input reads |	78509616
                      Average input read length |	199
                                    UNIQUE READS:
                   Uniquely mapped reads number |	58502289
                        Uniquely mapped reads % |	74.52%
                          Average mapped length |	195.29
                       Number of splices: Total |	13740602
            Number of splices: Annotated (sjdb) |	6199296
                       Number of splices: GT/AG |	13132902
                       Number of splices: GC/AG |	98155
                       Number of splices: AT/AC |	8097
               Number of splices: Non-canonical |	501448
                      Mismatch rate per base, % |	1.21%
                         Deletion rate per base |	0.12%
                        Deletion average length |	2.88
                        Insertion rate per base |	0.07%
                       Insertion average length |	2.51
                             MULTI-MAPPING READS:
        Number of reads mapped to multiple loci |	6658106
             % of reads mapped to multiple loci |	8.48%
        Number of reads mapped to too many loci |	780565
             % of reads mapped to too many loci |	0.99%
                                  UNMAPPED READS:
  Number of reads unmapped: too many mismatches |	0
       % of reads unmapped: too many mismatches |	0.00%
            Number of reads unmapped: too short |	10906750
                 % of reads unmapped: too short |	13.89%
                Number of reads unmapped: other |	1661906
                     % of reads unmapped: other |	2.12%
                                  CHIMERIC READS:
                       Number of chimeric reads |	0
                            % of chimeric reads |	0.00%
