                                 Started job on |	Jan 25 03:53:43
                             Started mapping on |	Jan 25 03:54:21
                                    Finished on |	Jan 25 04:07:03
       Mapping speed, Million of reads per hour |	286.16

                          Number of input reads |	60569658
                      Average input read length |	199
                                    UNIQUE READS:
                   Uniquely mapped reads number |	46676293
                        Uniquely mapped reads % |	77.06%
                          Average mapped length |	195.50
                       Number of splices: Total |	17065883
            Number of splices: Annotated (sjdb) |	8873472
                       Number of splices: GT/AG |	16645133
                       Number of splices: GC/AG |	99907
                       Number of splices: AT/AC |	8720
               Number of splices: Non-canonical |	312123
                      Mismatch rate per base, % |	1.11%
                         Deletion rate per base |	0.09%
                        Deletion average length |	2.83
                        Insertion rate per base |	0.05%
                       Insertion average length |	2.56
                             MULTI-MAPPING READS:
        Number of reads mapped to multiple loci |	4937427
             % of reads mapped to multiple loci |	8.15%
        Number of reads mapped to too many loci |	435323
             % of reads mapped to too many loci |	0.72%
                                  UNMAPPED READS:
  Number of reads unmapped: too many mismatches |	0
       % of reads unmapped: too many mismatches |	0.00%
            Number of reads unmapped: too short |	7633474
                 % of reads unmapped: too short |	12.60%
                Number of reads unmapped: other |	887141
                     % of reads unmapped: other |	1.46%
                                  CHIMERIC READS:
                       Number of chimeric reads |	0
                            % of chimeric reads |	0.00%
