                                 Started job on |	Jan 24 17:18:32
                             Started mapping on |	Jan 24 17:21:44
                                    Finished on |	Jan 24 17:35:56
       Mapping speed, Million of reads per hour |	260.22

                          Number of input reads |	61585225
                      Average input read length |	197
                                    UNIQUE READS:
                   Uniquely mapped reads number |	44764134
                        Uniquely mapped reads % |	72.69%
                          Average mapped length |	193.57
                       Number of splices: Total |	13703456
            Number of splices: Annotated (sjdb) |	6447713
                       Number of splices: GT/AG |	13295885
                       Number of splices: GC/AG |	85441
                       Number of splices: AT/AC |	5617
               Number of splices: Non-canonical |	316513
                      Mismatch rate per base, % |	1.11%
                         Deletion rate per base |	0.10%
                        Deletion average length |	2.91
                        Insertion rate per base |	0.06%
                       Insertion average length |	2.60
                             MULTI-MAPPING READS:
        Number of reads mapped to multiple loci |	4762285
             % of reads mapped to multiple loci |	7.73%
        Number of reads mapped to too many loci |	529874
             % of reads mapped to too many loci |	0.86%
                                  UNMAPPED READS:
  Number of reads unmapped: too many mismatches |	0
       % of reads unmapped: too many mismatches |	0.00%
            Number of reads unmapped: too short |	10525874
                 % of reads unmapped: too short |	17.09%
                Number of reads unmapped: other |	1003058
                     % of reads unmapped: other |	1.63%
                                  CHIMERIC READS:
                       Number of chimeric reads |	0
                            % of chimeric reads |	0.00%
