                                 Started job on |	Jan 24 20:42:45
                             Started mapping on |	Jan 24 20:46:17
                                    Finished on |	Jan 24 21:02:38
       Mapping speed, Million of reads per hour |	258.33

                          Number of input reads |	70396211
                      Average input read length |	200
                                    UNIQUE READS:
                   Uniquely mapped reads number |	52566195
                        Uniquely mapped reads % |	74.67%
                          Average mapped length |	195.39
                       Number of splices: Total |	13848989
            Number of splices: Annotated (sjdb) |	6478141
                       Number of splices: GT/AG |	13319286
                       Number of splices: GC/AG |	88902
                       Number of splices: AT/AC |	6818
               Number of splices: Non-canonical |	433983
                      Mismatch rate per base, % |	1.19%
                         Deletion rate per base |	0.11%
                        Deletion average length |	2.85
                        Insertion rate per base |	0.07%
                       Insertion average length |	2.50
                             MULTI-MAPPING READS:
        Number of reads mapped to multiple loci |	5640106
             % of reads mapped to multiple loci |	8.01%
        Number of reads mapped to too many loci |	621139
             % of reads mapped to too many loci |	0.88%
                                  UNMAPPED READS:
  Number of reads unmapped: too many mismatches |	0
       % of reads unmapped: too many mismatches |	0.00%
            Number of reads unmapped: too short |	10302056
                 % of reads unmapped: too short |	14.63%
                Number of reads unmapped: other |	1266715
                     % of reads unmapped: other |	1.80%
                                  CHIMERIC READS:
                       Number of chimeric reads |	0
                            % of chimeric reads |	0.00%
