                                 Started job on |	Jan 24 23:38:09
                             Started mapping on |	Jan 24 23:40:51
                                    Finished on |	Jan 24 23:55:00
       Mapping speed, Million of reads per hour |	256.10

                          Number of input reads |	60395845
                      Average input read length |	199
                                    UNIQUE READS:
                   Uniquely mapped reads number |	44313213
                        Uniquely mapped reads % |	73.37%
                          Average mapped length |	195.23
                       Number of splices: Total |	11364796
            Number of splices: Annotated (sjdb) |	5327612
                       Number of splices: GT/AG |	10924065
                       Number of splices: GC/AG |	76339
                       Number of splices: AT/AC |	5654
               Number of splices: Non-canonical |	358738
                      Mismatch rate per base, % |	1.18%
                         Deletion rate per base |	0.11%
                        Deletion average length |	2.86
                        Insertion rate per base |	0.07%
                       Insertion average length |	2.50
                             MULTI-MAPPING READS:
        Number of reads mapped to multiple loci |	4795366
             % of reads mapped to multiple loci |	7.94%
        Number of reads mapped to too many loci |	593265
             % of reads mapped to too many loci |	0.98%
                                  UNMAPPED READS:
  Number of reads unmapped: too many mismatches |	0
       % of reads unmapped: too many mismatches |	0.00%
            Number of reads unmapped: too short |	9401809
                 % of reads unmapped: too short |	15.57%
                Number of reads unmapped: other |	1292192
                     % of reads unmapped: other |	2.14%
                                  CHIMERIC READS:
                       Number of chimeric reads |	0
                            % of chimeric reads |	0.00%
