                                 Started job on |	Jan 25 00:44:37
                             Started mapping on |	Jan 25 00:45:40
                                    Finished on |	Jan 25 01:00:27
       Mapping speed, Million of reads per hour |	263.79

                          Number of input reads |	64996076
                      Average input read length |	198
                                    UNIQUE READS:
                   Uniquely mapped reads number |	49940132
                        Uniquely mapped reads % |	76.84%
                          Average mapped length |	194.58
                       Number of splices: Total |	17518441
            Number of splices: Annotated (sjdb) |	8076264
                       Number of splices: GT/AG |	17080686
                       Number of splices: GC/AG |	106238
                       Number of splices: AT/AC |	5450
               Number of splices: Non-canonical |	326067
                      Mismatch rate per base, % |	1.04%
                         Deletion rate per base |	0.09%
                        Deletion average length |	2.93
                        Insertion rate per base |	0.05%
                       Insertion average length |	2.61
                             MULTI-MAPPING READS:
        Number of reads mapped to multiple loci |	5457044
             % of reads mapped to multiple loci |	8.40%
        Number of reads mapped to too many loci |	659322
             % of reads mapped to too many loci |	1.01%
                                  UNMAPPED READS:
  Number of reads unmapped: too many mismatches |	0
       % of reads unmapped: too many mismatches |	0.00%
            Number of reads unmapped: too short |	7483279
                 % of reads unmapped: too short |	11.51%
                Number of reads unmapped: other |	1456299
                     % of reads unmapped: other |	2.24%
                                  CHIMERIC READS:
                       Number of chimeric reads |	0
                            % of chimeric reads |	0.00%
