                                 Started job on |	Jan 25 01:00:30
                             Started mapping on |	Jan 25 01:01:47
                                    Finished on |	Jan 25 01:12:38
       Mapping speed, Million of reads per hour |	272.67

                          Number of input reads |	49308012
                      Average input read length |	198
                                    UNIQUE READS:
                   Uniquely mapped reads number |	37138408
                        Uniquely mapped reads % |	75.32%
                          Average mapped length |	193.98
                       Number of splices: Total |	11745127
            Number of splices: Annotated (sjdb) |	5618955
                       Number of splices: GT/AG |	11411929
                       Number of splices: GC/AG |	76311
                       Number of splices: AT/AC |	4865
               Number of splices: Non-canonical |	252022
                      Mismatch rate per base, % |	1.08%
                         Deletion rate per base |	0.09%
                        Deletion average length |	2.94
                        Insertion rate per base |	0.06%
                       Insertion average length |	2.57
                             MULTI-MAPPING READS:
        Number of reads mapped to multiple loci |	3755875
             % of reads mapped to multiple loci |	7.62%
        Number of reads mapped to too many loci |	495218
             % of reads mapped to too many loci |	1.00%
                                  UNMAPPED READS:
  Number of reads unmapped: too many mismatches |	0
       % of reads unmapped: too many mismatches |	0.00%
            Number of reads unmapped: too short |	6886918
                 % of reads unmapped: too short |	13.97%
                Number of reads unmapped: other |	1031593
                     % of reads unmapped: other |	2.09%
                                  CHIMERIC READS:
                       Number of chimeric reads |	0
                            % of chimeric reads |	0.00%
