                                 Started job on |	Jan 25 01:25:12
                             Started mapping on |	Jan 25 01:25:59
                                    Finished on |	Jan 25 01:38:24
       Mapping speed, Million of reads per hour |	265.96

                          Number of input reads |	55039108
                      Average input read length |	197
                                    UNIQUE READS:
                   Uniquely mapped reads number |	41986460
                        Uniquely mapped reads % |	76.28%
                          Average mapped length |	193.53
                       Number of splices: Total |	13434534
            Number of splices: Annotated (sjdb) |	6269629
                       Number of splices: GT/AG |	13050381
                       Number of splices: GC/AG |	85746
                       Number of splices: AT/AC |	5043
               Number of splices: Non-canonical |	293364
                      Mismatch rate per base, % |	1.08%
                         Deletion rate per base |	0.09%
                        Deletion average length |	2.91
                        Insertion rate per base |	0.06%
                       Insertion average length |	2.56
                             MULTI-MAPPING READS:
        Number of reads mapped to multiple loci |	4492194
             % of reads mapped to multiple loci |	8.16%
        Number of reads mapped to too many loci |	585724
             % of reads mapped to too many loci |	1.06%
                                  UNMAPPED READS:
  Number of reads unmapped: too many mismatches |	0
       % of reads unmapped: too many mismatches |	0.00%
            Number of reads unmapped: too short |	6901974
                 % of reads unmapped: too short |	12.54%
                Number of reads unmapped: other |	1072756
                     % of reads unmapped: other |	1.95%
                                  CHIMERIC READS:
                       Number of chimeric reads |	0
                            % of chimeric reads |	0.00%
