                                 Started job on |	Jan 25 04:39:45
                             Started mapping on |	Jan 25 04:40:23
                                    Finished on |	Jan 25 04:58:24
       Mapping speed, Million of reads per hour |	246.74

                          Number of input reads |	74090545
                      Average input read length |	199
                                    UNIQUE READS:
                   Uniquely mapped reads number |	50908843
                        Uniquely mapped reads % |	68.71%
                          Average mapped length |	195.38
                       Number of splices: Total |	13393701
            Number of splices: Annotated (sjdb) |	6142386
                       Number of splices: GT/AG |	12883157
                       Number of splices: GC/AG |	86515
                       Number of splices: AT/AC |	6621
               Number of splices: Non-canonical |	417408
                      Mismatch rate per base, % |	1.18%
                         Deletion rate per base |	0.11%
                        Deletion average length |	2.84
                        Insertion rate per base |	0.07%
                       Insertion average length |	2.53
                             MULTI-MAPPING READS:
        Number of reads mapped to multiple loci |	5727725
             % of reads mapped to multiple loci |	7.73%
        Number of reads mapped to too many loci |	638000
             % of reads mapped to too many loci |	0.86%
                                  UNMAPPED READS:
  Number of reads unmapped: too many mismatches |	0
       % of reads unmapped: too many mismatches |	0.00%
            Number of reads unmapped: too short |	15458230
                 % of reads unmapped: too short |	20.86%
                Number of reads unmapped: other |	1357747
                     % of reads unmapped: other |	1.83%
                                  CHIMERIC READS:
                       Number of chimeric reads |	0
                            % of chimeric reads |	0.00%
