                                 Started job on |	Jan 25 00:30:58
                             Started mapping on |	Jan 25 00:32:05
                                    Finished on |	Jan 25 00:44:34
       Mapping speed, Million of reads per hour |	264.53

                          Number of input reads |	55036501
                      Average input read length |	198
                                    UNIQUE READS:
                   Uniquely mapped reads number |	41083876
                        Uniquely mapped reads % |	74.65%
                          Average mapped length |	194.42
                       Number of splices: Total |	13857277
            Number of splices: Annotated (sjdb) |	6552628
                       Number of splices: GT/AG |	13492228
                       Number of splices: GC/AG |	84935
                       Number of splices: AT/AC |	5008
               Number of splices: Non-canonical |	275106
                      Mismatch rate per base, % |	1.08%
                         Deletion rate per base |	0.09%
                        Deletion average length |	2.95
                        Insertion rate per base |	0.06%
                       Insertion average length |	2.59
                             MULTI-MAPPING READS:
        Number of reads mapped to multiple loci |	4297359
             % of reads mapped to multiple loci |	7.81%
        Number of reads mapped to too many loci |	532998
             % of reads mapped to too many loci |	0.97%
                                  UNMAPPED READS:
  Number of reads unmapped: too many mismatches |	0
       % of reads unmapped: too many mismatches |	0.00%
            Number of reads unmapped: too short |	8108162
                 % of reads unmapped: too short |	14.73%
                Number of reads unmapped: other |	1014106
                     % of reads unmapped: other |	1.84%
                                  CHIMERIC READS:
                       Number of chimeric reads |	0
                            % of chimeric reads |	0.00%
