                                 Started job on |	Jan 24 18:58:03
                             Started mapping on |	Jan 24 19:04:26
                                    Finished on |	Jan 24 19:24:20
       Mapping speed, Million of reads per hour |	244.73

                          Number of input reads |	81168026
                      Average input read length |	200
                                    UNIQUE READS:
                   Uniquely mapped reads number |	55969551
                        Uniquely mapped reads % |	68.96%
                          Average mapped length |	195.38
                       Number of splices: Total |	14250988
            Number of splices: Annotated (sjdb) |	6499019
                       Number of splices: GT/AG |	13639767
                       Number of splices: GC/AG |	94853
                       Number of splices: AT/AC |	7339
               Number of splices: Non-canonical |	509029
                      Mismatch rate per base, % |	1.21%
                         Deletion rate per base |	0.11%
                        Deletion average length |	2.85
                        Insertion rate per base |	0.07%
                       Insertion average length |	2.54
                             MULTI-MAPPING READS:
        Number of reads mapped to multiple loci |	6740050
             % of reads mapped to multiple loci |	8.30%
        Number of reads mapped to too many loci |	757087
             % of reads mapped to too many loci |	0.93%
                                  UNMAPPED READS:
  Number of reads unmapped: too many mismatches |	0
       % of reads unmapped: too many mismatches |	0.00%
            Number of reads unmapped: too short |	15834872
                 % of reads unmapped: too short |	19.51%
                Number of reads unmapped: other |	1866466
                     % of reads unmapped: other |	2.30%
                                  CHIMERIC READS:
                       Number of chimeric reads |	0
                            % of chimeric reads |	0.00%
