[2022-05-09 11:45:09.208] [jointLog] [info] setting maxHashResizeThreads to 20
[2022-05-09 11:45:09.208] [jointLog] [info] Fragment incompatibility prior below threshold.  Incompatible fragments will be ignored.
[2022-05-09 11:45:09.208] [jointLog] [info] Usage of --validateMappings implies use of minScoreFraction. Since not explicitly specified, it is being set to 0.65
[2022-05-09 11:45:09.208] [jointLog] [info] Setting consensusSlack to selective-alignment default of 0.35.
[2022-05-09 11:45:09.208] [jointLog] [info] parsing read library format
[2022-05-09 11:45:09.208] [jointLog] [info] There is 1 library.
[2022-05-09 11:45:09.247] [jointLog] [info] Loading pufferfish index
[2022-05-09 11:45:09.247] [jointLog] [info] Loading dense pufferfish index.
[2022-05-09 11:45:09.374] [jointLog] [info] done
[2022-05-09 11:45:09.374] [jointLog] [info] Index contained 28,097 targets
[2022-05-09 11:45:09.568] [jointLog] [info] Number of decoys : 0
[2022-05-09 11:45:11.250] [jointLog] [info] Automatically detected most likely library type as IU

[2022-05-09 11:48:11.561] [fileLog] [info] 
At end of round 0
==================
Observed 61717332 total fragments (61717332 in most recent round)

[2022-05-09 11:48:11.561] [jointLog] [info] Computed 37,027 rich equivalence classes for further processing
[2022-05-09 11:48:11.561] [jointLog] [info] Counted 9,106,640 total reads in the equivalence classes 
[2022-05-09 11:48:11.566] [jointLog] [info] Number of mappings discarded because of alignment score : 27,776,588
[2022-05-09 11:48:11.566] [jointLog] [info] Number of fragments entirely discarded because of alignment score : 4,438,191
[2022-05-09 11:48:11.566] [jointLog] [info] Number of fragments discarded because they are best-mapped to decoys : 0
[2022-05-09 11:48:11.566] [jointLog] [info] Number of fragments discarded because they have only dovetail (discordant) mappings to valid targets : 343,436
[2022-05-09 11:48:11.566] [jointLog] [info] Mapping rate = 14.7554%

[2022-05-09 11:48:11.566] [jointLog] [info] finished quantifyLibrary()
[2022-05-09 11:48:11.567] [jointLog] [info] Starting optimizer
[2022-05-09 11:48:11.584] [jointLog] [info] Marked 0 weighted equivalence classes as degenerate
[2022-05-09 11:48:11.587] [jointLog] [info] iteration = 0 | max rel diff. = 26115.7
[2022-05-09 11:48:11.611] [jointLog] [info] iteration 11, adjusting effective lengths to account for biases
[2022-05-09 11:48:12.746] [jointLog] [info] Computed expected counts (for bias correction)
[2022-05-09 11:48:12.746] [jointLog] [info] processed bias for 0.0% of the transcripts
[2022-05-09 11:48:12.856] [jointLog] [info] processed bias for 10.0% of the transcripts
[2022-05-09 11:48:12.973] [jointLog] [info] processed bias for 20.0% of the transcripts
[2022-05-09 11:48:13.074] [jointLog] [info] processed bias for 30.0% of the transcripts
[2022-05-09 11:48:13.173] [jointLog] [info] processed bias for 40.0% of the transcripts
[2022-05-09 11:48:13.266] [jointLog] [info] processed bias for 50.0% of the transcripts
[2022-05-09 11:48:13.375] [jointLog] [info] processed bias for 60.0% of the transcripts
[2022-05-09 11:48:13.470] [jointLog] [info] processed bias for 70.0% of the transcripts
[2022-05-09 11:48:13.568] [jointLog] [info] processed bias for 80.0% of the transcripts
[2022-05-09 11:48:13.685] [jointLog] [info] processed bias for 90.0% of the transcripts
[2022-05-09 11:48:13.802] [jointLog] [info] processed bias for 100.0% of the transcripts
[2022-05-09 11:48:13.807] [jointLog] [info] processed bias for 100.0% of the transcripts
[2022-05-09 11:48:14.013] [jointLog] [info] iteration = 100 | max rel diff. = 0.102708
[2022-05-09 11:48:14.237] [jointLog] [info] iteration = 200 | max rel diff. = 0.134624
[2022-05-09 11:48:14.257] [jointLog] [info] iteration = 210 | max rel diff. = 0.00622324
[2022-05-09 11:48:14.264] [jointLog] [info] Finished optimizer
[2022-05-09 11:48:14.264] [jointLog] [info] writing output 

[2022-05-09 11:48:14.307] [jointLog] [warning] NOTE: Read Lib [[ /home/lspencer/2022-redking-OA/trimmed/v2/Tank_5_Crab_3.trimmed.R1.v2.fastq.gz, /home/lspencer/2022-redking-OA/trimmed/v2/Tank_5_Crab_3.trimmed.R2.v2.fastq.gz]] :

Detected a *potential* strand bias > 1% in an unstranded protocol check the file: /scratch/lspencer/2022-redking-OA/aligned/salmon/Tank_5_Crab_3.salmon.counts/lib_format_counts.json for details

