[2022-05-09 11:42:05.888] [jointLog] [info] setting maxHashResizeThreads to 20
[2022-05-09 11:42:05.888] [jointLog] [info] Fragment incompatibility prior below threshold.  Incompatible fragments will be ignored.
[2022-05-09 11:42:05.888] [jointLog] [info] Usage of --validateMappings implies use of minScoreFraction. Since not explicitly specified, it is being set to 0.65
[2022-05-09 11:42:05.888] [jointLog] [info] Setting consensusSlack to selective-alignment default of 0.35.
[2022-05-09 11:42:05.888] [jointLog] [info] parsing read library format
[2022-05-09 11:42:05.888] [jointLog] [info] There is 1 library.
[2022-05-09 11:42:05.926] [jointLog] [info] Loading pufferfish index
[2022-05-09 11:42:05.926] [jointLog] [info] Loading dense pufferfish index.
[2022-05-09 11:42:06.056] [jointLog] [info] done
[2022-05-09 11:42:06.056] [jointLog] [info] Index contained 28,097 targets
[2022-05-09 11:42:06.277] [jointLog] [info] Number of decoys : 0
[2022-05-09 11:42:08.105] [jointLog] [info] Automatically detected most likely library type as IU

[2022-05-09 11:45:05.187] [jointLog] [info] Computed 34,357 rich equivalence classes for further processing
[2022-05-09 11:45:05.187] [jointLog] [info] Counted 8,580,790 total reads in the equivalence classes 
[2022-05-09 11:45:05.192] [jointLog] [info] Number of mappings discarded because of alignment score : 21,050,105
[2022-05-09 11:45:05.192] [jointLog] [info] Number of fragments entirely discarded because of alignment score : 4,164,632
[2022-05-09 11:45:05.192] [jointLog] [info] Number of fragments discarded because they are best-mapped to decoys : 0
[2022-05-09 11:45:05.192] [jointLog] [info] Number of fragments discarded because they have only dovetail (discordant) mappings to valid targets : 293,994
[2022-05-09 11:45:05.192] [jointLog] [info] Mapping rate = 14.2609%

[2022-05-09 11:45:05.192] [jointLog] [info] finished quantifyLibrary()
[2022-05-09 11:45:05.193] [jointLog] [info] Starting optimizer
[2022-05-09 11:45:05.211] [jointLog] [info] Marked 0 weighted equivalence classes as degenerate
[2022-05-09 11:45:05.214] [jointLog] [info] iteration = 0 | max rel diff. = 24476.8
[2022-05-09 11:45:05.237] [jointLog] [info] iteration 11, adjusting effective lengths to account for biases
[2022-05-09 11:45:05.187] [fileLog] [info] 
At end of round 0
==================
Observed 60170172 total fragments (60170172 in most recent round)

[2022-05-09 11:45:06.407] [jointLog] [info] Computed expected counts (for bias correction)
[2022-05-09 11:45:06.408] [jointLog] [info] processed bias for 0.0% of the transcripts
[2022-05-09 11:45:06.513] [jointLog] [info] processed bias for 10.0% of the transcripts
[2022-05-09 11:45:06.633] [jointLog] [info] processed bias for 20.0% of the transcripts
[2022-05-09 11:45:06.732] [jointLog] [info] processed bias for 30.0% of the transcripts
[2022-05-09 11:45:06.846] [jointLog] [info] processed bias for 40.0% of the transcripts
[2022-05-09 11:45:06.953] [jointLog] [info] processed bias for 50.0% of the transcripts
[2022-05-09 11:45:07.063] [jointLog] [info] processed bias for 60.0% of the transcripts
[2022-05-09 11:45:07.179] [jointLog] [info] processed bias for 70.0% of the transcripts
[2022-05-09 11:45:07.283] [jointLog] [info] processed bias for 80.0% of the transcripts
[2022-05-09 11:45:07.388] [jointLog] [info] processed bias for 90.0% of the transcripts
[2022-05-09 11:45:07.515] [jointLog] [info] processed bias for 100.0% of the transcripts
[2022-05-09 11:45:07.524] [jointLog] [info] processed bias for 100.0% of the transcripts
[2022-05-09 11:45:07.724] [jointLog] [info] iteration = 100 | max rel diff. = 0.100255
[2022-05-09 11:45:07.946] [jointLog] [info] iteration = 200 | max rel diff. = 0.00729721
[2022-05-09 11:45:07.946] [jointLog] [info] iteration = 201 | max rel diff. = 0.00729721
[2022-05-09 11:45:07.951] [jointLog] [info] Finished optimizer
[2022-05-09 11:45:07.951] [jointLog] [info] writing output 

[2022-05-09 11:45:07.994] [jointLog] [warning] NOTE: Read Lib [[ /home/lspencer/2022-redking-OA/trimmed/v2/Tank_5_Crab_2.trimmed.R1.v2.fastq.gz, /home/lspencer/2022-redking-OA/trimmed/v2/Tank_5_Crab_2.trimmed.R2.v2.fastq.gz]] :

Detected a *potential* strand bias > 1% in an unstranded protocol check the file: /scratch/lspencer/2022-redking-OA/aligned/salmon/Tank_5_Crab_2.salmon.counts/lib_format_counts.json for details

