[2022-05-09 11:32:08.431] [jointLog] [info] setting maxHashResizeThreads to 20
[2022-05-09 11:32:08.431] [jointLog] [info] Fragment incompatibility prior below threshold.  Incompatible fragments will be ignored.
[2022-05-09 11:32:08.431] [jointLog] [info] Usage of --validateMappings implies use of minScoreFraction. Since not explicitly specified, it is being set to 0.65
[2022-05-09 11:32:08.431] [jointLog] [info] Setting consensusSlack to selective-alignment default of 0.35.
[2022-05-09 11:32:08.431] [jointLog] [info] parsing read library format
[2022-05-09 11:32:08.431] [jointLog] [info] There is 1 library.
[2022-05-09 11:32:08.473] [jointLog] [info] Loading pufferfish index
[2022-05-09 11:32:08.473] [jointLog] [info] Loading dense pufferfish index.
[2022-05-09 11:32:08.595] [jointLog] [info] done
[2022-05-09 11:32:08.595] [jointLog] [info] Index contained 28,097 targets
[2022-05-09 11:32:08.789] [jointLog] [info] Number of decoys : 0
[2022-05-09 11:32:10.624] [jointLog] [info] Automatically detected most likely library type as IU

[2022-05-09 11:35:13.792] [fileLog] [info] 
At end of round 0
==================
Observed 62758913 total fragments (62758913 in most recent round)

[2022-05-09 11:35:13.791] [jointLog] [info] Computed 36,135 rich equivalence classes for further processing
[2022-05-09 11:35:13.791] [jointLog] [info] Counted 8,499,063 total reads in the equivalence classes 
[2022-05-09 11:35:13.796] [jointLog] [info] Number of mappings discarded because of alignment score : 26,934,864
[2022-05-09 11:35:13.796] [jointLog] [info] Number of fragments entirely discarded because of alignment score : 4,342,757
[2022-05-09 11:35:13.796] [jointLog] [info] Number of fragments discarded because they are best-mapped to decoys : 0
[2022-05-09 11:35:13.796] [jointLog] [info] Number of fragments discarded because they have only dovetail (discordant) mappings to valid targets : 317,789
[2022-05-09 11:35:13.796] [jointLog] [info] Mapping rate = 13.5424%

[2022-05-09 11:35:13.796] [jointLog] [info] finished quantifyLibrary()
[2022-05-09 11:35:13.798] [jointLog] [info] Starting optimizer
[2022-05-09 11:35:13.816] [jointLog] [info] Marked 0 weighted equivalence classes as degenerate
[2022-05-09 11:35:13.818] [jointLog] [info] iteration = 0 | max rel diff. = 24882.5
[2022-05-09 11:35:13.841] [jointLog] [info] iteration 11, adjusting effective lengths to account for biases
[2022-05-09 11:35:15.030] [jointLog] [info] Computed expected counts (for bias correction)
[2022-05-09 11:35:15.030] [jointLog] [info] processed bias for 0.0% of the transcripts
[2022-05-09 11:35:15.130] [jointLog] [info] processed bias for 10.0% of the transcripts
[2022-05-09 11:35:15.243] [jointLog] [info] processed bias for 20.0% of the transcripts
[2022-05-09 11:35:15.344] [jointLog] [info] processed bias for 30.0% of the transcripts
[2022-05-09 11:35:15.454] [jointLog] [info] processed bias for 40.0% of the transcripts
[2022-05-09 11:35:15.559] [jointLog] [info] processed bias for 50.0% of the transcripts
[2022-05-09 11:35:15.668] [jointLog] [info] processed bias for 60.0% of the transcripts
[2022-05-09 11:35:15.786] [jointLog] [info] processed bias for 70.0% of the transcripts
[2022-05-09 11:35:15.895] [jointLog] [info] processed bias for 80.0% of the transcripts
[2022-05-09 11:35:15.996] [jointLog] [info] processed bias for 90.0% of the transcripts
[2022-05-09 11:35:16.116] [jointLog] [info] processed bias for 100.0% of the transcripts
[2022-05-09 11:35:16.122] [jointLog] [info] processed bias for 100.0% of the transcripts
[2022-05-09 11:35:16.327] [jointLog] [info] iteration = 100 | max rel diff. = 0.259085
[2022-05-09 11:35:16.483] [jointLog] [info] iteration = 171 | max rel diff. = 0.00877033
[2022-05-09 11:35:16.490] [jointLog] [info] Finished optimizer
[2022-05-09 11:35:16.490] [jointLog] [info] writing output 

[2022-05-09 11:35:16.533] [jointLog] [warning] NOTE: Read Lib [[ /home/lspencer/2022-redking-OA/trimmed/v2/Tank_4_Crab_2.trimmed.R1.v2.fastq.gz, /home/lspencer/2022-redking-OA/trimmed/v2/Tank_4_Crab_2.trimmed.R2.v2.fastq.gz]] :

Detected a *potential* strand bias > 1% in an unstranded protocol check the file: /scratch/lspencer/2022-redking-OA/aligned/salmon/Tank_4_Crab_2.salmon.counts/lib_format_counts.json for details

