[2022-05-09 10:50:54.912] [jointLog] [info] setting maxHashResizeThreads to 20
[2022-05-09 10:50:54.912] [jointLog] [info] Fragment incompatibility prior below threshold.  Incompatible fragments will be ignored.
[2022-05-09 10:50:54.912] [jointLog] [info] Usage of --validateMappings implies use of minScoreFraction. Since not explicitly specified, it is being set to 0.65
[2022-05-09 10:50:54.912] [jointLog] [info] Setting consensusSlack to selective-alignment default of 0.35.
[2022-05-09 10:50:54.912] [jointLog] [info] parsing read library format
[2022-05-09 10:50:54.912] [jointLog] [info] There is 1 library.
[2022-05-09 10:50:54.960] [jointLog] [info] Loading pufferfish index
[2022-05-09 10:50:54.960] [jointLog] [info] Loading dense pufferfish index.
[2022-05-09 10:50:55.095] [jointLog] [info] done
[2022-05-09 10:50:55.095] [jointLog] [info] Index contained 28,097 targets
[2022-05-09 10:50:55.290] [jointLog] [info] Number of decoys : 0
[2022-05-09 10:50:57.044] [jointLog] [info] Automatically detected most likely library type as IU

[2022-05-09 10:54:30.919] [fileLog] [info] 
At end of round 0
==================
Observed 73151924 total fragments (73151924 in most recent round)

[2022-05-09 10:54:30.919] [jointLog] [info] Computed 37,887 rich equivalence classes for further processing
[2022-05-09 10:54:30.919] [jointLog] [info] Counted 10,988,574 total reads in the equivalence classes 
[2022-05-09 10:54:30.924] [jointLog] [info] Number of mappings discarded because of alignment score : 42,395,497
[2022-05-09 10:54:30.924] [jointLog] [info] Number of fragments entirely discarded because of alignment score : 5,365,598
[2022-05-09 10:54:30.924] [jointLog] [info] Number of fragments discarded because they are best-mapped to decoys : 0
[2022-05-09 10:54:30.924] [jointLog] [info] Number of fragments discarded because they have only dovetail (discordant) mappings to valid targets : 392,001
[2022-05-09 10:54:30.924] [jointLog] [info] Mapping rate = 15.0216%

[2022-05-09 10:54:30.924] [jointLog] [info] finished quantifyLibrary()
[2022-05-09 10:54:30.925] [jointLog] [info] Starting optimizer
[2022-05-09 10:54:30.944] [jointLog] [info] Marked 0 weighted equivalence classes as degenerate
[2022-05-09 10:54:30.946] [jointLog] [info] iteration = 0 | max rel diff. = 30431.3
[2022-05-09 10:54:30.970] [jointLog] [info] iteration 11, adjusting effective lengths to account for biases
[2022-05-09 10:54:32.100] [jointLog] [info] Computed expected counts (for bias correction)
[2022-05-09 10:54:32.100] [jointLog] [info] processed bias for 0.0% of the transcripts
[2022-05-09 10:54:32.212] [jointLog] [info] processed bias for 10.0% of the transcripts
[2022-05-09 10:54:32.329] [jointLog] [info] processed bias for 20.0% of the transcripts
[2022-05-09 10:54:32.433] [jointLog] [info] processed bias for 30.0% of the transcripts
[2022-05-09 10:54:32.546] [jointLog] [info] processed bias for 40.0% of the transcripts
[2022-05-09 10:54:32.650] [jointLog] [info] processed bias for 50.0% of the transcripts
[2022-05-09 10:54:32.755] [jointLog] [info] processed bias for 60.0% of the transcripts
[2022-05-09 10:54:32.866] [jointLog] [info] processed bias for 70.0% of the transcripts
[2022-05-09 10:54:32.963] [jointLog] [info] processed bias for 80.0% of the transcripts
[2022-05-09 10:54:33.063] [jointLog] [info] processed bias for 90.0% of the transcripts
[2022-05-09 10:54:33.190] [jointLog] [info] processed bias for 100.0% of the transcripts
[2022-05-09 10:54:33.193] [jointLog] [info] processed bias for 100.0% of the transcripts
[2022-05-09 10:54:33.400] [jointLog] [info] iteration = 100 | max rel diff. = 0.00974062
[2022-05-09 10:54:33.407] [jointLog] [info] Finished optimizer
[2022-05-09 10:54:33.407] [jointLog] [info] writing output 

[2022-05-09 10:54:33.450] [jointLog] [warning] NOTE: Read Lib [[ /home/lspencer/2022-redking-OA/trimmed/v2/Tank_18_Crab_3.trimmed.R1.v2.fastq.gz, /home/lspencer/2022-redking-OA/trimmed/v2/Tank_18_Crab_3.trimmed.R2.v2.fastq.gz]] :

Detected a *potential* strand bias > 1% in an unstranded protocol check the file: /scratch/lspencer/2022-redking-OA/aligned/salmon/Tank_18_Crab_3.salmon.counts/lib_format_counts.json for details

