[2022-05-09 11:53:39.644] [jointLog] [info] setting maxHashResizeThreads to 20
[2022-05-09 11:53:39.644] [jointLog] [info] Fragment incompatibility prior below threshold.  Incompatible fragments will be ignored.
[2022-05-09 11:53:39.644] [jointLog] [info] Usage of --validateMappings implies use of minScoreFraction. Since not explicitly specified, it is being set to 0.65
[2022-05-09 11:53:39.644] [jointLog] [info] Setting consensusSlack to selective-alignment default of 0.35.
[2022-05-09 11:53:39.644] [jointLog] [info] parsing read library format
[2022-05-09 11:53:39.644] [jointLog] [info] There is 1 library.
[2022-05-09 11:53:39.682] [jointLog] [info] Loading pufferfish index
[2022-05-09 11:53:39.682] [jointLog] [info] Loading dense pufferfish index.
[2022-05-09 11:53:39.799] [jointLog] [info] done
[2022-05-09 11:53:39.799] [jointLog] [info] Index contained 28,097 targets
[2022-05-09 11:53:39.967] [jointLog] [info] Number of decoys : 0
[2022-05-09 11:53:41.130] [jointLog] [info] Automatically detected most likely library type as IU

[2022-05-09 11:56:38.655] [fileLog] [info] 
At end of round 0
==================
Observed 60569658 total fragments (60569658 in most recent round)

[2022-05-09 11:56:38.654] [jointLog] [info] Computed 34,789 rich equivalence classes for further processing
[2022-05-09 11:56:38.654] [jointLog] [info] Counted 13,772,788 total reads in the equivalence classes 
[2022-05-09 11:56:38.660] [jointLog] [info] Number of mappings discarded because of alignment score : 17,813,420
[2022-05-09 11:56:38.660] [jointLog] [info] Number of fragments entirely discarded because of alignment score : 5,662,370
[2022-05-09 11:56:38.660] [jointLog] [info] Number of fragments discarded because they are best-mapped to decoys : 0
[2022-05-09 11:56:38.660] [jointLog] [info] Number of fragments discarded because they have only dovetail (discordant) mappings to valid targets : 309,824
[2022-05-09 11:56:38.660] [jointLog] [info] Mapping rate = 22.7388%

[2022-05-09 11:56:38.660] [jointLog] [info] finished quantifyLibrary()
[2022-05-09 11:56:38.661] [jointLog] [info] Starting optimizer
[2022-05-09 11:56:38.677] [jointLog] [info] Marked 0 weighted equivalence classes as degenerate
[2022-05-09 11:56:38.679] [jointLog] [info] iteration = 0 | max rel diff. = 33930.4
[2022-05-09 11:56:38.701] [jointLog] [info] iteration 11, adjusting effective lengths to account for biases
[2022-05-09 11:56:39.746] [jointLog] [info] Computed expected counts (for bias correction)
[2022-05-09 11:56:39.746] [jointLog] [info] processed bias for 0.0% of the transcripts
[2022-05-09 11:56:39.847] [jointLog] [info] processed bias for 10.0% of the transcripts
[2022-05-09 11:56:39.955] [jointLog] [info] processed bias for 20.0% of the transcripts
[2022-05-09 11:56:40.050] [jointLog] [info] processed bias for 30.0% of the transcripts
[2022-05-09 11:56:40.144] [jointLog] [info] processed bias for 40.0% of the transcripts
[2022-05-09 11:56:40.245] [jointLog] [info] processed bias for 50.0% of the transcripts
[2022-05-09 11:56:40.347] [jointLog] [info] processed bias for 60.0% of the transcripts
[2022-05-09 11:56:40.460] [jointLog] [info] processed bias for 70.0% of the transcripts
[2022-05-09 11:56:40.563] [jointLog] [info] processed bias for 80.0% of the transcripts
[2022-05-09 11:56:40.659] [jointLog] [info] processed bias for 90.0% of the transcripts
[2022-05-09 11:56:40.767] [jointLog] [info] processed bias for 100.0% of the transcripts
[2022-05-09 11:56:40.772] [jointLog] [info] processed bias for 100.0% of the transcripts
[2022-05-09 11:56:40.972] [jointLog] [info] iteration = 100 | max rel diff. = 0.169816
[2022-05-09 11:56:41.146] [jointLog] [info] iteration = 180 | max rel diff. = 0.00465245
[2022-05-09 11:56:41.151] [jointLog] [info] Finished optimizer
[2022-05-09 11:56:41.151] [jointLog] [info] writing output 

[2022-05-09 11:56:41.192] [jointLog] [warning] NOTE: Read Lib [[ /home/lspencer/2022-redking-OA/trimmed/v2/Tank_7_Crab_4.trimmed.R1.v2.fastq.gz, /home/lspencer/2022-redking-OA/trimmed/v2/Tank_7_Crab_4.trimmed.R2.v2.fastq.gz]] :

Detected a *potential* strand bias > 1% in an unstranded protocol check the file: /scratch/lspencer/2022-redking-OA/aligned/salmon/Tank_7_Crab_4.salmon.counts/lib_format_counts.json for details

