[2022-05-09 10:40:47.660] [jointLog] [info] setting maxHashResizeThreads to 20
[2022-05-09 10:40:47.660] [jointLog] [info] Fragment incompatibility prior below threshold.  Incompatible fragments will be ignored.
[2022-05-09 10:40:47.660] [jointLog] [info] Usage of --validateMappings implies use of minScoreFraction. Since not explicitly specified, it is being set to 0.65
[2022-05-09 10:40:47.660] [jointLog] [info] Setting consensusSlack to selective-alignment default of 0.35.
[2022-05-09 10:40:47.660] [jointLog] [info] parsing read library format
[2022-05-09 10:40:47.660] [jointLog] [info] There is 1 library.
[2022-05-09 10:40:47.702] [jointLog] [info] Loading pufferfish index
[2022-05-09 10:40:47.702] [jointLog] [info] Loading dense pufferfish index.
[2022-05-09 10:40:47.815] [jointLog] [info] done
[2022-05-09 10:40:47.815] [jointLog] [info] Index contained 28,097 targets
[2022-05-09 10:40:47.992] [jointLog] [info] Number of decoys : 0
[2022-05-09 10:40:49.731] [jointLog] [info] Automatically detected most likely library type as IU

[2022-05-09 10:43:33.571] [fileLog] [info] 
At end of round 0
==================
Observed 56004929 total fragments (56004929 in most recent round)

[2022-05-09 10:43:33.570] [jointLog] [info] Computed 35,248 rich equivalence classes for further processing
[2022-05-09 10:43:33.571] [jointLog] [info] Counted 8,359,352 total reads in the equivalence classes 
[2022-05-09 10:43:33.575] [jointLog] [info] Number of mappings discarded because of alignment score : 29,806,833
[2022-05-09 10:43:33.575] [jointLog] [info] Number of fragments entirely discarded because of alignment score : 4,180,324
[2022-05-09 10:43:33.575] [jointLog] [info] Number of fragments discarded because they are best-mapped to decoys : 0
[2022-05-09 10:43:33.575] [jointLog] [info] Number of fragments discarded because they have only dovetail (discordant) mappings to valid targets : 298,345
[2022-05-09 10:43:33.575] [jointLog] [info] Mapping rate = 14.9261%

[2022-05-09 10:43:33.575] [jointLog] [info] finished quantifyLibrary()
[2022-05-09 10:43:33.577] [jointLog] [info] Starting optimizer
[2022-05-09 10:43:33.595] [jointLog] [info] Marked 0 weighted equivalence classes as degenerate
[2022-05-09 10:43:33.597] [jointLog] [info] iteration = 0 | max rel diff. = 24568
[2022-05-09 10:43:33.621] [jointLog] [info] iteration 11, adjusting effective lengths to account for biases
[2022-05-09 10:43:34.776] [jointLog] [info] Computed expected counts (for bias correction)
[2022-05-09 10:43:34.776] [jointLog] [info] processed bias for 0.0% of the transcripts
[2022-05-09 10:43:34.897] [jointLog] [info] processed bias for 10.0% of the transcripts
[2022-05-09 10:43:35.009] [jointLog] [info] processed bias for 20.0% of the transcripts
[2022-05-09 10:43:35.118] [jointLog] [info] processed bias for 30.0% of the transcripts
[2022-05-09 10:43:35.226] [jointLog] [info] processed bias for 40.0% of the transcripts
[2022-05-09 10:43:35.328] [jointLog] [info] processed bias for 50.0% of the transcripts
[2022-05-09 10:43:35.436] [jointLog] [info] processed bias for 60.0% of the transcripts
[2022-05-09 10:43:35.537] [jointLog] [info] processed bias for 70.0% of the transcripts
[2022-05-09 10:43:35.640] [jointLog] [info] processed bias for 80.0% of the transcripts
[2022-05-09 10:43:35.746] [jointLog] [info] processed bias for 90.0% of the transcripts
[2022-05-09 10:43:35.866] [jointLog] [info] processed bias for 100.0% of the transcripts
[2022-05-09 10:43:35.868] [jointLog] [info] processed bias for 100.0% of the transcripts
[2022-05-09 10:43:36.068] [jointLog] [info] iteration = 100 | max rel diff. = 0.0293362
[2022-05-09 10:43:36.143] [jointLog] [info] iteration = 135 | max rel diff. = 0.00958187
[2022-05-09 10:43:36.149] [jointLog] [info] Finished optimizer
[2022-05-09 10:43:36.149] [jointLog] [info] writing output 

[2022-05-09 10:43:36.192] [jointLog] [warning] NOTE: Read Lib [[ /home/lspencer/2022-redking-OA/trimmed/v2/Tank_16_Crab_2.trimmed.R1.v2.fastq.gz, /home/lspencer/2022-redking-OA/trimmed/v2/Tank_16_Crab_2.trimmed.R2.v2.fastq.gz]] :

Detected a *potential* strand bias > 1% in an unstranded protocol check the file: /scratch/lspencer/2022-redking-OA/aligned/salmon/Tank_16_Crab_2.salmon.counts/lib_format_counts.json for details

