[2022-05-09 10:09:35.057] [jointLog] [info] setting maxHashResizeThreads to 20
[2022-05-09 10:09:35.057] [jointLog] [info] Fragment incompatibility prior below threshold.  Incompatible fragments will be ignored.
[2022-05-09 10:09:35.057] [jointLog] [info] Usage of --validateMappings implies use of minScoreFraction. Since not explicitly specified, it is being set to 0.65
[2022-05-09 10:09:35.057] [jointLog] [info] Setting consensusSlack to selective-alignment default of 0.35.
[2022-05-09 10:09:35.057] [jointLog] [info] parsing read library format
[2022-05-09 10:09:35.057] [jointLog] [info] There is 1 library.
[2022-05-09 10:09:35.111] [jointLog] [info] Loading pufferfish index
[2022-05-09 10:09:35.111] [jointLog] [info] Loading dense pufferfish index.
[2022-05-09 10:09:35.252] [jointLog] [info] done
[2022-05-09 10:09:35.252] [jointLog] [info] Index contained 28,097 targets
[2022-05-09 10:09:35.452] [jointLog] [info] Number of decoys : 0
[2022-05-09 10:09:36.957] [jointLog] [info] Automatically detected most likely library type as IU

[2022-05-09 10:12:44.269] [fileLog] [info] 
At end of round 0
==================
Observed 64038812 total fragments (64038812 in most recent round)

[2022-05-09 10:12:44.268] [jointLog] [info] Computed 36,335 rich equivalence classes for further processing
[2022-05-09 10:12:44.268] [jointLog] [info] Counted 11,102,469 total reads in the equivalence classes 
[2022-05-09 10:12:44.273] [jointLog] [info] Number of mappings discarded because of alignment score : 21,726,525
[2022-05-09 10:12:44.273] [jointLog] [info] Number of fragments entirely discarded because of alignment score : 5,300,536
[2022-05-09 10:12:44.273] [jointLog] [info] Number of fragments discarded because they are best-mapped to decoys : 0
[2022-05-09 10:12:44.273] [jointLog] [info] Number of fragments discarded because they have only dovetail (discordant) mappings to valid targets : 350,141
[2022-05-09 10:12:44.273] [jointLog] [info] Mapping rate = 17.3371%

[2022-05-09 10:12:44.273] [jointLog] [info] finished quantifyLibrary()
[2022-05-09 10:12:44.274] [jointLog] [info] Starting optimizer
[2022-05-09 10:12:44.291] [jointLog] [info] Marked 0 weighted equivalence classes as degenerate
[2022-05-09 10:12:44.293] [jointLog] [info] iteration = 0 | max rel diff. = 30411.2
[2022-05-09 10:12:44.317] [jointLog] [info] iteration 11, adjusting effective lengths to account for biases
[2022-05-09 10:12:45.479] [jointLog] [info] Computed expected counts (for bias correction)
[2022-05-09 10:12:45.479] [jointLog] [info] processed bias for 0.0% of the transcripts
[2022-05-09 10:12:45.582] [jointLog] [info] processed bias for 10.0% of the transcripts
[2022-05-09 10:12:45.696] [jointLog] [info] processed bias for 20.0% of the transcripts
[2022-05-09 10:12:45.799] [jointLog] [info] processed bias for 30.0% of the transcripts
[2022-05-09 10:12:45.913] [jointLog] [info] processed bias for 40.0% of the transcripts
[2022-05-09 10:12:46.031] [jointLog] [info] processed bias for 50.0% of the transcripts
[2022-05-09 10:12:46.143] [jointLog] [info] processed bias for 60.0% of the transcripts
[2022-05-09 10:12:46.248] [jointLog] [info] processed bias for 70.0% of the transcripts
[2022-05-09 10:12:46.349] [jointLog] [info] processed bias for 80.0% of the transcripts
[2022-05-09 10:12:46.457] [jointLog] [info] processed bias for 90.0% of the transcripts
[2022-05-09 10:12:46.572] [jointLog] [info] processed bias for 100.0% of the transcripts
[2022-05-09 10:12:46.577] [jointLog] [info] processed bias for 100.0% of the transcripts
[2022-05-09 10:12:46.779] [jointLog] [info] iteration = 100 | max rel diff. = 0.118678
[2022-05-09 10:12:46.925] [jointLog] [info] iteration = 165 | max rel diff. = 0.00407997
[2022-05-09 10:12:46.932] [jointLog] [info] Finished optimizer
[2022-05-09 10:12:46.932] [jointLog] [info] writing output 

[2022-05-09 10:12:46.975] [jointLog] [warning] NOTE: Read Lib [[ /home/lspencer/2022-redking-OA/trimmed/v2/Tank_11_Crab_2.trimmed.R1.v2.fastq.gz, /home/lspencer/2022-redking-OA/trimmed/v2/Tank_11_Crab_2.trimmed.R2.v2.fastq.gz]] :

Detected a *potential* strand bias > 1% in an unstranded protocol check the file: /scratch/lspencer/2022-redking-OA/aligned/salmon/Tank_11_Crab_2.salmon.counts/lib_format_counts.json for details

