[2022-05-09 10:00:14.065] [jointLog] [info] setting maxHashResizeThreads to 20
[2022-05-09 10:00:14.065] [jointLog] [info] Fragment incompatibility prior below threshold.  Incompatible fragments will be ignored.
[2022-05-09 10:00:14.065] [jointLog] [info] Usage of --validateMappings implies use of minScoreFraction. Since not explicitly specified, it is being set to 0.65
[2022-05-09 10:00:14.065] [jointLog] [info] Setting consensusSlack to selective-alignment default of 0.35.
[2022-05-09 10:00:14.065] [jointLog] [info] parsing read library format
[2022-05-09 10:00:14.065] [jointLog] [info] There is 1 library.
[2022-05-09 10:00:14.103] [jointLog] [info] Loading pufferfish index
[2022-05-09 10:00:14.104] [jointLog] [info] Loading dense pufferfish index.
[2022-05-09 10:00:14.219] [jointLog] [info] done
[2022-05-09 10:00:14.219] [jointLog] [info] Index contained 28,097 targets
[2022-05-09 10:00:14.382] [jointLog] [info] Number of decoys : 0
[2022-05-09 10:00:15.881] [jointLog] [info] Automatically detected most likely library type as IU

[2022-05-09 10:03:15.192] [fileLog] [info] 
At end of round 0
==================
Observed 61585225 total fragments (61585225 in most recent round)

[2022-05-09 10:03:15.191] [jointLog] [info] Computed 28,718 rich equivalence classes for further processing
[2022-05-09 10:03:15.191] [jointLog] [info] Counted 10,874,297 total reads in the equivalence classes 
[2022-05-09 10:03:15.196] [jointLog] [info] Number of mappings discarded because of alignment score : 29,773,865
[2022-05-09 10:03:15.196] [jointLog] [info] Number of fragments entirely discarded because of alignment score : 4,944,413
[2022-05-09 10:03:15.196] [jointLog] [info] Number of fragments discarded because they are best-mapped to decoys : 0
[2022-05-09 10:03:15.196] [jointLog] [info] Number of fragments discarded because they have only dovetail (discordant) mappings to valid targets : 409,917
[2022-05-09 10:03:15.196] [jointLog] [info] Mapping rate = 17.6573%

[2022-05-09 10:03:15.196] [jointLog] [info] finished quantifyLibrary()
[2022-05-09 10:03:15.197] [jointLog] [info] Starting optimizer
[2022-05-09 10:03:15.213] [jointLog] [info] Marked 0 weighted equivalence classes as degenerate
[2022-05-09 10:03:15.216] [jointLog] [info] iteration = 0 | max rel diff. = 30253.3
[2022-05-09 10:03:15.238] [jointLog] [info] iteration 11, adjusting effective lengths to account for biases
[2022-05-09 10:03:16.305] [jointLog] [info] Computed expected counts (for bias correction)
[2022-05-09 10:03:16.305] [jointLog] [info] processed bias for 0.0% of the transcripts
[2022-05-09 10:03:16.396] [jointLog] [info] processed bias for 10.0% of the transcripts
[2022-05-09 10:03:16.499] [jointLog] [info] processed bias for 20.0% of the transcripts
[2022-05-09 10:03:16.591] [jointLog] [info] processed bias for 30.0% of the transcripts
[2022-05-09 10:03:16.684] [jointLog] [info] processed bias for 40.0% of the transcripts
[2022-05-09 10:03:16.777] [jointLog] [info] processed bias for 50.0% of the transcripts
[2022-05-09 10:03:16.877] [jointLog] [info] processed bias for 60.0% of the transcripts
[2022-05-09 10:03:16.980] [jointLog] [info] processed bias for 70.0% of the transcripts
[2022-05-09 10:03:17.087] [jointLog] [info] processed bias for 80.0% of the transcripts
[2022-05-09 10:03:17.180] [jointLog] [info] processed bias for 90.0% of the transcripts
[2022-05-09 10:03:17.280] [jointLog] [info] processed bias for 100.0% of the transcripts
[2022-05-09 10:03:17.474] [jointLog] [info] iteration = 100 | max rel diff. = 0.0432848
[2022-05-09 10:03:17.643] [jointLog] [info] iteration = 180 | max rel diff. = 0.00647139
[2022-05-09 10:03:17.648] [jointLog] [info] Finished optimizer
[2022-05-09 10:03:17.648] [jointLog] [info] writing output 

[2022-05-09 10:03:17.689] [jointLog] [warning] NOTE: Read Lib [[ /home/lspencer/2022-redking-OA/trimmed/v2/Tank_10_Crab_2.trimmed.R1.v2.fastq.gz, /home/lspencer/2022-redking-OA/trimmed/v2/Tank_10_Crab_2.trimmed.R2.v2.fastq.gz]] :

Detected a *potential* strand bias > 1% in an unstranded protocol check the file: /scratch/lspencer/2022-redking-OA/aligned/salmon/Tank_10_Crab_2.salmon.counts/lib_format_counts.json for details

