[2022-05-09 11:48:15.484] [jointLog] [info] setting maxHashResizeThreads to 20
[2022-05-09 11:48:15.484] [jointLog] [info] Fragment incompatibility prior below threshold.  Incompatible fragments will be ignored.
[2022-05-09 11:48:15.484] [jointLog] [info] Usage of --validateMappings implies use of minScoreFraction. Since not explicitly specified, it is being set to 0.65
[2022-05-09 11:48:15.484] [jointLog] [info] Setting consensusSlack to selective-alignment default of 0.35.
[2022-05-09 11:48:15.484] [jointLog] [info] parsing read library format
[2022-05-09 11:48:15.484] [jointLog] [info] There is 1 library.
[2022-05-09 11:48:15.525] [jointLog] [info] Loading pufferfish index
[2022-05-09 11:48:15.525] [jointLog] [info] Loading dense pufferfish index.
[2022-05-09 11:48:15.645] [jointLog] [info] done
[2022-05-09 11:48:15.645] [jointLog] [info] Index contained 28,097 targets
[2022-05-09 11:48:15.819] [jointLog] [info] Number of decoys : 0
[2022-05-09 11:48:17.406] [jointLog] [info] Automatically detected most likely library type as IU

[2022-05-09 11:50:50.986] [fileLog] [info] 
At end of round 0
==================
Observed 52250333 total fragments (52250333 in most recent round)

[2022-05-09 11:50:50.986] [jointLog] [info] Computed 34,422 rich equivalence classes for further processing
[2022-05-09 11:50:50.986] [jointLog] [info] Counted 8,857,904 total reads in the equivalence classes 
[2022-05-09 11:50:50.991] [jointLog] [info] Number of mappings discarded because of alignment score : 18,892,362
[2022-05-09 11:50:50.991] [jointLog] [info] Number of fragments entirely discarded because of alignment score : 4,155,505
[2022-05-09 11:50:50.991] [jointLog] [info] Number of fragments discarded because they are best-mapped to decoys : 0
[2022-05-09 11:50:50.991] [jointLog] [info] Number of fragments discarded because they have only dovetail (discordant) mappings to valid targets : 320,164
[2022-05-09 11:50:50.991] [jointLog] [info] Mapping rate = 16.9528%

[2022-05-09 11:50:50.991] [jointLog] [info] finished quantifyLibrary()
[2022-05-09 11:50:50.992] [jointLog] [info] Starting optimizer
[2022-05-09 11:50:51.009] [jointLog] [info] Marked 0 weighted equivalence classes as degenerate
[2022-05-09 11:50:51.012] [jointLog] [info] iteration = 0 | max rel diff. = 25431.9
[2022-05-09 11:50:51.035] [jointLog] [info] iteration 11, adjusting effective lengths to account for biases
[2022-05-09 11:50:52.138] [jointLog] [info] Computed expected counts (for bias correction)
[2022-05-09 11:50:52.138] [jointLog] [info] processed bias for 0.0% of the transcripts
[2022-05-09 11:50:52.253] [jointLog] [info] processed bias for 10.0% of the transcripts
[2022-05-09 11:50:52.367] [jointLog] [info] processed bias for 20.0% of the transcripts
[2022-05-09 11:50:52.472] [jointLog] [info] processed bias for 30.0% of the transcripts
[2022-05-09 11:50:52.577] [jointLog] [info] processed bias for 40.0% of the transcripts
[2022-05-09 11:50:52.676] [jointLog] [info] processed bias for 50.0% of the transcripts
[2022-05-09 11:50:52.779] [jointLog] [info] processed bias for 60.0% of the transcripts
[2022-05-09 11:50:52.887] [jointLog] [info] processed bias for 70.0% of the transcripts
[2022-05-09 11:50:52.999] [jointLog] [info] processed bias for 80.0% of the transcripts
[2022-05-09 11:50:53.098] [jointLog] [info] processed bias for 90.0% of the transcripts
[2022-05-09 11:50:53.222] [jointLog] [info] processed bias for 100.0% of the transcripts
[2022-05-09 11:50:53.227] [jointLog] [info] processed bias for 100.0% of the transcripts
[2022-05-09 11:50:53.426] [jointLog] [info] iteration = 100 | max rel diff. = 0.0678562
[2022-05-09 11:50:53.612] [jointLog] [info] iteration = 185 | max rel diff. = 0.00345157
[2022-05-09 11:50:53.618] [jointLog] [info] Finished optimizer
[2022-05-09 11:50:53.618] [jointLog] [info] writing output 

[2022-05-09 11:50:53.665] [jointLog] [warning] NOTE: Read Lib [[ /home/lspencer/2022-redking-OA/trimmed/v2/Tank_7_Crab_1.trimmed.R1.v2.fastq.gz, /home/lspencer/2022-redking-OA/trimmed/v2/Tank_7_Crab_1.trimmed.R2.v2.fastq.gz]] :

Detected a *potential* strand bias > 1% in an unstranded protocol check the file: /scratch/lspencer/2022-redking-OA/aligned/salmon/Tank_7_Crab_1.salmon.counts/lib_format_counts.json for details

